#
# There is insufficient memory for the Java Runtime Environment to continue.
# Native memory allocation (malloc) failed to allocate 3027376 bytes for Chunk::new
# Possible reasons:
#   The system is out of physical RAM or swap space
#   The process is running with CompressedOops enabled, and the Java Heap may be blocking the growth of the native heap
# Possible solutions:
#   Reduce memory load on the system
#   Increase physical memory or swap space
#   Check if swap backing store is full
#   Decrease Java heap size (-Xmx/-Xms)
#   Decrease number of Java threads
#   Decrease Java thread stack sizes (-Xss)
#   Set larger code cache with -XX:ReservedCodeCacheSize=
#   JVM is running with Unscaled Compressed Oops mode in which the Java heap is
#     placed in the first 4GB address space. The Java Heap base address is the
#     maximum limit for the native heap growth. Please use -XX:HeapBaseMinAddress
#     to set the Java Heap base and to place the Java Heap above 4GB virtual address.
# This output file may be truncated or incomplete.
#
#  Out of Memory Error (allocation.cpp:389), pid=8412, tid=0x0000000000002044
#
# JRE version: OpenJDK Runtime Environment (8.0_242-b01) (build 1.8.0_242-release-1644-b01)
# Java VM: OpenJDK 64-Bit Server VM (25.242-b01 mixed mode windows-amd64 compressed oops)
# Failed to write core dump. Minidumps are not enabled by default on client versions of Windows
#

---------------  T H R E A D  ---------------

Current thread (0x0000000017639800):  JavaThread "C2 CompilerThread1" daemon [_thread_in_native, id=8260, stack(0x0000000018d80000,0x0000000018e80000)]

Stack: [0x0000000018d80000,0x0000000018e80000]
[error occurred during error reporting (printing stack bounds), id 0xc0000005]

Native frames: (J=compiled Java code, j=interpreted, Vv=VM code, C=native code)


Current CompileTask:
C2: 230217 16443 %     4       com.android.tools.r8.z.a.a.f::a @ 1823 (3630 bytes)


---------------  P R O C E S S  ---------------

Java Threads: ( => current thread )
  0x000000001db3d000 JavaThread "WorkerExecutor Queue Thread 6" [_thread_in_Java, id=6232, stack(0x0000000030ae0000,0x0000000030be0000)]
  0x000000001db38000 JavaThread "Cache worker for Java compile cache (D:\mobile\LalisaShop\.gradle\6.5\javaCompile)" [_thread_blocked, id=1312, stack(0x00000000305e0000,0x00000000306e0000)]
  0x000000001db37000 JavaThread "Cache worker for Java compile cache (C:\Users\User\.gradle\caches\6.5\javaCompile)" [_thread_blocked, id=7292, stack(0x00000000304e0000,0x00000000305e0000)]
  0x000000001f0a3000 JavaThread "RMI TCP Connection(1)-127.0.0.1" daemon [_thread_in_native, id=15912, stack(0x00000000303e0000,0x00000000304e0000)]
  0x000000001f0a2000 JavaThread "RMI Reaper" [_thread_blocked, id=15924, stack(0x00000000302e0000,0x00000000303e0000)]
  0x000000001f0a0800 JavaThread "RMI TCP Accept-0" daemon [_thread_in_native, id=2500, stack(0x00000000301e0000,0x00000000302e0000)]
  0x000000001f0a0000 JavaThread "GC Daemon" daemon [_thread_blocked, id=9912, stack(0x000000002fca0000,0x000000002fda0000)]
  0x000000001e95b000 JavaThread "RMI RenewClean-[127.0.0.1:17033,org.jetbrains.kotlin.daemon.common.LoopbackNetworkInterface$ClientLoopbackSocketFactory@302a56a3]" daemon [_thread_in_native, id=13980, stack(0x000000002cc50000,0x000000002cd50000)]
  0x000000001e95a800 JavaThread "RMI Scheduler(0)" daemon [_thread_blocked, id=13904, stack(0x000000002c950000,0x000000002ca50000)]
  0x000000001f09d800 JavaThread "stdout" [_thread_in_native, id=9872, stack(0x000000002de10000,0x000000002df10000)]
  0x000000001f09d000 JavaThread "stderr" [_thread_in_native, id=9260, stack(0x000000002dd10000,0x000000002de10000)]
  0x000000001f09c000 JavaThread "stdout" [_thread_in_native, id=14704, stack(0x000000002dc10000,0x000000002dd10000)]
  0x000000001f097800 JavaThread "stderr" [_thread_in_native, id=1756, stack(0x000000002db10000,0x000000002dc10000)]
  0x000000001f094800 JavaThread "stdout" [_thread_in_native, id=11016, stack(0x000000002da10000,0x000000002db10000)]
  0x000000001f095800 JavaThread "stderr" [_thread_in_native, id=13492, stack(0x000000002d910000,0x000000002da10000)]
  0x000000001f096000 JavaThread "stdout" [_thread_in_native, id=12672, stack(0x000000002d650000,0x000000002d750000)]
  0x000000001f09b800 JavaThread "stderr" [_thread_in_native, id=3708, stack(0x000000002d550000,0x000000002d650000)]
  0x000000001f094000 JavaThread "pool-3-thread-1" [_thread_blocked, id=12136, stack(0x000000002d810000,0x000000002d910000)]
  0x000000001f099000 JavaThread "MarlinRenderer Disposer" daemon [_thread_blocked, id=5304, stack(0x000000002d450000,0x000000002d550000)]
  0x000000001f097000 JavaThread "WorkerExecutor Queue Thread 5" [_thread_in_Java, id=16208, stack(0x000000002d350000,0x000000002d450000)]
  0x000000001f09a000 JavaThread "Java2D Disposer" daemon [_thread_blocked, id=6728, stack(0x000000002d250000,0x000000002d350000)]
  0x000000001e957800 JavaThread "WorkerExecutor Queue Thread 3" [_thread_in_Java, id=9036, stack(0x000000002cb50000,0x000000002cc50000)]
  0x000000001e95e000 JavaThread "WorkerExecutor Queue Thread 2" [_thread_blocked, id=11684, stack(0x000000002ca50000,0x000000002cb50000)]
  0x000000001e95c800 JavaThread "Cache worker for execution history cache (D:\mobile\LalisaShop\.gradle\6.5\executionHistory)" [_thread_blocked, id=2060, stack(0x000000002c450000,0x000000002c550000)]
  0x000000001e95c000 JavaThread "Execution worker for ':' Thread 3" [_thread_blocked, id=15296, stack(0x000000002c350000,0x000000002c450000)]
  0x000000001e950000 JavaThread "Execution worker for ':' Thread 2" [_thread_blocked, id=7648, stack(0x000000002c250000,0x000000002c350000)]
  0x000000001e956800 JavaThread "Execution worker for ':'" [_thread_blocked, id=15660, stack(0x000000002af00000,0x000000002b000000)]
  0x000000001e951800 JavaThread "Cache worker for file content cache (D:\mobile\LalisaShop\.gradle\6.5\fileContent)" [_thread_blocked, id=13204, stack(0x000000002ab40000,0x000000002ac40000)]
  0x000000001e954800 JavaThread "Memory manager" [_thread_in_vm, id=14800, stack(0x000000002a640000,0x000000002a740000)]
  0x000000001e956000 JavaThread "pool-2-thread-1" [_thread_blocked, id=6320, stack(0x000000002a240000,0x000000002a340000)]
  0x000000001e953800 JavaThread "Cache worker for Build Output Cleanup Cache (D:\mobile\LalisaShop\.gradle\buildOutputCleanup)" [_thread_blocked, id=13216, stack(0x000000002a140000,0x000000002a240000)]
  0x000000001e952000 JavaThread "jar transforms Thread 226" [_thread_blocked, id=11696, stack(0x000000002a040000,0x000000002a140000)]
  0x000000001e950800 JavaThread "jar transforms Thread 225" [_thread_blocked, id=14880, stack(0x0000000029f40000,0x000000002a040000)]
  0x000000001e953000 JavaThread "jar transforms Thread 224" [_thread_blocked, id=14892, stack(0x0000000029e40000,0x0000000029f40000)]
  0x000000001bbd7800 JavaThread "jar transforms Thread 223" [_thread_blocked, id=4300, stack(0x0000000029d40000,0x0000000029e40000)]
  0x000000001bbd2000 JavaThread "jar transforms Thread 222" [_thread_blocked, id=11920, stack(0x0000000029c40000,0x0000000029d40000)]
  0x000000001bbd1800 JavaThread "jar transforms Thread 221" [_thread_blocked, id=12236, stack(0x0000000029b40000,0x0000000029c40000)]
  0x000000001bbd6800 JavaThread "jar transforms Thread 220" [_thread_blocked, id=15844, stack(0x0000000029a40000,0x0000000029b40000)]
  0x000000001bbcf000 JavaThread "jar transforms Thread 219" [_thread_blocked, id=12856, stack(0x0000000029940000,0x0000000029a40000)]
  0x000000001bbd6000 JavaThread "jar transforms Thread 218" [_thread_blocked, id=10404, stack(0x0000000029840000,0x0000000029940000)]
  0x000000001bbce800 JavaThread "jar transforms Thread 217" [_thread_blocked, id=14012, stack(0x0000000029740000,0x0000000029840000)]
  0x000000001bbd5000 JavaThread "jar transforms Thread 216" [_thread_blocked, id=12824, stack(0x0000000029640000,0x0000000029740000)]
  0x000000001bbd3800 JavaThread "jar transforms Thread 215" [_thread_blocked, id=8328, stack(0x0000000029540000,0x0000000029640000)]
  0x000000001bbd4800 JavaThread "jar transforms Thread 214" [_thread_blocked, id=9220, stack(0x0000000029440000,0x0000000029540000)]
  0x000000001bbd3000 JavaThread "jar transforms Thread 213" [_thread_blocked, id=8240, stack(0x0000000029340000,0x0000000029440000)]
  0x000000001bbca000 JavaThread "jar transforms Thread 212" [_thread_blocked, id=14516, stack(0x0000000029240000,0x0000000029340000)]
  0x000000001bbcd800 JavaThread "jar transforms Thread 211" [_thread_blocked, id=4576, stack(0x0000000029140000,0x0000000029240000)]
  0x000000001bbcd000 JavaThread "jar transforms Thread 210" [_thread_blocked, id=6652, stack(0x0000000029040000,0x0000000029140000)]
  0x000000001bbd0800 JavaThread "jar transforms Thread 209" [_thread_blocked, id=2932, stack(0x0000000028f40000,0x0000000029040000)]
  0x000000001bbcc000 JavaThread "jar transforms Thread 208" [_thread_blocked, id=3288, stack(0x0000000028e40000,0x0000000028f40000)]
  0x000000001bbcb800 JavaThread "jar transforms Thread 207" [_thread_blocked, id=1400, stack(0x0000000028d40000,0x0000000028e40000)]
  0x000000001bbc9000 JavaThread "jar transforms Thread 206" [_thread_blocked, id=9124, stack(0x0000000028c40000,0x0000000028d40000)]
  0x000000001bbd0000 JavaThread "jar transforms Thread 205" [_thread_blocked, id=10564, stack(0x0000000028b40000,0x0000000028c40000)]
  0x000000001bbca800 JavaThread "jar transforms Thread 204" [_thread_blocked, id=11852, stack(0x0000000028a40000,0x0000000028b40000)]
  0x000000001bbc8800 JavaThread "jar transforms Thread 203" [_thread_blocked, id=396, stack(0x0000000028940000,0x0000000028a40000)]
  0x0000000019c48000 JavaThread "jar transforms Thread 202" [_thread_blocked, id=8772, stack(0x0000000028840000,0x0000000028940000)]
  0x0000000019c46000 JavaThread "jar transforms Thread 201" [_thread_blocked, id=14532, stack(0x0000000028740000,0x0000000028840000)]
  0x0000000019c46800 JavaThread "jar transforms Thread 200" [_thread_blocked, id=14592, stack(0x0000000028640000,0x0000000028740000)]
  0x0000000019c44800 JavaThread "jar transforms Thread 199" [_thread_blocked, id=12804, stack(0x0000000028540000,0x0000000028640000)]
  0x0000000019c49000 JavaThread "jar transforms Thread 198" [_thread_blocked, id=15316, stack(0x0000000028440000,0x0000000028540000)]
  0x0000000019c45000 JavaThread "jar transforms Thread 197" [_thread_blocked, id=13272, stack(0x0000000028340000,0x0000000028440000)]
  0x0000000019c47800 JavaThread "jar transforms Thread 196" [_thread_blocked, id=14480, stack(0x0000000028240000,0x0000000028340000)]
  0x0000000019c43800 JavaThread "jar transforms Thread 195" [_thread_blocked, id=4828, stack(0x0000000028140000,0x0000000028240000)]
  0x0000000019c3c000 JavaThread "jar transforms Thread 194" [_thread_blocked, id=11024, stack(0x0000000028040000,0x0000000028140000)]
  0x0000000019c43000 JavaThread "jar transforms Thread 193" [_thread_blocked, id=7692, stack(0x0000000027f40000,0x0000000028040000)]
  0x0000000019c42000 JavaThread "jar transforms Thread 192" [_thread_blocked, id=16036, stack(0x0000000027e40000,0x0000000027f40000)]
  0x0000000019c3d800 JavaThread "jar transforms Thread 191" [_thread_blocked, id=956, stack(0x0000000027d40000,0x0000000027e40000)]
  0x0000000019c41800 JavaThread "jar transforms Thread 190" [_thread_blocked, id=5820, stack(0x0000000027c40000,0x0000000027d40000)]
  0x0000000019c3a800 JavaThread "jar transforms Thread 189" [_thread_blocked, id=6624, stack(0x0000000027b40000,0x0000000027c40000)]
  0x0000000019c40800 JavaThread "jar transforms Thread 188" [_thread_blocked, id=11800, stack(0x0000000027a40000,0x0000000027b40000)]
  0x0000000019c3b800 JavaThread "jar transforms Thread 187" [_thread_blocked, id=9364, stack(0x0000000027940000,0x0000000027a40000)]
  0x0000000019c3a000 JavaThread "jar transforms Thread 186" [_thread_blocked, id=2276, stack(0x0000000027840000,0x0000000027940000)]
  0x0000000019c3f000 JavaThread "jar transforms Thread 185" [_thread_blocked, id=8348, stack(0x0000000027740000,0x0000000027840000)]
  0x0000000019c3d000 JavaThread "jar transforms Thread 184" [_thread_blocked, id=14244, stack(0x0000000027640000,0x0000000027740000)]
  0x0000000019c40000 JavaThread "jar transforms Thread 183" [_thread_blocked, id=15600, stack(0x0000000027540000,0x0000000027640000)]
  0x0000000019c3e800 JavaThread "jar transforms Thread 182" [_thread_blocked, id=12588, stack(0x0000000027440000,0x0000000027540000)]
  0x000000001a15e800 JavaThread "jar transforms Thread 181" [_thread_blocked, id=13400, stack(0x0000000027340000,0x0000000027440000)]
  0x000000001a15d800 JavaThread "jar transforms Thread 180" [_thread_blocked, id=13780, stack(0x0000000027240000,0x0000000027340000)]
  0x000000001a15d000 JavaThread "jar transforms Thread 179" [_thread_blocked, id=4120, stack(0x0000000027140000,0x0000000027240000)]
  0x000000001a15c000 JavaThread "jar transforms Thread 178" [_thread_blocked, id=5980, stack(0x0000000027040000,0x0000000027140000)]
  0x000000001a15b800 JavaThread "jar transforms Thread 177" [_thread_blocked, id=2032, stack(0x0000000026f40000,0x0000000027040000)]
  0x000000001a154000 JavaThread "jar transforms Thread 176" [_thread_blocked, id=10696, stack(0x0000000026e40000,0x0000000026f40000)]
  0x000000001a15a800 JavaThread "jar transforms Thread 175" [_thread_blocked, id=15936, stack(0x0000000026d40000,0x0000000026e40000)]
  0x000000001a15a000 JavaThread "jar transforms Thread 174" [_thread_blocked, id=2832, stack(0x0000000026c40000,0x0000000026d40000)]
  0x000000001a159000 JavaThread "jar transforms Thread 173" [_thread_blocked, id=13004, stack(0x0000000026b40000,0x0000000026c40000)]
  0x000000001a154800 JavaThread "jar transforms Thread 172" [_thread_blocked, id=7236, stack(0x0000000026a40000,0x0000000026b40000)]
  0x000000001a158800 JavaThread "jar transforms Thread 171" [_thread_blocked, id=14228, stack(0x0000000026940000,0x0000000026a40000)]
  0x000000001a157800 JavaThread "jar transforms Thread 170" [_thread_blocked, id=14580, stack(0x0000000026840000,0x0000000026940000)]
  0x000000001a157000 JavaThread "jar transforms Thread 169" [_thread_blocked, id=10080, stack(0x0000000026740000,0x0000000026840000)]
  0x000000001a14f800 JavaThread "jar transforms Thread 168" [_thread_blocked, id=976, stack(0x0000000026640000,0x0000000026740000)]
  0x000000001a155800 JavaThread "jar transforms Thread 167" [_thread_blocked, id=11344, stack(0x0000000026540000,0x0000000026640000)]
  0x000000001a156000 JavaThread "jar transforms Thread 166" [_thread_blocked, id=16268, stack(0x0000000026440000,0x0000000026540000)]
  0x000000001a153000 JavaThread "jar transforms Thread 165" [_thread_blocked, id=6348, stack(0x0000000026340000,0x0000000026440000)]
  0x000000001a152800 JavaThread "jar transforms Thread 164" [_thread_blocked, id=15588, stack(0x0000000026240000,0x0000000026340000)]
  0x000000001a151800 JavaThread "jar transforms Thread 163" [_thread_blocked, id=15812, stack(0x0000000026140000,0x0000000026240000)]
  0x000000001a151000 JavaThread "jar transforms Thread 162" [_thread_blocked, id=7540, stack(0x0000000026040000,0x0000000026140000)]
  0x000000001a150000 JavaThread "jar transforms Thread 161" [_thread_blocked, id=13784, stack(0x0000000025f40000,0x0000000026040000)]
  0x0000000020ce5800 JavaThread "jar transforms Thread 160" [_thread_blocked, id=13840, stack(0x0000000025e40000,0x0000000025f40000)]
  0x0000000020ce4800 JavaThread "jar transforms Thread 159" [_thread_blocked, id=14220, stack(0x0000000025d40000,0x0000000025e40000)]
  0x0000000020ce4000 JavaThread "jar transforms Thread 158" [_thread_blocked, id=5824, stack(0x0000000025c40000,0x0000000025d40000)]
  0x0000000020ce2800 JavaThread "jar transforms Thread 157" [_thread_blocked, id=9112, stack(0x0000000025b40000,0x0000000025c40000)]
  0x0000000020ce3000 JavaThread "jar transforms Thread 156" [_thread_blocked, id=1124, stack(0x0000000025a40000,0x0000000025b40000)]
  0x0000000020ce6000 JavaThread "jar transforms Thread 155" [_thread_blocked, id=15540, stack(0x0000000025940000,0x0000000025a40000)]
  0x0000000020cdb000 JavaThread "jar transforms Thread 154" [_thread_blocked, id=1088, stack(0x0000000025840000,0x0000000025940000)]
  0x0000000020ce1800 JavaThread "jar transforms Thread 153" [_thread_blocked, id=12388, stack(0x0000000025740000,0x0000000025840000)]
  0x0000000020cde800 JavaThread "jar transforms Thread 152" [_thread_blocked, id=16044, stack(0x0000000025640000,0x0000000025740000)]
  0x0000000020ce1000 JavaThread "jar transforms Thread 151" [_thread_blocked, id=14904, stack(0x0000000025540000,0x0000000025640000)]
  0x0000000020cd9000 JavaThread "jar transforms Thread 150" [_thread_blocked, id=9776, stack(0x0000000025440000,0x0000000025540000)]
  0x0000000020cda000 JavaThread "jar transforms Thread 149" [_thread_blocked, id=13320, stack(0x0000000025340000,0x0000000025440000)]
  0x0000000020ce0000 JavaThread "jar transforms Thread 148" [_thread_blocked, id=8312, stack(0x0000000025240000,0x0000000025340000)]
  0x0000000020cdd000 JavaThread "jar transforms Thread 147" [_thread_blocked, id=1408, stack(0x0000000025140000,0x0000000025240000)]
  0x0000000020cde000 JavaThread "jar transforms Thread 146" [_thread_blocked, id=11932, stack(0x0000000025040000,0x0000000025140000)]
  0x0000000020cdf800 JavaThread "jar transforms Thread 145" [_thread_blocked, id=16124, stack(0x0000000024f40000,0x0000000025040000)]
  0x0000000020cdc800 JavaThread "jar transforms Thread 144" [_thread_blocked, id=14860, stack(0x0000000024e40000,0x0000000024f40000)]
  0x0000000020cd7000 JavaThread "jar transforms Thread 143" [_thread_blocked, id=14500, stack(0x0000000024d40000,0x0000000024e40000)]
  0x0000000020cdb800 JavaThread "jar transforms Thread 142" [_thread_blocked, id=3672, stack(0x0000000024c40000,0x0000000024d40000)]
  0x0000000020cd8800 JavaThread "jar transforms Thread 141" [_thread_blocked, id=11888, stack(0x0000000024b40000,0x0000000024c40000)]
  0x0000000020cd7800 JavaThread "jar transforms Thread 140" [_thread_blocked, id=13552, stack(0x0000000024a40000,0x0000000024b40000)]
  0x000000001a501000 JavaThread "jar transforms Thread 139" [_thread_blocked, id=10736, stack(0x0000000024940000,0x0000000024a40000)]
  0x000000001a500800 JavaThread "jar transforms Thread 138" [_thread_blocked, id=6092, stack(0x0000000024840000,0x0000000024940000)]
  0x000000001a4ff800 JavaThread "jar transforms Thread 137" [_thread_blocked, id=12328, stack(0x0000000024740000,0x0000000024840000)]
  0x000000001a4ff000 JavaThread "jar transforms Thread 136" [_thread_blocked, id=5808, stack(0x0000000024640000,0x0000000024740000)]
  0x000000001a4fe000 JavaThread "jar transforms Thread 135" [_thread_blocked, id=13232, stack(0x0000000024540000,0x0000000024640000)]
  0x000000001a4fd800 JavaThread "jar transforms Thread 134" [_thread_blocked, id=13524, stack(0x0000000024440000,0x0000000024540000)]
  0x000000001a504000 JavaThread "jar transforms Thread 133" [_thread_blocked, id=11064, stack(0x0000000024340000,0x0000000024440000)]
  0x000000001a4fc800 JavaThread "jar transforms Thread 132" [_thread_blocked, id=13040, stack(0x0000000024240000,0x0000000024340000)]
  0x000000001a502800 JavaThread "jar transforms Thread 131" [_thread_blocked, id=8508, stack(0x0000000024140000,0x0000000024240000)]
  0x000000001a503800 JavaThread "jar transforms Thread 130" [_thread_blocked, id=14620, stack(0x0000000024040000,0x0000000024140000)]
  0x000000001a502000 JavaThread "jar transforms Thread 129" [_thread_blocked, id=13516, stack(0x0000000023f40000,0x0000000024040000)]
  0x000000001a4f5000 JavaThread "jar transforms Thread 128" [_thread_blocked, id=1144, stack(0x0000000023e40000,0x0000000023f40000)]
  0x000000001a4f9800 JavaThread "jar transforms Thread 127" [_thread_blocked, id=12356, stack(0x0000000023d40000,0x0000000023e40000)]
  0x000000001a4fc000 JavaThread "jar transforms Thread 126" [_thread_blocked, id=6540, stack(0x0000000023b40000,0x0000000023c40000)]
  0x000000001a4fb000 JavaThread "jar transforms Thread 125" [_thread_blocked, id=780, stack(0x0000000023a40000,0x0000000023b40000)]
  0x000000001a4f8000 JavaThread "jar transforms Thread 124" [_thread_blocked, id=12792, stack(0x0000000023940000,0x0000000023a40000)]
  0x000000001a4f7800 JavaThread "jar transforms Thread 123" [_thread_blocked, id=5500, stack(0x0000000023840000,0x0000000023940000)]
  0x000000001a4fa800 JavaThread "jar transforms Thread 122" [_thread_blocked, id=1392, stack(0x0000000023740000,0x0000000023840000)]
  0x000000001a4f6000 JavaThread "jar transforms Thread 121" [_thread_blocked, id=6932, stack(0x0000000023640000,0x0000000023740000)]
  0x000000001a4f6800 JavaThread "jar transforms Thread 120" [_thread_blocked, id=13076, stack(0x0000000023540000,0x0000000023640000)]
  0x000000001a4f9000 JavaThread "jar transforms Thread 119" [_thread_blocked, id=5780, stack(0x0000000023440000,0x0000000023540000)]
  0x000000001765e800 JavaThread "jar transforms Thread 118" [_thread_blocked, id=13192, stack(0x0000000023340000,0x0000000023440000)]
  0x0000000017664800 JavaThread "jar transforms Thread 117" [_thread_blocked, id=6008, stack(0x0000000023240000,0x0000000023340000)]
  0x0000000017663800 JavaThread "jar transforms Thread 116" [_thread_blocked, id=5092, stack(0x0000000023140000,0x0000000023240000)]
  0x0000000017660000 JavaThread "jar transforms Thread 115" [_thread_blocked, id=624, stack(0x0000000023040000,0x0000000023140000)]
  0x0000000017662000 JavaThread "jar transforms Thread 114" [_thread_blocked, id=12796, stack(0x0000000022f40000,0x0000000023040000)]
  0x000000001b6ca800 JavaThread "Build operations Thread 4" [_thread_blocked, id=6800, stack(0x0000000021770000,0x0000000021870000)]
  0x000000001b6ca000 JavaThread "Build operations Thread 3" [_thread_blocked, id=3004, stack(0x000000001fd40000,0x000000001fe40000)]
  0x000000001b6c7800 JavaThread "Build operations Thread 2" [_thread_blocked, id=15192, stack(0x000000001fc40000,0x000000001fd40000)]
  0x000000001b6cb800 JavaThread "Build operations" [_thread_blocked, id=13280, stack(0x000000001fb40000,0x000000001fc40000)]
  0x000000001b6cd800 JavaThread "Cache worker for cache directory md-rule (C:\Users\User\.gradle\caches\6.5\md-rule)" [_thread_blocked, id=11776, stack(0x000000001f840000,0x000000001f940000)]
  0x000000001b6cc000 JavaThread "Cache worker for cache directory md-supplier (C:\Users\User\.gradle\caches\6.5\md-supplier)" [_thread_blocked, id=14368, stack(0x000000001d0a0000,0x000000001d1a0000)]
  0x000000001b6c8800 JavaThread "Cache worker for checksums cache (D:\mobile\LalisaShop\.gradle\checksums)" [_thread_blocked, id=11244, stack(0x000000001cfa0000,0x000000001d0a0000)]
  0x000000001b6ce800 JavaThread "Cache worker for file hash cache (D:\mobile\LalisaShop\.gradle\6.5\fileHashes)" [_thread_blocked, id=12924, stack(0x000000001cea0000,0x000000001cfa0000)]
  0x000000001b6cd000 JavaThread "Thread-146" [_thread_blocked, id=7288, stack(0x000000001cda0000,0x000000001cea0000)]
  0x000000001b6c9000 JavaThread "Stdin handler" [_thread_blocked, id=4764, stack(0x000000001caa0000,0x000000001cba0000)]
  0x000000001b6c0000 JavaThread "Asynchronous log dispatcher for DefaultDaemonConnection: socket connection from /127.0.0.1:61028 to /127.0.0.1:61036" [_thread_blocked, id=10552, stack(0x000000001c460000,0x000000001c560000)]
  0x000000001b6c7000 JavaThread "Daemon worker Thread 2" [_thread_blocked, id=2696, stack(0x000000001c360000,0x000000001c460000)]
  0x000000001b6c5800 JavaThread "Cancel handler" [_thread_blocked, id=13944, stack(0x0000000000e10000,0x0000000000f10000)]
  0x000000001b6c4800 JavaThread "Handler for socket connection from /127.0.0.1:61028 to /127.0.0.1:61036" [_thread_in_native, id=11248, stack(0x0000000000d10000,0x0000000000e10000)]
  0x000000001b6c1000 JavaThread "Daemon Thread 2" [_thread_blocked, id=15592, stack(0x0000000000c10000,0x0000000000d10000)]
  0x0000000017663000 JavaThread "Cache worker for file content cache (C:\Users\User\.gradle\caches\6.5\fileContent)" [_thread_blocked, id=3256, stack(0x0000000021870000,0x0000000021970000)]
  0x0000000017665000 JavaThread "Cache worker for execution history cache (C:\Users\User\.gradle\caches\6.5\executionHistory)" [_thread_blocked, id=652, stack(0x000000001fe40000,0x000000001ff40000)]
  0x0000000017661800 JavaThread "Cache worker for file hash cache (C:\Users\User\.gradle\caches\6.5\fileHashes)" [_thread_blocked, id=6444, stack(0x000000001d5a0000,0x000000001d6a0000)]
  0x0000000017660800 JavaThread "File lock request listener" [_thread_in_native, id=15736, stack(0x000000001d4a0000,0x000000001d5a0000)]
  0x000000001b463000 JavaThread "Cache worker for journal cache (C:\Users\User\.gradle\caches\journal-1)" [_thread_blocked, id=5948, stack(0x000000001d3a0000,0x000000001d4a0000)]
  0x000000001b052800 JavaThread "Daemon periodic checks" [_thread_blocked, id=9160, stack(0x000000001c7a0000,0x000000001c8a0000)]
  0x000000001b007000 JavaThread "Incoming local TCP Connector on port 61028" [_thread_in_native, id=11628, stack(0x000000001c560000,0x000000001c660000)]
  0x000000001b019800 JavaThread "Daemon health stats" [_thread_blocked, id=3600, stack(0x000000001bf20000,0x000000001c020000)]
  0x0000000018fb2000 JavaThread "Service Thread" daemon [_thread_blocked, id=7104, stack(0x0000000019380000,0x0000000019480000)]
  0x000000001765f000 JavaThread "C1 CompilerThread2" daemon [_thread_in_vm, id=6716, stack(0x0000000018e80000,0x0000000018f80000)]
=>0x0000000017639800 JavaThread "C2 CompilerThread1" daemon [_thread_in_native, id=8260, stack(0x0000000018d80000,0x0000000018e80000)]
  0x0000000017633000 JavaThread "C2 CompilerThread0" daemon [_thread_in_native, id=10528, stack(0x0000000018c80000,0x0000000018d80000)]
  0x0000000017635800 JavaThread "Attach Listener" daemon [_thread_blocked, id=3020, stack(0x0000000018b80000,0x0000000018c80000)]
  0x0000000017634800 JavaThread "Signal Dispatcher" daemon [_thread_blocked, id=15320, stack(0x0000000018a80000,0x0000000018b80000)]
  0x0000000017619800 JavaThread "Finalizer" daemon [_thread_blocked, id=3008, stack(0x0000000018880000,0x0000000018980000)]
  0x0000000002a01000 JavaThread "Reference Handler" daemon [_thread_blocked, id=4948, stack(0x0000000018780000,0x0000000018880000)]
  0x000000000290d800 JavaThread "main" [_thread_blocked, id=1276, stack(0x0000000002760000,0x0000000002860000)]

Other Threads:
  0x00000000175f6000 VMThread [stack: 0x0000000018680000,0x0000000018780000] [id=8664]
  0x0000000018fb2800 WatcherThread [stack: 0x0000000019480000,0x0000000019580000] [id=14560]

VM state:not at safepoint (normal execution)

VM Mutex/Monitor currently owned by a thread: None

heap address: 0x0000000080000000, size: 2048 MB, Compressed Oops mode: 32-bit
Narrow klass base: 0x0000000000000000, Narrow klass shift: 3
Compressed class space size: 1073741824 Address: 0x0000000100000000

Heap:
 PSYoungGen      total 318976K, used 34672K [0x00000000d5580000, 0x00000000ed880000, 0x0000000100000000)
  eden space 264192K, 1% used [0x00000000d5580000,0x00000000d5a27340,0x00000000e5780000)
  from space 54784K, 54% used [0x00000000e5780000,0x00000000e74b4e10,0x00000000e8d00000)
  to   space 39936K, 0% used [0x00000000e8d00000,0x00000000e8d00000,0x00000000eb400000)
 ParOldGen       total 141824K, used 54076K [0x0000000080000000, 0x0000000088a80000, 0x00000000d5580000)
  object space 141824K, 38% used [0x0000000080000000,0x00000000834cf1f8,0x0000000088a80000)
 Metaspace       used 100496K, capacity 105538K, committed 105624K, reserved 1140736K
  class space    used 13273K, capacity 14237K, committed 14256K, reserved 1048576K

Card table byte_map: [0x0000000011dd0000,0x00000000121e0000] byte_map_base: 0x00000000119d0000

Marking Bits: (ParMarkBitMap*) 0x0000000057b7f030
 Begin Bits: [0x0000000012890000, 0x0000000014890000)
 End Bits:   [0x0000000014890000, 0x0000000016890000)

Polling page: 0x0000000000f30000

CodeCache: size=245760Kb used=44864Kb max_used=44896Kb free=200895Kb
 bounds [0x0000000002a10000, 0x0000000005630000, 0x0000000011a10000]
 total_blobs=14874 nmethods=13843 adapters=942
 compilation: enabled

Compilation events (10 events):
Event: 229.141 Thread 0x000000001765f000 16803       3       com.android.tools.r8.s.a.p.o::<init> (10 bytes)
Event: 229.142 Thread 0x0000000017633000 nmethod 16796 0x0000000005611e90 code [0x0000000005612000, 0x00000000056121b8]
Event: 229.142 Thread 0x000000001765f000 nmethod 16803 0x0000000005611a10 code [0x0000000005611b80, 0x0000000005611db0]
Event: 229.142 Thread 0x0000000017633000 16799       4       com.android.tools.r8.utils.k0::H (18 bytes)
Event: 229.142 Thread 0x0000000017633000 nmethod 16799 0x0000000005610210 code [0x0000000005610360, 0x0000000005610418]
Event: 229.986 Thread 0x0000000017633000 16804       4       com.android.tools.r8.graph.X::collectIndexedItems (112 bytes)
Event: 229.996 Thread 0x000000001765f000 16808       2       com.android.tools.r8.graph.k0::collectIndexedItems (66 bytes)
Event: 230.003 Thread 0x000000001765f000 nmethod 16808 0x000000000560fc10 code [0x000000000560fda0, 0x0000000005610048]
Event: 230.125 Thread 0x0000000017633000 nmethod 16804 0x0000000005618090 code [0x0000000005618460, 0x000000000561b0c0]
Event: 230.126 Thread 0x0000000017633000 16825       4       com.android.tools.r8.graph.x::a (95 bytes)

GC Heap History (10 events):
Event: 196.364 GC heap before
{Heap before GC invocations=17 (full 3):
 PSYoungGen      total 229888K, used 228618K [0x00000000d5580000, 0x00000000e7100000, 0x0000000100000000)
  eden space 208896K, 100% used [0x00000000d5580000,0x00000000e2180000,0x00000000e2180000)
  from space 20992K, 93% used [0x00000000e2180000,0x00000000e34c2990,0x00000000e3600000)
  to   space 24064K, 0% used [0x00000000e5980000,0x00000000e5980000,0x00000000e7100000)
 ParOldGen       total 94208K, used 38083K [0x0000000080000000, 0x0000000085c00000, 0x00000000d5580000)
  object space 94208K, 40% used [0x0000000080000000,0x0000000082530fd0,0x0000000085c00000)
 Metaspace       used 75847K, capacity 79196K, committed 79256K, reserved 1118208K
  class space    used 9998K, capacity 10649K, committed 10672K, reserved 1048576K
Event: 196.418 GC heap after
Heap after GC invocations=17 (full 3):
 PSYoungGen      total 264192K, used 19127K [0x00000000d5580000, 0x00000000e7480000, 0x0000000100000000)
  eden space 240128K, 0% used [0x00000000d5580000,0x00000000d5580000,0x00000000e4000000)
  from space 24064K, 79% used [0x00000000e5980000,0x00000000e6c2dcf8,0x00000000e7100000)
  to   space 26112K, 0% used [0x00000000e4000000,0x00000000e4000000,0x00000000e5980000)
 ParOldGen       total 94208K, used 38091K [0x0000000080000000, 0x0000000085c00000, 0x00000000d5580000)
  object space 94208K, 40% used [0x0000000080000000,0x0000000082532fd0,0x0000000085c00000)
 Metaspace       used 75847K, capacity 79196K, committed 79256K, reserved 1118208K
  class space    used 9998K, capacity 10649K, committed 10672K, reserved 1048576K
}
Event: 199.789 GC heap before
{Heap before GC invocations=18 (full 3):
 PSYoungGen      total 264192K, used 259255K [0x00000000d5580000, 0x00000000e7480000, 0x0000000100000000)
  eden space 240128K, 100% used [0x00000000d5580000,0x00000000e4000000,0x00000000e4000000)
  from space 24064K, 79% used [0x00000000e5980000,0x00000000e6c2dcf8,0x00000000e7100000)
  to   space 26112K, 0% used [0x00000000e4000000,0x00000000e4000000,0x00000000e5980000)
 ParOldGen       total 94208K, used 38091K [0x0000000080000000, 0x0000000085c00000, 0x00000000d5580000)
  object space 94208K, 40% used [0x0000000080000000,0x0000000082532fd0,0x0000000085c00000)
 Metaspace       used 81888K, capacity 85636K, committed 85784K, reserved 1124352K
  class space    used 10779K, capacity 11463K, committed 11568K, reserved 1048576K
Event: 199.844 GC heap after
Heap after GC invocations=18 (full 3):
 PSYoungGen      total 266240K, used 26107K [0x00000000d5580000, 0x00000000eb400000, 0x0000000100000000)
  eden space 240128K, 0% used [0x00000000d5580000,0x00000000d5580000,0x00000000e4000000)
  from space 26112K, 99% used [0x00000000e4000000,0x00000000e597ef78,0x00000000e5980000)
  to   space 39936K, 0% used [0x00000000e8d00000,0x00000000e8d00000,0x00000000eb400000)
 ParOldGen       total 94208K, used 64060K [0x0000000080000000, 0x0000000085c00000, 0x00000000d5580000)
  object space 94208K, 67% used [0x0000000080000000,0x0000000083e8f150,0x0000000085c00000)
 Metaspace       used 81888K, capacity 85636K, committed 85784K, reserved 1124352K
  class space    used 10779K, capacity 11463K, committed 11568K, reserved 1048576K
}
Event: 208.230 GC heap before
{Heap before GC invocations=19 (full 3):
 PSYoungGen      total 266240K, used 266235K [0x00000000d5580000, 0x00000000eb400000, 0x0000000100000000)
  eden space 240128K, 100% used [0x00000000d5580000,0x00000000e4000000,0x00000000e4000000)
  from space 26112K, 99% used [0x00000000e4000000,0x00000000e597ef78,0x00000000e5980000)
  to   space 39936K, 0% used [0x00000000e8d00000,0x00000000e8d00000,0x00000000eb400000)
 ParOldGen       total 94208K, used 64060K [0x0000000080000000, 0x0000000085c00000, 0x00000000d5580000)
  object space 94208K, 67% used [0x0000000080000000,0x0000000083e8f150,0x0000000085c00000)
 Metaspace       used 87563K, capacity 91942K, committed 92056K, reserved 1128448K
  class space    used 11613K, capacity 12448K, committed 12464K, reserved 1048576K
Event: 208.484 GC heap after
Heap after GC invocations=19 (full 3):
 PSYoungGen      total 304128K, used 39914K [0x00000000d5580000, 0x00000000ed880000, 0x0000000100000000)
  eden space 264192K, 0% used [0x00000000d5580000,0x00000000d5580000,0x00000000e5780000)
  from space 39936K, 99% used [0x00000000e8d00000,0x00000000eb3fa9c8,0x00000000eb400000)
  to   space 54784K, 0% used [0x00000000e5780000,0x00000000e5780000,0x00000000e8d00000)
 ParOldGen       total 94208K, used 85191K [0x0000000080000000, 0x0000000085c00000, 0x00000000d5580000)
  object space 94208K, 90% used [0x0000000080000000,0x0000000085331ed8,0x0000000085c00000)
 Metaspace       used 87563K, capacity 91942K, committed 92056K, reserved 1128448K
  class space    used 11613K, capacity 12448K, committed 12464K, reserved 1048576K
}
Event: 208.484 GC heap before
{Heap before GC invocations=20 (full 4):
 PSYoungGen      total 304128K, used 39914K [0x00000000d5580000, 0x00000000ed880000, 0x0000000100000000)
  eden space 264192K, 0% used [0x00000000d5580000,0x00000000d5580000,0x00000000e5780000)
  from space 39936K, 99% used [0x00000000e8d00000,0x00000000eb3fa9c8,0x00000000eb400000)
  to   space 54784K, 0% used [0x00000000e5780000,0x00000000e5780000,0x00000000e8d00000)
 ParOldGen       total 94208K, used 85191K [0x0000000080000000, 0x0000000085c00000, 0x00000000d5580000)
  object space 94208K, 90% used [0x0000000080000000,0x0000000085331ed8,0x0000000085c00000)
 Metaspace       used 87563K, capacity 91942K, committed 92056K, reserved 1128448K
  class space    used 11613K, capacity 12448K, committed 12464K, reserved 1048576K
Event: 209.733 GC heap after
Heap after GC invocations=20 (full 4):
 PSYoungGen      total 304128K, used 0K [0x00000000d5580000, 0x00000000ed880000, 0x0000000100000000)
  eden space 264192K, 0% used [0x00000000d5580000,0x00000000d5580000,0x00000000e5780000)
  from space 39936K, 0% used [0x00000000e8d00000,0x00000000e8d00000,0x00000000eb400000)
  to   space 54784K, 0% used [0x00000000e5780000,0x00000000e5780000,0x00000000e8d00000)
 ParOldGen       total 141824K, used 54068K [0x0000000080000000, 0x0000000088a80000, 0x00000000d5580000)
  object space 141824K, 38% used [0x0000000080000000,0x00000000834cd1f8,0x0000000088a80000)
 Metaspace       used 87403K, capacity 91480K, committed 92056K, reserved 1128448K
  class space    used 11560K, capacity 12355K, committed 12464K, reserved 1048576K
}
Event: 229.155 GC heap before
{Heap before GC invocations=21 (full 4):
 PSYoungGen      total 304128K, used 264192K [0x00000000d5580000, 0x00000000ed880000, 0x0000000100000000)
  eden space 264192K, 100% used [0x00000000d5580000,0x00000000e5780000,0x00000000e5780000)
  from space 39936K, 0% used [0x00000000e8d00000,0x00000000e8d00000,0x00000000eb400000)
  to   space 54784K, 0% used [0x00000000e5780000,0x00000000e5780000,0x00000000e8d00000)
 ParOldGen       total 141824K, used 54068K [0x0000000080000000, 0x0000000088a80000, 0x00000000d5580000)
  object space 141824K, 38% used [0x0000000080000000,0x00000000834cd1f8,0x0000000088a80000)
 Metaspace       used 100486K, capacity 105530K, committed 105624K, reserved 1140736K
  class space    used 13270K, capacity 14235K, committed 14256K, reserved 1048576K
Event: 229.967 GC heap after
Heap after GC invocations=21 (full 4):
 PSYoungGen      total 318976K, used 29907K [0x00000000d5580000, 0x00000000ed880000, 0x0000000100000000)
  eden space 264192K, 0% used [0x00000000d5580000,0x00000000d5580000,0x00000000e5780000)
  from space 54784K, 54% used [0x00000000e5780000,0x00000000e74b4e10,0x00000000e8d00000)
  to   space 39936K, 0% used [0x00000000e8d00000,0x00000000e8d00000,0x00000000eb400000)
 ParOldGen       total 141824K, used 54076K [0x0000000080000000, 0x0000000088a80000, 0x00000000d5580000)
  object space 141824K, 38% used [0x0000000080000000,0x00000000834cf1f8,0x0000000088a80000)
 Metaspace       used 100486K, capacity 105530K, committed 105624K, reserved 1140736K
  class space    used 13270K, capacity 14235K, committed 14256K, reserved 1048576K
}

Deoptimization events (10 events):
Event: 229.115 Thread 0x000000001e957800 Uncommon trap: reason=unstable_if action=reinterpret pc=0x0000000004904d98 method=com.android.tools.r8.dex.t.a(Lcom/android/tools/r8/graph/x;)Z @ 10
Event: 229.131 Thread 0x000000001db3d000 Uncommon trap: reason=class_check action=maybe_recompile pc=0x0000000005494c04 method=com.android.tools.r8.q.a.a.b.u0.a(Ljava/util/Collection;)Lcom/android/tools/r8/q/a/a/b/u0; @ 47
Event: 230.054 Thread 0x000000001e957800 Uncommon trap: reason=class_check action=maybe_recompile pc=0x0000000004e2867c method=com.android.tools.r8.dex.r.a(Ljava/util/Collection;ILjava/util/function/Consumer;)V @ 29
Event: 230.057 Thread 0x000000001e957800 Uncommon trap: reason=class_check action=maybe_recompile pc=0x0000000004e2867c method=com.android.tools.r8.dex.r.a(Ljava/util/Collection;ILjava/util/function/Consumer;)V @ 29
Event: 230.057 Thread 0x000000001e957800 Uncommon trap: reason=class_check action=maybe_recompile pc=0x0000000004e2867c method=com.android.tools.r8.dex.r.a(Ljava/util/Collection;ILjava/util/function/Consumer;)V @ 29
Event: 230.113 Thread 0x000000001db3d000 Uncommon trap: reason=bimorphic action=maybe_recompile pc=0x00000000055d49dc method=com.android.tools.r8.graph.g1.a(Lcom/android/tools/r8/naming/H;Lcom/android/tools/r8/graph/k1;Lcom/android/tools/r8/graph/k1;)I @ 3
Event: 230.114 Thread 0x000000001db3d000 Uncommon trap: reason=bimorphic action=maybe_recompile pc=0x00000000055d49dc method=com.android.tools.r8.graph.g1.a(Lcom/android/tools/r8/naming/H;Lcom/android/tools/r8/graph/k1;Lcom/android/tools/r8/graph/k1;)I @ 3
Event: 230.114 Thread 0x000000001db3d000 Uncommon trap: reason=bimorphic action=maybe_recompile pc=0x00000000055d49dc method=com.android.tools.r8.graph.g1.a(Lcom/android/tools/r8/naming/H;Lcom/android/tools/r8/graph/k1;Lcom/android/tools/r8/graph/k1;)I @ 3
Event: 230.114 Thread 0x000000001db3d000 Uncommon trap: reason=bimorphic action=maybe_recompile pc=0x00000000055d49dc method=com.android.tools.r8.graph.g1.a(Lcom/android/tools/r8/naming/H;Lcom/android/tools/r8/graph/k1;Lcom/android/tools/r8/graph/k1;)I @ 3
Event: 230.136 Thread 0x000000001f097000 Uncommon trap: reason=class_check action=maybe_recompile pc=0x0000000005494c04 method=com.android.tools.r8.q.a.a.b.u0.a(Ljava/util/Collection;)Lcom/android/tools/r8/q/a/a/b/u0; @ 47

Classes redefined (0 events):
No events

Internal exceptions (10 events):
Event: 227.236 Thread 0x000000001db3d000 Exception <a 'java/lang/NoSuchMethodError': java.lang.Object.lambda$maxBy$1(Ljava/util/Comparator;Ljava/lang/Object;Ljava/lang/Object;)Ljava/lang/Object;> (0x00000000e3b9a3f0) thrown at [C:\src\AOSP-openjdk-git\hotspot\src\share\vm\interpreter\linkResolve
Event: 227.236 Thread 0x000000001f097000 Exception <a 'java/lang/NoSuchMethodError': java.lang.Object.lambda$maxBy$1(Ljava/util/Comparator;Ljava/lang/Object;Ljava/lang/Object;)Ljava/lang/Object;> (0x00000000e3bd4188) thrown at [C:\src\AOSP-openjdk-git\hotspot\src\share\vm\interpreter\linkResolve
Event: 227.236 Thread 0x000000001e957800 Exception <a 'java/lang/NoSuchMethodError': java.lang.Object.lambda$maxBy$1(Ljava/util/Comparator;Ljava/lang/Object;Ljava/lang/Object;)Ljava/lang/Object;> (0x00000000e3c0e538) thrown at [C:\src\AOSP-openjdk-git\hotspot\src\share\vm\interpreter\linkResolve
Event: 227.587 Thread 0x000000001e957800 Exception <a 'java/lang/NoSuchMethodError': java.lang.Object.b(Lcom/android/tools/r8/graph/p1$b;)Lcom/android/tools/r8/graph/p1$b;> (0x00000000e3dab4d0) thrown at [C:\src\AOSP-openjdk-git\hotspot\src\share\vm\interpreter\linkResolver.cpp, line 620]
Event: 230.096 Thread 0x000000001e957800 Exception <a 'sun/nio/fs/WindowsException'> (0x00000000d5631318) thrown at [C:\src\AOSP-openjdk-git\hotspot\src\share\vm\prims\jni.cpp, line 710]
Event: 230.111 Thread 0x000000001e957800 Exception <a 'sun/nio/fs/WindowsException'> (0x00000000d5631d08) thrown at [C:\src\AOSP-openjdk-git\hotspot\src\share\vm\prims\jni.cpp, line 710]
Event: 230.112 Thread 0x000000001e957800 Exception <a 'sun/nio/fs/WindowsException'> (0x00000000d5632218) thrown at [C:\src\AOSP-openjdk-git\hotspot\src\share\vm\prims\jni.cpp, line 710]
Event: 230.112 Thread 0x000000001e957800 Exception <a 'sun/nio/fs/WindowsException'> (0x00000000d5632fd0) thrown at [C:\src\AOSP-openjdk-git\hotspot\src\share\vm\prims\jni.cpp, line 710]
Event: 230.112 Thread 0x000000001e957800 Exception <a 'sun/nio/fs/WindowsException'> (0x00000000d56334c8) thrown at [C:\src\AOSP-openjdk-git\hotspot\src\share\vm\prims\jni.cpp, line 710]
Event: 230.112 Thread 0x000000001e957800 Exception <a 'sun/nio/fs/WindowsException'> (0x00000000d5634270) thrown at [C:\src\AOSP-openjdk-git\hotspot\src\share\vm\prims\jni.cpp, line 710]

Events (10 events):
Event: 230.130 Thread 0x000000001db3d000 DEOPT PACKING pc=0x0000000004c6a77e sp=0x0000000030bdd350
Event: 230.131 Thread 0x000000001db3d000 DEOPT UNPACKING pc=0x0000000002a575d0 sp=0x0000000030bdd0e8 mode 0
Event: 230.136 Thread 0x000000001f097000 Uncommon trap: trap_request=0xffffffde fr.pc=0x0000000005494c04
Event: 230.136 Thread 0x000000001f097000 DEOPT PACKING pc=0x0000000005494c04 sp=0x000000002d44da50
Event: 230.136 Thread 0x000000001f097000 DEOPT UNPACKING pc=0x0000000002a5557b sp=0x000000002d44da00 mode 2
Event: 230.145 loading class sun/nio/fs/AbstractPath$1 done
Event: 230.154 Thread 0x000000001db3d000 DEOPT PACKING pc=0x0000000004c6a77e sp=0x0000000030bdd350
Event: 230.154 Thread 0x000000001db3d000 DEOPT UNPACKING pc=0x0000000002a575d0 sp=0x0000000030bdd0e8 mode 0
Event: 230.171 Thread 0x000000001db3d000 DEOPT PACKING pc=0x0000000004c6a77e sp=0x0000000030bdd350
Event: 230.171 Thread 0x000000001db3d000 DEOPT UNPACKING pc=0x0000000002a575d0 sp=0x0000000030bdd0e8 mode 0


Dynamic libraries:
0x00007ff6cfe80000 - 0x00007ff6cfeb1000 	C:\Program Files\Android\Android Studio\jre\bin\java.exe
0x00007ff9070e0000 - 0x00007ff9072d0000 	C:\WINDOWS\SYSTEM32\ntdll.dll
0x00007ff906740000 - 0x00007ff9067f2000 	C:\WINDOWS\System32\KERNEL32.DLL
0x00007ff904e60000 - 0x00007ff905105000 	C:\WINDOWS\System32\KERNELBASE.dll
0x00007ff906ff0000 - 0x00007ff907093000 	C:\WINDOWS\System32\ADVAPI32.dll
0x00007ff906d80000 - 0x00007ff906e1e000 	C:\WINDOWS\System32\msvcrt.dll
0x00007ff906810000 - 0x00007ff9068a7000 	C:\WINDOWS\System32\sechost.dll
0x00007ff9068c0000 - 0x00007ff9069e0000 	C:\WINDOWS\System32\RPCRT4.dll
0x00007ff905200000 - 0x00007ff905394000 	C:\WINDOWS\System32\USER32.dll
0x00007ff904050000 - 0x00007ff904071000 	C:\WINDOWS\System32\win32u.dll
0x00007ff906550000 - 0x00007ff906576000 	C:\WINDOWS\System32\GDI32.dll
0x00007ff9044e0000 - 0x00007ff904676000 	C:\WINDOWS\System32\gdi32full.dll
0x00007ff9043b0000 - 0x00007ff90444e000 	C:\WINDOWS\System32\msvcp_win.dll
0x00007ff904080000 - 0x00007ff90417a000 	C:\WINDOWS\System32\ucrtbase.dll
0x00007ff8f2100000 - 0x00007ff8f2384000 	C:\WINDOWS\WinSxS\amd64_microsoft.windows.common-controls_6595b64144ccf1df_6.0.18362.1256_none_9e7e379be45e40e2\COMCTL32.dll
0x00007ff905420000 - 0x00007ff905756000 	C:\WINDOWS\System32\combase.dll
0x00007ff904450000 - 0x00007ff9044d1000 	C:\WINDOWS\System32\bcryptPrimitives.dll
0x00007ff906d50000 - 0x00007ff906d7e000 	C:\WINDOWS\System32\IMM32.DLL
0x00000000572d0000 - 0x00000000573a2000 	C:\Program Files\Android\Android Studio\jre\jre\bin\msvcr100.dll
0x00000000573b0000 - 0x0000000057bfb000 	C:\Program Files\Android\Android Studio\jre\jre\bin\server\jvm.dll
0x00007ff9068b0000 - 0x00007ff9068b8000 	C:\WINDOWS\System32\PSAPI.DLL
0x00007ff8f5150000 - 0x00007ff8f5159000 	C:\WINDOWS\SYSTEM32\WSOCK32.dll
0x00007ff8f29f0000 - 0x00007ff8f2a14000 	C:\WINDOWS\SYSTEM32\WINMM.dll
0x00007ff902a70000 - 0x00007ff902a7a000 	C:\WINDOWS\SYSTEM32\VERSION.dll
0x00007ff9069e0000 - 0x00007ff906a4f000 	C:\WINDOWS\System32\WS2_32.dll
0x00007ff8f7b80000 - 0x00007ff8f7bad000 	C:\WINDOWS\SYSTEM32\WINMMBASE.dll
0x00007ff904680000 - 0x00007ff9046ca000 	C:\WINDOWS\System32\cfgmgr32.dll
0x00007ff8f4530000 - 0x00007ff8f453f000 	C:\Program Files\Android\Android Studio\jre\jre\bin\verify.dll
0x00007ff8df920000 - 0x00007ff8df949000 	C:\Program Files\Android\Android Studio\jre\jre\bin\java.dll
0x00007ff8def50000 - 0x00007ff8def66000 	C:\Program Files\Android\Android Studio\jre\jre\bin\zip.dll
0x00007ff905d90000 - 0x00007ff906477000 	C:\WINDOWS\System32\SHELL32.dll
0x00007ff905760000 - 0x00007ff905809000 	C:\WINDOWS\System32\shcore.dll
0x00007ff9046d0000 - 0x00007ff904e51000 	C:\WINDOWS\System32\windows.storage.dll
0x00007ff903f90000 - 0x00007ff903fb3000 	C:\WINDOWS\System32\profapi.dll
0x00007ff903fe0000 - 0x00007ff90402a000 	C:\WINDOWS\System32\powrprof.dll
0x00007ff903f80000 - 0x00007ff903f90000 	C:\WINDOWS\System32\UMPDC.dll
0x00007ff905d30000 - 0x00007ff905d82000 	C:\WINDOWS\System32\shlwapi.dll
0x00007ff903fc0000 - 0x00007ff903fd1000 	C:\WINDOWS\System32\kernel.appcore.dll
0x00007ff905170000 - 0x00007ff905187000 	C:\WINDOWS\System32\cryptsp.dll
0x00007ff8de410000 - 0x00007ff8de42a000 	C:\Program Files\Android\Android Studio\jre\jre\bin\net.dll
0x00007ff9037d0000 - 0x00007ff903837000 	C:\WINDOWS\system32\mswsock.dll
0x00007ff8d7ff0000 - 0x00007ff8d8003000 	C:\Program Files\Android\Android Studio\jre\jre\bin\nio.dll
0x00007ff8e7160000 - 0x00007ff8e7187000 	C:\Users\User\.gradle\native\f6784746aeab05261644944871eae4fe03e0ef1612fff0a4a95f87b438bc6780\windows-amd64\native-platform.dll
0x00007ff8f4520000 - 0x00007ff8f452d000 	C:\Program Files\Android\Android Studio\jre\jre\bin\management.dll
0x00007ff903340000 - 0x00007ff903373000 	C:\WINDOWS\system32\rsaenh.dll
0x00007ff904380000 - 0x00007ff9043a6000 	C:\WINDOWS\System32\bcrypt.dll
0x00007ff903ea0000 - 0x00007ff903ec5000 	C:\WINDOWS\SYSTEM32\USERENV.dll
0x00007ff9039a0000 - 0x00007ff9039ac000 	C:\WINDOWS\SYSTEM32\CRYPTBASE.dll
0x00007ff9034e0000 - 0x00007ff90351a000 	C:\WINDOWS\SYSTEM32\IPHLPAPI.DLL
0x00007ff906800000 - 0x00007ff906808000 	C:\WINDOWS\System32\NSI.dll
0x00007ff8fbee0000 - 0x00007ff8fbef6000 	C:\WINDOWS\SYSTEM32\dhcpcsvc6.DLL
0x00007ff8fcf50000 - 0x00007ff8fcf6c000 	C:\WINDOWS\SYSTEM32\dhcpcsvc.DLL
0x00007ff903530000 - 0x00007ff9035fb000 	C:\WINDOWS\SYSTEM32\DNSAPI.dll
0x00007ff8fd4b0000 - 0x00007ff8fd4bb000 	C:\WINDOWS\SYSTEM32\WINNSI.DLL
0x00007ff8c0c40000 - 0x00007ff8c0ddc000 	C:\Program Files\Android\Android Studio\jre\jre\bin\awt.dll
0x00007ff906c80000 - 0x00007ff906d45000 	C:\WINDOWS\System32\OLEAUT32.dll
0x00007ff901fe0000 - 0x00007ff90200d000 	C:\WINDOWS\SYSTEM32\dwmapi.dll
0x00007ff8ffd60000 - 0x00007ff900320000 	C:\WINDOWS\SYSTEM32\d2d1.dll
0x00007ff9011f0000 - 0x00007ff90127f000 	C:\WINDOWS\SYSTEM32\apphelp.dll
0x00007ff901790000 - 0x00007ff901829000 	C:\WINDOWS\system32\uxtheme.dll
0x00007ff8ecae0000 - 0x00007ff8ecafe000 	C:\Users\User\AppData\Local\Temp\native-platform300304026748339309dir\native-platform.dll

VM Arguments:
jvm_args: -Xmx2048m -Dfile.encoding=UTF-8 -Duser.country=ID -Duser.language=en -Duser.variant 
java_command: org.gradle.launcher.daemon.bootstrap.GradleDaemon 6.5
java_class_path (initial): C:\Users\User\.gradle\wrapper\dists\gradle-6.5-all\2oz4ud9k3tuxjg84bbf55q0tn\gradle-6.5\lib\gradle-launcher-6.5.jar
Launcher Type: SUN_STANDARD

Environment Variables:
PATH=C:\Windows\System32\; C:Windows\xampp1\php;C:\xampp1\php;C:\composer;C:\Program Files\nodejs\;C:\Users\User\AppData\Local\Microsoft\WindowsApps;C:\Users\User\AppData\Local\GitHubDesktop\bin;C:\Users\User\AppData\Roaming\Composer\vendor\bin;C:\Users\User\AppData\Roaming\npm
USERNAME=User
OS=Windows_NT
PROCESSOR_IDENTIFIER=Intel64 Family 6 Model 126 Stepping 5, GenuineIntel



---------------  S Y S T E M  ---------------

OS: Windows 10.0 , 64 bit Build 18362 (10.0.18362.1110)

CPU:total 4 (initial active 4) (2 cores per cpu, 2 threads per core) family 6 model 126 stepping 5, cmov, cx8, fxsr, mmx, sse, sse2, sse3, ssse3, sse4.1, sse4.2, popcnt, avx, avx2, aes, clmul, erms, 3dnowpref, lzcnt, ht, tsc, tscinvbit, bmi1, bmi2, adx

Memory: 4k page, physical 3955896k(25552k free), swap 8150200k(2812k free)

vm_info: OpenJDK 64-Bit Server VM (25.242-b01) for windows-amd64 JRE (1.8.0_242-release-1644-b01), built by "builder" with MS VC++ 10.0 (VS2010)

time: Mon Dec 14 05:03:39 2020
timezone: SE Asia Standard Time
elapsed time: 230 seconds (0d 0h 3m 50s)

