#
# There is insufficient memory for the Java Runtime Environment to continue.
# Native memory allocation (malloc) failed to allocate 32744 bytes for ChunkPool::allocate
# Possible reasons:
#   The system is out of physical RAM or swap space
#   The process is running with CompressedOops enabled, and the Java Heap may be blocking the growth of the native heap
# Possible solutions:
#   Reduce memory load on the system
#   Increase physical memory or swap space
#   Check if swap backing store is full
#   Decrease Java heap size (-Xmx/-Xms)
#   Decrease number of Java threads
#   Decrease Java thread stack sizes (-Xss)
#   Set larger code cache with -XX:ReservedCodeCacheSize=
#   JVM is running with Unscaled Compressed Oops mode in which the Java heap is
#     placed in the first 4GB address space. The Java Heap base address is the
#     maximum limit for the native heap growth. Please use -XX:HeapBaseMinAddress
#     to set the Java Heap base and to place the Java Heap above 4GB virtual address.
# This output file may be truncated or incomplete.
#
#  Out of Memory Error (allocation.cpp:272), pid=428, tid=0x00000000000031b4
#
# JRE version: OpenJDK Runtime Environment (8.0_242-b01) (build 1.8.0_242-release-1644-b01)
# Java VM: OpenJDK 64-Bit Server VM (25.242-b01 mixed mode windows-amd64 compressed oops)
# Failed to write core dump. Minidumps are not enabled by default on client versions of Windows
#

---------------  T H R E A D  ---------------

Current thread (0x000000001715b000):  JavaThread "C2 CompilerThread1" daemon [_thread_in_native, id=12724, stack(0x00000000188c0000,0x00000000189c0000)]

Stack: [0x00000000188c0000,0x00000000189c0000]
[error occurred during error reporting (printing stack bounds), id 0xc0000005]

Native frames: (J=compiled Java code, j=interpreted, Vv=VM code, C=native code)


Current CompileTask:
C2:  52067 11458       4       java.lang.String::split (326 bytes)


---------------  P R O C E S S  ---------------

Java Threads: ( => current thread )
  0x000000001dd87800 JavaThread "Cache worker for execution history cache (D:\mobile\LalisaShop\.gradle\6.5\executionHistory)" [_thread_blocked, id=8552, stack(0x000000002c4f0000,0x000000002c5f0000)]
  0x000000001dd87000 JavaThread "Execution worker for ':' Thread 3" [_thread_blocked, id=7400, stack(0x000000002c3f0000,0x000000002c4f0000)]
  0x000000001dd8a800 JavaThread "Execution worker for ':' Thread 2" [_thread_in_Java, id=12916, stack(0x000000002c2f0000,0x000000002c3f0000)]
  0x000000001dd8a000 JavaThread "Execution worker for ':'" [_thread_blocked, id=1508, stack(0x000000002c1f0000,0x000000002c2f0000)]
  0x000000001dd82800 JavaThread "Cache worker for file content cache (D:\mobile\LalisaShop\.gradle\6.5\fileContent)" [_thread_blocked, id=10540, stack(0x000000002baf0000,0x000000002bbf0000)]
  0x000000001dd83000 JavaThread "pool-4-thread-1" [_thread_blocked, id=13492, stack(0x000000002b8f0000,0x000000002b9f0000)]
  0x000000001dd84000 JavaThread "Cache worker for Build Output Cleanup Cache (D:\mobile\LalisaShop\.gradle\buildOutputCleanup)" [_thread_blocked, id=9192, stack(0x000000002a330000,0x000000002a430000)]
  0x0000000020108800 JavaThread "Build operations Thread 4" [_thread_blocked, id=11988, stack(0x00000000294e0000,0x00000000295e0000)]
  0x0000000020104000 JavaThread "Build operations Thread 3" [_thread_blocked, id=2252, stack(0x00000000291e0000,0x00000000292e0000)]
  0x0000000020108000 JavaThread "Build operations Thread 2" [_thread_blocked, id=11656, stack(0x0000000021de0000,0x0000000021ee0000)]
  0x0000000020103800 JavaThread "Build operations" [_thread_blocked, id=14112, stack(0x0000000021ce0000,0x0000000021de0000)]
  0x0000000020105000 JavaThread "Cache worker for cache directory md-rule (C:\Users\User\.gradle\caches\6.5\md-rule)" [_thread_blocked, id=12412, stack(0x0000000021be0000,0x0000000021ce0000)]
  0x0000000020106800 JavaThread "Cache worker for cache directory md-supplier (C:\Users\User\.gradle\caches\6.5\md-supplier)" [_thread_blocked, id=13288, stack(0x0000000021ae0000,0x0000000021be0000)]
  0x00000000200fa000 JavaThread "Cache worker for checksums cache (D:\mobile\LalisaShop\.gradle\checksums)" [_thread_blocked, id=9736, stack(0x0000000020ae0000,0x0000000020be0000)]
  0x00000000200fb800 JavaThread "Cache worker for file hash cache (D:\mobile\LalisaShop\.gradle\6.5\fileHashes)" [_thread_blocked, id=4860, stack(0x00000000209e0000,0x0000000020ae0000)]
  0x00000000200fe000 JavaThread "Thread-169" [_thread_blocked, id=6820, stack(0x000000001f680000,0x000000001f780000)]
  0x00000000200fc800 JavaThread "Stdin handler" [_thread_blocked, id=11792, stack(0x000000001f580000,0x000000001f680000)]
  0x0000000020100800 JavaThread "Asynchronous log dispatcher for DefaultDaemonConnection: socket connection from /127.0.0.1:53857 to /127.0.0.1:53906" [_thread_blocked, id=3816, stack(0x000000001cbe0000,0x000000001cce0000)]
  0x00000000200fb000 JavaThread "Cancel handler" [_thread_blocked, id=7040, stack(0x000000001c7e0000,0x000000001c8e0000)]
  0x00000000200fd000 JavaThread "Handler for socket connection from /127.0.0.1:53857 to /127.0.0.1:53906" [_thread_in_native, id=13008, stack(0x000000001c4e0000,0x000000001c5e0000)]
  0x0000000020101000 JavaThread "MarlinRenderer Disposer" daemon [_thread_blocked, id=12792, stack(0x000000002cf00000,0x000000002d000000)]
  0x00000000200ff000 JavaThread "Java2D Disposer" daemon [_thread_blocked, id=14252, stack(0x000000002cbf0000,0x000000002ccf0000)]
  0x000000001afa6800 JavaThread "Memory manager" [_thread_blocked, id=3664, stack(0x000000002b9f0000,0x000000002baf0000)]
  0x000000001b06a000 JavaThread "jar transforms Thread 113" [_thread_blocked, id=13404, stack(0x0000000028ee0000,0x0000000028fe0000)]
  0x000000001b069800 JavaThread "jar transforms Thread 112" [_thread_blocked, id=4224, stack(0x0000000028de0000,0x0000000028ee0000)]
  0x000000001b068000 JavaThread "jar transforms Thread 111" [_thread_blocked, id=6072, stack(0x0000000028ce0000,0x0000000028de0000)]
  0x000000001b067000 JavaThread "jar transforms Thread 110" [_thread_blocked, id=1216, stack(0x0000000028be0000,0x0000000028ce0000)]
  0x000000001b068800 JavaThread "jar transforms Thread 109" [_thread_blocked, id=14208, stack(0x0000000028ae0000,0x0000000028be0000)]
  0x000000001b06c800 JavaThread "jar transforms Thread 108" [_thread_blocked, id=7368, stack(0x00000000289e0000,0x0000000028ae0000)]
  0x000000001b05f800 JavaThread "jar transforms Thread 107" [_thread_blocked, id=2276, stack(0x00000000288e0000,0x00000000289e0000)]
  0x000000001b066800 JavaThread "jar transforms Thread 106" [_thread_blocked, id=13904, stack(0x00000000287e0000,0x00000000288e0000)]
  0x000000001b05f000 JavaThread "jar transforms Thread 105" [_thread_blocked, id=892, stack(0x00000000286e0000,0x00000000287e0000)]
  0x000000001b065800 JavaThread "jar transforms Thread 104" [_thread_blocked, id=13900, stack(0x00000000285e0000,0x00000000286e0000)]
  0x000000001b065000 JavaThread "jar transforms Thread 103" [_thread_blocked, id=11980, stack(0x00000000284e0000,0x00000000285e0000)]
  0x000000001b05d800 JavaThread "jar transforms Thread 102" [_thread_blocked, id=12904, stack(0x00000000283e0000,0x00000000284e0000)]
  0x000000001b061000 JavaThread "jar transforms Thread 101" [_thread_blocked, id=12048, stack(0x00000000282e0000,0x00000000283e0000)]
  0x000000001b060800 JavaThread "jar transforms Thread 100" [_thread_blocked, id=5260, stack(0x00000000281e0000,0x00000000282e0000)]
  0x000000001b05e000 JavaThread "jar transforms Thread 99" [_thread_blocked, id=13680, stack(0x00000000280e0000,0x00000000281e0000)]
  0x000000001b062800 JavaThread "jar transforms Thread 98" [_thread_blocked, id=6156, stack(0x0000000027fe0000,0x00000000280e0000)]
  0x000000001b063800 JavaThread "jar transforms Thread 97" [_thread_blocked, id=13488, stack(0x0000000027ee0000,0x0000000027fe0000)]
  0x000000001b064000 JavaThread "jar transforms Thread 96" [_thread_blocked, id=1144, stack(0x0000000027de0000,0x0000000027ee0000)]
  0x000000001b062000 JavaThread "jar transforms Thread 95" [_thread_blocked, id=12212, stack(0x0000000027ce0000,0x0000000027de0000)]
  0x0000000019478000 JavaThread "jar transforms Thread 94" [_thread_blocked, id=5872, stack(0x0000000027be0000,0x0000000027ce0000)]
  0x0000000019470800 JavaThread "jar transforms Thread 93" [_thread_blocked, id=13796, stack(0x0000000027ae0000,0x0000000027be0000)]
  0x0000000019475000 JavaThread "jar transforms Thread 92" [_thread_blocked, id=13800, stack(0x00000000279e0000,0x0000000027ae0000)]
  0x0000000019474800 JavaThread "jar transforms Thread 91" [_thread_blocked, id=12044, stack(0x00000000278e0000,0x00000000279e0000)]
  0x0000000019477800 JavaThread "jar transforms Thread 90" [_thread_blocked, id=13736, stack(0x00000000277e0000,0x00000000278e0000)]
  0x0000000019473800 JavaThread "jar transforms Thread 89" [_thread_blocked, id=10564, stack(0x00000000276e0000,0x00000000277e0000)]
  0x0000000019476000 JavaThread "jar transforms Thread 88" [_thread_blocked, id=13528, stack(0x00000000275e0000,0x00000000276e0000)]
  0x0000000019473000 JavaThread "jar transforms Thread 87" [_thread_blocked, id=14052, stack(0x00000000274e0000,0x00000000275e0000)]
  0x0000000019472000 JavaThread "jar transforms Thread 86" [_thread_blocked, id=9024, stack(0x00000000273e0000,0x00000000274e0000)]
  0x0000000019471800 JavaThread "jar transforms Thread 85" [_thread_blocked, id=13928, stack(0x00000000272e0000,0x00000000273e0000)]
  0x0000000019476800 JavaThread "jar transforms Thread 84" [_thread_blocked, id=13816, stack(0x00000000271e0000,0x00000000272e0000)]
  0x0000000019469000 JavaThread "jar transforms Thread 83" [_thread_blocked, id=14064, stack(0x00000000270e0000,0x00000000271e0000)]
  0x0000000019470000 JavaThread "jar transforms Thread 82" [_thread_blocked, id=9156, stack(0x0000000026fe0000,0x00000000270e0000)]
  0x000000001946b800 JavaThread "jar transforms Thread 81" [_thread_blocked, id=6764, stack(0x0000000026ee0000,0x0000000026fe0000)]
  0x000000001946e800 JavaThread "jar transforms Thread 80" [_thread_blocked, id=10508, stack(0x0000000026de0000,0x0000000026ee0000)]
  0x000000001946c000 JavaThread "jar transforms Thread 79" [_thread_blocked, id=1364, stack(0x0000000026ce0000,0x0000000026de0000)]
  0x000000001946d000 JavaThread "jar transforms Thread 78" [_thread_blocked, id=9996, stack(0x0000000026be0000,0x0000000026ce0000)]
  0x000000001946f000 JavaThread "jar transforms Thread 77" [_thread_blocked, id=3768, stack(0x0000000026ae0000,0x0000000026be0000)]
  0x000000001946a000 JavaThread "jar transforms Thread 76" [_thread_blocked, id=13268, stack(0x00000000269e0000,0x0000000026ae0000)]
  0x000000001946a800 JavaThread "jar transforms Thread 75" [_thread_blocked, id=14092, stack(0x00000000268e0000,0x00000000269e0000)]
  0x000000001946d800 JavaThread "jar transforms Thread 74" [_thread_blocked, id=3640, stack(0x00000000267e0000,0x00000000268e0000)]
  0x0000000019d16000 JavaThread "jar transforms Thread 73" [_thread_blocked, id=9272, stack(0x00000000266e0000,0x00000000267e0000)]
  0x0000000019d12000 JavaThread "jar transforms Thread 72" [_thread_blocked, id=9000, stack(0x00000000265e0000,0x00000000266e0000)]
  0x0000000019d15000 JavaThread "jar transforms Thread 71" [_thread_blocked, id=3172, stack(0x00000000264e0000,0x00000000265e0000)]
  0x0000000019d17800 JavaThread "jar transforms Thread 70" [_thread_blocked, id=13628, stack(0x00000000263e0000,0x00000000264e0000)]
  0x0000000019d16800 JavaThread "jar transforms Thread 69" [_thread_blocked, id=14156, stack(0x00000000262e0000,0x00000000263e0000)]
  0x0000000019d13000 JavaThread "jar transforms Thread 68" [_thread_blocked, id=1332, stack(0x00000000261e0000,0x00000000262e0000)]
  0x0000000019d13800 JavaThread "jar transforms Thread 67" [_thread_blocked, id=5724, stack(0x00000000260e0000,0x00000000261e0000)]
  0x0000000019d14800 JavaThread "jar transforms Thread 66" [_thread_blocked, id=12976, stack(0x0000000025fe0000,0x00000000260e0000)]
  0x0000000019d0a800 JavaThread "jar transforms Thread 65" [_thread_blocked, id=14188, stack(0x0000000025ee0000,0x0000000025fe0000)]
  0x0000000019d11800 JavaThread "jar transforms Thread 64" [_thread_blocked, id=7872, stack(0x0000000025de0000,0x0000000025ee0000)]
  0x0000000019d0d800 JavaThread "jar transforms Thread 63" [_thread_blocked, id=7868, stack(0x0000000025ce0000,0x0000000025de0000)]
  0x0000000019d0e800 JavaThread "jar transforms Thread 62" [_thread_blocked, id=13460, stack(0x0000000025be0000,0x0000000025ce0000)]
  0x0000000019d10800 JavaThread "jar transforms Thread 61" [_thread_blocked, id=6436, stack(0x0000000025ae0000,0x0000000025be0000)]
  0x0000000019d0b800 JavaThread "jar transforms Thread 60" [_thread_blocked, id=10260, stack(0x00000000259e0000,0x0000000025ae0000)]
  0x0000000019d10000 JavaThread "jar transforms Thread 59" [_thread_blocked, id=1212, stack(0x00000000258e0000,0x00000000259e0000)]
  0x0000000019d0a000 JavaThread "jar transforms Thread 58" [_thread_blocked, id=4364, stack(0x00000000257e0000,0x00000000258e0000)]
  0x0000000019d09000 JavaThread "jar transforms Thread 57" [_thread_blocked, id=12816, stack(0x00000000256e0000,0x00000000257e0000)]
  0x0000000019d08800 JavaThread "jar transforms Thread 56" [_thread_blocked, id=9728, stack(0x00000000255e0000,0x00000000256e0000)]
  0x0000000019d0d000 JavaThread "jar transforms Thread 55" [_thread_blocked, id=8664, stack(0x00000000254e0000,0x00000000255e0000)]
  0x0000000019d0c000 JavaThread "jar transforms Thread 54" [_thread_blocked, id=13776, stack(0x00000000253e0000,0x00000000254e0000)]
  0x0000000019d0f000 JavaThread "jar transforms Thread 53" [_thread_blocked, id=6936, stack(0x00000000252e0000,0x00000000253e0000)]
  0x000000001990c800 JavaThread "jar transforms Thread 52" [_thread_blocked, id=12068, stack(0x00000000251e0000,0x00000000252e0000)]
  0x000000001990b800 JavaThread "jar transforms Thread 51" [_thread_blocked, id=11044, stack(0x00000000250e0000,0x00000000251e0000)]
  0x000000001990b000 JavaThread "jar transforms Thread 50" [_thread_blocked, id=8440, stack(0x0000000024fe0000,0x00000000250e0000)]
  0x0000000019903000 JavaThread "jar transforms Thread 49" [_thread_blocked, id=12624, stack(0x0000000024ee0000,0x0000000024fe0000)]
  0x000000001990a000 JavaThread "jar transforms Thread 48" [_thread_blocked, id=8792, stack(0x0000000024de0000,0x0000000024ee0000)]
  0x0000000019909800 JavaThread "jar transforms Thread 47" [_thread_blocked, id=12656, stack(0x0000000024ce0000,0x0000000024de0000)]
  0x0000000019901800 JavaThread "jar transforms Thread 46" [_thread_blocked, id=3428, stack(0x0000000024be0000,0x0000000024ce0000)]
  0x0000000019908800 JavaThread "jar transforms Thread 45" [_thread_blocked, id=10740, stack(0x0000000024ae0000,0x0000000024be0000)]
  0x0000000019904000 JavaThread "jar transforms Thread 44" [_thread_blocked, id=4880, stack(0x00000000249e0000,0x0000000024ae0000)]
  0x0000000019907000 JavaThread "jar transforms Thread 43" [_thread_blocked, id=1672, stack(0x00000000248e0000,0x00000000249e0000)]
  0x0000000019906000 JavaThread "jar transforms Thread 42" [_thread_blocked, id=11604, stack(0x00000000247e0000,0x00000000248e0000)]
  0x0000000019905800 JavaThread "jar transforms Thread 41" [_thread_blocked, id=3432, stack(0x00000000246e0000,0x00000000247e0000)]
  0x0000000019904800 JavaThread "jar transforms Thread 40" [_thread_blocked, id=7764, stack(0x00000000245e0000,0x00000000246e0000)]
  0x0000000019907800 JavaThread "jar transforms Thread 39" [_thread_blocked, id=12156, stack(0x00000000244e0000,0x00000000245e0000)]
  0x00000000198fe000 JavaThread "jar transforms Thread 38" [_thread_blocked, id=13360, stack(0x00000000243e0000,0x00000000244e0000)]
  0x00000000198fe800 JavaThread "jar transforms Thread 37" [_thread_blocked, id=4484, stack(0x00000000242e0000,0x00000000243e0000)]
  0x0000000019901000 JavaThread "jar transforms Thread 36" [_thread_blocked, id=8416, stack(0x00000000241e0000,0x00000000242e0000)]
  0x0000000019900000 JavaThread "jar transforms Thread 35" [_thread_blocked, id=13420, stack(0x00000000240e0000,0x00000000241e0000)]
  0x0000000019902800 JavaThread "jar transforms Thread 34" [_thread_blocked, id=3524, stack(0x0000000023fe0000,0x00000000240e0000)]
  0x00000000198ff800 JavaThread "jar transforms Thread 33" [_thread_blocked, id=440, stack(0x0000000023ee0000,0x0000000023fe0000)]
  0x00000000198fd000 JavaThread "jar transforms Thread 32" [_thread_blocked, id=12712, stack(0x0000000023de0000,0x0000000023ee0000)]
  0x000000001eecd000 JavaThread "jar transforms Thread 31" [_thread_blocked, id=14284, stack(0x0000000023ce0000,0x0000000023de0000)]
  0x000000001eed0000 JavaThread "jar transforms Thread 30" [_thread_blocked, id=13300, stack(0x0000000023be0000,0x0000000023ce0000)]
  0x000000001eecb000 JavaThread "jar transforms Thread 29" [_thread_blocked, id=8628, stack(0x0000000023ae0000,0x0000000023be0000)]
  0x000000001eeca000 JavaThread "jar transforms Thread 28" [_thread_blocked, id=11588, stack(0x00000000239e0000,0x0000000023ae0000)]
  0x000000001eecc800 JavaThread "jar transforms Thread 27" [_thread_blocked, id=8652, stack(0x00000000238e0000,0x00000000239e0000)]
  0x000000001eec9800 JavaThread "jar transforms Thread 26" [_thread_blocked, id=7808, stack(0x00000000237e0000,0x00000000238e0000)]
  0x000000001eecf800 JavaThread "jar transforms Thread 25" [_thread_blocked, id=5356, stack(0x00000000236e0000,0x00000000237e0000)]
  0x000000001eecb800 JavaThread "jar transforms Thread 24" [_thread_blocked, id=9852, stack(0x00000000235e0000,0x00000000236e0000)]
  0x000000001eece800 JavaThread "jar transforms Thread 23" [_thread_blocked, id=14000, stack(0x00000000234e0000,0x00000000235e0000)]
  0x000000001eece000 JavaThread "jar transforms Thread 22" [_thread_blocked, id=12164, stack(0x00000000233e0000,0x00000000234e0000)]
  0x000000001eec2000 JavaThread "jar transforms Thread 21" [_thread_blocked, id=9552, stack(0x00000000232e0000,0x00000000233e0000)]
  0x000000001eec8800 JavaThread "jar transforms Thread 20" [_thread_blocked, id=6736, stack(0x00000000231e0000,0x00000000232e0000)]
  0x000000001eec1000 JavaThread "jar transforms Thread 19" [_thread_blocked, id=2040, stack(0x00000000230e0000,0x00000000231e0000)]
  0x000000001eec8000 JavaThread "jar transforms Thread 18" [_thread_blocked, id=5096, stack(0x0000000022fe0000,0x00000000230e0000)]
  0x000000001eec6800 JavaThread "jar transforms Thread 17" [_thread_blocked, id=12416, stack(0x0000000022ee0000,0x0000000022fe0000)]
  0x000000001eec5800 JavaThread "jar transforms Thread 16" [_thread_blocked, id=6648, stack(0x0000000022de0000,0x0000000022ee0000)]
  0x000000001eec5000 JavaThread "jar transforms Thread 15" [_thread_blocked, id=11224, stack(0x0000000022ce0000,0x0000000022de0000)]
  0x000000001eec4000 JavaThread "jar transforms Thread 14" [_thread_blocked, id=14176, stack(0x0000000022be0000,0x0000000022ce0000)]
  0x000000001eec7000 JavaThread "jar transforms Thread 13" [_thread_blocked, id=6656, stack(0x0000000022ae0000,0x0000000022be0000)]
  0x000000001eec2800 JavaThread "jar transforms Thread 12" [_thread_blocked, id=12244, stack(0x00000000228e0000,0x00000000229e0000)]
  0x000000001eec3800 JavaThread "jar transforms Thread 11" [_thread_blocked, id=7100, stack(0x00000000227e0000,0x00000000228e0000)]
  0x000000001e847800 JavaThread "jar transforms Thread 10" [_thread_blocked, id=6712, stack(0x00000000226e0000,0x00000000227e0000)]
  0x000000001e847000 JavaThread "jar transforms Thread 9" [_thread_blocked, id=3724, stack(0x00000000225e0000,0x00000000226e0000)]
  0x000000001e846000 JavaThread "jar transforms Thread 8" [_thread_blocked, id=13960, stack(0x00000000224e0000,0x00000000225e0000)]
  0x000000001e845800 JavaThread "jar transforms Thread 7" [_thread_blocked, id=116, stack(0x00000000223e0000,0x00000000224e0000)]
  0x000000001e844800 JavaThread "jar transforms Thread 6" [_thread_blocked, id=12032, stack(0x00000000222e0000,0x00000000223e0000)]
  0x000000001e848800 JavaThread "jar transforms Thread 5" [_thread_blocked, id=12824, stack(0x00000000221e0000,0x00000000222e0000)]
  0x000000001e844000 JavaThread "jar transforms Thread 4" [_thread_blocked, id=13840, stack(0x00000000220e0000,0x00000000221e0000)]
  0x000000001e843000 JavaThread "jar transforms Thread 3" [_thread_blocked, id=12424, stack(0x0000000021fe0000,0x00000000220e0000)]
  0x000000001e842800 JavaThread "jar transforms Thread 2" [_thread_blocked, id=6584, stack(0x0000000021ee0000,0x0000000021fe0000)]
  0x000000001afa4000 JavaThread "Cache worker for file content cache (C:\Users\User\.gradle\caches\6.5\fileContent)" [_thread_blocked, id=8316, stack(0x00000000213e0000,0x00000000214e0000)]
  0x000000001afa3800 JavaThread "jar transforms" [_thread_blocked, id=9508, stack(0x00000000212e0000,0x00000000213e0000)]
  0x000000001afa8000 JavaThread "Cache worker for execution history cache (C:\Users\User\.gradle\caches\6.5\executionHistory)" [_thread_blocked, id=13704, stack(0x0000000020be0000,0x0000000020ce0000)]
  0x000000001afaa000 JavaThread "Cache worker for file hash cache (C:\Users\User\.gradle\caches\6.5\fileHashes)" [_thread_blocked, id=5464, stack(0x000000001d0e0000,0x000000001d1e0000)]
  0x000000001afa5800 JavaThread "File lock request listener" [_thread_in_native, id=2812, stack(0x000000001cfe0000,0x000000001d0e0000)]
  0x000000001acd2800 JavaThread "Cache worker for journal cache (C:\Users\User\.gradle\caches\journal-1)" [_thread_blocked, id=12676, stack(0x000000001cee0000,0x000000001cfe0000)]
  0x000000001acac800 JavaThread "Daemon worker" [_thread_blocked, id=9636, stack(0x000000001c8e0000,0x000000001c9e0000)]
  0x000000001915c800 JavaThread "Daemon" [_thread_blocked, id=10236, stack(0x000000001c3e0000,0x000000001c4e0000)]
  0x000000001ac14800 JavaThread "Daemon periodic checks" [_thread_blocked, id=2840, stack(0x000000001c2e0000,0x000000001c3e0000)]
  0x000000001ac11800 JavaThread "Incoming local TCP Connector on port 53857" [_thread_in_native, id=13016, stack(0x000000001c0a0000,0x000000001c1a0000)]
  0x000000001ab8b000 JavaThread "Daemon health stats" [_thread_blocked, id=5332, stack(0x000000001ba60000,0x000000001bb60000)]
  0x0000000018aea800 JavaThread "Service Thread" daemon [_thread_blocked, id=12452, stack(0x0000000018ec0000,0x0000000018fc0000)]
  0x0000000017162000 JavaThread "C1 CompilerThread2" daemon [_thread_blocked, id=5948, stack(0x00000000189c0000,0x0000000018ac0000)]
=>0x000000001715b000 JavaThread "C2 CompilerThread1" daemon [_thread_in_native, id=12724, stack(0x00000000188c0000,0x00000000189c0000)]
  0x0000000017158000 JavaThread "C2 CompilerThread0" daemon [_thread_in_native, id=14224, stack(0x00000000187c0000,0x00000000188c0000)]
  0x0000000017156000 JavaThread "Attach Listener" daemon [_thread_blocked, id=14168, stack(0x00000000186c0000,0x00000000187c0000)]
  0x0000000017151800 JavaThread "Signal Dispatcher" daemon [_thread_blocked, id=2364, stack(0x00000000185c0000,0x00000000186c0000)]
  0x000000000242c000 JavaThread "Finalizer" daemon [_thread_blocked, id=13780, stack(0x00000000183c0000,0x00000000184c0000)]
  0x0000000002421000 JavaThread "Reference Handler" daemon [_thread_blocked, id=1036, stack(0x00000000182c0000,0x00000000183c0000)]
  0x0000000000a3d800 JavaThread "main" [_thread_blocked, id=10400, stack(0x0000000000a60000,0x0000000000b60000)]

Other Threads:
  0x0000000017116000 VMThread [stack: 0x00000000181c0000,0x00000000182c0000] [id=8560]
  0x0000000018aeb000 WatcherThread [stack: 0x0000000018fc0000,0x00000000190c0000] [id=12644]

VM state:not at safepoint (normal execution)

VM Mutex/Monitor currently owned by a thread: None

heap address: 0x0000000080000000, size: 2048 MB, Compressed Oops mode: 32-bit
Narrow klass base: 0x0000000000000000, Narrow klass shift: 3
Compressed class space size: 1073741824 Address: 0x0000000100000000

Heap:
 PSYoungGen      total 291328K, used 192244K [0x00000000d5580000, 0x00000000e8f80000, 0x0000000100000000)
  eden space 267264K, 64% used [0x00000000d5580000,0x00000000dfd42328,0x00000000e5a80000)
  from space 24064K, 85% used [0x00000000e7480000,0x00000000e887b080,0x00000000e8c00000)
  to   space 26624K, 0% used [0x00000000e5a80000,0x00000000e5a80000,0x00000000e7480000)
 ParOldGen       total 99328K, used 37749K [0x0000000080000000, 0x0000000086100000, 0x00000000d5580000)
  object space 99328K, 38% used [0x0000000080000000,0x00000000824dd7d0,0x0000000086100000)
 Metaspace       used 78755K, capacity 82216K, committed 82456K, reserved 1120256K
  class space    used 10303K, capacity 10963K, committed 11056K, reserved 1048576K

Card table byte_map: [0x00000000118f0000,0x0000000011d00000] byte_map_base: 0x00000000114f0000

Marking Bits: (ParMarkBitMap*) 0x0000000057b7f030
 Begin Bits: [0x00000000123b0000, 0x00000000143b0000)
 End Bits:   [0x00000000143b0000, 0x00000000163b0000)

Polling page: 0x0000000000a20000

CodeCache: size=245760Kb used=30878Kb max_used=30894Kb free=214881Kb
 bounds [0x0000000002530000, 0x0000000004390000, 0x0000000011530000]
 total_blobs=10706 nmethods=9761 adapters=857
 compilation: enabled

Compilation events (10 events):
Event: 51.888 Thread 0x0000000017162000 11454       3       com.android.ide.common.resources.FileResourceNameValidator::getErrorTextForNameWithoutExtension (113 bytes)
Event: 51.917 Thread 0x0000000017162000 nmethod 11454 0x000000000438ac10 code [0x000000000438b0c0, 0x000000000438df28]
Event: 51.922 Thread 0x000000001715b000 11455       4       com.sun.org.apache.xerces.internal.util.XMLAttributesImpl::<init> (58 bytes)
Event: 51.946 Thread 0x000000001715b000 nmethod 11455 0x0000000004076f10 code [0x00000000040770a0, 0x0000000004077698]
Event: 51.996 Thread 0x0000000017158000 11456       4       com.sun.org.apache.xerces.internal.util.ParserConfigurationSettings::getProperty (20 bytes)
Event: 51.998 Thread 0x0000000017158000 nmethod 11456 0x0000000002fc6b90 code [0x0000000002fc6ce0, 0x0000000002fc6dc8]
Event: 52.013 Thread 0x0000000017162000 11457   !   3       com.android.ide.common.resources.configuration.NetworkCodeQualifier::checkAndSet (60 bytes)
Event: 52.014 Thread 0x0000000017162000 nmethod 11457 0x0000000003faa010 code [0x0000000003faa200, 0x0000000003faab58]
Event: 52.033 Thread 0x000000001715b000 11458       4       java.lang.String::split (326 bytes)
Event: 52.037 Thread 0x0000000017158000 11459       4       com.sun.org.apache.xerces.internal.impl.XMLNSDocumentScannerImpl::scanStartElement (1026 bytes)

GC Heap History (10 events):
Event: 6.437 GC heap before
{Heap before GC invocations=11 (full 2):
 PSYoungGen      total 206336K, used 192512K [0x00000000d5580000, 0x00000000e3580000, 0x0000000100000000)
  eden space 192512K, 100% used [0x00000000d5580000,0x00000000e1180000,0x00000000e1180000)
  from space 13824K, 0% used [0x00000000e1f00000,0x00000000e1f00000,0x00000000e2c80000)
  to   space 13824K, 0% used [0x00000000e1180000,0x00000000e1180000,0x00000000e1f00000)
 ParOldGen       total 59392K, used 15320K [0x0000000080000000, 0x0000000083a00000, 0x00000000d5580000)
  object space 59392K, 25% used [0x0000000080000000,0x0000000080ef6250,0x0000000083a00000)
 Metaspace       used 43720K, capacity 45566K, committed 45736K, reserved 1089536K
  class space    used 5910K, capacity 6315K, committed 6320K, reserved 1048576K
Event: 6.449 GC heap after
Heap after GC invocations=11 (full 2):
 PSYoungGen      total 206336K, used 12926K [0x00000000d5580000, 0x00000000e5c80000, 0x0000000100000000)
  eden space 192512K, 0% used [0x00000000d5580000,0x00000000d5580000,0x00000000e1180000)
  from space 13824K, 93% used [0x00000000e1180000,0x00000000e1e1fb08,0x00000000e1f00000)
  to   space 15872K, 0% used [0x00000000e4d00000,0x00000000e4d00000,0x00000000e5c80000)
 ParOldGen       total 59392K, used 15328K [0x0000000080000000, 0x0000000083a00000, 0x00000000d5580000)
  object space 59392K, 25% used [0x0000000080000000,0x0000000080ef8250,0x0000000083a00000)
 Metaspace       used 43720K, capacity 45566K, committed 45736K, reserved 1089536K
  class space    used 5910K, capacity 6315K, committed 6320K, reserved 1048576K
}
Event: 8.507 GC heap before
{Heap before GC invocations=12 (full 2):
 PSYoungGen      total 206336K, used 176861K [0x00000000d5580000, 0x00000000e5c80000, 0x0000000100000000)
  eden space 192512K, 85% used [0x00000000d5580000,0x00000000df597c80,0x00000000e1180000)
  from space 13824K, 93% used [0x00000000e1180000,0x00000000e1e1fb08,0x00000000e1f00000)
  to   space 15872K, 0% used [0x00000000e4d00000,0x00000000e4d00000,0x00000000e5c80000)
 ParOldGen       total 59392K, used 15328K [0x0000000080000000, 0x0000000083a00000, 0x00000000d5580000)
  object space 59392K, 25% used [0x0000000080000000,0x0000000080ef8250,0x0000000083a00000)
 Metaspace       used 56789K, capacity 59014K, committed 59160K, reserved 1099776K
  class space    used 7693K, capacity 8150K, committed 8240K, reserved 1048576K
Event: 8.534 GC heap after
Heap after GC invocations=12 (full 2):
 PSYoungGen      total 247808K, used 15868K [0x00000000d5580000, 0x00000000e6680000, 0x0000000100000000)
  eden space 231936K, 0% used [0x00000000d5580000,0x00000000d5580000,0x00000000e3800000)
  from space 15872K, 99% used [0x00000000e4d00000,0x00000000e5c7f320,0x00000000e5c80000)
  to   space 21504K, 0% used [0x00000000e3800000,0x00000000e3800000,0x00000000e4d00000)
 ParOldGen       total 59392K, used 24852K [0x0000000080000000, 0x0000000083a00000, 0x00000000d5580000)
  object space 59392K, 41% used [0x0000000080000000,0x00000000818451c0,0x0000000083a00000)
 Metaspace       used 56789K, capacity 59014K, committed 59160K, reserved 1099776K
  class space    used 7693K, capacity 8150K, committed 8240K, reserved 1048576K
}
Event: 8.534 GC heap before
{Heap before GC invocations=13 (full 3):
 PSYoungGen      total 247808K, used 15868K [0x00000000d5580000, 0x00000000e6680000, 0x0000000100000000)
  eden space 231936K, 0% used [0x00000000d5580000,0x00000000d5580000,0x00000000e3800000)
  from space 15872K, 99% used [0x00000000e4d00000,0x00000000e5c7f320,0x00000000e5c80000)
  to   space 21504K, 0% used [0x00000000e3800000,0x00000000e3800000,0x00000000e4d00000)
 ParOldGen       total 59392K, used 24852K [0x0000000080000000, 0x0000000083a00000, 0x00000000d5580000)
  object space 59392K, 41% used [0x0000000080000000,0x00000000818451c0,0x0000000083a00000)
 Metaspace       used 56789K, capacity 59014K, committed 59160K, reserved 1099776K
  class space    used 7693K, capacity 8150K, committed 8240K, reserved 1048576K
Event: 8.715 GC heap after
Heap after GC invocations=13 (full 3):
 PSYoungGen      total 247808K, used 0K [0x00000000d5580000, 0x00000000e6680000, 0x0000000100000000)
  eden space 231936K, 0% used [0x00000000d5580000,0x00000000d5580000,0x00000000e3800000)
  from space 15872K, 0% used [0x00000000e4d00000,0x00000000e4d00000,0x00000000e5c80000)
  to   space 21504K, 0% used [0x00000000e3800000,0x00000000e3800000,0x00000000e4d00000)
 ParOldGen       total 99328K, used 37733K [0x0000000080000000, 0x0000000086100000, 0x00000000d5580000)
  object space 99328K, 37% used [0x0000000080000000,0x00000000824d97d0,0x0000000086100000)
 Metaspace       used 56770K, capacity 58948K, committed 59160K, reserved 1099776K
  class space    used 7687K, capacity 8139K, committed 8240K, reserved 1048576K
}
Event: 22.566 GC heap before
{Heap before GC invocations=14 (full 3):
 PSYoungGen      total 247808K, used 231936K [0x00000000d5580000, 0x00000000e6680000, 0x0000000100000000)
  eden space 231936K, 100% used [0x00000000d5580000,0x00000000e3800000,0x00000000e3800000)
  from space 15872K, 0% used [0x00000000e4d00000,0x00000000e4d00000,0x00000000e5c80000)
  to   space 21504K, 0% used [0x00000000e3800000,0x00000000e3800000,0x00000000e4d00000)
 ParOldGen       total 99328K, used 37733K [0x0000000080000000, 0x0000000086100000, 0x00000000d5580000)
  object space 99328K, 37% used [0x0000000080000000,0x00000000824d97d0,0x0000000086100000)
 Metaspace       used 69104K, capacity 72142K, committed 72344K, reserved 1112064K
  class space    used 9299K, capacity 9902K, committed 9904K, reserved 1048576K
Event: 22.590 GC heap after
Heap after GC invocations=14 (full 3):
 PSYoungGen      total 253440K, used 19218K [0x00000000d5580000, 0x00000000e8c00000, 0x0000000100000000)
  eden space 231936K, 0% used [0x00000000d5580000,0x00000000d5580000,0x00000000e3800000)
  from space 21504K, 89% used [0x00000000e3800000,0x00000000e4ac4a58,0x00000000e4d00000)
  to   space 24064K, 0% used [0x00000000e7480000,0x00000000e7480000,0x00000000e8c00000)
 ParOldGen       total 99328K, used 37741K [0x0000000080000000, 0x0000000086100000, 0x00000000d5580000)
  object space 99328K, 37% used [0x0000000080000000,0x00000000824db7d0,0x0000000086100000)
 Metaspace       used 69104K, capacity 72142K, committed 72344K, reserved 1112064K
  class space    used 9299K, capacity 9902K, committed 9904K, reserved 1048576K
}
Event: 27.889 GC heap before
{Heap before GC invocations=15 (full 3):
 PSYoungGen      total 253440K, used 251154K [0x00000000d5580000, 0x00000000e8c00000, 0x0000000100000000)
  eden space 231936K, 100% used [0x00000000d5580000,0x00000000e3800000,0x00000000e3800000)
  from space 21504K, 89% used [0x00000000e3800000,0x00000000e4ac4a58,0x00000000e4d00000)
  to   space 24064K, 0% used [0x00000000e7480000,0x00000000e7480000,0x00000000e8c00000)
 ParOldGen       total 99328K, used 37741K [0x0000000080000000, 0x0000000086100000, 0x00000000d5580000)
  object space 99328K, 37% used [0x0000000080000000,0x00000000824db7d0,0x0000000086100000)
 Metaspace       used 76971K, capacity 80418K, committed 80792K, reserved 1120256K
  class space    used 10162K, capacity 10804K, committed 10928K, reserved 1048576K
Event: 27.933 GC heap after
Heap after GC invocations=15 (full 3):
 PSYoungGen      total 291328K, used 20460K [0x00000000d5580000, 0x00000000e8f80000, 0x0000000100000000)
  eden space 267264K, 0% used [0x00000000d5580000,0x00000000d5580000,0x00000000e5a80000)
  from space 24064K, 85% used [0x00000000e7480000,0x00000000e887b080,0x00000000e8c00000)
  to   space 26624K, 0% used [0x00000000e5a80000,0x00000000e5a80000,0x00000000e7480000)
 ParOldGen       total 99328K, used 37749K [0x0000000080000000, 0x0000000086100000, 0x00000000d5580000)
  object space 99328K, 38% used [0x0000000080000000,0x00000000824dd7d0,0x0000000086100000)
 Metaspace       used 76971K, capacity 80418K, committed 80792K, reserved 1120256K
  class space    used 10162K, capacity 10804K, committed 10928K, reserved 1048576K
}

Deoptimization events (10 events):
Event: 48.288 Thread 0x000000001acac800 Uncommon trap: reason=class_check action=maybe_recompile pc=0x0000000003cce000 method=com.sun.org.apache.xerces.internal.impl.XMLDocumentFragmentScannerImpl.setProperty(Ljava/lang/String;Ljava/lang/Object;)V @ 73
Event: 48.288 Thread 0x000000001acac800 Uncommon trap: reason=class_check action=maybe_recompile pc=0x0000000003d1d2ec method=com.sun.org.apache.xerces.internal.impl.XMLEntityManager.setProperty(Ljava/lang/String;Ljava/lang/Object;)V @ 102
Event: 48.783 Thread 0x000000001dd8a800 Uncommon trap: reason=class_check action=maybe_recompile pc=0x0000000003cce000 method=com.sun.org.apache.xerces.internal.impl.XMLDocumentFragmentScannerImpl.setProperty(Ljava/lang/String;Ljava/lang/Object;)V @ 73
Event: 48.783 Thread 0x000000001dd8a800 Uncommon trap: reason=class_check action=maybe_recompile pc=0x0000000003d1d2ec method=com.sun.org.apache.xerces.internal.impl.XMLEntityManager.setProperty(Ljava/lang/String;Ljava/lang/Object;)V @ 102
Event: 49.215 Thread 0x0000000020104000 Uncommon trap: reason=unstable_if action=reinterpret pc=0x0000000003a06850 method=java.util.concurrent.ConcurrentLinkedQueue.offer(Ljava/lang/Object;)Z @ 40
Event: 49.222 Thread 0x0000000020108800 Uncommon trap: reason=unstable_if action=reinterpret pc=0x000000000413ded0 method=org.gradle.internal.snapshot.VfsRelativePath.lengthOfCommonPrefix(Ljava/lang/String;Lorg/gradle/internal/snapshot/CaseSensitivity;)I @ 165
Event: 49.252 Thread 0x0000000020108000 Uncommon trap: reason=unstable_if action=reinterpret pc=0x0000000003ae4bd0 method=java.util.concurrent.ConcurrentLinkedQueue.offer(Ljava/lang/Object;)Z @ 40
Event: 49.865 Thread 0x0000000020103800 Uncommon trap: reason=unstable_if action=reinterpret pc=0x0000000004057354 method=java.util.concurrent.ConcurrentLinkedQueue.poll()Ljava/lang/Object; @ 25
Event: 50.018 Thread 0x0000000020104000 Uncommon trap: reason=unstable_if action=reinterpret pc=0x00000000026535b0 method=java.util.concurrent.ConcurrentLinkedQueue.poll()Ljava/lang/Object; @ 25
Event: 50.681 Thread 0x000000001dd8a800 Uncommon trap: reason=null_check action=make_not_entrant pc=0x0000000004319468 method=com.sun.org.apache.xerces.internal.dom.NamedNodeMapImpl.findNamePoint(Ljava/lang/String;Ljava/lang/String;)I @ 76

Classes redefined (0 events):
No events

Internal exceptions (10 events):
Event: 28.860 Thread 0x000000001915c800 Exception <a 'java/lang/NoSuchMethodError': <clinit>> (0x00000000d7f66178) thrown at [C:\src\AOSP-openjdk-git\hotspot\src\share\vm\prims\jni.cpp, line 1615]
Event: 28.865 Thread 0x000000001915c800 Exception <a 'java/lang/NoSuchMethodError': <clinit>> (0x00000000d7f76298) thrown at [C:\src\AOSP-openjdk-git\hotspot\src\share\vm\prims\jni.cpp, line 1615]
Event: 28.869 Thread 0x000000001915c800 Exception <a 'java/lang/NoSuchMethodError': <clinit>> (0x00000000d7f81648) thrown at [C:\src\AOSP-openjdk-git\hotspot\src\share\vm\prims\jni.cpp, line 1615]
Event: 28.877 Thread 0x000000001915c800 Exception <a 'java/lang/NoSuchMethodError': <clinit>> (0x00000000d7f943f8) thrown at [C:\src\AOSP-openjdk-git\hotspot\src\share\vm\prims\jni.cpp, line 1615]
Event: 28.884 Thread 0x000000001915c800 Exception <a 'java/lang/NoSuchMethodError': <clinit>> (0x00000000d7fadc80) thrown at [C:\src\AOSP-openjdk-git\hotspot\src\share\vm\prims\jni.cpp, line 1615]
Event: 28.885 Thread 0x000000001915c800 Exception <a 'java/lang/NoSuchMethodError': <clinit>> (0x00000000d7fbe910) thrown at [C:\src\AOSP-openjdk-git\hotspot\src\share\vm\prims\jni.cpp, line 1615]
Event: 47.457 Thread 0x000000001b05f800 Implicit null exception at 0x00000000041453cb to 0x000000000414557e
Event: 47.620 Thread 0x000000001acac800 Exception <a 'sun/nio/fs/WindowsException'> (0x00000000d8d8af00) thrown at [C:\src\AOSP-openjdk-git\hotspot\src\share\vm\prims\jni.cpp, line 710]
Event: 48.239 Thread 0x000000001acac800 Exception <a 'sun/nio/fs/WindowsException'> (0x00000000db8321f0) thrown at [C:\src\AOSP-openjdk-git\hotspot\src\share\vm\prims\jni.cpp, line 710]
Event: 50.675 Thread 0x000000001dd8a800 Implicit null exception at 0x00000000043188e2 to 0x0000000004319449

Events (10 events):
Event: 51.718 Thread 0x0000000017162000 flushing nmethod 0x0000000003497350
Event: 51.725 Thread 0x0000000017162000 flushing nmethod 0x00000000035b8ad0
Event: 51.726 Thread 0x0000000017162000 flushing nmethod 0x00000000035f7250
Event: 51.734 Thread 0x0000000017162000 flushing nmethod 0x00000000036f9950
Event: 51.868 Thread 0x0000000017162000 flushing nmethod 0x0000000003faa010
Event: 51.870 Thread 0x0000000017162000 flushing nmethod 0x0000000003fb9d90
Event: 51.870 Thread 0x0000000017162000 flushing nmethod 0x0000000003fbf9d0
Event: 51.874 Thread 0x0000000017162000 flushing nmethod 0x0000000004076cd0
Event: 51.875 Thread 0x0000000017162000 flushing nmethod 0x000000000408d6d0
Event: 51.875 Thread 0x0000000017162000 flushing nmethod 0x000000000408e850


Dynamic libraries:
0x00007ff754af0000 - 0x00007ff754b21000 	C:\Program Files\Android\Android Studio\jre\bin\java.exe
0x00007ff9070e0000 - 0x00007ff9072d0000 	C:\WINDOWS\SYSTEM32\ntdll.dll
0x00007ff906740000 - 0x00007ff9067f2000 	C:\WINDOWS\System32\KERNEL32.DLL
0x00007ff904e60000 - 0x00007ff905105000 	C:\WINDOWS\System32\KERNELBASE.dll
0x00007ff906ff0000 - 0x00007ff907093000 	C:\WINDOWS\System32\ADVAPI32.dll
0x00007ff906d80000 - 0x00007ff906e1e000 	C:\WINDOWS\System32\msvcrt.dll
0x00007ff906810000 - 0x00007ff9068a7000 	C:\WINDOWS\System32\sechost.dll
0x00007ff9068c0000 - 0x00007ff9069e0000 	C:\WINDOWS\System32\RPCRT4.dll
0x00007ff905200000 - 0x00007ff905394000 	C:\WINDOWS\System32\USER32.dll
0x00007ff904050000 - 0x00007ff904071000 	C:\WINDOWS\System32\win32u.dll
0x00007ff906550000 - 0x00007ff906576000 	C:\WINDOWS\System32\GDI32.dll
0x00007ff9044e0000 - 0x00007ff904676000 	C:\WINDOWS\System32\gdi32full.dll
0x00007ff9043b0000 - 0x00007ff90444e000 	C:\WINDOWS\System32\msvcp_win.dll
0x00007ff904080000 - 0x00007ff90417a000 	C:\WINDOWS\System32\ucrtbase.dll
0x00007ff8f2100000 - 0x00007ff8f2384000 	C:\WINDOWS\WinSxS\amd64_microsoft.windows.common-controls_6595b64144ccf1df_6.0.18362.1256_none_9e7e379be45e40e2\COMCTL32.dll
0x00007ff905420000 - 0x00007ff905756000 	C:\WINDOWS\System32\combase.dll
0x00007ff904450000 - 0x00007ff9044d1000 	C:\WINDOWS\System32\bcryptPrimitives.dll
0x00007ff906d50000 - 0x00007ff906d7e000 	C:\WINDOWS\System32\IMM32.DLL
0x0000000056940000 - 0x0000000056a12000 	C:\Program Files\Android\Android Studio\jre\jre\bin\msvcr100.dll
0x00000000573b0000 - 0x0000000057bfb000 	C:\Program Files\Android\Android Studio\jre\jre\bin\server\jvm.dll
0x00007ff9068b0000 - 0x00007ff9068b8000 	C:\WINDOWS\System32\PSAPI.DLL
0x00007ff902b30000 - 0x00007ff902b39000 	C:\WINDOWS\SYSTEM32\WSOCK32.dll
0x00007ff902a70000 - 0x00007ff902a7a000 	C:\WINDOWS\SYSTEM32\VERSION.dll
0x00007ff8f29f0000 - 0x00007ff8f2a14000 	C:\WINDOWS\SYSTEM32\WINMM.dll
0x00007ff9069e0000 - 0x00007ff906a4f000 	C:\WINDOWS\System32\WS2_32.dll
0x00007ff8f7b80000 - 0x00007ff8f7bad000 	C:\WINDOWS\SYSTEM32\winmmbase.dll
0x00007ff904680000 - 0x00007ff9046ca000 	C:\WINDOWS\System32\cfgmgr32.dll
0x00007ff902af0000 - 0x00007ff902aff000 	C:\Program Files\Android\Android Studio\jre\jre\bin\verify.dll
0x00007ff8fad90000 - 0x00007ff8fadb9000 	C:\Program Files\Android\Android Studio\jre\jre\bin\java.dll
0x00007ff8ffc10000 - 0x00007ff8ffc26000 	C:\Program Files\Android\Android Studio\jre\jre\bin\zip.dll
0x00007ff905d90000 - 0x00007ff906477000 	C:\WINDOWS\System32\SHELL32.dll
0x00007ff905760000 - 0x00007ff905809000 	C:\WINDOWS\System32\shcore.dll
0x00007ff9046d0000 - 0x00007ff904e51000 	C:\WINDOWS\System32\windows.storage.dll
0x00007ff903f90000 - 0x00007ff903fb3000 	C:\WINDOWS\System32\profapi.dll
0x00007ff903fe0000 - 0x00007ff90402a000 	C:\WINDOWS\System32\powrprof.dll
0x00007ff903f80000 - 0x00007ff903f90000 	C:\WINDOWS\System32\UMPDC.dll
0x00007ff905d30000 - 0x00007ff905d82000 	C:\WINDOWS\System32\shlwapi.dll
0x00007ff903fc0000 - 0x00007ff903fd1000 	C:\WINDOWS\System32\kernel.appcore.dll
0x00007ff905170000 - 0x00007ff905187000 	C:\WINDOWS\System32\cryptsp.dll
0x00007ff8fad70000 - 0x00007ff8fad8a000 	C:\Program Files\Android\Android Studio\jre\jre\bin\net.dll
0x00007ff9037d0000 - 0x00007ff903837000 	C:\WINDOWS\system32\mswsock.dll
0x00007ff8fac30000 - 0x00007ff8fac43000 	C:\Program Files\Android\Android Studio\jre\jre\bin\nio.dll
0x00007ff8f5150000 - 0x00007ff8f5177000 	C:\Users\User\.gradle\native\f6784746aeab05261644944871eae4fe03e0ef1612fff0a4a95f87b438bc6780\windows-amd64\native-platform.dll
0x00007ff8feab0000 - 0x00007ff8feabd000 	C:\Program Files\Android\Android Studio\jre\jre\bin\management.dll
0x00007ff903340000 - 0x00007ff903373000 	C:\WINDOWS\system32\rsaenh.dll
0x00007ff904380000 - 0x00007ff9043a6000 	C:\WINDOWS\System32\bcrypt.dll
0x00007ff903ea0000 - 0x00007ff903ec5000 	C:\WINDOWS\SYSTEM32\USERENV.dll
0x00007ff9039a0000 - 0x00007ff9039ac000 	C:\WINDOWS\SYSTEM32\CRYPTBASE.dll
0x00007ff9034e0000 - 0x00007ff90351a000 	C:\WINDOWS\SYSTEM32\IPHLPAPI.DLL
0x00007ff906800000 - 0x00007ff906808000 	C:\WINDOWS\System32\NSI.dll
0x00007ff8fbee0000 - 0x00007ff8fbef6000 	C:\WINDOWS\SYSTEM32\dhcpcsvc6.DLL
0x00007ff8fcf50000 - 0x00007ff8fcf6c000 	C:\WINDOWS\SYSTEM32\dhcpcsvc.DLL
0x00007ff903530000 - 0x00007ff9035fb000 	C:\WINDOWS\SYSTEM32\DNSAPI.dll
0x00007ff8fd4b0000 - 0x00007ff8fd4bb000 	C:\WINDOWS\SYSTEM32\WINNSI.DLL
0x00007ff8d8410000 - 0x00007ff8d85ac000 	C:\Program Files\Android\Android Studio\jre\jre\bin\awt.dll
0x00007ff906c80000 - 0x00007ff906d45000 	C:\WINDOWS\System32\OLEAUT32.dll
0x00007ff901fe0000 - 0x00007ff90200d000 	C:\WINDOWS\SYSTEM32\dwmapi.dll
0x00007ff8ffd60000 - 0x00007ff900320000 	C:\WINDOWS\SYSTEM32\d2d1.dll
0x00007ff9011f0000 - 0x00007ff90127f000 	C:\WINDOWS\SYSTEM32\apphelp.dll
0x00007ff901790000 - 0x00007ff901829000 	C:\WINDOWS\system32\uxtheme.dll

VM Arguments:
jvm_args: -Xmx2048m -Dfile.encoding=UTF-8 -Duser.country=ID -Duser.language=en -Duser.variant 
java_command: org.gradle.launcher.daemon.bootstrap.GradleDaemon 6.5
java_class_path (initial): C:\Users\User\.gradle\wrapper\dists\gradle-6.5-all\2oz4ud9k3tuxjg84bbf55q0tn\gradle-6.5\lib\gradle-launcher-6.5.jar
Launcher Type: SUN_STANDARD

Environment Variables:
PATH=C:\Windows\System32\; C:Windows\xampp1\php;C:\xampp1\php;C:\composer;C:\Program Files\nodejs\;C:\Users\User\AppData\Local\Microsoft\WindowsApps;C:\Users\User\AppData\Local\GitHubDesktop\bin;C:\Users\User\AppData\Roaming\Composer\vendor\bin;C:\Users\User\AppData\Roaming\npm
USERNAME=User
OS=Windows_NT
PROCESSOR_IDENTIFIER=Intel64 Family 6 Model 126 Stepping 5, GenuineIntel



---------------  S Y S T E M  ---------------

OS: Windows 10.0 , 64 bit Build 18362 (10.0.18362.1110)

CPU:total 4 (initial active 4) (2 cores per cpu, 2 threads per core) family 6 model 126 stepping 5, cmov, cx8, fxsr, mmx, sse, sse2, sse3, ssse3, sse4.1, sse4.2, popcnt, avx, avx2, aes, clmul, erms, 3dnowpref, lzcnt, ht, tsc, tscinvbit, bmi1, bmi2, adx

Memory: 4k page, physical 3955896k(75740k free), swap 8150200k(0k free)

vm_info: OpenJDK 64-Bit Server VM (25.242-b01) for windows-amd64 JRE (1.8.0_242-release-1644-b01), built by "builder" with MS VC++ 10.0 (VS2010)

time: Sat Dec 12 22:57:00 2020
timezone: SE Asia Standard Time
elapsed time: 52 seconds (0d 0h 0m 52s)

