#
# There is insufficient memory for the Java Runtime Environment to continue.
# Native memory allocation (malloc) failed to allocate 571216 bytes for Chunk::new
# Possible reasons:
#   The system is out of physical RAM or swap space
#   The process is running with CompressedOops enabled, and the Java Heap may be blocking the growth of the native heap
# Possible solutions:
#   Reduce memory load on the system
#   Increase physical memory or swap space
#   Check if swap backing store is full
#   Decrease Java heap size (-Xmx/-Xms)
#   Decrease number of Java threads
#   Decrease Java thread stack sizes (-Xss)
#   Set larger code cache with -XX:ReservedCodeCacheSize=
#   JVM is running with Unscaled Compressed Oops mode in which the Java heap is
#     placed in the first 4GB address space. The Java Heap base address is the
#     maximum limit for the native heap growth. Please use -XX:HeapBaseMinAddress
#     to set the Java Heap base and to place the Java Heap above 4GB virtual address.
# This output file may be truncated or incomplete.
#
#  Out of Memory Error (allocation.cpp:389), pid=11820, tid=0x00000000000014e8
#
# JRE version: OpenJDK Runtime Environment (8.0_242-b01) (build 1.8.0_242-release-1644-b01)
# Java VM: OpenJDK 64-Bit Server VM (25.242-b01 mixed mode windows-amd64 compressed oops)
# Failed to write core dump. Minidumps are not enabled by default on client versions of Windows
#

---------------  T H R E A D  ---------------

Current thread (0x00000000175fa000):  JavaThread "C2 CompilerThread1" daemon [_thread_in_native, id=5352, stack(0x0000000018d40000,0x0000000018e40000)]

Stack: [0x0000000018d40000,0x0000000018e40000]
[error occurred during error reporting (printing stack bounds), id 0xc0000005]

Native frames: (J=compiled Java code, j=interpreted, Vv=VM code, C=native code)


Current CompileTask:
C2:  13098 7668   !   4       com.sun.org.apache.xerces.internal.impl.XMLDocumentFragmentScannerImpl$FragmentContentDriver::next (2346 bytes)


---------------  P R O C E S S  ---------------

Java Threads: ( => current thread )
  0x0000000019c37000 JavaThread "Cache worker for execution history cache (D:\mobile\LalisaShop\.gradle\6.5\executionHistory)" [_thread_blocked, id=4620, stack(0x000000002b5c0000,0x000000002b6c0000)]
  0x0000000019c32800 JavaThread "Execution worker for ':' Thread 3" [_thread_in_native, id=2872, stack(0x000000002b4c0000,0x000000002b5c0000)]
  0x0000000019c38000 JavaThread "Execution worker for ':' Thread 2" [_thread_blocked, id=5736, stack(0x000000002b3c0000,0x000000002b4c0000)]
  0x0000000019c36800 JavaThread "Execution worker for ':'" [_thread_blocked, id=8464, stack(0x000000002ae50000,0x000000002af50000)]
  0x0000000019c39800 JavaThread "Cache worker for file content cache (D:\mobile\LalisaShop\.gradle\6.5\fileContent)" [_thread_blocked, id=2016, stack(0x000000002ad50000,0x000000002ae50000)]
  0x0000000019c2f000 JavaThread "Memory manager" [_thread_blocked, id=2360, stack(0x000000002a010000,0x000000002a110000)]
  0x0000000019c2f800 JavaThread "pool-1-thread-1" [_thread_blocked, id=6192, stack(0x0000000029b10000,0x0000000029c10000)]
  0x0000000019c32000 JavaThread "Cache worker for Build Output Cleanup Cache (D:\mobile\LalisaShop\.gradle\buildOutputCleanup)" [_thread_blocked, id=10024, stack(0x0000000029810000,0x0000000029910000)]
  0x0000000019c35800 JavaThread "jar transforms Thread 113" [_thread_blocked, id=5584, stack(0x0000000029410000,0x0000000029510000)]
  0x0000000019c2e000 JavaThread "jar transforms Thread 112" [_thread_blocked, id=9128, stack(0x0000000029310000,0x0000000029410000)]
  0x0000000019c30800 JavaThread "jar transforms Thread 111" [_thread_blocked, id=11080, stack(0x0000000029210000,0x0000000029310000)]
  0x0000000019c35000 JavaThread "jar transforms Thread 110" [_thread_blocked, id=3952, stack(0x0000000029110000,0x0000000029210000)]
  0x0000000019c31000 JavaThread "jar transforms Thread 109" [_thread_blocked, id=11960, stack(0x0000000029010000,0x0000000029110000)]
  0x000000001edb4000 JavaThread "jar transforms Thread 108" [_thread_blocked, id=4184, stack(0x0000000028f10000,0x0000000029010000)]
  0x000000001edb7000 JavaThread "jar transforms Thread 107" [_thread_blocked, id=10388, stack(0x0000000028e10000,0x0000000028f10000)]
  0x000000001edb6800 JavaThread "jar transforms Thread 106" [_thread_blocked, id=8672, stack(0x0000000028d10000,0x0000000028e10000)]
  0x000000001edb3800 JavaThread "jar transforms Thread 105" [_thread_blocked, id=7964, stack(0x0000000028c10000,0x0000000028d10000)]
  0x000000001edb5800 JavaThread "jar transforms Thread 104" [_thread_blocked, id=1224, stack(0x0000000028b10000,0x0000000028c10000)]
  0x000000001edb2800 JavaThread "jar transforms Thread 103" [_thread_blocked, id=2168, stack(0x0000000028a10000,0x0000000028b10000)]
  0x000000001edb5000 JavaThread "jar transforms Thread 102" [_thread_blocked, id=2544, stack(0x0000000028910000,0x0000000028a10000)]
  0x000000001edab000 JavaThread "jar transforms Thread 101" [_thread_blocked, id=3008, stack(0x0000000028810000,0x0000000028910000)]
  0x000000001edac000 JavaThread "jar transforms Thread 100" [_thread_blocked, id=1716, stack(0x0000000028710000,0x0000000028810000)]
  0x000000001edb2000 JavaThread "jar transforms Thread 99" [_thread_blocked, id=8180, stack(0x0000000028610000,0x0000000028710000)]
  0x000000001edb1000 JavaThread "jar transforms Thread 98" [_thread_blocked, id=5892, stack(0x0000000028510000,0x0000000028610000)]
  0x000000001eda9800 JavaThread "jar transforms Thread 97" [_thread_blocked, id=7916, stack(0x0000000028410000,0x0000000028510000)]
  0x000000001edb0800 JavaThread "jar transforms Thread 96" [_thread_blocked, id=8816, stack(0x0000000028310000,0x0000000028410000)]
  0x000000001edaa800 JavaThread "jar transforms Thread 95" [_thread_blocked, id=11860, stack(0x0000000028210000,0x0000000028310000)]
  0x000000001edaf800 JavaThread "jar transforms Thread 94" [_thread_blocked, id=10400, stack(0x0000000028110000,0x0000000028210000)]
  0x000000001eda8800 JavaThread "jar transforms Thread 93" [_thread_blocked, id=12100, stack(0x0000000028010000,0x0000000028110000)]
  0x000000001edac800 JavaThread "jar transforms Thread 92" [_thread_blocked, id=1868, stack(0x0000000027f10000,0x0000000028010000)]
  0x000000001edad800 JavaThread "jar transforms Thread 91" [_thread_blocked, id=768, stack(0x0000000027e10000,0x0000000027f10000)]
  0x000000001eda8000 JavaThread "jar transforms Thread 90" [_thread_blocked, id=10676, stack(0x0000000027d10000,0x0000000027e10000)]
  0x000000001edae000 JavaThread "jar transforms Thread 89" [_thread_blocked, id=7084, stack(0x0000000027c10000,0x0000000027d10000)]
  0x000000001edaf000 JavaThread "jar transforms Thread 88" [_thread_blocked, id=10044, stack(0x0000000027b10000,0x0000000027c10000)]
  0x0000000019f2e800 JavaThread "jar transforms Thread 87" [_thread_blocked, id=8840, stack(0x0000000027a10000,0x0000000027b10000)]
  0x0000000019f33000 JavaThread "jar transforms Thread 86" [_thread_blocked, id=6876, stack(0x0000000027910000,0x0000000027a10000)]
  0x0000000019f2d800 JavaThread "jar transforms Thread 85" [_thread_blocked, id=6272, stack(0x0000000027810000,0x0000000027910000)]
  0x0000000019f32000 JavaThread "jar transforms Thread 84" [_thread_blocked, id=11724, stack(0x0000000027710000,0x0000000027810000)]
  0x0000000019f2f000 JavaThread "jar transforms Thread 83" [_thread_blocked, id=5228, stack(0x0000000027610000,0x0000000027710000)]
  0x0000000019f33800 JavaThread "jar transforms Thread 82" [_thread_blocked, id=11884, stack(0x0000000027510000,0x0000000027610000)]
  0x0000000019f30800 JavaThread "jar transforms Thread 81" [_thread_blocked, id=6480, stack(0x0000000027410000,0x0000000027510000)]
  0x0000000019f30000 JavaThread "jar transforms Thread 80" [_thread_blocked, id=12076, stack(0x0000000027310000,0x0000000027410000)]
  0x0000000019f31800 JavaThread "jar transforms Thread 79" [_thread_blocked, id=5208, stack(0x0000000027210000,0x0000000027310000)]
  0x0000000019f26000 JavaThread "jar transforms Thread 78" [_thread_blocked, id=10660, stack(0x0000000027110000,0x0000000027210000)]
  0x0000000019f2d000 JavaThread "jar transforms Thread 77" [_thread_blocked, id=7892, stack(0x0000000027010000,0x0000000027110000)]
  0x0000000019f2c000 JavaThread "jar transforms Thread 76" [_thread_blocked, id=8280, stack(0x0000000026f10000,0x0000000027010000)]
  0x0000000019f29000 JavaThread "jar transforms Thread 75" [_thread_blocked, id=1448, stack(0x0000000026e10000,0x0000000026f10000)]
  0x0000000019f2b800 JavaThread "jar transforms Thread 74" [_thread_blocked, id=11232, stack(0x0000000026d10000,0x0000000026e10000)]
  0x0000000019f24800 JavaThread "jar transforms Thread 73" [_thread_blocked, id=10696, stack(0x0000000026c10000,0x0000000026d10000)]
  0x0000000019f27800 JavaThread "jar transforms Thread 72" [_thread_blocked, id=10360, stack(0x0000000026b10000,0x0000000026c10000)]
  0x0000000019f28800 JavaThread "jar transforms Thread 71" [_thread_blocked, id=9040, stack(0x0000000026a10000,0x0000000026b10000)]
  0x0000000019f27000 JavaThread "jar transforms Thread 70" [_thread_blocked, id=2624, stack(0x0000000026910000,0x0000000026a10000)]
  0x0000000019f25800 JavaThread "jar transforms Thread 69" [_thread_blocked, id=3868, stack(0x0000000026810000,0x0000000026910000)]
  0x0000000019f2a800 JavaThread "jar transforms Thread 68" [_thread_blocked, id=3728, stack(0x0000000026710000,0x0000000026810000)]
  0x0000000019f2a000 JavaThread "jar transforms Thread 67" [_thread_blocked, id=11324, stack(0x0000000026610000,0x0000000026710000)]
  0x000000001ba47800 JavaThread "jar transforms Thread 66" [_thread_blocked, id=4148, stack(0x0000000026510000,0x0000000026610000)]
  0x000000001ba46800 JavaThread "jar transforms Thread 65" [_thread_blocked, id=10804, stack(0x0000000026410000,0x0000000026510000)]
  0x000000001ba46000 JavaThread "jar transforms Thread 64" [_thread_blocked, id=8252, stack(0x0000000026310000,0x0000000026410000)]
  0x000000001ba48000 JavaThread "jar transforms Thread 63" [_thread_blocked, id=10264, stack(0x0000000026210000,0x0000000026310000)]
  0x000000001ba43000 JavaThread "jar transforms Thread 62" [_thread_blocked, id=8780, stack(0x0000000026110000,0x0000000026210000)]
  0x000000001ba45000 JavaThread "jar transforms Thread 61" [_thread_blocked, id=3528, stack(0x0000000026010000,0x0000000026110000)]
  0x000000001ba49800 JavaThread "jar transforms Thread 60" [_thread_blocked, id=9296, stack(0x0000000025f10000,0x0000000026010000)]
  0x000000001ba42000 JavaThread "jar transforms Thread 59" [_thread_blocked, id=11936, stack(0x0000000025e10000,0x0000000025f10000)]
  0x000000001ba49000 JavaThread "jar transforms Thread 58" [_thread_blocked, id=8428, stack(0x0000000025d10000,0x0000000025e10000)]
  0x000000001ba43800 JavaThread "jar transforms Thread 57" [_thread_blocked, id=1328, stack(0x0000000025c10000,0x0000000025d10000)]
  0x000000001ba44800 JavaThread "jar transforms Thread 56" [_thread_blocked, id=2344, stack(0x0000000025b10000,0x0000000025c10000)]
  0x000000001ba3a800 JavaThread "jar transforms Thread 55" [_thread_blocked, id=10260, stack(0x0000000025a10000,0x0000000025b10000)]
  0x000000001ba40800 JavaThread "jar transforms Thread 54" [_thread_blocked, id=3140, stack(0x0000000025910000,0x0000000025a10000)]
  0x000000001ba40000 JavaThread "jar transforms Thread 53" [_thread_blocked, id=10904, stack(0x0000000025810000,0x0000000025910000)]
  0x000000001ba3d000 JavaThread "jar transforms Thread 52" [_thread_blocked, id=7052, stack(0x0000000025710000,0x0000000025810000)]
  0x000000001ba41800 JavaThread "jar transforms Thread 51" [_thread_blocked, id=11400, stack(0x0000000025610000,0x0000000025710000)]
  0x000000001ba3f000 JavaThread "jar transforms Thread 50" [_thread_blocked, id=9200, stack(0x0000000025510000,0x0000000025610000)]
  0x000000001ba3c000 JavaThread "jar transforms Thread 49" [_thread_blocked, id=10224, stack(0x0000000025410000,0x0000000025510000)]
  0x000000001ba3e800 JavaThread "jar transforms Thread 48" [_thread_blocked, id=10992, stack(0x0000000025310000,0x0000000025410000)]
  0x000000001ba3b800 JavaThread "jar transforms Thread 47" [_thread_blocked, id=9536, stack(0x0000000025210000,0x0000000025310000)]
  0x000000001ba3d800 JavaThread "jar transforms Thread 46" [_thread_blocked, id=5812, stack(0x0000000025110000,0x0000000025210000)]
  0x000000001de65000 JavaThread "jar transforms Thread 45" [_thread_blocked, id=9364, stack(0x0000000025010000,0x0000000025110000)]
  0x000000001de63800 JavaThread "jar transforms Thread 44" [_thread_blocked, id=9004, stack(0x0000000024f10000,0x0000000025010000)]
  0x000000001de62800 JavaThread "jar transforms Thread 43" [_thread_blocked, id=4444, stack(0x0000000024e10000,0x0000000024f10000)]
  0x000000001de62000 JavaThread "jar transforms Thread 42" [_thread_blocked, id=5956, stack(0x0000000024d10000,0x0000000024e10000)]
  0x000000001de64000 JavaThread "jar transforms Thread 41" [_thread_blocked, id=5156, stack(0x0000000024c10000,0x0000000024d10000)]
  0x000000001de60800 JavaThread "jar transforms Thread 40" [_thread_blocked, id=8352, stack(0x0000000024b10000,0x0000000024c10000)]
  0x000000001de61000 JavaThread "jar transforms Thread 39" [_thread_blocked, id=9504, stack(0x0000000024a10000,0x0000000024b10000)]
  0x000000001de5f800 JavaThread "jar transforms Thread 38" [_thread_blocked, id=11968, stack(0x0000000024910000,0x0000000024a10000)]
  0x000000001de5f000 JavaThread "jar transforms Thread 37" [_thread_blocked, id=8096, stack(0x0000000024810000,0x0000000024910000)]
  0x000000001de57800 JavaThread "jar transforms Thread 36" [_thread_blocked, id=8548, stack(0x0000000024710000,0x0000000024810000)]
  0x000000001de5e000 JavaThread "jar transforms Thread 35" [_thread_blocked, id=9900, stack(0x0000000024610000,0x0000000024710000)]
  0x000000001de59000 JavaThread "jar transforms Thread 34" [_thread_blocked, id=11776, stack(0x0000000024510000,0x0000000024610000)]
  0x000000001de5a800 JavaThread "jar transforms Thread 33" [_thread_blocked, id=1692, stack(0x0000000024410000,0x0000000024510000)]
  0x000000001de5d800 JavaThread "jar transforms Thread 32" [_thread_blocked, id=10316, stack(0x0000000024310000,0x0000000024410000)]
  0x000000001de56000 JavaThread "jar transforms Thread 31" [_thread_blocked, id=11000, stack(0x0000000024210000,0x0000000024310000)]
  0x000000001de58000 JavaThread "jar transforms Thread 30" [_thread_blocked, id=10820, stack(0x0000000024110000,0x0000000024210000)]
  0x000000001de59800 JavaThread "jar transforms Thread 29" [_thread_blocked, id=7516, stack(0x0000000024010000,0x0000000024110000)]
  0x000000001de5c800 JavaThread "jar transforms Thread 28" [_thread_blocked, id=3832, stack(0x0000000023f10000,0x0000000024010000)]
  0x000000001de56800 JavaThread "jar transforms Thread 27" [_thread_blocked, id=4040, stack(0x0000000023e10000,0x0000000023f10000)]
  0x000000001de5c000 JavaThread "jar transforms Thread 26" [_thread_blocked, id=6112, stack(0x0000000023d10000,0x0000000023e10000)]
  0x000000001de5b000 JavaThread "jar transforms Thread 25" [_thread_blocked, id=5592, stack(0x0000000023c10000,0x0000000023d10000)]
  0x000000001fcf8800 JavaThread "jar transforms Thread 24" [_thread_blocked, id=872, stack(0x0000000023b10000,0x0000000023c10000)]
  0x000000001fcfe000 JavaThread "jar transforms Thread 23" [_thread_blocked, id=11168, stack(0x0000000023a10000,0x0000000023b10000)]
  0x000000001fcfd000 JavaThread "jar transforms Thread 22" [_thread_blocked, id=7224, stack(0x0000000023910000,0x0000000023a10000)]
  0x000000001fcfc800 JavaThread "jar transforms Thread 21" [_thread_blocked, id=2320, stack(0x0000000023810000,0x0000000023910000)]
  0x000000001fcfb800 JavaThread "jar transforms Thread 20" [_thread_blocked, id=6200, stack(0x0000000023710000,0x0000000023810000)]
  0x000000001fcff800 JavaThread "jar transforms Thread 19" [_thread_blocked, id=5964, stack(0x0000000023610000,0x0000000023710000)]
  0x000000001fcfb000 JavaThread "jar transforms Thread 18" [_thread_blocked, id=10068, stack(0x0000000023510000,0x0000000023610000)]
  0x000000001fcfa000 JavaThread "jar transforms Thread 17" [_thread_blocked, id=1128, stack(0x0000000023410000,0x0000000023510000)]
  0x000000001fcfe800 JavaThread "jar transforms Thread 16" [_thread_blocked, id=9012, stack(0x0000000023310000,0x0000000023410000)]
  0x000000001fcf9800 JavaThread "jar transforms Thread 15" [_thread_blocked, id=11696, stack(0x0000000023210000,0x0000000023310000)]
  0x000000001fcf1000 JavaThread "jar transforms Thread 14" [_thread_blocked, id=1256, stack(0x0000000023110000,0x0000000023210000)]
  0x000000001fcf6800 JavaThread "jar transforms Thread 13" [_thread_blocked, id=9972, stack(0x0000000023010000,0x0000000023110000)]
  0x000000001fcf2000 JavaThread "jar transforms Thread 12" [_thread_blocked, id=6944, stack(0x0000000022e10000,0x0000000022f10000)]
  0x000000001fcf3800 JavaThread "jar transforms Thread 11" [_thread_blocked, id=10344, stack(0x0000000022d10000,0x0000000022e10000)]
  0x000000001fcf8000 JavaThread "jar transforms Thread 10" [_thread_blocked, id=10880, stack(0x0000000022c10000,0x0000000022d10000)]
  0x000000001fcf0800 JavaThread "jar transforms Thread 9" [_thread_blocked, id=9572, stack(0x0000000022b10000,0x0000000022c10000)]
  0x000000001fcf5000 JavaThread "jar transforms Thread 8" [_thread_blocked, id=2500, stack(0x0000000022a10000,0x0000000022b10000)]
  0x000000001fcf7000 JavaThread "jar transforms Thread 7" [_thread_blocked, id=10444, stack(0x0000000022910000,0x0000000022a10000)]
  0x000000001fcf2800 JavaThread "jar transforms Thread 6" [_thread_blocked, id=9344, stack(0x0000000022810000,0x0000000022910000)]
  0x000000001fcf5800 JavaThread "jar transforms Thread 5" [_thread_blocked, id=6884, stack(0x0000000022710000,0x0000000022810000)]
  0x000000001fcf4000 JavaThread "jar transforms Thread 4" [_thread_blocked, id=11880, stack(0x0000000022610000,0x0000000022710000)]
  0x000000001989f800 JavaThread "jar transforms Thread 3" [_thread_blocked, id=3152, stack(0x0000000022510000,0x0000000022610000)]
  0x000000001989e000 JavaThread "jar transforms Thread 2" [_thread_blocked, id=7636, stack(0x0000000022410000,0x0000000022510000)]
  0x000000001989c800 JavaThread "Build operations Thread 4" [_thread_blocked, id=5132, stack(0x0000000022310000,0x0000000022410000)]
  0x000000001989b800 JavaThread "Build operations Thread 3" [_thread_blocked, id=12036, stack(0x0000000022210000,0x0000000022310000)]
  0x000000001989e800 JavaThread "Build operations Thread 2" [_thread_blocked, id=3568, stack(0x0000000022110000,0x0000000022210000)]
  0x000000001989b000 JavaThread "Build operations" [_thread_blocked, id=10488, stack(0x0000000022010000,0x0000000022110000)]
  0x000000001b226800 JavaThread "Cache worker for file content cache (C:\Users\User\.gradle\caches\6.5\fileContent)" [_thread_blocked, id=8296, stack(0x0000000021910000,0x0000000021a10000)]
  0x000000001b22c000 JavaThread "jar transforms" [_thread_blocked, id=7928, stack(0x0000000021810000,0x0000000021910000)]
  0x000000001b22d800 JavaThread "Cache worker for execution history cache (C:\Users\User\.gradle\caches\6.5\executionHistory)" [_thread_blocked, id=5192, stack(0x0000000020e70000,0x0000000020f70000)]
  0x000000001b22b000 JavaThread "Cache worker for cache directory md-rule (C:\Users\User\.gradle\caches\6.5\md-rule)" [_thread_blocked, id=1420, stack(0x0000000020d70000,0x0000000020e70000)]
  0x000000001b22a800 JavaThread "Cache worker for cache directory md-supplier (C:\Users\User\.gradle\caches\6.5\md-supplier)" [_thread_blocked, id=6812, stack(0x0000000020c70000,0x0000000020d70000)]
  0x000000001b229800 JavaThread "Cache worker for checksums cache (D:\mobile\LalisaShop\.gradle\checksums)" [_thread_blocked, id=4232, stack(0x000000001fb00000,0x000000001fc00000)]
  0x000000001b229000 JavaThread "Cache worker for file hash cache (D:\mobile\LalisaShop\.gradle\6.5\fileHashes)" [_thread_blocked, id=3700, stack(0x000000001f800000,0x000000001f900000)]
  0x000000001b22c800 JavaThread "Cache worker for file hash cache (C:\Users\User\.gradle\caches\6.5\fileHashes)" [_thread_blocked, id=7020, stack(0x000000001d560000,0x000000001d660000)]
  0x000000001b228000 JavaThread "File lock request listener" [_thread_in_native, id=5076, stack(0x000000001d460000,0x000000001d560000)]
  0x000000001b283800 JavaThread "Cache worker for journal cache (C:\Users\User\.gradle\caches\journal-1)" [_thread_blocked, id=9436, stack(0x000000001d360000,0x000000001d460000)]
  0x000000001b178800 JavaThread "Thread-9" [_thread_blocked, id=11152, stack(0x000000001d060000,0x000000001d160000)]
  0x000000001b175000 JavaThread "Stdin handler" [_thread_blocked, id=11416, stack(0x000000001cf60000,0x000000001d060000)]
  0x000000001b170800 JavaThread "Asynchronous log dispatcher for DefaultDaemonConnection: socket connection from /127.0.0.1:54399 to /127.0.0.1:54400" [_thread_blocked, id=7184, stack(0x000000001ce60000,0x000000001cf60000)]
  0x000000001b190000 JavaThread "Daemon worker" [_thread_blocked, id=9196, stack(0x000000001cd60000,0x000000001ce60000)]
  0x000000001b18f800 JavaThread "Cancel handler" [_thread_blocked, id=32, stack(0x000000001cc60000,0x000000001cd60000)]
  0x000000001b168800 JavaThread "Handler for socket connection from /127.0.0.1:54399 to /127.0.0.1:54400" [_thread_in_native, id=8920, stack(0x000000001c960000,0x000000001ca60000)]
  0x000000001b165800 JavaThread "Daemon" [_thread_blocked, id=8924, stack(0x000000001c860000,0x000000001c960000)]
  0x000000001b0d0000 JavaThread "Daemon periodic checks" [_thread_blocked, id=12240, stack(0x000000001c760000,0x000000001c860000)]
  0x000000001b0cf000 JavaThread "Incoming local TCP Connector on port 54399" [_thread_in_native, id=3556, stack(0x000000001c520000,0x000000001c620000)]
  0x000000001b05b800 JavaThread "Daemon health stats" [_thread_blocked, id=352, stack(0x000000001bee0000,0x000000001bfe0000)]
  0x0000000018f68800 JavaThread "Service Thread" daemon [_thread_blocked, id=10724, stack(0x0000000019340000,0x0000000019440000)]
  0x00000000175ff000 JavaThread "C1 CompilerThread2" daemon [_thread_blocked, id=3964, stack(0x0000000018e40000,0x0000000018f40000)]
=>0x00000000175fa000 JavaThread "C2 CompilerThread1" daemon [_thread_in_native, id=5352, stack(0x0000000018d40000,0x0000000018e40000)]
  0x00000000175f7800 JavaThread "C2 CompilerThread0" daemon [_thread_in_native, id=10716, stack(0x0000000018c40000,0x0000000018d40000)]
  0x00000000175f5800 JavaThread "Attach Listener" daemon [_thread_blocked, id=7784, stack(0x0000000018b40000,0x0000000018c40000)]
  0x00000000175f1800 JavaThread "Signal Dispatcher" daemon [_thread_blocked, id=5368, stack(0x0000000018a40000,0x0000000018b40000)]
  0x00000000029cb800 JavaThread "Finalizer" daemon [_thread_blocked, id=4152, stack(0x0000000018840000,0x0000000018940000)]
  0x00000000175d9000 JavaThread "Reference Handler" daemon [_thread_blocked, id=12016, stack(0x0000000018740000,0x0000000018840000)]
  0x0000000000f9d800 JavaThread "main" [_thread_blocked, id=4076, stack(0x00000000027d0000,0x00000000028d0000)]

Other Threads:
  0x00000000175b6000 VMThread [stack: 0x0000000018640000,0x0000000018740000] [id=12176]
  0x0000000018f69000 WatcherThread [stack: 0x0000000019440000,0x0000000019540000] [id=4524]

VM state:not at safepoint (normal execution)

VM Mutex/Monitor currently owned by a thread: None

heap address: 0x0000000080000000, size: 2048 MB, Compressed Oops mode: 32-bit
Narrow klass base: 0x0000000000000000, Narrow klass shift: 3
Compressed class space size: 1073741824 Address: 0x0000000100000000

Heap:
 PSYoungGen      total 224256K, used 26973K [0x00000000d5580000, 0x00000000e6d00000, 0x0000000100000000)
  eden space 203264K, 3% used [0x00000000d5580000,0x00000000d5ba3200,0x00000000e1c00000)
  from space 20992K, 98% used [0x00000000e1c00000,0x00000000e3034270,0x00000000e3080000)
  to   space 24576K, 0% used [0x00000000e5500000,0x00000000e5500000,0x00000000e6d00000)
 ParOldGen       total 95744K, used 38484K [0x0000000080000000, 0x0000000085d80000, 0x00000000d5580000)
  object space 95744K, 40% used [0x0000000080000000,0x00000000825951c0,0x0000000085d80000)
 Metaspace       used 66582K, capacity 69444K, committed 69656K, reserved 1110016K
  class space    used 9119K, capacity 9677K, committed 9776K, reserved 1048576K

Card table byte_map: [0x0000000011d90000,0x00000000121a0000] byte_map_base: 0x0000000011990000

Marking Bits: (ParMarkBitMap*) 0x000000005315f030
 Begin Bits: [0x0000000012850000, 0x0000000014850000)
 End Bits:   [0x0000000014850000, 0x0000000016850000)

Polling page: 0x0000000000ee0000

CodeCache: size=245760Kb used=21291Kb max_used=21302Kb free=224468Kb
 bounds [0x00000000029d0000, 0x0000000003ec0000, 0x00000000119d0000]
 total_blobs=7585 nmethods=6794 adapters=703
 compilation: enabled

Compilation events (10 events):
Event: 13.096 Thread 0x00000000175ff000 nmethod 7762 0x000000000394b310 code [0x000000000394b480, 0x000000000394b690]
Event: 13.096 Thread 0x00000000175ff000 7763       1       com.sun.org.apache.xerces.internal.impl.XMLEntityScanner::getCurrentEntity (5 bytes)
Event: 13.096 Thread 0x00000000175ff000 nmethod 7763 0x000000000394b050 code [0x000000000394b1a0, 0x000000000394b2b0]
Event: 13.096 Thread 0x00000000175ff000 7764       1       com.sun.xml.internal.stream.Entity$ScannedEntity::isEncodingExternallySpecified (5 bytes)
Event: 13.096 Thread 0x00000000175ff000 nmethod 7764 0x0000000003eac0d0 code [0x0000000003eac220, 0x0000000003eac330]
Event: 13.096 Thread 0x00000000175ff000 7765       1       com.sun.org.apache.xerces.internal.impl.dtd.XMLDTDValidator::getDocumentSource (5 bytes)
Event: 13.096 Thread 0x00000000175ff000 nmethod 7765 0x0000000003eabe10 code [0x0000000003eabf60, 0x0000000003eac070]
Event: 13.096 Thread 0x00000000175ff000 7766       1       com.sun.org.apache.xerces.internal.impl.dtd.XMLDTDValidator::getDocumentHandler (5 bytes)
Event: 13.096 Thread 0x00000000175ff000 nmethod 7766 0x0000000003eabb50 code [0x0000000003eabca0, 0x0000000003eabdb0]
Event: 13.096 Thread 0x00000000175f7800 7767       4       com.sun.org.apache.xerces.internal.impl.XMLDocumentFragmentScannerImpl::getString (76 bytes)

GC Heap History (10 events):
Event: 5.272 GC heap before
{Heap before GC invocations=12 (full 2):
 PSYoungGen      total 182784K, used 8772K [0x00000000d5580000, 0x00000000e1500000, 0x0000000100000000)
  eden space 170496K, 0% used [0x00000000d5580000,0x00000000d5580000,0x00000000dfc00000)
  from space 12288K, 71% used [0x00000000e0900000,0x00000000e11911f0,0x00000000e1500000)
  to   space 12800K, 0% used [0x00000000dfc00000,0x00000000dfc00000,0x00000000e0880000)
 ParOldGen       total 34304K, used 13841K [0x0000000080000000, 0x0000000082180000, 0x00000000d5580000)
  object space 34304K, 40% used [0x0000000080000000,0x0000000080d84470,0x0000000082180000)
 Metaspace       used 34273K, capacity 35412K, committed 35496K, reserved 1079296K
  class space    used 4718K, capacity 5001K, committed 5040K, reserved 1048576K
Event: 5.365 GC heap after
Heap after GC invocations=12 (full 2):
 PSYoungGen      total 182784K, used 0K [0x00000000d5580000, 0x00000000e1500000, 0x0000000100000000)
  eden space 170496K, 0% used [0x00000000d5580000,0x00000000d5580000,0x00000000dfc00000)
  from space 12288K, 0% used [0x00000000e0900000,0x00000000e0900000,0x00000000e1500000)
  to   space 12800K, 0% used [0x00000000dfc00000,0x00000000dfc00000,0x00000000e0880000)
 ParOldGen       total 54272K, used 15186K [0x0000000080000000, 0x0000000083500000, 0x00000000d5580000)
  object space 54272K, 27% used [0x0000000080000000,0x0000000080ed4830,0x0000000083500000)
 Metaspace       used 34273K, capacity 35412K, committed 35496K, reserved 1079296K
  class space    used 4718K, capacity 5001K, committed 5040K, reserved 1048576K
}
Event: 6.935 GC heap before
{Heap before GC invocations=13 (full 2):
 PSYoungGen      total 182784K, used 170496K [0x00000000d5580000, 0x00000000e1500000, 0x0000000100000000)
  eden space 170496K, 100% used [0x00000000d5580000,0x00000000dfc00000,0x00000000dfc00000)
  from space 12288K, 0% used [0x00000000e0900000,0x00000000e0900000,0x00000000e1500000)
  to   space 12800K, 0% used [0x00000000dfc00000,0x00000000dfc00000,0x00000000e0880000)
 ParOldGen       total 54272K, used 15186K [0x0000000080000000, 0x0000000083500000, 0x00000000d5580000)
  object space 54272K, 27% used [0x0000000080000000,0x0000000080ed4830,0x0000000083500000)
 Metaspace       used 43115K, capacity 44968K, committed 45224K, reserved 1087488K
  class space    used 5852K, capacity 6208K, committed 6320K, reserved 1048576K
Event: 6.950 GC heap after
Heap after GC invocations=13 (full 2):
 PSYoungGen      total 183296K, used 12318K [0x00000000d5580000, 0x00000000e3f00000, 0x0000000100000000)
  eden space 170496K, 0% used [0x00000000d5580000,0x00000000d5580000,0x00000000dfc00000)
  from space 12800K, 96% used [0x00000000dfc00000,0x00000000e08078c0,0x00000000e0880000)
  to   space 14848K, 0% used [0x00000000e3080000,0x00000000e3080000,0x00000000e3f00000)
 ParOldGen       total 54272K, used 15194K [0x0000000080000000, 0x0000000083500000, 0x00000000d5580000)
  object space 54272K, 27% used [0x0000000080000000,0x0000000080ed6830,0x0000000083500000)
 Metaspace       used 43115K, capacity 44968K, committed 45224K, reserved 1087488K
  class space    used 5852K, capacity 6208K, committed 6320K, reserved 1048576K
}
Event: 9.148 GC heap before
{Heap before GC invocations=14 (full 2):
 PSYoungGen      total 183296K, used 179920K [0x00000000d5580000, 0x00000000e3f00000, 0x0000000100000000)
  eden space 170496K, 98% used [0x00000000d5580000,0x00000000df92c8b0,0x00000000dfc00000)
  from space 12800K, 96% used [0x00000000dfc00000,0x00000000e08078c0,0x00000000e0880000)
  to   space 14848K, 0% used [0x00000000e3080000,0x00000000e3080000,0x00000000e3f00000)
 ParOldGen       total 54272K, used 15194K [0x0000000080000000, 0x0000000083500000, 0x00000000d5580000)
  object space 54272K, 27% used [0x0000000080000000,0x0000000080ed6830,0x0000000083500000)
 Metaspace       used 56804K, capacity 59014K, committed 59160K, reserved 1099776K
  class space    used 7687K, capacity 8150K, committed 8240K, reserved 1048576K
Event: 9.186 GC heap after
Heap after GC invocations=14 (full 2):
 PSYoungGen      total 218112K, used 14844K [0x00000000d5580000, 0x00000000e4a80000, 0x0000000100000000)
  eden space 203264K, 0% used [0x00000000d5580000,0x00000000d5580000,0x00000000e1c00000)
  from space 14848K, 99% used [0x00000000e3080000,0x00000000e3eff330,0x00000000e3f00000)
  to   space 20992K, 0% used [0x00000000e1c00000,0x00000000e1c00000,0x00000000e3080000)
 ParOldGen       total 54272K, used 26513K [0x0000000080000000, 0x0000000083500000, 0x00000000d5580000)
  object space 54272K, 48% used [0x0000000080000000,0x00000000819e4618,0x0000000083500000)
 Metaspace       used 56804K, capacity 59014K, committed 59160K, reserved 1099776K
  class space    used 7687K, capacity 8150K, committed 8240K, reserved 1048576K
}
Event: 9.186 GC heap before
{Heap before GC invocations=15 (full 3):
 PSYoungGen      total 218112K, used 14844K [0x00000000d5580000, 0x00000000e4a80000, 0x0000000100000000)
  eden space 203264K, 0% used [0x00000000d5580000,0x00000000d5580000,0x00000000e1c00000)
  from space 14848K, 99% used [0x00000000e3080000,0x00000000e3eff330,0x00000000e3f00000)
  to   space 20992K, 0% used [0x00000000e1c00000,0x00000000e1c00000,0x00000000e3080000)
 ParOldGen       total 54272K, used 26513K [0x0000000080000000, 0x0000000083500000, 0x00000000d5580000)
  object space 54272K, 48% used [0x0000000080000000,0x00000000819e4618,0x0000000083500000)
 Metaspace       used 56804K, capacity 59014K, committed 59160K, reserved 1099776K
  class space    used 7687K, capacity 8150K, committed 8240K, reserved 1048576K
Event: 9.425 GC heap after
Heap after GC invocations=15 (full 3):
 PSYoungGen      total 218112K, used 0K [0x00000000d5580000, 0x00000000e4a80000, 0x0000000100000000)
  eden space 203264K, 0% used [0x00000000d5580000,0x00000000d5580000,0x00000000e1c00000)
  from space 14848K, 0% used [0x00000000e3080000,0x00000000e3080000,0x00000000e3f00000)
  to   space 20992K, 0% used [0x00000000e1c00000,0x00000000e1c00000,0x00000000e3080000)
 ParOldGen       total 95744K, used 38476K [0x0000000080000000, 0x0000000085d80000, 0x00000000d5580000)
  object space 95744K, 40% used [0x0000000080000000,0x00000000825931c0,0x0000000085d80000)
 Metaspace       used 56784K, capacity 58948K, committed 59160K, reserved 1099776K
  class space    used 7681K, capacity 8139K, committed 8240K, reserved 1048576K
}
Event: 12.929 GC heap before
{Heap before GC invocations=16 (full 3):
 PSYoungGen      total 218112K, used 203264K [0x00000000d5580000, 0x00000000e4a80000, 0x0000000100000000)
  eden space 203264K, 100% used [0x00000000d5580000,0x00000000e1c00000,0x00000000e1c00000)
  from space 14848K, 0% used [0x00000000e3080000,0x00000000e3080000,0x00000000e3f00000)
  to   space 20992K, 0% used [0x00000000e1c00000,0x00000000e1c00000,0x00000000e3080000)
 ParOldGen       total 95744K, used 38476K [0x0000000080000000, 0x0000000085d80000, 0x00000000d5580000)
  object space 95744K, 40% used [0x0000000080000000,0x00000000825931c0,0x0000000085d80000)
 Metaspace       used 66562K, capacity 69444K, committed 69656K, reserved 1110016K
  class space    used 9119K, capacity 9677K, committed 9776K, reserved 1048576K
Event: 12.954 GC heap after
Heap after GC invocations=16 (full 3):
 PSYoungGen      total 224256K, used 20688K [0x00000000d5580000, 0x00000000e6d00000, 0x0000000100000000)
  eden space 203264K, 0% used [0x00000000d5580000,0x00000000d5580000,0x00000000e1c00000)
  from space 20992K, 98% used [0x00000000e1c00000,0x00000000e3034270,0x00000000e3080000)
  to   space 24576K, 0% used [0x00000000e5500000,0x00000000e5500000,0x00000000e6d00000)
 ParOldGen       total 95744K, used 38484K [0x0000000080000000, 0x0000000085d80000, 0x00000000d5580000)
  object space 95744K, 40% used [0x0000000080000000,0x00000000825951c0,0x0000000085d80000)
 Metaspace       used 66562K, capacity 69444K, committed 69656K, reserved 1110016K
  class space    used 9119K, capacity 9677K, committed 9776K, reserved 1048576K
}

Deoptimization events (10 events):
Event: 11.677 Thread 0x000000001b22d800 Uncommon trap: reason=unstable_if action=reinterpret pc=0x0000000003cdb77c method=com.esotericsoftware.kryo.io.Input.readVarInt(Z)I @ 42
Event: 11.735 Thread 0x000000001989b000 Uncommon trap: reason=unstable_if action=reinterpret pc=0x0000000003146dd4 method=org.gradle.internal.time.MonotonicClock.advance(J)J @ 25
Event: 12.124 Thread 0x000000001b190000 Uncommon trap: reason=array_check action=maybe_recompile pc=0x0000000002b58a30 method=java.util.AbstractCollection.toArray([Ljava/lang/Object;)[Ljava/lang/Object; @ 119
Event: 12.127 Thread 0x000000001989b000 Uncommon trap: reason=array_check action=maybe_recompile pc=0x0000000002b58a30 method=java.util.AbstractCollection.toArray([Ljava/lang/Object;)[Ljava/lang/Object; @ 119
Event: 12.129 Thread 0x000000001989b800 Uncommon trap: reason=array_check action=maybe_recompile pc=0x0000000002b58a30 method=java.util.AbstractCollection.toArray([Ljava/lang/Object;)[Ljava/lang/Object; @ 119
Event: 12.129 Thread 0x000000001989e800 Uncommon trap: reason=array_check action=maybe_recompile pc=0x0000000002b58a30 method=java.util.AbstractCollection.toArray([Ljava/lang/Object;)[Ljava/lang/Object; @ 119
Event: 12.623 Thread 0x0000000019c32800 Uncommon trap: reason=unstable_if action=reinterpret pc=0x0000000002c7dfbc method=sun.nio.cs.UTF_8$Decoder.decode([BII[C)I @ 30
Event: 12.623 Thread 0x0000000019c32800 Uncommon trap: reason=unstable_if action=reinterpret pc=0x0000000002e8e680 method=java.lang.StringCoding.safeTrim([CILjava/nio/charset/Charset;Z)[C @ 3
Event: 12.641 Thread 0x0000000019c32800 Uncommon trap: reason=unstable_if action=reinterpret pc=0x000000000314e0f4 method=java.lang.StringCoding.safeTrim([CILjava/nio/charset/Charset;Z)[C @ 3
Event: 12.675 Thread 0x0000000019c32800 Uncommon trap: reason=unstable_if action=reinterpret pc=0x0000000002f102e8 method=java.lang.StringCoding.safeTrim([CILjava/nio/charset/Charset;Z)[C @ 3

Classes redefined (0 events):
No events

Internal exceptions (10 events):
Event: 11.513 Thread 0x000000001989e800 Exception <a 'java/lang/NoSuchMethodError': java.lang.Object.lambda$flatMap$1(Ljava/util/function/Function;Lorg/gradle/internal/Try;)Lorg/gradle/api/internal/artifacts/transform/CacheableInvocation;> (0x00000000dcf02700) thrown at [C:\src\AOSP-openjdk-git
Event: 11.513 Thread 0x000000001989b000 Exception <a 'java/lang/NoSuchMethodError': java.lang.Object.lambda$flatMap$1(Ljava/util/function/Function;Lorg/gradle/internal/Try;)Lorg/gradle/api/internal/artifacts/transform/CacheableInvocation;> (0x00000000dcf46e70) thrown at [C:\src\AOSP-openjdk-git
Event: 11.514 Thread 0x000000001989e800 Exception <a 'java/lang/NoSuchMethodError': java.lang.Object.lambda$flatMap$4(Ljava/util/function/Function;)Lorg/gradle/api/internal/artifacts/transform/CacheableInvocation;> (0x00000000dcf06b30) thrown at [C:\src\AOSP-openjdk-git\hotspot\src\share\vm\int
Event: 11.514 Thread 0x000000001b190000 Exception <a 'java/lang/NoSuchMethodError': java.lang.Object.lambda$flatMap$4(Ljava/util/function/Function;)Lorg/gradle/api/internal/artifacts/transform/CacheableInvocation;> (0x00000000dcd322a8) thrown at [C:\src\AOSP-openjdk-git\hotspot\src\share\vm\int
Event: 11.514 Thread 0x000000001989e800 Exception <a 'java/lang/NoSuchMethodError': java.lang.Object.lambda$flatMap$3(Ljava/util/function/Function;)Lorg/gradle/internal/Try;> (0x00000000dcf0b9f0) thrown at [C:\src\AOSP-openjdk-git\hotspot\src\share\vm\interpreter\linkResolver.cpp, line 620]
Event: 11.514 Thread 0x000000001b190000 Exception <a 'java/lang/NoSuchMethodError': java.lang.Object.lambda$flatMap$3(Ljava/util/function/Function;)Lorg/gradle/internal/Try;> (0x00000000dcd367e0) thrown at [C:\src\AOSP-openjdk-git\hotspot\src\share\vm\interpreter\linkResolver.cpp, line 620]
Event: 11.574 Thread 0x000000001989b800 Exception <a 'java/lang/NoSuchMethodError': java.lang.Object.lambda$flatMap$2(Ljava/util/function/Function;Ljava/lang/Object;)Lorg/gradle/internal/Try;> (0x00000000dd405a48) thrown at [C:\src\AOSP-openjdk-git\hotspot\src\share\vm\interpreter\linkResolver.
Event: 11.574 Thread 0x000000001989e800 Exception <a 'java/lang/NoSuchMethodError': java.lang.Object.lambda$flatMap$2(Ljava/util/function/Function;Ljava/lang/Object;)Lorg/gradle/internal/Try;> (0x00000000dd25c590) thrown at [C:\src\AOSP-openjdk-git\hotspot\src\share\vm\interpreter\linkResolver.
Event: 11.574 Thread 0x000000001989b000 Exception <a 'java/lang/NoSuchMethodError': java.lang.Object.lambda$flatMap$2(Ljava/util/function/Function;Ljava/lang/Object;)Lorg/gradle/internal/Try;> (0x00000000dd387e58) thrown at [C:\src\AOSP-openjdk-git\hotspot\src\share\vm\interpreter\linkResolver.
Event: 12.251 Thread 0x0000000019c32800 Exception <a 'java/lang/NoSuchMethodError': java.lang.Object.lambda$flatMap$0(Ljava/lang/Throwable;)Lorg/gradle/api/internal/artifacts/transform/CacheableInvocation;> (0x00000000df3541b8) thrown at [C:\src\AOSP-openjdk-git\hotspot\src\share\vm\interpreter

Events (10 events):
Event: 12.988 Thread 0x00000000175f7800 flushing nmethod 0x00000000035ea790
Event: 12.988 Thread 0x00000000175f7800 flushing nmethod 0x00000000035eddd0
Event: 12.989 Thread 0x00000000175ff000 flushing nmethod 0x0000000003711f50
Event: 12.990 Thread 0x00000000175ff000 flushing nmethod 0x000000000387d6d0
Event: 12.990 Thread 0x00000000175ff000 flushing nmethod 0x000000000394ae10
Event: 13.002 Thread 0x00000000175ff000 flushing nmethod 0x0000000003bba350
Event: 13.002 Thread 0x00000000175ff000 flushing nmethod 0x0000000003bbae90
Event: 13.008 Thread 0x00000000175ff000 flushing nmethod 0x0000000003c65e90
Event: 13.008 Thread 0x00000000175ff000 flushing nmethod 0x0000000003cc3410
Event: 13.008 Thread 0x00000000175ff000 flushing nmethod 0x0000000003cc3d90


Dynamic libraries:
0x00007ff6bae20000 - 0x00007ff6bae51000 	C:\Program Files\Android\Android Studio\jre\bin\java.exe
0x00007ffa18f40000 - 0x00007ffa19130000 	C:\WINDOWS\SYSTEM32\ntdll.dll
0x00007ffa18a20000 - 0x00007ffa18ad2000 	C:\WINDOWS\System32\KERNEL32.DLL
0x00007ffa16200000 - 0x00007ffa164a5000 	C:\WINDOWS\System32\KERNELBASE.dll
0x00007ffa17150000 - 0x00007ffa171f3000 	C:\WINDOWS\System32\ADVAPI32.dll
0x00007ffa180c0000 - 0x00007ffa1815e000 	C:\WINDOWS\System32\msvcrt.dll
0x00007ffa17f50000 - 0x00007ffa17fe7000 	C:\WINDOWS\System32\sechost.dll
0x00007ffa18580000 - 0x00007ffa186a0000 	C:\WINDOWS\System32\RPCRT4.dll
0x00007ffa186c0000 - 0x00007ffa18854000 	C:\WINDOWS\System32\USER32.dll
0x00007ffa16830000 - 0x00007ffa16851000 	C:\WINDOWS\System32\win32u.dll
0x00007ffa17120000 - 0x00007ffa17146000 	C:\WINDOWS\System32\GDI32.dll
0x00007ffa16060000 - 0x00007ffa161f6000 	C:\WINDOWS\System32\gdi32full.dll
0x00007ffa164b0000 - 0x00007ffa1654e000 	C:\WINDOWS\System32\msvcp_win.dll
0x00007ffa15f10000 - 0x00007ffa1600a000 	C:\WINDOWS\System32\ucrtbase.dll
0x00007ffa02bc0000 - 0x00007ffa02e44000 	C:\WINDOWS\WinSxS\amd64_microsoft.windows.common-controls_6595b64144ccf1df_6.0.18362.1198_none_9e820b57e45ad92f\COMCTL32.dll
0x00007ffa18bc0000 - 0x00007ffa18ef5000 	C:\WINDOWS\System32\combase.dll
0x00007ffa16600000 - 0x00007ffa16680000 	C:\WINDOWS\System32\bcryptPrimitives.dll
0x00007ffa18910000 - 0x00007ffa1893e000 	C:\WINDOWS\System32\IMM32.DLL
0x0000000051e40000 - 0x0000000051f12000 	C:\Program Files\Android\Android Studio\jre\jre\bin\msvcr100.dll
0x0000000052990000 - 0x00000000531db000 	C:\Program Files\Android\Android Studio\jre\jre\bin\server\jvm.dll
0x00007ffa17060000 - 0x00007ffa17068000 	C:\WINDOWS\System32\PSAPI.DLL
0x00007ffa119d0000 - 0x00007ffa119f4000 	C:\WINDOWS\SYSTEM32\WINMM.dll
0x00007ffa0f930000 - 0x00007ffa0f93a000 	C:\WINDOWS\SYSTEM32\VERSION.dll
0x00007ffa0e1c0000 - 0x00007ffa0e1c9000 	C:\WINDOWS\SYSTEM32\WSOCK32.dll
0x00007ffa18300000 - 0x00007ffa1836f000 	C:\WINDOWS\System32\WS2_32.dll
0x00007ffa119a0000 - 0x00007ffa119cd000 	C:\WINDOWS\SYSTEM32\winmmbase.dll
0x00007ffa16010000 - 0x00007ffa1605a000 	C:\WINDOWS\System32\cfgmgr32.dll
0x00007ffa0e150000 - 0x00007ffa0e15f000 	C:\Program Files\Android\Android Studio\jre\jre\bin\verify.dll
0x00007ff9ec010000 - 0x00007ff9ec039000 	C:\Program Files\Android\Android Studio\jre\jre\bin\java.dll
0x00007ff9eb500000 - 0x00007ff9eb516000 	C:\Program Files\Android\Android Studio\jre\jre\bin\zip.dll
0x00007ffa17280000 - 0x00007ffa17967000 	C:\WINDOWS\System32\SHELL32.dll
0x00007ffa18860000 - 0x00007ffa18909000 	C:\WINDOWS\System32\shcore.dll
0x00007ffa16860000 - 0x00007ffa16fe1000 	C:\WINDOWS\System32\windows.storage.dll
0x00007ffa15e50000 - 0x00007ffa15e73000 	C:\WINDOWS\System32\profapi.dll
0x00007ffa15e00000 - 0x00007ffa15e4a000 	C:\WINDOWS\System32\powrprof.dll
0x00007ffa15df0000 - 0x00007ffa15e00000 	C:\WINDOWS\System32\UMPDC.dll
0x00007ffa18940000 - 0x00007ffa18992000 	C:\WINDOWS\System32\shlwapi.dll
0x00007ffa15ea0000 - 0x00007ffa15eb1000 	C:\WINDOWS\System32\kernel.appcore.dll
0x00007ffa15ef0000 - 0x00007ffa15f07000 	C:\WINDOWS\System32\cryptsp.dll
0x00007ff9ea910000 - 0x00007ff9ea92a000 	C:\Program Files\Android\Android Studio\jre\jre\bin\net.dll
0x00007ffa15640000 - 0x00007ffa156a7000 	C:\WINDOWS\system32\mswsock.dll
0x00007ff9e99e0000 - 0x00007ff9e99f3000 	C:\Program Files\Android\Android Studio\jre\jre\bin\nio.dll
0x00007ff9ec3f0000 - 0x00007ff9ec417000 	C:\Users\User\.gradle\native\f6784746aeab05261644944871eae4fe03e0ef1612fff0a4a95f87b438bc6780\windows-amd64\native-platform.dll
0x00007ffa0e0c0000 - 0x00007ffa0e0cd000 	C:\Program Files\Android\Android Studio\jre\jre\bin\management.dll
0x00007ffa151b0000 - 0x00007ffa151e3000 	C:\WINDOWS\system32\rsaenh.dll
0x00007ffa15ec0000 - 0x00007ffa15ee6000 	C:\WINDOWS\System32\bcrypt.dll
0x00007ffa15d10000 - 0x00007ffa15d35000 	C:\WINDOWS\SYSTEM32\USERENV.dll
0x00007ffa15810000 - 0x00007ffa1581c000 	C:\WINDOWS\SYSTEM32\CRYPTBASE.dll
0x00007ffa15350000 - 0x00007ffa1538a000 	C:\WINDOWS\SYSTEM32\IPHLPAPI.DLL
0x00007ffa18ae0000 - 0x00007ffa18ae8000 	C:\WINDOWS\System32\NSI.dll
0x00007ffa0cd60000 - 0x00007ffa0cd76000 	C:\WINDOWS\SYSTEM32\dhcpcsvc6.DLL
0x00007ffa0d660000 - 0x00007ffa0d67c000 	C:\WINDOWS\SYSTEM32\dhcpcsvc.DLL
0x00007ffa15390000 - 0x00007ffa1545b000 	C:\WINDOWS\SYSTEM32\DNSAPI.dll
0x00007ffa0e370000 - 0x00007ffa0e37b000 	C:\WINDOWS\SYSTEM32\WINNSI.DLL

VM Arguments:
jvm_args: -Xmx2048m -Dfile.encoding=UTF-8 -Duser.country=ID -Duser.language=en -Duser.variant 
java_command: org.gradle.launcher.daemon.bootstrap.GradleDaemon 6.5
java_class_path (initial): C:\Users\User\.gradle\wrapper\dists\gradle-6.5-all\2oz4ud9k3tuxjg84bbf55q0tn\gradle-6.5\lib\gradle-launcher-6.5.jar
Launcher Type: SUN_STANDARD

Environment Variables:
PATH=C:\Windows\System32\; C:Windows\xampp1\php;C:\xampp1\php;C:\composer;C:\Program Files\nodejs\;C:\Users\User\AppData\Local\Microsoft\WindowsApps;C:\Users\User\AppData\Local\GitHubDesktop\bin;C:\Users\User\AppData\Roaming\Composer\vendor\bin;C:\Users\User\AppData\Roaming\npm
USERNAME=User
OS=Windows_NT
PROCESSOR_IDENTIFIER=Intel64 Family 6 Model 126 Stepping 5, GenuineIntel



---------------  S Y S T E M  ---------------

OS: Windows 10.0 , 64 bit Build 18362 (10.0.18362.1110)

CPU:total 4 (initial active 4) (2 cores per cpu, 2 threads per core) family 6 model 126 stepping 5, cmov, cx8, fxsr, mmx, sse, sse2, sse3, ssse3, sse4.1, sse4.2, popcnt, avx, avx2, aes, clmul, erms, 3dnowpref, lzcnt, ht, tsc, tscinvbit, bmi1, bmi2, adx

Memory: 4k page, physical 3955896k(341264k free), swap 8150200k(2928k free)

vm_info: OpenJDK 64-Bit Server VM (25.242-b01) for windows-amd64 JRE (1.8.0_242-release-1644-b01), built by "builder" with MS VC++ 10.0 (VS2010)

time: Tue Dec 08 22:47:19 2020
timezone: SE Asia Standard Time
elapsed time: 13 seconds (0d 0h 0m 13s)

