#
# There is insufficient memory for the Java Runtime Environment to continue.
# Native memory allocation (malloc) failed to allocate 1358816 bytes for Chunk::new
# Possible reasons:
#   The system is out of physical RAM or swap space
#   The process is running with CompressedOops enabled, and the Java Heap may be blocking the growth of the native heap
# Possible solutions:
#   Reduce memory load on the system
#   Increase physical memory or swap space
#   Check if swap backing store is full
#   Decrease Java heap size (-Xmx/-Xms)
#   Decrease number of Java threads
#   Decrease Java thread stack sizes (-Xss)
#   Set larger code cache with -XX:ReservedCodeCacheSize=
#   JVM is running with Unscaled Compressed Oops mode in which the Java heap is
#     placed in the first 4GB address space. The Java Heap base address is the
#     maximum limit for the native heap growth. Please use -XX:HeapBaseMinAddress
#     to set the Java Heap base and to place the Java Heap above 4GB virtual address.
# This output file may be truncated or incomplete.
#
#  Out of Memory Error (allocation.cpp:389), pid=9380, tid=0x000000000000260c
#
# JRE version: OpenJDK Runtime Environment (8.0_242-b01) (build 1.8.0_242-release-1644-b01)
# Java VM: OpenJDK 64-Bit Server VM (25.242-b01 mixed mode windows-amd64 compressed oops)
# Failed to write core dump. Minidumps are not enabled by default on client versions of Windows
#

---------------  T H R E A D  ---------------

Current thread (0x0000000017eb9800):  JavaThread "C2 CompilerThread1" daemon [_thread_in_native, id=9740, stack(0x0000000019620000,0x0000000019720000)]

Stack: [0x0000000019620000,0x0000000019720000]
[error occurred during error reporting (printing stack bounds), id 0xc0000005]

Native frames: (J=compiled Java code, j=interpreted, Vv=VM code, C=native code)


Current CompileTask:
C2:   5095 2568       4       groovy.lang.MetaClassImpl$1MOPIter::methodNameAction (325 bytes)


---------------  P R O C E S S  ---------------

Java Threads: ( => current thread )
  0x000000001bdbe800 JavaThread "Cache worker for file content cache (C:\Users\User\.gradle\caches\6.5\fileContent)" [_thread_blocked, id=5224, stack(0x0000000022220000,0x0000000022320000)]
  0x000000001bdbd000 JavaThread "jar transforms" [_thread_blocked, id=1812, stack(0x0000000022120000,0x0000000022220000)]
  0x000000001bdbf800 JavaThread "Cache worker for execution history cache (C:\Users\User\.gradle\caches\6.5\executionHistory)" [_thread_blocked, id=7372, stack(0x0000000021a20000,0x0000000021b20000)]
  0x000000001bdbc800 JavaThread "Cache worker for cache directory md-rule (C:\Users\User\.gradle\caches\6.5\md-rule)" [_thread_blocked, id=11708, stack(0x0000000021920000,0x0000000021a20000)]
  0x000000001bdc3000 JavaThread "Cache worker for cache directory md-supplier (C:\Users\User\.gradle\caches\6.5\md-supplier)" [_thread_blocked, id=2228, stack(0x0000000021820000,0x0000000021920000)]
  0x000000001bdc0000 JavaThread "Cache worker for checksums cache (D:\mobile\LalisaShop\.gradle\checksums)" [_thread_blocked, id=1672, stack(0x0000000021550000,0x0000000021650000)]
  0x000000001bdc2800 JavaThread "Cache worker for file hash cache (D:\mobile\LalisaShop\.gradle\6.5\fileHashes)" [_thread_blocked, id=10148, stack(0x0000000021720000,0x0000000021820000)]
  0x000000001bdc1000 JavaThread "Cache worker for file hash cache (C:\Users\User\.gradle\caches\6.5\fileHashes)" [_thread_blocked, id=7684, stack(0x000000001de40000,0x000000001df40000)]
  0x000000001bdc1800 JavaThread "File lock request listener" [_thread_in_native, id=3432, stack(0x000000001dd40000,0x000000001de40000)]
  0x000000001bdbb800 JavaThread "Cache worker for journal cache (C:\Users\User\.gradle\caches\journal-1)" [_thread_blocked, id=7532, stack(0x000000001dc40000,0x000000001dd40000)]
  0x000000001baf6800 JavaThread "Thread-9" [_thread_blocked, id=11060, stack(0x000000001d940000,0x000000001da40000)]
  0x000000001baf5800 JavaThread "Stdin handler" [_thread_blocked, id=7048, stack(0x000000001d840000,0x000000001d940000)]
  0x000000001baf1000 JavaThread "Asynchronous log dispatcher for DefaultDaemonConnection: socket connection from /127.0.0.1:53483 to /127.0.0.1:53484" [_thread_blocked, id=11812, stack(0x000000001d740000,0x000000001d840000)]
  0x000000001bb01800 JavaThread "Daemon worker" [_thread_in_vm, id=708, stack(0x000000001d640000,0x000000001d740000)]
  0x000000001bacf800 JavaThread "Cancel handler" [_thread_blocked, id=5724, stack(0x000000001d540000,0x000000001d640000)]
  0x000000001b5ed800 JavaThread "Handler for socket connection from /127.0.0.1:53483 to /127.0.0.1:53484" [_thread_in_native, id=2920, stack(0x000000001d240000,0x000000001d340000)]
  0x000000001b5ea000 JavaThread "Daemon" [_thread_blocked, id=5420, stack(0x000000001d140000,0x000000001d240000)]
  0x000000001ba91800 JavaThread "Daemon periodic checks" [_thread_blocked, id=4360, stack(0x000000001d040000,0x000000001d140000)]
  0x000000001b9fb800 JavaThread "Incoming local TCP Connector on port 53483" [_thread_in_native, id=10488, stack(0x000000001ce00000,0x000000001cf00000)]
  0x000000001b99f000 JavaThread "Daemon health stats" [_thread_blocked, id=10424, stack(0x000000001c7c0000,0x000000001c8c0000)]
  0x0000000019725800 JavaThread "Service Thread" daemon [_thread_blocked, id=6500, stack(0x0000000019c20000,0x0000000019d20000)]
  0x0000000019720800 JavaThread "C1 CompilerThread2" daemon [_thread_blocked, id=7112, stack(0x0000000019b20000,0x0000000019c20000)]
=>0x0000000017eb9800 JavaThread "C2 CompilerThread1" daemon [_thread_in_native, id=9740, stack(0x0000000019620000,0x0000000019720000)]
  0x0000000017eb6800 JavaThread "C2 CompilerThread0" daemon [_thread_blocked, id=6424, stack(0x0000000019520000,0x0000000019620000)]
  0x0000000017eb5000 JavaThread "Attach Listener" daemon [_thread_blocked, id=11376, stack(0x0000000019420000,0x0000000019520000)]
  0x0000000017eb1000 JavaThread "Signal Dispatcher" daemon [_thread_blocked, id=7632, stack(0x0000000019320000,0x0000000019420000)]
  0x000000000324c000 JavaThread "Finalizer" daemon [_thread_blocked, id=12008, stack(0x0000000019110000,0x0000000019210000)]
  0x0000000017e99000 JavaThread "Reference Handler" daemon [_thread_blocked, id=11672, stack(0x0000000019010000,0x0000000019110000)]
  0x0000000002f0d800 JavaThread "main" [_thread_blocked, id=11960, stack(0x0000000003050000,0x0000000003150000)]

Other Threads:
  0x0000000017e75800 VMThread [stack: 0x0000000018f10000,0x0000000019010000] [id=2128]
  0x0000000019726800 WatcherThread [stack: 0x0000000019d20000,0x0000000019e20000] [id=11204]

VM state:not at safepoint (normal execution)

VM Mutex/Monitor currently owned by a thread: None

heap address: 0x0000000080000000, size: 2048 MB, Compressed Oops mode: 32-bit
Narrow klass base: 0x0000000000000000, Narrow klass shift: 3
Compressed class space size: 1073741824 Address: 0x0000000100000000

Heap:
 PSYoungGen      total 134144K, used 46397K [0x00000000d5580000, 0x00000000de180000, 0x0000000100000000)
  eden space 124928K, 29% used [0x00000000d5580000,0x00000000d79d2500,0x00000000dcf80000)
  from space 9216K, 99% used [0x00000000dcf80000,0x00000000dd87cf30,0x00000000dd880000)
  to   space 8704K, 0% used [0x00000000dd900000,0x00000000dd900000,0x00000000de180000)
 ParOldGen       total 32256K, used 12060K [0x0000000080000000, 0x0000000081f80000, 0x00000000d5580000)
  object space 32256K, 37% used [0x0000000080000000,0x0000000080bc72f8,0x0000000081f80000)
 Metaspace       used 34025K, capacity 35156K, committed 35496K, reserved 1079296K
  class space    used 4663K, capacity 4937K, committed 5040K, reserved 1048576K

Card table byte_map: [0x0000000012620000,0x0000000012a30000] byte_map_base: 0x0000000012220000

Marking Bits: (ParMarkBitMap*) 0x000000005547f030
 Begin Bits: [0x00000000130e0000, 0x00000000150e0000)
 End Bits:   [0x00000000150e0000, 0x00000000170e0000)

Polling page: 0x0000000002ef0000

CodeCache: size=245760Kb used=10665Kb max_used=10665Kb free=235094Kb
 bounds [0x0000000003260000, 0x0000000003cd0000, 0x0000000012260000]
 total_blobs=3437 nmethods=2750 adapters=599
 compilation: enabled

Compilation events (10 events):
Event: 5.062 Thread 0x0000000019720800 nmethod 2744 0x0000000003cbb550 code [0x0000000003cbb6a0, 0x0000000003cbb850]
Event: 5.062 Thread 0x0000000019720800 2745       3       java.lang.invoke.LambdaForm$MH/885284298::linkToTargetMethod (8 bytes)
Event: 5.062 Thread 0x0000000019720800 nmethod 2745 0x0000000003cbae90 code [0x0000000003cbb000, 0x0000000003cbb3b8]
Event: 5.063 Thread 0x0000000019720800 2746   !   3       java.util.concurrent.locks.AbstractQueuedSynchronizer::acquireQueued (93 bytes)
Event: 5.064 Thread 0x0000000019720800 nmethod 2746 0x0000000003cb6bd0 code [0x0000000003cb6e00, 0x0000000003cb7918]
Event: 5.068 Thread 0x0000000017eb6800 nmethod 2741 0x0000000003ccda90 code [0x0000000003ccdc00, 0x0000000003ccdfb8]
Event: 5.068 Thread 0x0000000017eb6800 2748       4       jdk.internal.org.objectweb.asm.Type::getArgumentsAndReturnSizes (151 bytes)
Event: 5.073 Thread 0x0000000017eb6800 nmethod 2748 0x0000000003cce450 code [0x0000000003cce5c0, 0x0000000003ccea18]
Event: 5.087 Thread 0x0000000017eb6800 2751       4       java.security.CodeSource::hashCode (17 bytes)
Event: 5.089 Thread 0x0000000017eb6800 nmethod 2751 0x0000000003ccee10 code [0x0000000003ccef60, 0x0000000003ccf3a8]

GC Heap History (10 events):
Event: 2.267 GC heap before
{Heap before GC invocations=6 (full 0):
 PSYoungGen      total 34304K, used 34288K [0x00000000d5580000, 0x00000000d9e80000, 0x0000000100000000)
  eden space 31744K, 100% used [0x00000000d5580000,0x00000000d7480000,0x00000000d7480000)
  from space 2560K, 99% used [0x00000000d7480000,0x00000000d76fc010,0x00000000d7700000)
  to   space 5632K, 0% used [0x00000000d9900000,0x00000000d9900000,0x00000000d9e80000)
 ParOldGen       total 42496K, used 4715K [0x0000000080000000, 0x0000000082980000, 0x00000000d5580000)
  object space 42496K, 11% used [0x0000000080000000,0x000000008049acb0,0x0000000082980000)
 Metaspace       used 14331K, capacity 14838K, committed 14976K, reserved 1062912K
  class space    used 1965K, capacity 2089K, committed 2176K, reserved 1048576K
Event: 2.280 GC heap after
Heap after GC invocations=6 (full 0):
 PSYoungGen      total 68096K, used 5604K [0x00000000d5580000, 0x00000000da080000, 0x0000000100000000)
  eden space 62464K, 0% used [0x00000000d5580000,0x00000000d5580000,0x00000000d9280000)
  from space 5632K, 99% used [0x00000000d9900000,0x00000000d9e790a8,0x00000000d9e80000)
  to   space 6656K, 0% used [0x00000000d9280000,0x00000000d9280000,0x00000000d9900000)
 ParOldGen       total 42496K, used 4952K [0x0000000080000000, 0x0000000082980000, 0x00000000d5580000)
  object space 42496K, 11% used [0x0000000080000000,0x00000000804d6110,0x0000000082980000)
 Metaspace       used 14331K, capacity 14838K, committed 14976K, reserved 1062912K
  class space    used 1965K, capacity 2089K, committed 2176K, reserved 1048576K
}
Event: 3.121 GC heap before
{Heap before GC invocations=7 (full 0):
 PSYoungGen      total 68096K, used 68068K [0x00000000d5580000, 0x00000000da080000, 0x0000000100000000)
  eden space 62464K, 100% used [0x00000000d5580000,0x00000000d9280000,0x00000000d9280000)
  from space 5632K, 99% used [0x00000000d9900000,0x00000000d9e790a8,0x00000000d9e80000)
  to   space 6656K, 0% used [0x00000000d9280000,0x00000000d9280000,0x00000000d9900000)
 ParOldGen       total 42496K, used 4952K [0x0000000080000000, 0x0000000082980000, 0x00000000d5580000)
  object space 42496K, 11% used [0x0000000080000000,0x00000000804d6110,0x0000000082980000)
 Metaspace       used 19894K, capacity 20510K, committed 20736K, reserved 1067008K
  class space    used 2766K, capacity 2945K, committed 3072K, reserved 1048576K
Event: 3.131 GC heap after
Heap after GC invocations=7 (full 0):
 PSYoungGen      total 69120K, used 6634K [0x00000000d5580000, 0x00000000de280000, 0x0000000100000000)
  eden space 62464K, 0% used [0x00000000d5580000,0x00000000d5580000,0x00000000d9280000)
  from space 6656K, 99% used [0x00000000d9280000,0x00000000d98fa868,0x00000000d9900000)
  to   space 9728K, 0% used [0x00000000dd900000,0x00000000dd900000,0x00000000de280000)
 ParOldGen       total 42496K, used 8258K [0x0000000080000000, 0x0000000082980000, 0x00000000d5580000)
  object space 42496K, 19% used [0x0000000080000000,0x0000000080810860,0x0000000082980000)
 Metaspace       used 19894K, capacity 20510K, committed 20736K, reserved 1067008K
  class space    used 2766K, capacity 2945K, committed 3072K, reserved 1048576K
}
Event: 3.232 GC heap before
{Heap before GC invocations=8 (full 0):
 PSYoungGen      total 69120K, used 18097K [0x00000000d5580000, 0x00000000de280000, 0x0000000100000000)
  eden space 62464K, 18% used [0x00000000d5580000,0x00000000d60b1f90,0x00000000d9280000)
  from space 6656K, 99% used [0x00000000d9280000,0x00000000d98fa868,0x00000000d9900000)
  to   space 9728K, 0% used [0x00000000dd900000,0x00000000dd900000,0x00000000de280000)
 ParOldGen       total 42496K, used 8258K [0x0000000080000000, 0x0000000082980000, 0x00000000d5580000)
  object space 42496K, 19% used [0x0000000080000000,0x0000000080810860,0x0000000082980000)
 Metaspace       used 20562K, capacity 21224K, committed 21296K, reserved 1067008K
  class space    used 2872K, capacity 3076K, committed 3120K, reserved 1048576K
Event: 3.236 GC heap after
Heap after GC invocations=8 (full 0):
 PSYoungGen      total 133632K, used 4402K [0x00000000d5580000, 0x00000000de180000, 0x0000000100000000)
  eden space 124928K, 0% used [0x00000000d5580000,0x00000000d5580000,0x00000000dcf80000)
  from space 8704K, 50% used [0x00000000dd900000,0x00000000ddd4c938,0x00000000de180000)
  to   space 9216K, 0% used [0x00000000dcf80000,0x00000000dcf80000,0x00000000dd880000)
 ParOldGen       total 42496K, used 8554K [0x0000000080000000, 0x0000000082980000, 0x00000000d5580000)
  object space 42496K, 20% used [0x0000000080000000,0x000000008085a860,0x0000000082980000)
 Metaspace       used 20562K, capacity 21224K, committed 21296K, reserved 1067008K
  class space    used 2872K, capacity 3076K, committed 3120K, reserved 1048576K
}
Event: 3.236 GC heap before
{Heap before GC invocations=9 (full 1):
 PSYoungGen      total 133632K, used 4402K [0x00000000d5580000, 0x00000000de180000, 0x0000000100000000)
  eden space 124928K, 0% used [0x00000000d5580000,0x00000000d5580000,0x00000000dcf80000)
  from space 8704K, 50% used [0x00000000dd900000,0x00000000ddd4c938,0x00000000de180000)
  to   space 9216K, 0% used [0x00000000dcf80000,0x00000000dcf80000,0x00000000dd880000)
 ParOldGen       total 42496K, used 8554K [0x0000000080000000, 0x0000000082980000, 0x00000000d5580000)
  object space 42496K, 20% used [0x0000000080000000,0x000000008085a860,0x0000000082980000)
 Metaspace       used 20562K, capacity 21224K, committed 21296K, reserved 1067008K
  class space    used 2872K, capacity 3076K, committed 3120K, reserved 1048576K
Event: 3.270 GC heap after
Heap after GC invocations=9 (full 1):
 PSYoungGen      total 133632K, used 0K [0x00000000d5580000, 0x00000000de180000, 0x0000000100000000)
  eden space 124928K, 0% used [0x00000000d5580000,0x00000000d5580000,0x00000000dcf80000)
  from space 8704K, 0% used [0x00000000dd900000,0x00000000dd900000,0x00000000de180000)
  to   space 9216K, 0% used [0x00000000dcf80000,0x00000000dcf80000,0x00000000dd880000)
 ParOldGen       total 32256K, used 7292K [0x0000000080000000, 0x0000000081f80000, 0x00000000d5580000)
  object space 32256K, 22% used [0x0000000080000000,0x000000008071f1b0,0x0000000081f80000)
 Metaspace       used 20562K, capacity 21224K, committed 21296K, reserved 1067008K
  class space    used 2872K, capacity 3076K, committed 3120K, reserved 1048576K
}
Event: 4.693 GC heap before
{Heap before GC invocations=10 (full 1):
 PSYoungGen      total 133632K, used 124928K [0x00000000d5580000, 0x00000000de180000, 0x0000000100000000)
  eden space 124928K, 100% used [0x00000000d5580000,0x00000000dcf80000,0x00000000dcf80000)
  from space 8704K, 0% used [0x00000000dd900000,0x00000000dd900000,0x00000000de180000)
  to   space 9216K, 0% used [0x00000000dcf80000,0x00000000dcf80000,0x00000000dd880000)
 ParOldGen       total 32256K, used 7292K [0x0000000080000000, 0x0000000081f80000, 0x00000000d5580000)
  object space 32256K, 22% used [0x0000000080000000,0x000000008071f1b0,0x0000000081f80000)
 Metaspace       used 32641K, capacity 33642K, committed 33712K, reserved 1079296K
  class space    used 4442K, capacity 4719K, committed 4784K, reserved 1048576K
Event: 4.715 GC heap after
Heap after GC invocations=10 (full 1):
 PSYoungGen      total 134144K, used 9203K [0x00000000d5580000, 0x00000000de180000, 0x0000000100000000)
  eden space 124928K, 0% used [0x00000000d5580000,0x00000000d5580000,0x00000000dcf80000)
  from space 9216K, 99% used [0x00000000dcf80000,0x00000000dd87cf30,0x00000000dd880000)
  to   space 8704K, 0% used [0x00000000dd900000,0x00000000dd900000,0x00000000de180000)
 ParOldGen       total 32256K, used 12060K [0x0000000080000000, 0x0000000081f80000, 0x00000000d5580000)
  object space 32256K, 37% used [0x0000000080000000,0x0000000080bc72f8,0x0000000081f80000)
 Metaspace       used 32641K, capacity 33642K, committed 33712K, reserved 1079296K
  class space    used 4442K, capacity 4719K, committed 4784K, reserved 1048576K
}

Deoptimization events (10 events):
Event: 4.553 Thread 0x000000001bb01800 Uncommon trap: reason=bimorphic action=maybe_recompile pc=0x0000000003c0b6e8 method=org.codehaus.groovy.runtime.metaclass.MetaMethodIndex.addMethodToList(Ljava/lang/Object;Lgroovy/lang/MetaMethod;)Ljava/lang/Object; @ 130
Event: 4.553 Thread 0x000000001bb01800 Uncommon trap: reason=bimorphic action=maybe_recompile pc=0x0000000003c0b6e8 method=org.codehaus.groovy.runtime.metaclass.MetaMethodIndex.addMethodToList(Ljava/lang/Object;Lgroovy/lang/MetaMethod;)Ljava/lang/Object; @ 130
Event: 4.553 Thread 0x000000001bb01800 Uncommon trap: reason=bimorphic action=maybe_recompile pc=0x0000000003c0b6e8 method=org.codehaus.groovy.runtime.metaclass.MetaMethodIndex.addMethodToList(Ljava/lang/Object;Lgroovy/lang/MetaMethod;)Ljava/lang/Object; @ 130
Event: 4.553 Thread 0x000000001bb01800 Uncommon trap: reason=class_check action=maybe_recompile pc=0x0000000003c0b704 method=org.codehaus.groovy.runtime.metaclass.MetaMethodIndex.addMethodToList(Ljava/lang/Object;Lgroovy/lang/MetaMethod;)Ljava/lang/Object; @ 240
Event: 4.553 Thread 0x000000001bb01800 Uncommon trap: reason=class_check action=maybe_recompile pc=0x0000000003c0b704 method=org.codehaus.groovy.runtime.metaclass.MetaMethodIndex.addMethodToList(Ljava/lang/Object;Lgroovy/lang/MetaMethod;)Ljava/lang/Object; @ 240
Event: 4.553 Thread 0x000000001bb01800 Uncommon trap: reason=class_check action=maybe_recompile pc=0x0000000003c0b704 method=org.codehaus.groovy.runtime.metaclass.MetaMethodIndex.addMethodToList(Ljava/lang/Object;Lgroovy/lang/MetaMethod;)Ljava/lang/Object; @ 240
Event: 4.553 Thread 0x000000001bb01800 Uncommon trap: reason=class_check action=maybe_recompile pc=0x0000000003c0b704 method=org.codehaus.groovy.runtime.metaclass.MetaMethodIndex.addMethodToList(Ljava/lang/Object;Lgroovy/lang/MetaMethod;)Ljava/lang/Object; @ 240
Event: 4.611 Thread 0x000000001bb01800 Uncommon trap: reason=unstable_if action=reinterpret pc=0x0000000003c1787c method=org.codehaus.groovy.runtime.metaclass.MetaMethodIndex.addMethodToList(Ljava/lang/Object;Lgroovy/lang/MetaMethod;)Ljava/lang/Object; @ 226
Event: 4.717 Thread 0x0000000017e99000 Uncommon trap: reason=unstable_if action=reinterpret pc=0x0000000003795a7c method=java.lang.ref.Reference.tryHandlePending(Z)Z @ 104
Event: 4.798 Thread 0x000000001bb01800 Uncommon trap: reason=range_check action=make_not_entrant pc=0x0000000003bfd300 method=java.lang.String.charAt(I)C @ 27

Classes redefined (0 events):
No events

Internal exceptions (10 events):
Event: 4.963 Thread 0x000000001bb01800 Exception <a 'java/lang/ClassNotFoundException': org/gradle/api/internal/artifacts/dsl/dependencies/DefaultDependencyHandlerBeanInfo> (0x00000000d6a71fc8) thrown at [C:\src\AOSP-openjdk-git\hotspot\src\share\vm\classfile\systemDictionary.cpp, line 210]
Event: 4.965 Thread 0x000000001bb01800 Exception <a 'java/lang/ClassNotFoundException': org/gradle/api/internal/artifacts/dsl/dependencies/DefaultDependencyHandlerCustomizer> (0x00000000d6acb958) thrown at [C:\src\AOSP-openjdk-git\hotspot\src\share\vm\classfile\systemDictionary.cpp, line 210]
Event: 4.969 Thread 0x000000001bb01800 Exception <a 'java/lang/ClassNotFoundException': org/gradle/api/internal/artifacts/dsl/dependencies/DefaultDependencyHandler_DecoratedCustomizer> (0x00000000d6b56980) thrown at [C:\src\AOSP-openjdk-git\hotspot\src\share\vm\classfile\systemDictionary.cpp, 
Event: 4.990 Thread 0x000000001bb01800 Exception <a 'java/lang/ClassNotFoundException': groovy/lang/GString$1BeanInfo> (0x00000000d6d45300) thrown at [C:\src\AOSP-openjdk-git\hotspot\src\share\vm\classfile\systemDictionary.cpp, line 210]
Event: 4.990 Thread 0x000000001bb01800 Exception <a 'java/lang/ClassNotFoundException': groovy/lang/GStringBeanInfo> (0x00000000d6d66770) thrown at [C:\src\AOSP-openjdk-git\hotspot\src\share\vm\classfile\systemDictionary.cpp, line 210]
Event: 4.991 Thread 0x000000001bb01800 Exception <a 'java/lang/ClassNotFoundException': groovy/lang/GStringCustomizer> (0x00000000d6d88758) thrown at [C:\src\AOSP-openjdk-git\hotspot\src\share\vm\classfile\systemDictionary.cpp, line 210]
Event: 4.993 Thread 0x000000001bb01800 Exception <a 'java/lang/ClassNotFoundException': groovy/lang/GString$1Customizer> (0x00000000d6db6ba0) thrown at [C:\src\AOSP-openjdk-git\hotspot\src\share\vm\classfile\systemDictionary.cpp, line 210]
Event: 4.998 Thread 0x000000001bb01800 Exception <a 'java/lang/ClassNotFoundException': org/codehaus/groovy/runtime/GStringImplBeanInfo> (0x00000000d6e659a8) thrown at [C:\src\AOSP-openjdk-git\hotspot\src\share\vm\classfile\systemDictionary.cpp, line 210]
Event: 4.998 Thread 0x000000001bb01800 Exception <a 'java/lang/ClassNotFoundException': org/codehaus/groovy/runtime/GStringImplCustomizer> (0x00000000d6e91a10) thrown at [C:\src\AOSP-openjdk-git\hotspot\src\share\vm\classfile\systemDictionary.cpp, line 210]
Event: 5.064 Thread 0x000000001bb01800 Exception <a 'java/lang/NoSuchMethodError': java.lang.Object.lambda$static$0(Lorg/gradle/api/internal/artifacts/configurations/MutationValidator$MutationType;)V> (0x00000000d745c600) thrown at [C:\src\AOSP-openjdk-git\hotspot\src\share\vm\interpreter\link

Events (10 events):
Event: 5.086 loading class org/gradle/api/internal/artifacts/ivyservice/ivyresolve/UserResolverChain$ModuleTransformer
Event: 5.086 loading class org/gradle/api/internal/artifacts/ivyservice/ivyresolve/UserResolverChain$ModuleTransformer done
Event: 5.086 loading class org/gradle/api/internal/artifacts/ivyservice/ivyresolve/RepositoryChainDependencyToComponentIdResolver
Event: 5.086 loading class org/gradle/api/internal/artifacts/ivyservice/ivyresolve/RepositoryChainDependencyToComponentIdResolver done
Event: 5.088 loading class org/gradle/api/internal/artifacts/ivyservice/ivyresolve/DynamicVersionResolver
Event: 5.088 loading class org/gradle/api/internal/artifacts/ivyservice/ivyresolve/DynamicVersionResolver done
Event: 5.089 loading class org/gradle/api/internal/artifacts/ivyservice/ivyresolve/RepositoryChainComponentMetaDataResolver
Event: 5.089 loading class org/gradle/api/internal/artifacts/ivyservice/ivyresolve/RepositoryChainComponentMetaDataResolver done
Event: 5.090 loading class org/gradle/internal/resolve/result/ResourceAwareResolveResult
Event: 5.090 loading class org/gradle/internal/resolve/result/ResourceAwareResolveResult done


Dynamic libraries:
0x00007ff685e20000 - 0x00007ff685e51000 	C:\Program Files\Android\Android Studio\jre\bin\java.exe
0x00007ffa18f40000 - 0x00007ffa19130000 	C:\WINDOWS\SYSTEM32\ntdll.dll
0x00007ffa18a20000 - 0x00007ffa18ad2000 	C:\WINDOWS\System32\KERNEL32.DLL
0x00007ffa16200000 - 0x00007ffa164a5000 	C:\WINDOWS\System32\KERNELBASE.dll
0x00007ffa17150000 - 0x00007ffa171f3000 	C:\WINDOWS\System32\ADVAPI32.dll
0x00007ffa180c0000 - 0x00007ffa1815e000 	C:\WINDOWS\System32\msvcrt.dll
0x00007ffa17f50000 - 0x00007ffa17fe7000 	C:\WINDOWS\System32\sechost.dll
0x00007ffa18580000 - 0x00007ffa186a0000 	C:\WINDOWS\System32\RPCRT4.dll
0x00007ffa186c0000 - 0x00007ffa18854000 	C:\WINDOWS\System32\USER32.dll
0x00007ffa16830000 - 0x00007ffa16851000 	C:\WINDOWS\System32\win32u.dll
0x00007ffa17120000 - 0x00007ffa17146000 	C:\WINDOWS\System32\GDI32.dll
0x00007ffa16060000 - 0x00007ffa161f6000 	C:\WINDOWS\System32\gdi32full.dll
0x00007ffa164b0000 - 0x00007ffa1654e000 	C:\WINDOWS\System32\msvcp_win.dll
0x00007ffa15f10000 - 0x00007ffa1600a000 	C:\WINDOWS\System32\ucrtbase.dll
0x00007ffa02bc0000 - 0x00007ffa02e44000 	C:\WINDOWS\WinSxS\amd64_microsoft.windows.common-controls_6595b64144ccf1df_6.0.18362.1198_none_9e820b57e45ad92f\COMCTL32.dll
0x00007ffa18bc0000 - 0x00007ffa18ef5000 	C:\WINDOWS\System32\combase.dll
0x00007ffa16600000 - 0x00007ffa16680000 	C:\WINDOWS\System32\bcryptPrimitives.dll
0x00007ffa18910000 - 0x00007ffa1893e000 	C:\WINDOWS\System32\IMM32.DLL
0x0000000054af0000 - 0x0000000054bc2000 	C:\Program Files\Android\Android Studio\jre\jre\bin\msvcr100.dll
0x0000000054cb0000 - 0x00000000554fb000 	C:\Program Files\Android\Android Studio\jre\jre\bin\server\jvm.dll
0x00007ffa17060000 - 0x00007ffa17068000 	C:\WINDOWS\System32\PSAPI.DLL
0x00007ffa100c0000 - 0x00007ffa100c9000 	C:\WINDOWS\SYSTEM32\WSOCK32.dll
0x00007ffa119d0000 - 0x00007ffa119f4000 	C:\WINDOWS\SYSTEM32\WINMM.dll
0x00007ffa18300000 - 0x00007ffa1836f000 	C:\WINDOWS\System32\WS2_32.dll
0x00007ffa0f930000 - 0x00007ffa0f93a000 	C:\WINDOWS\SYSTEM32\VERSION.dll
0x00007ffa119a0000 - 0x00007ffa119cd000 	C:\WINDOWS\SYSTEM32\WINMMBASE.dll
0x00007ffa16010000 - 0x00007ffa1605a000 	C:\WINDOWS\System32\cfgmgr32.dll
0x00007ffa100b0000 - 0x00007ffa100bf000 	C:\Program Files\Android\Android Studio\jre\jre\bin\verify.dll
0x00007ffa0e050000 - 0x00007ffa0e079000 	C:\Program Files\Android\Android Studio\jre\jre\bin\java.dll
0x00007ffa0e180000 - 0x00007ffa0e196000 	C:\Program Files\Android\Android Studio\jre\jre\bin\zip.dll
0x00007ffa17280000 - 0x00007ffa17967000 	C:\WINDOWS\System32\SHELL32.dll
0x00007ffa18860000 - 0x00007ffa18909000 	C:\WINDOWS\System32\shcore.dll
0x00007ffa16860000 - 0x00007ffa16fe1000 	C:\WINDOWS\System32\windows.storage.dll
0x00007ffa15e50000 - 0x00007ffa15e73000 	C:\WINDOWS\System32\profapi.dll
0x00007ffa15e00000 - 0x00007ffa15e4a000 	C:\WINDOWS\System32\powrprof.dll
0x00007ffa15df0000 - 0x00007ffa15e00000 	C:\WINDOWS\System32\UMPDC.dll
0x00007ffa18940000 - 0x00007ffa18992000 	C:\WINDOWS\System32\shlwapi.dll
0x00007ffa15ea0000 - 0x00007ffa15eb1000 	C:\WINDOWS\System32\kernel.appcore.dll
0x00007ffa15ef0000 - 0x00007ffa15f07000 	C:\WINDOWS\System32\cryptsp.dll
0x00007ffa0dfb0000 - 0x00007ffa0dfca000 	C:\Program Files\Android\Android Studio\jre\jre\bin\net.dll
0x00007ffa15640000 - 0x00007ffa156a7000 	C:\WINDOWS\system32\mswsock.dll
0x00007ffa0b2d0000 - 0x00007ffa0b2e3000 	C:\Program Files\Android\Android Studio\jre\jre\bin\nio.dll
0x00007ffa03920000 - 0x00007ffa03947000 	C:\Users\User\.gradle\native\f6784746aeab05261644944871eae4fe03e0ef1612fff0a4a95f87b438bc6780\windows-amd64\native-platform.dll
0x00007ffa0de00000 - 0x00007ffa0de0d000 	C:\Program Files\Android\Android Studio\jre\jre\bin\management.dll
0x00007ffa151b0000 - 0x00007ffa151e3000 	C:\WINDOWS\system32\rsaenh.dll
0x00007ffa15ec0000 - 0x00007ffa15ee6000 	C:\WINDOWS\System32\bcrypt.dll
0x00007ffa15d10000 - 0x00007ffa15d35000 	C:\WINDOWS\SYSTEM32\USERENV.dll
0x00007ffa15810000 - 0x00007ffa1581c000 	C:\WINDOWS\SYSTEM32\CRYPTBASE.dll
0x00007ffa15350000 - 0x00007ffa1538a000 	C:\WINDOWS\SYSTEM32\IPHLPAPI.DLL
0x00007ffa18ae0000 - 0x00007ffa18ae8000 	C:\WINDOWS\System32\NSI.dll
0x00007ffa0cd60000 - 0x00007ffa0cd76000 	C:\WINDOWS\SYSTEM32\dhcpcsvc6.DLL
0x00007ffa0d660000 - 0x00007ffa0d67c000 	C:\WINDOWS\SYSTEM32\dhcpcsvc.DLL
0x00007ffa15390000 - 0x00007ffa1545b000 	C:\WINDOWS\SYSTEM32\DNSAPI.dll
0x00007ffa0e370000 - 0x00007ffa0e37b000 	C:\WINDOWS\SYSTEM32\WINNSI.DLL

VM Arguments:
jvm_args: -Xmx2048m -Dfile.encoding=UTF-8 -Duser.country=ID -Duser.language=en -Duser.variant 
java_command: org.gradle.launcher.daemon.bootstrap.GradleDaemon 6.5
java_class_path (initial): C:\Users\User\.gradle\wrapper\dists\gradle-6.5-all\2oz4ud9k3tuxjg84bbf55q0tn\gradle-6.5\lib\gradle-launcher-6.5.jar
Launcher Type: SUN_STANDARD

Environment Variables:
PATH=C:\Windows\System32\; C:Windows\xampp1\php;C:\xampp1\php;C:\composer;C:\Program Files\nodejs\;C:\Users\User\AppData\Local\Microsoft\WindowsApps;C:\Users\User\AppData\Local\GitHubDesktop\bin;C:\Users\User\AppData\Roaming\Composer\vendor\bin;C:\Users\User\AppData\Roaming\npm
USERNAME=User
OS=Windows_NT
PROCESSOR_IDENTIFIER=Intel64 Family 6 Model 126 Stepping 5, GenuineIntel



---------------  S Y S T E M  ---------------

OS: Windows 10.0 , 64 bit Build 18362 (10.0.18362.1110)

CPU:total 4 (initial active 4) (2 cores per cpu, 2 threads per core) family 6 model 126 stepping 5, cmov, cx8, fxsr, mmx, sse, sse2, sse3, ssse3, sse4.1, sse4.2, popcnt, avx, avx2, aes, clmul, erms, 3dnowpref, lzcnt, ht, tsc, tscinvbit, bmi1, bmi2, adx

Memory: 4k page, physical 3955896k(711836k free), swap 8150200k(8200k free)

vm_info: OpenJDK 64-Bit Server VM (25.242-b01) for windows-amd64 JRE (1.8.0_242-release-1644-b01), built by "builder" with MS VC++ 10.0 (VS2010)

time: Tue Dec 08 17:19:24 2020
timezone: SE Asia Standard Time
elapsed time: 5 seconds (0d 0h 0m 5s)

