#
# There is insufficient memory for the Java Runtime Environment to continue.
# Native memory allocation (malloc) failed to allocate 1467536 bytes for Chunk::new
# Possible reasons:
#   The system is out of physical RAM or swap space
#   The process is running with CompressedOops enabled, and the Java Heap may be blocking the growth of the native heap
# Possible solutions:
#   Reduce memory load on the system
#   Increase physical memory or swap space
#   Check if swap backing store is full
#   Decrease Java heap size (-Xmx/-Xms)
#   Decrease number of Java threads
#   Decrease Java thread stack sizes (-Xss)
#   Set larger code cache with -XX:ReservedCodeCacheSize=
#   JVM is running with Unscaled Compressed Oops mode in which the Java heap is
#     placed in the first 4GB address space. The Java Heap base address is the
#     maximum limit for the native heap growth. Please use -XX:HeapBaseMinAddress
#     to set the Java Heap base and to place the Java Heap above 4GB virtual address.
# This output file may be truncated or incomplete.
#
#  Out of Memory Error (allocation.cpp:389), pid=11944, tid=0x0000000000002b80
#
# JRE version: OpenJDK Runtime Environment (8.0_242-b01) (build 1.8.0_242-release-1644-b01)
# Java VM: OpenJDK 64-Bit Server VM (25.242-b01 mixed mode windows-amd64 compressed oops)
# Failed to write core dump. Minidumps are not enabled by default on client versions of Windows
#

---------------  T H R E A D  ---------------

Current thread (0x000000001700a000):  JavaThread "Unknown thread" [_thread_in_native, id=11136, stack(0x0000000018760000,0x0000000018860000)]

Stack: [0x0000000018760000,0x0000000018860000]
[error occurred during error reporting (printing stack bounds), id 0xc0000005]

Native frames: (J=compiled Java code, j=interpreted, Vv=VM code, C=native code)


Current CompileTask:
C2:   5429 2545       4       groovy.lang.MetaClassImpl$1MOPIter::methodNameAction (325 bytes)


---------------  P R O C E S S  ---------------

Java Threads: ( => current thread )
  0x000000001add2000 
[error occurred during error reporting (printing all threads), id 0xc0000005]

VM state:at safepoint (normal execution)

VM Mutex/Monitor currently owned by a thread:  ([mutex/lock_event])
[0x0000000000aacaa0] Threads_lock - owner thread: 0x0000000016fc6800
[0x0000000000aac3a0] Heap_lock - owner thread: 0x000000001ab20000

heap address: 0x0000000080000000, size: 2048 MB, Compressed Oops mode: 32-bit
Narrow klass base: 0x0000000000000000, Narrow klass shift: 3
Compressed class space size: 1073741824 Address: 0x0000000100000000

Heap:
 PSYoungGen      total 129536K, used 8683K [0x00000000d5580000, 0x00000000e1600000, 0x0000000100000000)
  eden space 120832K, 0% used [0x00000000d5580000,0x00000000d5580000,0x00000000dcb80000)
  from space 8704K, 99% used [0x00000000dd800000,0x00000000de07af08,0x00000000de080000)
  to   space 12800K, 0% used [0x00000000dcb80000,0x00000000dcb80000,0x00000000dd800000)
 ParOldGen       total 34816K, used 13930K [0x0000000080000000, 0x0000000082200000, 0x00000000d5580000)
  object space 34816K, 40% used [0x0000000080000000,0x0000000080d9a9f0,0x0000000082200000)
 Metaspace       used 34243K, capacity 35412K, committed 35496K, reserved 1079296K
  class space    used 4717K, capacity 5001K, committed 5040K, reserved 1048576K

Card table byte_map: [0x00000000117a0000,0x0000000011bb0000] byte_map_base: 0x00000000113a0000

Marking Bits: (ParMarkBitMap*) 0x000000005547f030
 Begin Bits: [0x0000000012260000, 0x0000000014260000)
 End Bits:   [0x0000000014260000, 0x0000000016260000)

Polling page: 0x00000000005d0000

CodeCache: size=245760Kb used=10424Kb max_used=10424Kb free=235335Kb
 bounds [0x00000000023e0000, 0x0000000002e20000, 0x00000000113e0000]
 total_blobs=3385 nmethods=2697 adapters=600
 compilation: enabled

Compilation events (10 events):
Event: 5.308 Thread 0x0000000017011800 2701       3       sun.reflect.DelegatingConstructorAccessorImpl::<init> (10 bytes)
Event: 5.308 Thread 0x0000000017011800 nmethod 2701 0x0000000002e0da90 code [0x0000000002e0dc00, 0x0000000002e0def0]
Event: 5.315 Thread 0x0000000017011800 2702   !   3       java.lang.invoke.MethodHandleNatives::linkMethodHandleConstant (154 bytes)
Event: 5.316 Thread 0x0000000017011800 nmethod 2702 0x0000000002e0e050 code [0x0000000002e0e2a0, 0x0000000002e0ee58]
Event: 5.316 Thread 0x0000000017011800 2703       3       java.lang.invoke.MethodHandles$Lookup::linkMethodHandleConstant (185 bytes)
Event: 5.317 Thread 0x0000000017011800 nmethod 2703 0x0000000002e0f450 code [0x0000000002e0f700, 0x0000000002e10bb8]
Event: 5.317 Thread 0x0000000017011800 2705       3       java.util.concurrent.locks.ReentrantLock$Sync::isHeldExclusively (16 bytes)
Event: 5.318 Thread 0x0000000017011800 nmethod 2705 0x0000000002e11210 code [0x0000000002e11360, 0x0000000002e115b0]
Event: 5.365 Thread 0x0000000017011800 2706       1       org.slf4j.impl.StaticLoggerBinder::getLoggerFactory (5 bytes)
Event: 5.365 Thread 0x0000000017011800 nmethod 2706 0x0000000002e118d0 code [0x0000000002e11a20, 0x0000000002e11b30]

GC Heap History (10 events):
Event: 3.403 GC heap after
Heap after GC invocations=7 (full 0):
 PSYoungGen      total 69120K, used 7140K [0x00000000d5580000, 0x00000000de180000, 0x0000000100000000)
  eden space 61952K, 0% used [0x00000000d5580000,0x00000000d5580000,0x00000000d9200000)
  from space 7168K, 99% used [0x00000000d9200000,0x00000000d98f9178,0x00000000d9900000)
  to   space 9728K, 0% used [0x00000000dd800000,0x00000000dd800000,0x00000000de180000)
 ParOldGen       total 42496K, used 7915K [0x0000000080000000, 0x0000000082980000, 0x00000000d5580000)
  object space 42496K, 18% used [0x0000000080000000,0x00000000807bad50,0x0000000082980000)
 Metaspace       used 19904K, capacity 20574K, committed 20736K, reserved 1067008K
  class space    used 2768K, capacity 2945K, committed 3072K, reserved 1048576K
}
Event: 3.506 GC heap before
{Heap before GC invocations=8 (full 0):
 PSYoungGen      total 69120K, used 18711K [0x00000000d5580000, 0x00000000de180000, 0x0000000100000000)
  eden space 61952K, 18% used [0x00000000d5580000,0x00000000d60ccb18,0x00000000d9200000)
  from space 7168K, 99% used [0x00000000d9200000,0x00000000d98f9178,0x00000000d9900000)
  to   space 9728K, 0% used [0x00000000dd800000,0x00000000dd800000,0x00000000de180000)
 ParOldGen       total 42496K, used 7915K [0x0000000080000000, 0x0000000082980000, 0x00000000d5580000)
  object space 42496K, 18% used [0x0000000080000000,0x00000000807bad50,0x0000000082980000)
 Metaspace       used 20591K, capacity 21224K, committed 21296K, reserved 1067008K
  class space    used 2877K, capacity 3076K, committed 3120K, reserved 1048576K
Event: 3.512 GC heap after
Heap after GC invocations=8 (full 0):
 PSYoungGen      total 132608K, used 4508K [0x00000000d5580000, 0x00000000de080000, 0x0000000100000000)
  eden space 123904K, 0% used [0x00000000d5580000,0x00000000d5580000,0x00000000dce80000)
  from space 8704K, 51% used [0x00000000dd800000,0x00000000ddc67050,0x00000000de080000)
  to   space 9216K, 0% used [0x00000000dce80000,0x00000000dce80000,0x00000000dd780000)
 ParOldGen       total 42496K, used 8523K [0x0000000080000000, 0x0000000082980000, 0x00000000d5580000)
  object space 42496K, 20% used [0x0000000080000000,0x0000000080852d50,0x0000000082980000)
 Metaspace       used 20591K, capacity 21224K, committed 21296K, reserved 1067008K
  class space    used 2877K, capacity 3076K, committed 3120K, reserved 1048576K
}
Event: 3.512 GC heap before
{Heap before GC invocations=9 (full 1):
 PSYoungGen      total 132608K, used 4508K [0x00000000d5580000, 0x00000000de080000, 0x0000000100000000)
  eden space 123904K, 0% used [0x00000000d5580000,0x00000000d5580000,0x00000000dce80000)
  from space 8704K, 51% used [0x00000000dd800000,0x00000000ddc67050,0x00000000de080000)
  to   space 9216K, 0% used [0x00000000dce80000,0x00000000dce80000,0x00000000dd780000)
 ParOldGen       total 42496K, used 8523K [0x0000000080000000, 0x0000000082980000, 0x00000000d5580000)
  object space 42496K, 20% used [0x0000000080000000,0x0000000080852d50,0x0000000082980000)
 Metaspace       used 20591K, capacity 21224K, committed 21296K, reserved 1067008K
  class space    used 2877K, capacity 3076K, committed 3120K, reserved 1048576K
Event: 3.563 GC heap after
Heap after GC invocations=9 (full 1):
 PSYoungGen      total 132608K, used 0K [0x00000000d5580000, 0x00000000de080000, 0x0000000100000000)
  eden space 123904K, 0% used [0x00000000d5580000,0x00000000d5580000,0x00000000dce80000)
  from space 8704K, 0% used [0x00000000dd800000,0x00000000dd800000,0x00000000de080000)
  to   space 9216K, 0% used [0x00000000dce80000,0x00000000dce80000,0x00000000dd780000)
 ParOldGen       total 34816K, used 9176K [0x0000000080000000, 0x0000000082200000, 0x00000000d5580000)
  object space 34816K, 26% used [0x0000000080000000,0x00000000808f6280,0x0000000082200000)
 Metaspace       used 20591K, capacity 21224K, committed 21296K, reserved 1067008K
  class space    used 2877K, capacity 3076K, committed 3120K, reserved 1048576K
}
Event: 4.953 GC heap before
{Heap before GC invocations=10 (full 1):
 PSYoungGen      total 132608K, used 123904K [0x00000000d5580000, 0x00000000de080000, 0x0000000100000000)
  eden space 123904K, 100% used [0x00000000d5580000,0x00000000dce80000,0x00000000dce80000)
  from space 8704K, 0% used [0x00000000dd800000,0x00000000dd800000,0x00000000de080000)
  to   space 9216K, 0% used [0x00000000dce80000,0x00000000dce80000,0x00000000dd780000)
 ParOldGen       total 34816K, used 9176K [0x0000000080000000, 0x0000000082200000, 0x00000000d5580000)
  object space 34816K, 26% used [0x0000000080000000,0x00000000808f6280,0x0000000082200000)
 Metaspace       used 32633K, capacity 33636K, committed 33712K, reserved 1079296K
  class space    used 4450K, capacity 4718K, committed 4784K, reserved 1048576K
Event: 4.968 GC heap after
Heap after GC invocations=10 (full 1):
 PSYoungGen      total 133120K, used 9192K [0x00000000d5580000, 0x00000000de080000, 0x0000000100000000)
  eden space 123904K, 0% used [0x00000000d5580000,0x00000000d5580000,0x00000000dce80000)
  from space 9216K, 99% used [0x00000000dce80000,0x00000000dd77a098,0x00000000dd780000)
  to   space 8704K, 0% used [0x00000000dd800000,0x00000000dd800000,0x00000000de080000)
 ParOldGen       total 34816K, used 13879K [0x0000000080000000, 0x0000000082200000, 0x00000000d5580000)
  object space 34816K, 39% used [0x0000000080000000,0x0000000080d8dc78,0x0000000082200000)
 Metaspace       used 32633K, capacity 33636K, committed 33712K, reserved 1079296K
  class space    used 4450K, capacity 4718K, committed 4784K, reserved 1048576K
}
Event: 5.369 GC heap before
{Heap before GC invocations=11 (full 1):
 PSYoungGen      total 133120K, used 53072K [0x00000000d5580000, 0x00000000de080000, 0x0000000100000000)
  eden space 123904K, 35% used [0x00000000d5580000,0x00000000d805a170,0x00000000dce80000)
  from space 9216K, 99% used [0x00000000dce80000,0x00000000dd77a098,0x00000000dd780000)
  to   space 8704K, 0% used [0x00000000dd800000,0x00000000dd800000,0x00000000de080000)
 ParOldGen       total 34816K, used 13879K [0x0000000080000000, 0x0000000082200000, 0x00000000d5580000)
  object space 34816K, 39% used [0x0000000080000000,0x0000000080d8dc78,0x0000000082200000)
 Metaspace       used 34243K, capacity 35412K, committed 35496K, reserved 1079296K
  class space    used 4717K, capacity 5001K, committed 5040K, reserved 1048576K
Event: 5.385 GC heap after
Heap after GC invocations=11 (full 1):
 PSYoungGen      total 129536K, used 8683K [0x00000000d5580000, 0x00000000e1600000, 0x0000000100000000)
  eden space 120832K, 0% used [0x00000000d5580000,0x00000000d5580000,0x00000000dcb80000)
  from space 8704K, 99% used [0x00000000dd800000,0x00000000de07af08,0x00000000de080000)
  to   space 12800K, 0% used [0x00000000dcb80000,0x00000000dcb80000,0x00000000dd800000)
 ParOldGen       total 34816K, used 13930K [0x0000000080000000, 0x0000000082200000, 0x00000000d5580000)
  object space 34816K, 40% used [0x0000000080000000,0x0000000080d9a9f0,0x0000000082200000)
 Metaspace       used 34243K, capacity 35412K, committed 35496K, reserved 1079296K
  class space    used 4717K, capacity 5001K, committed 5040K, reserved 1048576K
}
Event: 5.385 GC heap before
{Heap before GC invocations=12 (full 2):
 PSYoungGen      total 129536K, used 8683K [0x00000000d5580000, 0x00000000e1600000, 0x0000000100000000)
  eden space 120832K, 0% used [0x00000000d5580000,0x00000000d5580000,0x00000000dcb80000)
  from space 8704K, 99% used [0x00000000dd800000,0x00000000de07af08,0x00000000de080000)
  to   space 12800K, 0% used [0x00000000dcb80000,0x00000000dcb80000,0x00000000dd800000)
 ParOldGen       total 34816K, used 13930K [0x0000000080000000, 0x0000000082200000, 0x00000000d5580000)
  object space 34816K, 40% used [0x0000000080000000,0x0000000080d9a9f0,0x0000000082200000)
 Metaspace       used 34243K, capacity 35412K, committed 35496K, reserved 1079296K
  class space    used 4717K, capacity 5001K, committed 5040K, reserved 1048576K

Deoptimization events (10 events):
Event: 4.637 Thread 0x000000001ab20000 Uncommon trap: reason=unstable_if action=reinterpret pc=0x00000000029bed84 method=java.util.HashMap.getNode(ILjava/lang/Object;)Ljava/util/HashMap$Node; @ 53
Event: 4.637 Thread 0x000000001ab20000 Uncommon trap: reason=unstable_if action=reinterpret pc=0x00000000029ff378 method=java.util.HashMap.putVal(ILjava/lang/Object;Ljava/lang/Object;ZZ)Ljava/lang/Object; @ 85
Event: 4.726 Thread 0x000000001ab20000 Uncommon trap: reason=unstable_if action=reinterpret pc=0x0000000002bab604 method=org.gradle.internal.reflect.PropertyAccessorType.isGetGetterName(Ljava/lang/String;)Z @ 14
Event: 4.754 Thread 0x000000001ab20000 Uncommon trap: reason=unstable_if action=reinterpret pc=0x0000000002abc140 method=org.objectweb.asm.ByteVector.putShort(I)Lorg/objectweb/asm/ByteVector; @ 13
Event: 4.834 Thread 0x000000001adcf000 Uncommon trap: reason=bimorphic action=maybe_recompile pc=0x0000000002b62224 method=java.io.BufferedInputStream.read([BII)I @ 101
Event: 4.838 Thread 0x000000001ab20000 Uncommon trap: reason=unstable_if action=reinterpret pc=0x00000000029945b0 method=java.net.URLClassLoader.defineClass(Ljava/lang/String;Lsun/misc/Resource;)Ljava/lang/Class; @ 21
Event: 4.909 Thread 0x000000001ab20000 Uncommon trap: reason=unstable_if action=reinterpret pc=0x0000000002d6fa00 method=org.codehaus.groovy.runtime.metaclass.MetaMethodIndex.addMethodToList(Ljava/lang/Object;Lgroovy/lang/MetaMethod;)Ljava/lang/Object; @ 226
Event: 4.970 Thread 0x0000000016fe9000 Uncommon trap: reason=unstable_if action=reinterpret pc=0x0000000002a0473c method=java.lang.ref.Reference.tryHandlePending(Z)Z @ 104
Event: 4.996 Thread 0x000000001ab20000 Uncommon trap: reason=bimorphic action=maybe_recompile pc=0x0000000002b421fc method=java.util.WeakHashMap.eq(Ljava/lang/Object;Ljava/lang/Object;)Z @ 7
Event: 5.068 Thread 0x000000001ab20000 Uncommon trap: reason=range_check action=make_not_entrant pc=0x0000000002d38700 method=java.lang.String.charAt(I)C @ 27

Classes redefined (0 events):
No events

Internal exceptions (10 events):
Event: 5.183 Thread 0x000000001ab20000 Exception <a 'java/lang/ClassNotFoundException': org/gradle/api/internal/artifacts/dsl/dependencies/DefaultDependencyHandlerBeanInfo> (0x00000000d6b1bca0) thrown at [C:\src\AOSP-openjdk-git\hotspot\src\share\vm\classfile\systemDictionary.cpp, line 210]
Event: 5.185 Thread 0x000000001ab20000 Exception <a 'java/lang/ClassNotFoundException': org/gradle/api/internal/artifacts/dsl/dependencies/DefaultDependencyHandlerCustomizer> (0x00000000d6b75630) thrown at [C:\src\AOSP-openjdk-git\hotspot\src\share\vm\classfile\systemDictionary.cpp, line 210]
Event: 5.188 Thread 0x000000001ab20000 Exception <a 'java/lang/ClassNotFoundException': org/gradle/api/internal/artifacts/dsl/dependencies/DefaultDependencyHandler_DecoratedCustomizer> (0x00000000d6c00638) thrown at [C:\src\AOSP-openjdk-git\hotspot\src\share\vm\classfile\systemDictionary.cpp, 
Event: 5.208 Thread 0x000000001ab20000 Exception <a 'java/lang/ClassNotFoundException': groovy/lang/GString$1BeanInfo> (0x00000000d6def050) thrown at [C:\src\AOSP-openjdk-git\hotspot\src\share\vm\classfile\systemDictionary.cpp, line 210]
Event: 5.209 Thread 0x000000001ab20000 Exception <a 'java/lang/ClassNotFoundException': groovy/lang/GStringBeanInfo> (0x00000000d6e104c0) thrown at [C:\src\AOSP-openjdk-git\hotspot\src\share\vm\classfile\systemDictionary.cpp, line 210]
Event: 5.210 Thread 0x000000001ab20000 Exception <a 'java/lang/ClassNotFoundException': groovy/lang/GStringCustomizer> (0x00000000d6e324a8) thrown at [C:\src\AOSP-openjdk-git\hotspot\src\share\vm\classfile\systemDictionary.cpp, line 210]
Event: 5.212 Thread 0x000000001ab20000 Exception <a 'java/lang/ClassNotFoundException': groovy/lang/GString$1Customizer> (0x00000000d6e60950) thrown at [C:\src\AOSP-openjdk-git\hotspot\src\share\vm\classfile\systemDictionary.cpp, line 210]
Event: 5.217 Thread 0x000000001ab20000 Exception <a 'java/lang/ClassNotFoundException': org/codehaus/groovy/runtime/GStringImplBeanInfo> (0x00000000d6f0f700) thrown at [C:\src\AOSP-openjdk-git\hotspot\src\share\vm\classfile\systemDictionary.cpp, line 210]
Event: 5.218 Thread 0x000000001ab20000 Exception <a 'java/lang/ClassNotFoundException': org/codehaus/groovy/runtime/GStringImplCustomizer> (0x00000000d6f3b768) thrown at [C:\src\AOSP-openjdk-git\hotspot\src\share\vm\classfile\systemDictionary.cpp, line 210]
Event: 5.284 Thread 0x000000001ab20000 Exception <a 'java/lang/NoSuchMethodError': java.lang.Object.lambda$static$0(Lorg/gradle/api/internal/artifacts/configurations/MutationValidator$MutationType;)V> (0x00000000d7506370) thrown at [C:\src\AOSP-openjdk-git\hotspot\src\share\vm\interpreter\link

Events (10 events):
Event: 5.366 loading class org/gradle/api/internal/artifacts/repositories/resolver/ExternalResourceResolver$LocalRepositoryAccess done
Event: 5.366 loading class org/gradle/api/internal/artifacts/repositories/resolver/ExternalResourceResolver$AbstractRepositoryAccess
Event: 5.366 loading class org/gradle/api/internal/artifacts/repositories/resolver/ExternalResourceResolver$AbstractRepositoryAccess done
Event: 5.367 loading class org/gradle/api/internal/artifacts/repositories/resolver/MavenResolver$MavenRemoteRepositoryAccess
Event: 5.367 loading class org/gradle/api/internal/artifacts/repositories/resolver/MavenResolver$MavenRemoteRepositoryAccess done
Event: 5.367 loading class org/gradle/api/internal/artifacts/repositories/resolver/ExternalResourceResolver$RemoteRepositoryAccess
Event: 5.367 loading class org/gradle/api/internal/artifacts/repositories/resolver/ExternalResourceResolver$RemoteRepositoryAccess done
Event: 5.368 loading class org/gradle/api/internal/artifacts/repositories/resolver/M2ResourcePattern
Event: 5.368 loading class org/gradle/api/internal/artifacts/repositories/resolver/M2ResourcePattern done
Event: 5.369 Executing VM operation: CollectForMetadataAllocation


Dynamic libraries:
0x00007ff685e20000 - 0x00007ff685e51000 	C:\Program Files\Android\Android Studio\jre\bin\java.exe
0x00007ffa18f40000 - 0x00007ffa19130000 	C:\WINDOWS\SYSTEM32\ntdll.dll
0x00007ffa18a20000 - 0x00007ffa18ad2000 	C:\WINDOWS\System32\KERNEL32.DLL
0x00007ffa16200000 - 0x00007ffa164a5000 	C:\WINDOWS\System32\KERNELBASE.dll
0x00007ffa17150000 - 0x00007ffa171f3000 	C:\WINDOWS\System32\ADVAPI32.dll
0x00007ffa180c0000 - 0x00007ffa1815e000 	C:\WINDOWS\System32\msvcrt.dll
0x00007ffa17f50000 - 0x00007ffa17fe7000 	C:\WINDOWS\System32\sechost.dll
0x00007ffa18580000 - 0x00007ffa186a0000 	C:\WINDOWS\System32\RPCRT4.dll
0x00007ffa186c0000 - 0x00007ffa18854000 	C:\WINDOWS\System32\USER32.dll
0x00007ffa16830000 - 0x00007ffa16851000 	C:\WINDOWS\System32\win32u.dll
0x00007ffa17120000 - 0x00007ffa17146000 	C:\WINDOWS\System32\GDI32.dll
0x00007ffa16060000 - 0x00007ffa161f6000 	C:\WINDOWS\System32\gdi32full.dll
0x00007ffa164b0000 - 0x00007ffa1654e000 	C:\WINDOWS\System32\msvcp_win.dll
0x00007ffa15f10000 - 0x00007ffa1600a000 	C:\WINDOWS\System32\ucrtbase.dll
0x00007ffa02bc0000 - 0x00007ffa02e44000 	C:\WINDOWS\WinSxS\amd64_microsoft.windows.common-controls_6595b64144ccf1df_6.0.18362.1198_none_9e820b57e45ad92f\COMCTL32.dll
0x00007ffa18bc0000 - 0x00007ffa18ef5000 	C:\WINDOWS\System32\combase.dll
0x00007ffa16600000 - 0x00007ffa16680000 	C:\WINDOWS\System32\bcryptPrimitives.dll
0x00007ffa18910000 - 0x00007ffa1893e000 	C:\WINDOWS\System32\IMM32.DLL
0x0000000054af0000 - 0x0000000054bc2000 	C:\Program Files\Android\Android Studio\jre\jre\bin\msvcr100.dll
0x0000000054cb0000 - 0x00000000554fb000 	C:\Program Files\Android\Android Studio\jre\jre\bin\server\jvm.dll
0x00007ffa17060000 - 0x00007ffa17068000 	C:\WINDOWS\System32\PSAPI.DLL
0x00007ffa119d0000 - 0x00007ffa119f4000 	C:\WINDOWS\SYSTEM32\WINMM.dll
0x00007ffa100c0000 - 0x00007ffa100c9000 	C:\WINDOWS\SYSTEM32\WSOCK32.dll
0x00007ffa18300000 - 0x00007ffa1836f000 	C:\WINDOWS\System32\WS2_32.dll
0x00007ffa119a0000 - 0x00007ffa119cd000 	C:\WINDOWS\SYSTEM32\WINMMBASE.dll
0x00007ffa16010000 - 0x00007ffa1605a000 	C:\WINDOWS\System32\cfgmgr32.dll
0x00007ffa0f930000 - 0x00007ffa0f93a000 	C:\WINDOWS\SYSTEM32\VERSION.dll
0x00007ffa100b0000 - 0x00007ffa100bf000 	C:\Program Files\Android\Android Studio\jre\jre\bin\verify.dll
0x00007ffa0e050000 - 0x00007ffa0e079000 	C:\Program Files\Android\Android Studio\jre\jre\bin\java.dll
0x00007ffa0e180000 - 0x00007ffa0e196000 	C:\Program Files\Android\Android Studio\jre\jre\bin\zip.dll
0x00007ffa17280000 - 0x00007ffa17967000 	C:\WINDOWS\System32\SHELL32.dll
0x00007ffa18860000 - 0x00007ffa18909000 	C:\WINDOWS\System32\shcore.dll
0x00007ffa16860000 - 0x00007ffa16fe1000 	C:\WINDOWS\System32\windows.storage.dll
0x00007ffa15e50000 - 0x00007ffa15e73000 	C:\WINDOWS\System32\profapi.dll
0x00007ffa15e00000 - 0x00007ffa15e4a000 	C:\WINDOWS\System32\powrprof.dll
0x00007ffa15df0000 - 0x00007ffa15e00000 	C:\WINDOWS\System32\UMPDC.dll
0x00007ffa18940000 - 0x00007ffa18992000 	C:\WINDOWS\System32\shlwapi.dll
0x00007ffa15ea0000 - 0x00007ffa15eb1000 	C:\WINDOWS\System32\kernel.appcore.dll
0x00007ffa15ef0000 - 0x00007ffa15f07000 	C:\WINDOWS\System32\cryptsp.dll
0x00007ffa0dfb0000 - 0x00007ffa0dfca000 	C:\Program Files\Android\Android Studio\jre\jre\bin\net.dll
0x00007ffa15640000 - 0x00007ffa156a7000 	C:\WINDOWS\system32\mswsock.dll
0x00007ffa0b2d0000 - 0x00007ffa0b2e3000 	C:\Program Files\Android\Android Studio\jre\jre\bin\nio.dll
0x00007ffa03920000 - 0x00007ffa03947000 	C:\Users\User\.gradle\native\f6784746aeab05261644944871eae4fe03e0ef1612fff0a4a95f87b438bc6780\windows-amd64\native-platform.dll
0x00007ffa0de00000 - 0x00007ffa0de0d000 	C:\Program Files\Android\Android Studio\jre\jre\bin\management.dll
0x00007ffa151b0000 - 0x00007ffa151e3000 	C:\WINDOWS\system32\rsaenh.dll
0x00007ffa15ec0000 - 0x00007ffa15ee6000 	C:\WINDOWS\System32\bcrypt.dll
0x00007ffa15d10000 - 0x00007ffa15d35000 	C:\WINDOWS\SYSTEM32\USERENV.dll
0x00007ffa15810000 - 0x00007ffa1581c000 	C:\WINDOWS\SYSTEM32\CRYPTBASE.dll
0x00007ffa15350000 - 0x00007ffa1538a000 	C:\WINDOWS\SYSTEM32\IPHLPAPI.DLL
0x00007ffa18ae0000 - 0x00007ffa18ae8000 	C:\WINDOWS\System32\NSI.dll
0x00007ffa0cd60000 - 0x00007ffa0cd76000 	C:\WINDOWS\SYSTEM32\dhcpcsvc6.DLL
0x00007ffa0d660000 - 0x00007ffa0d67c000 	C:\WINDOWS\SYSTEM32\dhcpcsvc.DLL
0x00007ffa15390000 - 0x00007ffa1545b000 	C:\WINDOWS\SYSTEM32\DNSAPI.dll
0x00007ffa0e370000 - 0x00007ffa0e37b000 	C:\WINDOWS\SYSTEM32\WINNSI.DLL

VM Arguments:
jvm_args: -Xmx2048m -Dfile.encoding=UTF-8 -Duser.country=ID -Duser.language=en -Duser.variant 
java_command: org.gradle.launcher.daemon.bootstrap.GradleDaemon 6.5
java_class_path (initial): C:\Users\User\.gradle\wrapper\dists\gradle-6.5-all\2oz4ud9k3tuxjg84bbf55q0tn\gradle-6.5\lib\gradle-launcher-6.5.jar
Launcher Type: SUN_STANDARD

Environment Variables:
PATH=C:\Windows\System32\; C:Windows\xampp1\php;C:\xampp1\php;C:\composer;C:\Program Files\nodejs\;C:\Users\User\AppData\Local\Microsoft\WindowsApps;C:\Users\User\AppData\Local\GitHubDesktop\bin;C:\Users\User\AppData\Roaming\Composer\vendor\bin;C:\Users\User\AppData\Roaming\npm
USERNAME=User
OS=Windows_NT
PROCESSOR_IDENTIFIER=Intel64 Family 6 Model 126 Stepping 5, GenuineIntel



---------------  S Y S T E M  ---------------

OS: Windows 10.0 , 64 bit Build 18362 (10.0.18362.1110)

CPU:total 4 (initial active 4) (2 cores per cpu, 2 threads per core) family 6 model 126 stepping 5, cmov, cx8, fxsr, mmx, sse, sse2, sse3, ssse3, sse4.1, sse4.2, popcnt, avx, avx2, aes, clmul, erms, 3dnowpref, lzcnt, ht, tsc, tscinvbit, bmi1, bmi2, adx

Memory: 4k page, physical 3955896k(1000896k free), swap 8150200k(5548k free)

vm_info: OpenJDK 64-Bit Server VM (25.242-b01) for windows-amd64 JRE (1.8.0_242-release-1644-b01), built by "builder" with MS VC++ 10.0 (VS2010)

time: Tue Dec 08 17:16:39 2020
timezone: SE Asia Standard Time
elapsed time: 5 seconds (0d 0h 0m 5s)

