#
# There is insufficient memory for the Java Runtime Environment to continue.
# Native memory allocation (malloc) failed to allocate 293456 bytes for Chunk::new
# Possible reasons:
#   The system is out of physical RAM or swap space
#   The process is running with CompressedOops enabled, and the Java Heap may be blocking the growth of the native heap
# Possible solutions:
#   Reduce memory load on the system
#   Increase physical memory or swap space
#   Check if swap backing store is full
#   Decrease Java heap size (-Xmx/-Xms)
#   Decrease number of Java threads
#   Decrease Java thread stack sizes (-Xss)
#   Set larger code cache with -XX:ReservedCodeCacheSize=
#   JVM is running with Unscaled Compressed Oops mode in which the Java heap is
#     placed in the first 4GB address space. The Java Heap base address is the
#     maximum limit for the native heap growth. Please use -XX:HeapBaseMinAddress
#     to set the Java Heap base and to place the Java Heap above 4GB virtual address.
# This output file may be truncated or incomplete.
#
#  Out of Memory Error (allocation.cpp:389), pid=5232, tid=0x0000000000002f2c
#
# JRE version: OpenJDK Runtime Environment (8.0_242-b01) (build 1.8.0_242-release-1644-b01)
# Java VM: OpenJDK 64-Bit Server VM (25.242-b01 mixed mode windows-amd64 compressed oops)
# Failed to write core dump. Minidumps are not enabled by default on client versions of Windows
#

---------------  T H R E A D  ---------------

Current thread (0x0000000017905800):  JavaThread "C2 CompilerThread0" daemon [_thread_in_native, id=12076, stack(0x0000000018f60000,0x0000000019060000)]

Stack: [0x0000000018f60000,0x0000000019060000]
[error occurred during error reporting (printing stack bounds), id 0xc0000005]

Native frames: (J=compiled Java code, j=interpreted, Vv=VM code, C=native code)


Current CompileTask:
C2: 208360 14318       4       org.gradle.internal.service.DefaultServiceRegistry$OwnServices$ProviderAnalyser::analyseType (114 bytes)


---------------  P R O C E S S  ---------------

Java Threads: ( => current thread )
  0x000000001f4c3000 JavaThread "pool-4-thread-1" [_thread_blocked, id=7972, stack(0x00000000293b0000,0x00000000294b0000)]
  0x000000001f4c6800 JavaThread "Cache worker for Build Output Cleanup Cache (D:\mobile\LalisaShop\.gradle\buildOutputCleanup)" [_thread_blocked, id=2216, stack(0x00000000292b0000,0x00000000293b0000)]
  0x000000001f4c5000 JavaThread "jar transforms Thread 226" [_thread_blocked, id=4540, stack(0x00000000291b0000,0x00000000292b0000)]
  0x000000001f4c9800 JavaThread "jar transforms Thread 225" [_thread_blocked, id=10288, stack(0x00000000290b0000,0x00000000291b0000)]
  0x000000001f4c9000 JavaThread "jar transforms Thread 224" [_thread_blocked, id=5772, stack(0x0000000028fb0000,0x00000000290b0000)]
  0x000000001f4c8000 JavaThread "jar transforms Thread 223" [_thread_blocked, id=1984, stack(0x0000000028eb0000,0x0000000028fb0000)]
  0x000000001f4c7800 JavaThread "jar transforms Thread 222" [_thread_blocked, id=7064, stack(0x0000000028db0000,0x0000000028eb0000)]
  0x000000001f4c6000 JavaThread "jar transforms Thread 221" [_thread_blocked, id=3432, stack(0x0000000028cb0000,0x0000000028db0000)]
  0x000000001f4c2000 JavaThread "jar transforms Thread 220" [_thread_blocked, id=6460, stack(0x0000000028bb0000,0x0000000028cb0000)]
  0x000000001f4c0800 JavaThread "jar transforms Thread 219" [_thread_blocked, id=10352, stack(0x0000000028ab0000,0x0000000028bb0000)]
  0x000000001f4c0000 JavaThread "jar transforms Thread 218" [_thread_blocked, id=9600, stack(0x00000000289b0000,0x0000000028ab0000)]
  0x000000001f4c1800 JavaThread "jar transforms Thread 217" [_thread_blocked, id=708, stack(0x00000000288b0000,0x00000000289b0000)]
  0x000000001dbbf800 JavaThread "jar transforms Thread 216" [_thread_blocked, id=4332, stack(0x00000000287b0000,0x00000000288b0000)]
  0x000000001dbbe000 JavaThread "jar transforms Thread 215" [_thread_blocked, id=5632, stack(0x00000000286b0000,0x00000000287b0000)]
  0x000000001dbbd000 JavaThread "jar transforms Thread 214" [_thread_blocked, id=10836, stack(0x00000000285b0000,0x00000000286b0000)]
  0x000000001dbbc800 JavaThread "jar transforms Thread 213" [_thread_blocked, id=7184, stack(0x00000000284b0000,0x00000000285b0000)]
  0x000000001dbbb800 JavaThread "jar transforms Thread 212" [_thread_blocked, id=1568, stack(0x00000000283b0000,0x00000000284b0000)]
  0x000000001dbc0000 JavaThread "jar transforms Thread 211" [_thread_blocked, id=12140, stack(0x00000000282b0000,0x00000000283b0000)]
  0x000000001dbbe800 JavaThread "jar transforms Thread 210" [_thread_blocked, id=5460, stack(0x00000000281b0000,0x00000000282b0000)]
  0x000000001dbbb000 JavaThread "jar transforms Thread 209" [_thread_blocked, id=848, stack(0x00000000280b0000,0x00000000281b0000)]
  0x000000001dbb4000 JavaThread "jar transforms Thread 208" [_thread_blocked, id=968, stack(0x0000000027fb0000,0x00000000280b0000)]
  0x000000001dbb3800 JavaThread "jar transforms Thread 207" [_thread_blocked, id=10988, stack(0x0000000027eb0000,0x0000000027fb0000)]
  0x000000001dbba000 JavaThread "jar transforms Thread 206" [_thread_blocked, id=9036, stack(0x0000000027db0000,0x0000000027eb0000)]
  0x000000001dbb9800 JavaThread "jar transforms Thread 205" [_thread_blocked, id=6432, stack(0x0000000027cb0000,0x0000000027db0000)]
  0x000000001dbb8800 JavaThread "jar transforms Thread 204" [_thread_blocked, id=3012, stack(0x0000000027bb0000,0x0000000027cb0000)]
  0x000000001dbb2800 JavaThread "jar transforms Thread 203" [_thread_blocked, id=7756, stack(0x0000000027ab0000,0x0000000027bb0000)]
  0x000000001dbb8000 JavaThread "jar transforms Thread 202" [_thread_blocked, id=8732, stack(0x00000000279b0000,0x0000000027ab0000)]
  0x000000001dbb7000 JavaThread "jar transforms Thread 201" [_thread_blocked, id=7356, stack(0x00000000278b0000,0x00000000279b0000)]
  0x000000001dbb5800 JavaThread "jar transforms Thread 200" [_thread_blocked, id=5396, stack(0x00000000277b0000,0x00000000278b0000)]
  0x000000001dbb5000 JavaThread "jar transforms Thread 199" [_thread_blocked, id=10916, stack(0x00000000276b0000,0x00000000277b0000)]
  0x000000001dbb2000 JavaThread "jar transforms Thread 198" [_thread_blocked, id=10196, stack(0x00000000275b0000,0x00000000276b0000)]
  0x000000001dbb1000 JavaThread "jar transforms Thread 197" [_thread_blocked, id=1016, stack(0x00000000274b0000,0x00000000275b0000)]
  0x000000001dbb6800 JavaThread "jar transforms Thread 196" [_thread_blocked, id=7372, stack(0x00000000273b0000,0x00000000274b0000)]
  0x0000000019e6f000 JavaThread "jar transforms Thread 195" [_thread_blocked, id=2308, stack(0x00000000272b0000,0x00000000273b0000)]
  0x0000000019e6e000 JavaThread "jar transforms Thread 194" [_thread_blocked, id=1352, stack(0x00000000271b0000,0x00000000272b0000)]
  0x0000000019e6c800 JavaThread "jar transforms Thread 193" [_thread_blocked, id=7684, stack(0x00000000270b0000,0x00000000271b0000)]
  0x0000000019e6d800 JavaThread "jar transforms Thread 192" [_thread_blocked, id=8944, stack(0x0000000026fb0000,0x00000000270b0000)]
  0x0000000019e69800 JavaThread "jar transforms Thread 191" [_thread_blocked, id=7136, stack(0x0000000026eb0000,0x0000000026fb0000)]
  0x0000000019e70800 JavaThread "jar transforms Thread 190" [_thread_blocked, id=8044, stack(0x0000000026db0000,0x0000000026eb0000)]
  0x0000000019e6c000 JavaThread "jar transforms Thread 189" [_thread_blocked, id=7048, stack(0x0000000026cb0000,0x0000000026db0000)]
  0x0000000019e6f800 JavaThread "jar transforms Thread 188" [_thread_blocked, id=3436, stack(0x0000000026bb0000,0x0000000026cb0000)]
  0x0000000019e65000 JavaThread "jar transforms Thread 187" [_thread_blocked, id=3148, stack(0x0000000026ab0000,0x0000000026bb0000)]
  0x0000000019e69000 JavaThread "jar transforms Thread 186" [_thread_blocked, id=5844, stack(0x00000000269b0000,0x0000000026ab0000)]
  0x0000000019e66800 JavaThread "jar transforms Thread 185" [_thread_blocked, id=10148, stack(0x00000000268b0000,0x00000000269b0000)]
  0x0000000019e6a800 JavaThread "jar transforms Thread 184" [_thread_blocked, id=4260, stack(0x00000000267b0000,0x00000000268b0000)]
  0x0000000019e67800 JavaThread "jar transforms Thread 183" [_thread_blocked, id=11324, stack(0x00000000266b0000,0x00000000267b0000)]
  0x0000000019e6b000 JavaThread "jar transforms Thread 182" [_thread_blocked, id=11708, stack(0x00000000265b0000,0x00000000266b0000)]
  0x0000000019e61800 JavaThread "jar transforms Thread 181" [_thread_blocked, id=2680, stack(0x00000000264b0000,0x00000000265b0000)]
  0x0000000019e63800 JavaThread "jar transforms Thread 180" [_thread_blocked, id=5788, stack(0x00000000263b0000,0x00000000264b0000)]
  0x0000000019e68000 JavaThread "jar transforms Thread 179" [_thread_blocked, id=7532, stack(0x00000000262b0000,0x00000000263b0000)]
  0x0000000019e64800 JavaThread "jar transforms Thread 178" [_thread_blocked, id=2624, stack(0x00000000261b0000,0x00000000262b0000)]
  0x0000000019e66000 JavaThread "jar transforms Thread 177" [_thread_blocked, id=972, stack(0x00000000260b0000,0x00000000261b0000)]
  0x0000000019e63000 JavaThread "jar transforms Thread 176" [_thread_blocked, id=2228, stack(0x0000000025fb0000,0x00000000260b0000)]
  0x0000000019e62000 JavaThread "jar transforms Thread 175" [_thread_blocked, id=1256, stack(0x0000000025eb0000,0x0000000025fb0000)]
  0x000000001b7b0000 JavaThread "jar transforms Thread 174" [_thread_blocked, id=8076, stack(0x0000000025db0000,0x0000000025eb0000)]
  0x000000001b7af000 JavaThread "jar transforms Thread 173" [_thread_blocked, id=11596, stack(0x0000000025cb0000,0x0000000025db0000)]
  0x000000001b7ae800 JavaThread "jar transforms Thread 172" [_thread_blocked, id=4068, stack(0x0000000025bb0000,0x0000000025cb0000)]
  0x000000001b7ad800 JavaThread "jar transforms Thread 171" [_thread_blocked, id=7624, stack(0x0000000025ab0000,0x0000000025bb0000)]
  0x000000001b7ad000 JavaThread "jar transforms Thread 170" [_thread_blocked, id=11728, stack(0x00000000259b0000,0x0000000025ab0000)]
  0x000000001e6d5000 JavaThread "jar transforms Thread 169" [_thread_blocked, id=11512, stack(0x00000000258b0000,0x00000000259b0000)]
  0x000000001e6d4800 JavaThread "jar transforms Thread 168" [_thread_blocked, id=1184, stack(0x00000000257b0000,0x00000000258b0000)]
  0x000000001e6d3800 JavaThread "jar transforms Thread 167" [_thread_blocked, id=2396, stack(0x00000000256b0000,0x00000000257b0000)]
  0x000000001e6d2000 JavaThread "jar transforms Thread 166" [_thread_blocked, id=5724, stack(0x00000000255b0000,0x00000000256b0000)]
  0x000000001e6d1800 JavaThread "jar transforms Thread 165" [_thread_blocked, id=11680, stack(0x00000000254b0000,0x00000000255b0000)]
  0x000000001e6c9800 JavaThread "jar transforms Thread 164" [_thread_blocked, id=3044, stack(0x00000000253b0000,0x00000000254b0000)]
  0x000000001e6d0800 JavaThread "jar transforms Thread 163" [_thread_blocked, id=10340, stack(0x00000000252b0000,0x00000000253b0000)]
  0x000000001e6c9000 JavaThread "jar transforms Thread 162" [_thread_blocked, id=8332, stack(0x00000000251b0000,0x00000000252b0000)]
  0x000000001e6cf000 JavaThread "jar transforms Thread 161" [_thread_blocked, id=2208, stack(0x00000000250b0000,0x00000000251b0000)]
  0x000000001e6cb000 JavaThread "jar transforms Thread 160" [_thread_blocked, id=5816, stack(0x0000000024fb0000,0x00000000250b0000)]
  0x000000001e6ce000 JavaThread "jar transforms Thread 159" [_thread_blocked, id=7964, stack(0x0000000024eb0000,0x0000000024fb0000)]
  0x000000001e6c6000 JavaThread "jar transforms Thread 158" [_thread_blocked, id=5224, stack(0x0000000024db0000,0x0000000024eb0000)]
  0x000000001e6c8000 JavaThread "jar transforms Thread 157" [_thread_blocked, id=10992, stack(0x0000000024cb0000,0x0000000024db0000)]
  0x000000001e6cc800 JavaThread "jar transforms Thread 156" [_thread_blocked, id=4360, stack(0x0000000024bb0000,0x0000000024cb0000)]
  0x000000001e6c7800 JavaThread "jar transforms Thread 155" [_thread_blocked, id=2528, stack(0x0000000024ab0000,0x0000000024bb0000)]
  0x000000001ad59800 JavaThread "jar transforms Thread 154" [_thread_blocked, id=12184, stack(0x00000000249b0000,0x0000000024ab0000)]
  0x000000001ad59000 JavaThread "jar transforms Thread 153" [_thread_blocked, id=6332, stack(0x00000000248b0000,0x00000000249b0000)]
  0x000000001ad56800 JavaThread "jar transforms Thread 152" [_thread_blocked, id=2920, stack(0x00000000247b0000,0x00000000248b0000)]
  0x000000001ad5a800 JavaThread "jar transforms Thread 151" [_thread_blocked, id=8016, stack(0x00000000246b0000,0x00000000247b0000)]
  0x000000001ad5c800 JavaThread "jar transforms Thread 150" [_thread_blocked, id=7036, stack(0x00000000245b0000,0x00000000246b0000)]
  0x000000001ad55000 JavaThread "jar transforms Thread 149" [_thread_blocked, id=11812, stack(0x00000000244b0000,0x00000000245b0000)]
  0x000000001ad5c000 JavaThread "jar transforms Thread 148" [_thread_blocked, id=3496, stack(0x00000000243b0000,0x00000000244b0000)]
  0x000000001ad56000 JavaThread "jar transforms Thread 147" [_thread_blocked, id=9872, stack(0x00000000242b0000,0x00000000243b0000)]
  0x000000001ad57800 JavaThread "jar transforms Thread 146" [_thread_blocked, id=4280, stack(0x00000000241b0000,0x00000000242b0000)]
  0x000000001ad58000 JavaThread "jar transforms Thread 145" [_thread_blocked, id=6968, stack(0x00000000240b0000,0x00000000241b0000)]
  0x000000001ad5b000 JavaThread "jar transforms Thread 144" [_thread_blocked, id=4400, stack(0x0000000023fb0000,0x00000000240b0000)]
  0x000000001ad4d800 JavaThread "jar transforms Thread 143" [_thread_blocked, id=7380, stack(0x0000000023eb0000,0x0000000023fb0000)]
  0x000000001ad51000 JavaThread "jar transforms Thread 142" [_thread_blocked, id=1716, stack(0x0000000023db0000,0x0000000023eb0000)]
  0x000000001ad54000 JavaThread "jar transforms Thread 141" [_thread_blocked, id=1896, stack(0x0000000023cb0000,0x0000000023db0000)]
  0x000000001ad50800 JavaThread "jar transforms Thread 140" [_thread_blocked, id=2112, stack(0x0000000023bb0000,0x0000000023cb0000)]
  0x000000001ad52000 JavaThread "jar transforms Thread 139" [_thread_blocked, id=3040, stack(0x0000000023ab0000,0x0000000023bb0000)]
  0x000000001ad4f800 JavaThread "jar transforms Thread 138" [_thread_blocked, id=3100, stack(0x00000000239b0000,0x0000000023ab0000)]
  0x000000001f707800 JavaThread "jar transforms Thread 137" [_thread_blocked, id=9120, stack(0x00000000238b0000,0x00000000239b0000)]
  0x000000001f70e000 JavaThread "jar transforms Thread 136" [_thread_blocked, id=5420, stack(0x00000000237b0000,0x00000000238b0000)]
  0x000000001f70c800 JavaThread "jar transforms Thread 135" [_thread_blocked, id=376, stack(0x00000000236b0000,0x00000000237b0000)]
  0x000000001f70c000 JavaThread "jar transforms Thread 134" [_thread_blocked, id=6384, stack(0x00000000235b0000,0x00000000236b0000)]
  0x000000001f70d800 JavaThread "jar transforms Thread 133" [_thread_blocked, id=9068, stack(0x00000000234b0000,0x00000000235b0000)]
  0x000000001f70b000 JavaThread "jar transforms Thread 132" [_thread_blocked, id=7488, stack(0x00000000232b0000,0x00000000233b0000)]
  0x000000001f70a800 JavaThread "jar transforms Thread 131" [_thread_blocked, id=11476, stack(0x00000000231b0000,0x00000000232b0000)]
  0x000000001f702800 JavaThread "jar transforms Thread 130" [_thread_blocked, id=3592, stack(0x00000000230b0000,0x00000000231b0000)]
  0x000000001f708000 JavaThread "jar transforms Thread 129" [_thread_blocked, id=5832, stack(0x0000000022fb0000,0x00000000230b0000)]
  0x000000001f709800 JavaThread "jar transforms Thread 128" [_thread_blocked, id=1164, stack(0x0000000022eb0000,0x0000000022fb0000)]
  0x000000001f709000 JavaThread "jar transforms Thread 127" [_thread_blocked, id=7252, stack(0x0000000022db0000,0x0000000022eb0000)]
  0x000000001f706800 JavaThread "jar transforms Thread 126" [_thread_blocked, id=3572, stack(0x0000000022cb0000,0x0000000022db0000)]
  0x000000001f702000 JavaThread "jar transforms Thread 125" [_thread_blocked, id=8956, stack(0x0000000022bb0000,0x0000000022cb0000)]
  0x000000001f6ff000 JavaThread "jar transforms Thread 124" [_thread_blocked, id=11692, stack(0x0000000022ab0000,0x0000000022bb0000)]
  0x000000001f701000 JavaThread "jar transforms Thread 123" [_thread_blocked, id=12232, stack(0x00000000229b0000,0x0000000022ab0000)]
  0x000000001f706000 JavaThread "jar transforms Thread 122" [_thread_blocked, id=1688, stack(0x00000000228b0000,0x00000000229b0000)]
  0x000000001f6ff800 JavaThread "jar transforms Thread 121" [_thread_blocked, id=2372, stack(0x00000000227b0000,0x00000000228b0000)]
  0x000000001f705000 JavaThread "jar transforms Thread 120" [_thread_blocked, id=728, stack(0x00000000226b0000,0x00000000227b0000)]
  0x000000001f703800 JavaThread "jar transforms Thread 119" [_thread_blocked, id=8524, stack(0x00000000225b0000,0x00000000226b0000)]
  0x000000001eeb8000 JavaThread "jar transforms Thread 118" [_thread_blocked, id=1672, stack(0x00000000224b0000,0x00000000225b0000)]
  0x000000001eeb7800 JavaThread "jar transforms Thread 117" [_thread_blocked, id=11060, stack(0x00000000223b0000,0x00000000224b0000)]
  0x000000001eebe000 JavaThread "jar transforms Thread 116" [_thread_blocked, id=4732, stack(0x00000000222b0000,0x00000000223b0000)]
  0x000000001eeb6800 JavaThread "jar transforms Thread 115" [_thread_blocked, id=11396, stack(0x0000000021ab0000,0x0000000021bb0000)]
  0x000000001eebd800 JavaThread "jar transforms Thread 114" [_thread_blocked, id=10940, stack(0x00000000212b0000,0x00000000213b0000)]
  0x000000001eeb9000 JavaThread "Build operations Thread 4" [_thread_blocked, id=9664, stack(0x000000001ff50000,0x0000000020050000)]
  0x000000001eeba800 JavaThread "Build operations Thread 3" [_thread_blocked, id=4292, stack(0x000000001fe50000,0x000000001ff50000)]
  0x000000001eebc800 JavaThread "Build operations Thread 2" [_thread_blocked, id=7124, stack(0x000000001eb50000,0x000000001ec50000)]
  0x000000001eebc000 JavaThread "Build operations" [_thread_blocked, id=5944, stack(0x000000001d380000,0x000000001d480000)]
  0x000000001eeb9800 JavaThread "Cache worker for cache directory md-rule (C:\Users\User\.gradle\caches\6.5\md-rule)" [_thread_blocked, id=7144, stack(0x000000001d280000,0x000000001d380000)]
  0x000000001eeaf000 JavaThread "Cache worker for cache directory md-supplier (C:\Users\User\.gradle\caches\6.5\md-supplier)" [_thread_blocked, id=7588, stack(0x000000001d180000,0x000000001d280000)]
  0x000000001eeb6000 JavaThread "Cache worker for checksums cache (D:\mobile\LalisaShop\.gradle\checksums)" [_thread_blocked, id=11136, stack(0x000000001d080000,0x000000001d180000)]
  0x000000001eeb1800 JavaThread "Cache worker for file hash cache (D:\mobile\LalisaShop\.gradle\6.5\fileHashes)" [_thread_blocked, id=2516, stack(0x000000001cf80000,0x000000001d080000)]
  0x000000001eeb3800 JavaThread "Thread-157" [_thread_blocked, id=5892, stack(0x000000001cc80000,0x000000001cd80000)]
  0x000000001eeb0800 JavaThread "Stdin handler" [_thread_blocked, id=1812, stack(0x000000001cb80000,0x000000001cc80000)]
  0x000000001eeb5000 JavaThread "Asynchronous log dispatcher for DefaultDaemonConnection: socket connection from /127.0.0.1:53136 to /127.0.0.1:53267" [_thread_blocked, id=9228, stack(0x000000001c740000,0x000000001c840000)]
  0x000000001eeb4800 JavaThread "Daemon worker Thread 2" [_thread_in_vm, id=7788, stack(0x000000001c640000,0x000000001c740000)]
  0x000000001eeb0000 JavaThread "Cancel handler" [_thread_blocked, id=9332, stack(0x0000000001150000,0x0000000001250000)]
  0x000000001eeb3000 JavaThread "Handler for socket connection from /127.0.0.1:53136 to /127.0.0.1:53267" [_thread_in_native, id=3576, stack(0x0000000001050000,0x0000000001150000)]
  0x000000001eeb2000 JavaThread "Daemon Thread 2" [_thread_blocked, id=4876, stack(0x0000000000f50000,0x0000000001050000)]
  0x000000001e6d3000 JavaThread "Cache worker for Java compile cache (C:\Users\User\.gradle\caches\6.5\javaCompile)" [_thread_blocked, id=2672, stack(0x000000002d0b0000,0x000000002d1b0000)]
  0x000000001e6cf800 JavaThread "RMI Reaper" [_thread_blocked, id=8096, stack(0x000000002ceb0000,0x000000002cfb0000)]
  0x000000001e6c6800 JavaThread "RMI TCP Accept-0" daemon [_thread_in_native, id=7388, stack(0x000000002cdb0000,0x000000002ceb0000)]
  0x000000001e6cd800 JavaThread "GC Daemon" daemon [_thread_blocked, id=4528, stack(0x000000002ccb0000,0x000000002cdb0000)]
  0x000000001e6cc000 JavaThread "RMI Scheduler(0)" daemon [_thread_blocked, id=5168, stack(0x000000002cab0000,0x000000002cbb0000)]
  0x000000001eebb000 JavaThread "Memory manager" [_thread_blocked, id=2644, stack(0x0000000029d60000,0x0000000029e60000)]
  0x000000001b7a9000 JavaThread "Cache worker for file content cache (C:\Users\User\.gradle\caches\6.5\fileContent)" [_thread_blocked, id=10776, stack(0x0000000021bb0000,0x0000000021cb0000)]
  0x000000001b7aa800 JavaThread "Cache worker for execution history cache (C:\Users\User\.gradle\caches\6.5\executionHistory)" [_thread_blocked, id=7160, stack(0x00000000213b0000,0x00000000214b0000)]
  0x000000001b7aa000 JavaThread "Cache worker for file hash cache (C:\Users\User\.gradle\caches\6.5\fileHashes)" [_thread_blocked, id=10624, stack(0x000000001d880000,0x000000001d980000)]
  0x000000001b7ac000 JavaThread "File lock request listener" [_thread_in_native, id=7020, stack(0x000000001d780000,0x000000001d880000)]
  0x000000001b76a800 JavaThread "Cache worker for journal cache (C:\Users\User\.gradle\caches\journal-1)" [_thread_blocked, id=11944, stack(0x000000001d680000,0x000000001d780000)]
  0x000000001b41c800 JavaThread "Daemon periodic checks" [_thread_blocked, id=11412, stack(0x000000001ca80000,0x000000001cb80000)]
  0x000000001b3c9800 JavaThread "Incoming local TCP Connector on port 53136" [_thread_in_native, id=5000, stack(0x000000001c840000,0x000000001c940000)]
  0x000000001b338800 JavaThread "Daemon health stats" [_thread_blocked, id=812, stack(0x000000001c200000,0x000000001c300000)]
  0x000000001795d000 JavaThread "Service Thread" daemon [_thread_blocked, id=9416, stack(0x0000000019660000,0x0000000019760000)]
  0x000000001792b000 JavaThread "C1 CompilerThread2" daemon [_thread_blocked, id=7236, stack(0x0000000019160000,0x0000000019260000)]
  0x0000000017909800 JavaThread "C2 CompilerThread1" daemon [_thread_blocked, id=11256, stack(0x0000000019060000,0x0000000019160000)]
=>0x0000000017905800 JavaThread "C2 CompilerThread0" daemon [_thread_in_native, id=12076, stack(0x0000000018f60000,0x0000000019060000)]
  0x0000000017903800 JavaThread "Attach Listener" daemon [_thread_blocked, id=4432, stack(0x0000000018e60000,0x0000000018f60000)]
  0x0000000017900000 JavaThread "Signal Dispatcher" daemon [_thread_blocked, id=7608, stack(0x0000000018d60000,0x0000000018e60000)]
  0x00000000178e9800 JavaThread "Finalizer" daemon [_thread_blocked, id=3868, stack(0x0000000018b60000,0x0000000018c60000)]
  0x0000000002cd1000 JavaThread "Reference Handler" daemon [_thread_blocked, id=11736, stack(0x0000000018a60000,0x0000000018b60000)]
  0x0000000002b9d800 JavaThread "main" [_thread_blocked, id=10264, stack(0x0000000002a30000,0x0000000002b30000)]

Other Threads:
  0x00000000178c6000 VMThread [stack: 0x0000000018960000,0x0000000018a60000] [id=5924]
  0x000000001795d800 WatcherThread [stack: 0x0000000019760000,0x0000000019860000] [id=7284]

VM state:not at safepoint (normal execution)

VM Mutex/Monitor currently owned by a thread: None

heap address: 0x0000000080000000, size: 2048 MB, Compressed Oops mode: 32-bit
Narrow klass base: 0x0000000000000000, Narrow klass shift: 3
Compressed class space size: 1073741824 Address: 0x0000000100000000

Heap:
 PSYoungGen      total 309760K, used 220675K [0x00000000d5580000, 0x00000000eec00000, 0x0000000100000000)
  eden space 269312K, 71% used [0x00000000d5580000,0x00000000e1223608,0x00000000e5c80000)
  from space 40448K, 68% used [0x00000000e9580000,0x00000000eb05d958,0x00000000ebd00000)
  to   space 58368K, 0% used [0x00000000e5c80000,0x00000000e5c80000,0x00000000e9580000)
 ParOldGen       total 177152K, used 89534K [0x0000000080000000, 0x000000008ad00000, 0x00000000d5580000)
  object space 177152K, 50% used [0x0000000080000000,0x000000008576f8d8,0x000000008ad00000)
 Metaspace       used 96264K, capacity 100862K, committed 102296K, reserved 1136640K
  class space    used 12867K, capacity 13779K, committed 14256K, reserved 1048576K

Card table byte_map: [0x00000000120a0000,0x00000000124b0000] byte_map_base: 0x0000000011ca0000

Marking Bits: (ParMarkBitMap*) 0x000000005547f030
 Begin Bits: [0x0000000012b60000, 0x0000000014b60000)
 End Bits:   [0x0000000014b60000, 0x0000000016b60000)

Polling page: 0x0000000002b30000

CodeCache: size=245760Kb used=37353Kb max_used=37359Kb free=208407Kb
 bounds [0x0000000002ce0000, 0x0000000005190000, 0x0000000011ce0000]
 total_blobs=12863 nmethods=11939 adapters=835
 compilation: enabled

Compilation events (10 events):
Event: 208.317 Thread 0x000000001792b000 14329       3       java.lang.invoke.Invokers::checkGenericType (16 bytes)
Event: 208.317 Thread 0x000000001792b000 nmethod 14329 0x0000000005171a10 code [0x0000000005171ba0, 0x00000000051721a8]
Event: 208.332 Thread 0x000000001792b000 14330       3       com.google.common.reflect.TypeCapture::<init> (5 bytes)
Event: 208.332 Thread 0x000000001792b000 nmethod 14330 0x0000000005171650 code [0x00000000051717a0, 0x0000000005171950]
Event: 208.337 Thread 0x0000000017909800 14331       4       com.google.common.base.Preconditions::checkArgument (13 bytes)
Event: 208.338 Thread 0x0000000017909800 nmethod 14331 0x0000000003e35650 code [0x0000000003e35780, 0x0000000003e357d8]
Event: 208.350 Thread 0x000000001792b000 14332       3       sun.reflect.generics.reflectiveObjects.ParameterizedTypeImpl::equals (81 bytes)
Event: 208.351 Thread 0x000000001792b000 nmethod 14332 0x00000000051705d0 code [0x00000000051707c0, 0x00000000051713a8]
Event: 208.356 Thread 0x000000001792b000 14333       3       javax.management.ObjectName::isPattern (27 bytes)
Event: 208.356 Thread 0x000000001792b000 nmethod 14333 0x00000000051701d0 code [0x0000000005170320, 0x0000000005170550]

GC Heap History (10 events):
Event: 11.532 GC heap before
{Heap before GC invocations=16 (full 3):
 PSYoungGen      total 226816K, used 212480K [0x00000000d5580000, 0x00000000e5280000, 0x0000000100000000)
  eden space 212480K, 100% used [0x00000000d5580000,0x00000000e2500000,0x00000000e2500000)
  from space 14336K, 0% used [0x00000000e3980000,0x00000000e3980000,0x00000000e4780000)
  to   space 20992K, 0% used [0x00000000e2500000,0x00000000e2500000,0x00000000e3980000)
 ParOldGen       total 92672K, used 38947K [0x0000000080000000, 0x0000000085a80000, 0x00000000d5580000)
  object space 92672K, 42% used [0x0000000080000000,0x0000000082608cf8,0x0000000085a80000)
 Metaspace       used 67147K, capacity 70216K, committed 70296K, reserved 1110016K
  class space    used 9215K, capacity 9855K, committed 9904K, reserved 1048576K
Event: 11.564 GC heap after
Heap after GC invocations=16 (full 3):
 PSYoungGen      total 233472K, used 17505K [0x00000000d5580000, 0x00000000e7a00000, 0x0000000100000000)
  eden space 212480K, 0% used [0x00000000d5580000,0x00000000d5580000,0x00000000e2500000)
  from space 20992K, 83% used [0x00000000e2500000,0x00000000e36187d8,0x00000000e3980000)
  to   space 23040K, 0% used [0x00000000e6380000,0x00000000e6380000,0x00000000e7a00000)
 ParOldGen       total 92672K, used 38955K [0x0000000080000000, 0x0000000085a80000, 0x00000000d5580000)
  object space 92672K, 42% used [0x0000000080000000,0x000000008260acf8,0x0000000085a80000)
 Metaspace       used 67147K, capacity 70216K, committed 70296K, reserved 1110016K
  class space    used 9215K, capacity 9855K, committed 9904K, reserved 1048576K
}
Event: 14.781 GC heap before
{Heap before GC invocations=17 (full 3):
 PSYoungGen      total 233472K, used 229985K [0x00000000d5580000, 0x00000000e7a00000, 0x0000000100000000)
  eden space 212480K, 100% used [0x00000000d5580000,0x00000000e2500000,0x00000000e2500000)
  from space 20992K, 83% used [0x00000000e2500000,0x00000000e36187d8,0x00000000e3980000)
  to   space 23040K, 0% used [0x00000000e6380000,0x00000000e6380000,0x00000000e7a00000)
 ParOldGen       total 92672K, used 38955K [0x0000000080000000, 0x0000000085a80000, 0x00000000d5580000)
  object space 92672K, 42% used [0x0000000080000000,0x000000008260acf8,0x0000000085a80000)
 Metaspace       used 73352K, capacity 76600K, committed 76952K, reserved 1116160K
  class space    used 9947K, capacity 10563K, committed 10672K, reserved 1048576K
Event: 14.805 GC heap after
Heap after GC invocations=17 (full 3):
 PSYoungGen      total 271872K, used 23018K [0x00000000d5580000, 0x00000000e7f80000, 0x0000000100000000)
  eden space 248832K, 0% used [0x00000000d5580000,0x00000000d5580000,0x00000000e4880000)
  from space 23040K, 99% used [0x00000000e6380000,0x00000000e79fa8b8,0x00000000e7a00000)
  to   space 27648K, 0% used [0x00000000e4880000,0x00000000e4880000,0x00000000e6380000)
 ParOldGen       total 92672K, used 41478K [0x0000000080000000, 0x0000000085a80000, 0x00000000d5580000)
  object space 92672K, 44% used [0x0000000080000000,0x0000000082881a08,0x0000000085a80000)
 Metaspace       used 73352K, capacity 76600K, committed 76952K, reserved 1116160K
  class space    used 9947K, capacity 10563K, committed 10672K, reserved 1048576K
}
Event: 23.989 GC heap before
{Heap before GC invocations=18 (full 3):
 PSYoungGen      total 271872K, used 271850K [0x00000000d5580000, 0x00000000e7f80000, 0x0000000100000000)
  eden space 248832K, 100% used [0x00000000d5580000,0x00000000e4880000,0x00000000e4880000)
  from space 23040K, 99% used [0x00000000e6380000,0x00000000e79fa8b8,0x00000000e7a00000)
  to   space 27648K, 0% used [0x00000000e4880000,0x00000000e4880000,0x00000000e6380000)
 ParOldGen       total 92672K, used 41478K [0x0000000080000000, 0x0000000085a80000, 0x00000000d5580000)
  object space 92672K, 44% used [0x0000000080000000,0x0000000082881a08,0x0000000085a80000)
 Metaspace       used 81838K, capacity 85470K, committed 85528K, reserved 1122304K
  class space    used 11096K, capacity 11797K, committed 11824K, reserved 1048576K
Event: 24.035 GC heap after
Heap after GC invocations=18 (full 3):
 PSYoungGen      total 276480K, used 27642K [0x00000000d5580000, 0x00000000ebd00000, 0x0000000100000000)
  eden space 248832K, 0% used [0x00000000d5580000,0x00000000d5580000,0x00000000e4880000)
  from space 27648K, 99% used [0x00000000e4880000,0x00000000e637ea40,0x00000000e6380000)
  to   space 40448K, 0% used [0x00000000e9580000,0x00000000e9580000,0x00000000ebd00000)
 ParOldGen       total 92672K, used 64036K [0x0000000080000000, 0x0000000085a80000, 0x00000000d5580000)
  object space 92672K, 69% used [0x0000000080000000,0x0000000083e891a8,0x0000000085a80000)
 Metaspace       used 81838K, capacity 85470K, committed 85528K, reserved 1122304K
  class space    used 11096K, capacity 11797K, committed 11824K, reserved 1048576K
}
Event: 27.346 GC heap before
{Heap before GC invocations=19 (full 3):
 PSYoungGen      total 276480K, used 276335K [0x00000000d5580000, 0x00000000ebd00000, 0x0000000100000000)
  eden space 248832K, 99% used [0x00000000d5580000,0x00000000e485d3c8,0x00000000e4880000)
  from space 27648K, 99% used [0x00000000e4880000,0x00000000e637ea40,0x00000000e6380000)
  to   space 40448K, 0% used [0x00000000e9580000,0x00000000e9580000,0x00000000ebd00000)
 ParOldGen       total 92672K, used 64036K [0x0000000080000000, 0x0000000085a80000, 0x00000000d5580000)
  object space 92672K, 69% used [0x0000000080000000,0x0000000083e891a8,0x0000000085a80000)
 Metaspace       used 92112K, capacity 97428K, committed 97688K, reserved 1132544K
  class space    used 12690K, capacity 13716K, committed 13744K, reserved 1048576K
Event: 27.458 GC heap after
Heap after GC invocations=19 (full 3):
 PSYoungGen      total 309760K, used 40419K [0x00000000d5580000, 0x00000000eec00000, 0x0000000100000000)
  eden space 269312K, 0% used [0x00000000d5580000,0x00000000d5580000,0x00000000e5c80000)
  from space 40448K, 99% used [0x00000000e9580000,0x00000000ebcf8d78,0x00000000ebd00000)
  to   space 58368K, 0% used [0x00000000e5c80000,0x00000000e5c80000,0x00000000e9580000)
 ParOldGen       total 94208K, used 93884K [0x0000000080000000, 0x0000000085c00000, 0x00000000d5580000)
  object space 94208K, 99% used [0x0000000080000000,0x0000000085baf0d8,0x0000000085c00000)
 Metaspace       used 92112K, capacity 97428K, committed 97688K, reserved 1132544K
  class space    used 12690K, capacity 13716K, committed 13744K, reserved 1048576K
}
Event: 27.458 GC heap before
{Heap before GC invocations=20 (full 4):
 PSYoungGen      total 309760K, used 40419K [0x00000000d5580000, 0x00000000eec00000, 0x0000000100000000)
  eden space 269312K, 0% used [0x00000000d5580000,0x00000000d5580000,0x00000000e5c80000)
  from space 40448K, 99% used [0x00000000e9580000,0x00000000ebcf8d78,0x00000000ebd00000)
  to   space 58368K, 0% used [0x00000000e5c80000,0x00000000e5c80000,0x00000000e9580000)
 ParOldGen       total 94208K, used 93884K [0x0000000080000000, 0x0000000085c00000, 0x00000000d5580000)
  object space 94208K, 99% used [0x0000000080000000,0x0000000085baf0d8,0x0000000085c00000)
 Metaspace       used 92112K, capacity 97428K, committed 97688K, reserved 1132544K
  class space    used 12690K, capacity 13716K, committed 13744K, reserved 1048576K
Event: 28.237 GC heap after
Heap after GC invocations=20 (full 4):
 PSYoungGen      total 309760K, used 27510K [0x00000000d5580000, 0x00000000eec00000, 0x0000000100000000)
  eden space 269312K, 0% used [0x00000000d5580000,0x00000000d5580000,0x00000000e5c80000)
  from space 40448K, 68% used [0x00000000e9580000,0x00000000eb05d958,0x00000000ebd00000)
  to   space 58368K, 0% used [0x00000000e5c80000,0x00000000e5c80000,0x00000000e9580000)
 ParOldGen       total 177152K, used 89534K [0x0000000080000000, 0x000000008ad00000, 0x00000000d5580000)
  object space 177152K, 50% used [0x0000000080000000,0x000000008576f8d8,0x000000008ad00000)
 Metaspace       used 91425K, capacity 95844K, committed 97688K, reserved 1132544K
  class space    used 12443K, capacity 13274K, committed 13744K, reserved 1048576K
}

Deoptimization events (10 events):
Event: 207.719 Thread 0x000000001eeb4800 Uncommon trap: reason=bimorphic action=maybe_recompile pc=0x00000000047c5124 method=com.google.common.collect.ImmutableSet.copyOf(Ljava/util/Collection;)Lcom/google/common/collect/ImmutableSet; @ 29
Event: 207.721 Thread 0x000000001eeb4800 Uncommon trap: reason=bimorphic action=maybe_recompile pc=0x00000000047c5124 method=com.google.common.collect.ImmutableSet.copyOf(Ljava/util/Collection;)Lcom/google/common/collect/ImmutableSet; @ 29
Event: 207.744 Thread 0x000000001eeb4800 Uncommon trap: reason=unstable_if action=reinterpret pc=0x0000000004461a14 method=org.gradle.tooling.internal.provider.runner.SubtreeFilteringBuildOperationListener.started(Lorg/gradle/internal/operations/BuildOperationDescriptor;Lorg/gradle/internal/oper
Event: 207.798 Thread 0x000000001eeb4800 Uncommon trap: reason=unstable_if action=reinterpret pc=0x00000000043c7b98 method=org.gradle.cache.internal.DefaultCrossBuildInMemoryCacheFactory$AbstractCrossBuildInMemoryCache.getIfPresent(Ljava/lang/Object;)Ljava/lang/Object; @ 24
Event: 207.809 Thread 0x000000001eeb4800 Uncommon trap: reason=bimorphic action=maybe_recompile pc=0x00000000044533e4 method=com.google.common.cache.LocalCache$Segment.getLiveValue(Lcom/google/common/cache/ReferenceEntry;J)Ljava/lang/Object; @ 21
Event: 207.821 Thread 0x000000001eeb4800 Uncommon trap: reason=unstable_if action=reinterpret pc=0x00000000034b2390 method=com.google.common.collect.ImmutableSortedSet.emptySet(Ljava/util/Comparator;)Lcom/google/common/collect/RegularImmutableSortedSet; @ 7
Event: 207.836 Thread 0x000000001eeb4800 Uncommon trap: reason=unstable_if action=reinterpret pc=0x00000000033ae438 method=com.google.common.collect.MapMakerInternalMap$Segment.getEntry(Ljava/lang/Object;I)Lcom/google/common/collect/MapMakerInternalMap$InternalEntry; @ 4
Event: 207.844 Thread 0x000000001eeb4800 Uncommon trap: reason=unstable_if action=reinterpret pc=0x0000000003a50cc0 method=java.util.concurrent.ConcurrentHashMap.computeIfAbsent(Ljava/lang/Object;Ljava/util/function/Function;)Ljava/lang/Object; @ 123
Event: 208.214 Thread 0x000000001eeb4800 Uncommon trap: reason=bimorphic action=maybe_recompile pc=0x00000000047c5124 method=com.google.common.collect.ImmutableSet.copyOf(Ljava/util/Collection;)Lcom/google/common/collect/ImmutableSet; @ 29
Event: 208.239 Thread 0x000000001eeb3800 Uncommon trap: reason=unstable_if action=reinterpret pc=0x0000000004dd29f8 method=java.io.ObjectOutputStream.writeOrdinaryObject(Ljava/lang/Object;Ljava/io/ObjectStreamClass;Z)V @ 113

Classes redefined (0 events):
No events

Internal exceptions (10 events):
Event: 28.263 Thread 0x000000001f708000 Implicit null exception at 0x0000000003ff9a4f to 0x0000000003ff9bbd
Event: 29.034 Thread 0x000000001f708000 Exception <a 'sun/nio/fs/WindowsException'> (0x00000000dab8cf58) thrown at [C:\src\AOSP-openjdk-git\hotspot\src\share\vm\prims\jni.cpp, line 710]
Event: 29.162 Thread 0x000000001e6cb000 Exception <a 'java/lang/NoSuchMethodError': java.lang.Object.lambda$asRunnable$0(Lcom/android/tools/build/apkzlib/utils/IOExceptionRunnable;)V> (0x00000000db2fdfb8) thrown at [C:\src\AOSP-openjdk-git\hotspot\src\share\vm\interpreter\linkResolver.cpp, line
Event: 29.211 Thread 0x000000001e6cb000 Exception <a 'java/lang/NoSuchMethodError': java.lang.Object.newSystemTemporaryDirectory()Lcom/android/tools/build/apkzlib/bytestorage/TemporaryDirectory;> (0x00000000db536028) thrown at [C:\src\AOSP-openjdk-git\hotspot\src\share\vm\interpreter\linkResolv
Event: 29.248 Thread 0x000000001e6cb000 Exception <a 'sun/nio/fs/WindowsException'> (0x00000000db6f7508) thrown at [C:\src\AOSP-openjdk-git\hotspot\src\share\vm\prims\jni.cpp, line 710]
Event: 29.248 Thread 0x000000001e6cb000 Exception <a 'sun/nio/fs/WindowsException'> (0x00000000db6f79e0) thrown at [C:\src\AOSP-openjdk-git\hotspot\src\share\vm\prims\jni.cpp, line 710]
Event: 29.255 Thread 0x000000001e6cb000 Exception <a 'java/lang/NoSuchMethodError': java.lang.Object.lambda$static$0(Lcom/android/apksig/util/RunnablesProvider;)V> (0x00000000db76a4c8) thrown at [C:\src\AOSP-openjdk-git\hotspot\src\share\vm\interpreter\linkResolver.cpp, line 620]
Event: 29.746 Thread 0x000000001b475000 Implicit null exception at 0x000000000444b3ac to 0x000000000444b3f5
Event: 207.744 Thread 0x000000001eeb4800 Implicit null exception at 0x00000000044610de to 0x00000000044619f9
Event: 208.339 Thread 0x000000001eeb4800 Exception <a 'sun/nio/fs/WindowsException'> (0x00000000e11bb908) thrown at [C:\src\AOSP-openjdk-git\hotspot\src\share\vm\prims\jni.cpp, line 710]

Events (10 events):
Event: 208.319 Executing VM operation: RevokeBias done
Event: 208.341 Thread 0x000000001f4c3000 Thread added: 0x000000001f4c3000
Event: 208.352 Executing VM operation: RevokeBias
Event: 208.352 Executing VM operation: RevokeBias done
Event: 208.353 Executing VM operation: RevokeBias
Event: 208.353 Executing VM operation: RevokeBias done
Event: 208.353 Executing VM operation: RevokeBias
Event: 208.354 Executing VM operation: RevokeBias done
Event: 208.355 Executing VM operation: RevokeBias
Event: 208.355 Executing VM operation: RevokeBias done


Dynamic libraries:
0x00007ff650720000 - 0x00007ff650751000 	C:\Program Files\Android\Android Studio\jre\bin\java.exe
0x00007ffa18f40000 - 0x00007ffa19130000 	C:\WINDOWS\SYSTEM32\ntdll.dll
0x00007ffa18a20000 - 0x00007ffa18ad2000 	C:\WINDOWS\System32\KERNEL32.DLL
0x00007ffa16200000 - 0x00007ffa164a5000 	C:\WINDOWS\System32\KERNELBASE.dll
0x00007ffa17150000 - 0x00007ffa171f3000 	C:\WINDOWS\System32\ADVAPI32.dll
0x00007ffa180c0000 - 0x00007ffa1815e000 	C:\WINDOWS\System32\msvcrt.dll
0x00007ffa17f50000 - 0x00007ffa17fe7000 	C:\WINDOWS\System32\sechost.dll
0x00007ffa18580000 - 0x00007ffa186a0000 	C:\WINDOWS\System32\RPCRT4.dll
0x00007ffa186c0000 - 0x00007ffa18854000 	C:\WINDOWS\System32\USER32.dll
0x00007ffa16830000 - 0x00007ffa16851000 	C:\WINDOWS\System32\win32u.dll
0x00007ffa17120000 - 0x00007ffa17146000 	C:\WINDOWS\System32\GDI32.dll
0x00007ffa16060000 - 0x00007ffa161f6000 	C:\WINDOWS\System32\gdi32full.dll
0x00007ffa164b0000 - 0x00007ffa1654e000 	C:\WINDOWS\System32\msvcp_win.dll
0x00007ffa15f10000 - 0x00007ffa1600a000 	C:\WINDOWS\System32\ucrtbase.dll
0x00007ffa02bc0000 - 0x00007ffa02e44000 	C:\WINDOWS\WinSxS\amd64_microsoft.windows.common-controls_6595b64144ccf1df_6.0.18362.1198_none_9e820b57e45ad92f\COMCTL32.dll
0x00007ffa18bc0000 - 0x00007ffa18ef5000 	C:\WINDOWS\System32\combase.dll
0x00007ffa16600000 - 0x00007ffa16680000 	C:\WINDOWS\System32\bcryptPrimitives.dll
0x00007ffa18910000 - 0x00007ffa1893e000 	C:\WINDOWS\System32\IMM32.DLL
0x0000000054af0000 - 0x0000000054bc2000 	C:\Program Files\Android\Android Studio\jre\jre\bin\msvcr100.dll
0x0000000054cb0000 - 0x00000000554fb000 	C:\Program Files\Android\Android Studio\jre\jre\bin\server\jvm.dll
0x00007ffa17060000 - 0x00007ffa17068000 	C:\WINDOWS\System32\PSAPI.DLL
0x00007ffa100c0000 - 0x00007ffa100c9000 	C:\WINDOWS\SYSTEM32\WSOCK32.dll
0x00007ffa18300000 - 0x00007ffa1836f000 	C:\WINDOWS\System32\WS2_32.dll
0x00007ffa119d0000 - 0x00007ffa119f4000 	C:\WINDOWS\SYSTEM32\WINMM.dll
0x00007ffa0f930000 - 0x00007ffa0f93a000 	C:\WINDOWS\SYSTEM32\VERSION.dll
0x00007ffa119a0000 - 0x00007ffa119cd000 	C:\WINDOWS\SYSTEM32\winmmbase.dll
0x00007ffa16010000 - 0x00007ffa1605a000 	C:\WINDOWS\System32\cfgmgr32.dll
0x00007ffa100b0000 - 0x00007ffa100bf000 	C:\Program Files\Android\Android Studio\jre\jre\bin\verify.dll
0x00007ffa0e050000 - 0x00007ffa0e079000 	C:\Program Files\Android\Android Studio\jre\jre\bin\java.dll
0x00007ffa0e180000 - 0x00007ffa0e196000 	C:\Program Files\Android\Android Studio\jre\jre\bin\zip.dll
0x00007ffa17280000 - 0x00007ffa17967000 	C:\WINDOWS\System32\SHELL32.dll
0x00007ffa18860000 - 0x00007ffa18909000 	C:\WINDOWS\System32\shcore.dll
0x00007ffa16860000 - 0x00007ffa16fe1000 	C:\WINDOWS\System32\windows.storage.dll
0x00007ffa15e50000 - 0x00007ffa15e73000 	C:\WINDOWS\System32\profapi.dll
0x00007ffa15e00000 - 0x00007ffa15e4a000 	C:\WINDOWS\System32\powrprof.dll
0x00007ffa15df0000 - 0x00007ffa15e00000 	C:\WINDOWS\System32\UMPDC.dll
0x00007ffa18940000 - 0x00007ffa18992000 	C:\WINDOWS\System32\shlwapi.dll
0x00007ffa15ea0000 - 0x00007ffa15eb1000 	C:\WINDOWS\System32\kernel.appcore.dll
0x00007ffa15ef0000 - 0x00007ffa15f07000 	C:\WINDOWS\System32\cryptsp.dll
0x00007ffa0dfb0000 - 0x00007ffa0dfca000 	C:\Program Files\Android\Android Studio\jre\jre\bin\net.dll
0x00007ffa15640000 - 0x00007ffa156a7000 	C:\WINDOWS\system32\mswsock.dll
0x00007ffa0b2d0000 - 0x00007ffa0b2e3000 	C:\Program Files\Android\Android Studio\jre\jre\bin\nio.dll
0x00007ffa03920000 - 0x00007ffa03947000 	C:\Users\User\.gradle\native\f6784746aeab05261644944871eae4fe03e0ef1612fff0a4a95f87b438bc6780\windows-amd64\native-platform.dll
0x00007ffa0de00000 - 0x00007ffa0de0d000 	C:\Program Files\Android\Android Studio\jre\jre\bin\management.dll
0x00007ffa151b0000 - 0x00007ffa151e3000 	C:\WINDOWS\system32\rsaenh.dll
0x00007ffa15ec0000 - 0x00007ffa15ee6000 	C:\WINDOWS\System32\bcrypt.dll
0x00007ffa15d10000 - 0x00007ffa15d35000 	C:\WINDOWS\SYSTEM32\USERENV.dll
0x00007ffa15810000 - 0x00007ffa1581c000 	C:\WINDOWS\SYSTEM32\CRYPTBASE.dll
0x00007ffa15350000 - 0x00007ffa1538a000 	C:\WINDOWS\SYSTEM32\IPHLPAPI.DLL
0x00007ffa18ae0000 - 0x00007ffa18ae8000 	C:\WINDOWS\System32\NSI.dll
0x00007ffa0cd60000 - 0x00007ffa0cd76000 	C:\WINDOWS\SYSTEM32\dhcpcsvc6.DLL
0x00007ffa0d660000 - 0x00007ffa0d67c000 	C:\WINDOWS\SYSTEM32\dhcpcsvc.DLL
0x00007ffa15390000 - 0x00007ffa1545b000 	C:\WINDOWS\SYSTEM32\DNSAPI.dll
0x00007ffa0e370000 - 0x00007ffa0e37b000 	C:\WINDOWS\SYSTEM32\WINNSI.DLL
0x00007ffa10e80000 - 0x00007ffa10e9e000 	C:\Users\User\AppData\Local\Temp\native-platform740582866455539279dir\native-platform.dll

VM Arguments:
jvm_args: -Xmx2048m -Dfile.encoding=UTF-8 -Duser.country=ID -Duser.language=en -Duser.variant 
java_command: org.gradle.launcher.daemon.bootstrap.GradleDaemon 6.5
java_class_path (initial): C:\Users\User\.gradle\wrapper\dists\gradle-6.5-all\2oz4ud9k3tuxjg84bbf55q0tn\gradle-6.5\lib\gradle-launcher-6.5.jar
Launcher Type: SUN_STANDARD

Environment Variables:
PATH=C:\Windows\System32\; C:Windows\xampp1\php;C:\xampp1\php;C:\composer;C:\Program Files\nodejs\;C:\Users\User\AppData\Local\Microsoft\WindowsApps;C:\Users\User\AppData\Local\GitHubDesktop\bin;C:\Users\User\AppData\Roaming\Composer\vendor\bin;C:\Users\User\AppData\Roaming\npm
USERNAME=User
OS=Windows_NT
PROCESSOR_IDENTIFIER=Intel64 Family 6 Model 126 Stepping 5, GenuineIntel



---------------  S Y S T E M  ---------------

OS: Windows 10.0 , 64 bit Build 18362 (10.0.18362.1110)

CPU:total 4 (initial active 4) (2 cores per cpu, 2 threads per core) family 6 model 126 stepping 5, cmov, cx8, fxsr, mmx, sse, sse2, sse3, ssse3, sse4.1, sse4.2, popcnt, avx, avx2, aes, clmul, erms, 3dnowpref, lzcnt, ht, tsc, tscinvbit, bmi1, bmi2, adx

Memory: 4k page, physical 3955896k(205044k free), swap 8150200k(2432k free)

vm_info: OpenJDK 64-Bit Server VM (25.242-b01) for windows-amd64 JRE (1.8.0_242-release-1644-b01), built by "builder" with MS VC++ 10.0 (VS2010)

time: Tue Dec 08 17:15:24 2020
timezone: SE Asia Standard Time
elapsed time: 208 seconds (0d 0h 3m 28s)

