#
# There is insufficient memory for the Java Runtime Environment to continue.
# Native memory allocation (malloc) failed to allocate 191504 bytes for Chunk::new
# Possible reasons:
#   The system is out of physical RAM or swap space
#   The process is running with CompressedOops enabled, and the Java Heap may be blocking the growth of the native heap
# Possible solutions:
#   Reduce memory load on the system
#   Increase physical memory or swap space
#   Check if swap backing store is full
#   Decrease Java heap size (-Xmx/-Xms)
#   Decrease number of Java threads
#   Decrease Java thread stack sizes (-Xss)
#   Set larger code cache with -XX:ReservedCodeCacheSize=
#   JVM is running with Unscaled Compressed Oops mode in which the Java heap is
#     placed in the first 4GB address space. The Java Heap base address is the
#     maximum limit for the native heap growth. Please use -XX:HeapBaseMinAddress
#     to set the Java Heap base and to place the Java Heap above 4GB virtual address.
# This output file may be truncated or incomplete.
#
#  Out of Memory Error (allocation.cpp:389), pid=7160, tid=0x0000000000000c54
#
# JRE version: OpenJDK Runtime Environment (8.0_242-b01) (build 1.8.0_242-release-1644-b01)
# Java VM: OpenJDK 64-Bit Server VM (25.242-b01 mixed mode windows-amd64 compressed oops)
# Failed to write core dump. Minidumps are not enabled by default on client versions of Windows
#

---------------  T H R E A D  ---------------

Current thread (0x0000000017534000):  JavaThread "C2 CompilerThread0" daemon [_thread_in_native, id=3156, stack(0x0000000018b80000,0x0000000018c80000)]

Stack: [0x0000000018b80000,0x0000000018c80000]
[error occurred during error reporting (printing stack bounds), id 0xc0000005]

Native frames: (J=compiled Java code, j=interpreted, Vv=VM code, C=native code)


Current CompileTask:
C2:   7755 4857       4       java.lang.Class::getMethod0 (40 bytes)


---------------  P R O C E S S  ---------------

Java Threads: ( => current thread )
  0x000000001bb7e800 JavaThread "pool-1-thread-1" [_thread_blocked, id=10460, stack(0x000000002a920000,0x000000002aa20000)]
  0x000000001bb7d000 JavaThread "Cache worker for Build Output Cleanup Cache (D:\mobile\LalisaShop\.gradle\buildOutputCleanup)" [_thread_blocked, id=10196, stack(0x000000002a620000,0x000000002a720000)]
  0x000000001bb7c000 JavaThread "jar transforms Thread 113" [_thread_blocked, id=5708, stack(0x000000002a320000,0x000000002a420000)]
  0x000000001bb7a800 JavaThread "jar transforms Thread 112" [_thread_blocked, id=10524, stack(0x000000002a220000,0x000000002a320000)]
  0x000000001bb7b800 JavaThread "jar transforms Thread 111" [_thread_blocked, id=6800, stack(0x000000002a120000,0x000000002a220000)]
  0x000000001bb73000 JavaThread "jar transforms Thread 110" [_thread_blocked, id=11680, stack(0x000000002a020000,0x000000002a120000)]
  0x000000001bb77000 JavaThread "jar transforms Thread 109" [_thread_blocked, id=4540, stack(0x0000000029f20000,0x000000002a020000)]
  0x000000001bb75800 JavaThread "jar transforms Thread 108" [_thread_blocked, id=2804, stack(0x0000000029e20000,0x0000000029f20000)]
  0x000000001bb7a000 JavaThread "jar transforms Thread 107" [_thread_blocked, id=10792, stack(0x0000000029d20000,0x0000000029e20000)]
  0x000000001bb76000 JavaThread "jar transforms Thread 106" [_thread_blocked, id=9308, stack(0x0000000029c20000,0x0000000029d20000)]
  0x000000001bb74800 JavaThread "jar transforms Thread 105" [_thread_blocked, id=11872, stack(0x0000000029b20000,0x0000000029c20000)]
  0x000000001bb72800 JavaThread "jar transforms Thread 104" [_thread_blocked, id=11468, stack(0x0000000029a20000,0x0000000029b20000)]
  0x000000001bb77800 JavaThread "jar transforms Thread 103" [_thread_blocked, id=10328, stack(0x0000000029920000,0x0000000029a20000)]
  0x000000001bb79000 JavaThread "jar transforms Thread 102" [_thread_blocked, id=11296, stack(0x0000000029820000,0x0000000029920000)]
  0x000000001bb71800 JavaThread "jar transforms Thread 101" [_thread_blocked, id=1732, stack(0x0000000029720000,0x0000000029820000)]
  0x000000001bb78800 JavaThread "jar transforms Thread 100" [_thread_blocked, id=1836, stack(0x0000000029620000,0x0000000029720000)]
  0x000000001bb74000 JavaThread "jar transforms Thread 99" [_thread_blocked, id=7088, stack(0x0000000029520000,0x0000000029620000)]
  0x000000001e64a800 JavaThread "jar transforms Thread 98" [_thread_blocked, id=11460, stack(0x0000000029420000,0x0000000029520000)]
  0x000000001e648800 JavaThread "jar transforms Thread 97" [_thread_blocked, id=4528, stack(0x0000000029320000,0x0000000029420000)]
  0x000000001e649000 JavaThread "jar transforms Thread 96" [_thread_blocked, id=7368, stack(0x0000000029220000,0x0000000029320000)]
  0x000000001e647800 JavaThread "jar transforms Thread 95" [_thread_blocked, id=11480, stack(0x0000000029120000,0x0000000029220000)]
  0x000000001e647000 JavaThread "jar transforms Thread 94" [_thread_blocked, id=8764, stack(0x0000000029020000,0x0000000029120000)]
  0x000000001e64a000 JavaThread "jar transforms Thread 93" [_thread_blocked, id=5620, stack(0x0000000028f20000,0x0000000029020000)]
  0x000000001e646000 JavaThread "jar transforms Thread 92" [_thread_blocked, id=2664, stack(0x0000000028e20000,0x0000000028f20000)]
  0x000000001e64b800 JavaThread "jar transforms Thread 91" [_thread_blocked, id=5724, stack(0x0000000028d20000,0x0000000028e20000)]
  0x000000001e64d000 JavaThread "jar transforms Thread 90" [_thread_blocked, id=10000, stack(0x0000000028c20000,0x0000000028d20000)]
  0x000000001e64c000 JavaThread "jar transforms Thread 89" [_thread_blocked, id=11412, stack(0x0000000028b20000,0x0000000028c20000)]
  0x000000001e63e800 JavaThread "jar transforms Thread 88" [_thread_blocked, id=12008, stack(0x0000000028a20000,0x0000000028b20000)]
  0x000000001e645800 JavaThread "jar transforms Thread 87" [_thread_blocked, id=4116, stack(0x0000000028920000,0x0000000028a20000)]
  0x000000001e63d800 JavaThread "jar transforms Thread 86" [_thread_blocked, id=120, stack(0x0000000028820000,0x0000000028920000)]
  0x000000001e644800 JavaThread "jar transforms Thread 85" [_thread_blocked, id=1076, stack(0x0000000028720000,0x0000000028820000)]
  0x000000001e644000 JavaThread "jar transforms Thread 84" [_thread_blocked, id=6536, stack(0x0000000028620000,0x0000000028720000)]
  0x000000001e643000 JavaThread "jar transforms Thread 83" [_thread_blocked, id=7780, stack(0x0000000028520000,0x0000000028620000)]
  0x000000001e642000 JavaThread "jar transforms Thread 82" [_thread_blocked, id=11144, stack(0x0000000028420000,0x0000000028520000)]
  0x000000001e641800 JavaThread "jar transforms Thread 81" [_thread_blocked, id=9468, stack(0x0000000028320000,0x0000000028420000)]
  0x000000001e640800 JavaThread "jar transforms Thread 80" [_thread_blocked, id=8848, stack(0x0000000028220000,0x0000000028320000)]
  0x000000001e63f000 JavaThread "jar transforms Thread 79" [_thread_blocked, id=3944, stack(0x0000000028120000,0x0000000028220000)]
  0x000000001e640000 JavaThread "jar transforms Thread 78" [_thread_blocked, id=11300, stack(0x0000000028020000,0x0000000028120000)]
  0x00000000196f2000 JavaThread "jar transforms Thread 77" [_thread_blocked, id=7060, stack(0x0000000027f20000,0x0000000028020000)]
  0x00000000196ee800 JavaThread "jar transforms Thread 76" [_thread_blocked, id=9904, stack(0x0000000027e20000,0x0000000027f20000)]
  0x00000000196f1800 JavaThread "jar transforms Thread 75" [_thread_blocked, id=6816, stack(0x0000000027d20000,0x0000000027e20000)]
  0x00000000196ed800 JavaThread "jar transforms Thread 74" [_thread_blocked, id=11752, stack(0x0000000027c20000,0x0000000027d20000)]
  0x00000000196f0000 JavaThread "jar transforms Thread 73" [_thread_blocked, id=10824, stack(0x0000000027b20000,0x0000000027c20000)]
  0x00000000196f0800 JavaThread "jar transforms Thread 72" [_thread_blocked, id=5948, stack(0x0000000027a20000,0x0000000027b20000)]
  0x00000000196ef000 JavaThread "jar transforms Thread 71" [_thread_blocked, id=11420, stack(0x0000000027920000,0x0000000027a20000)]
  0x00000000196ed000 JavaThread "jar transforms Thread 70" [_thread_blocked, id=10308, stack(0x0000000027820000,0x0000000027920000)]
  0x00000000196e5800 JavaThread "jar transforms Thread 69" [_thread_blocked, id=9312, stack(0x0000000027720000,0x0000000027820000)]
  0x00000000196ec000 JavaThread "jar transforms Thread 68" [_thread_blocked, id=3144, stack(0x0000000027620000,0x0000000027720000)]
  0x00000000196e4800 JavaThread "jar transforms Thread 67" [_thread_blocked, id=488, stack(0x0000000027520000,0x0000000027620000)]
  0x00000000196e7800 JavaThread "jar transforms Thread 66" [_thread_blocked, id=4084, stack(0x0000000027420000,0x0000000027520000)]
  0x00000000196e6000 JavaThread "jar transforms Thread 65" [_thread_blocked, id=3596, stack(0x0000000027320000,0x0000000027420000)]
  0x00000000196eb800 JavaThread "jar transforms Thread 64" [_thread_blocked, id=10176, stack(0x0000000027220000,0x0000000027320000)]
  0x00000000196e4000 JavaThread "jar transforms Thread 63" [_thread_blocked, id=8060, stack(0x0000000027120000,0x0000000027220000)]
  0x00000000196e7000 JavaThread "jar transforms Thread 62" [_thread_blocked, id=1036, stack(0x0000000027020000,0x0000000027120000)]
  0x00000000196e9000 JavaThread "jar transforms Thread 61" [_thread_blocked, id=6232, stack(0x0000000026f20000,0x0000000027020000)]
  0x00000000196ea800 JavaThread "jar transforms Thread 60" [_thread_blocked, id=9664, stack(0x0000000026e20000,0x0000000026f20000)]
  0x00000000196e8800 JavaThread "jar transforms Thread 59" [_thread_blocked, id=6452, stack(0x0000000026d20000,0x0000000026e20000)]
  0x00000000196e3000 JavaThread "jar transforms Thread 58" [_thread_blocked, id=10320, stack(0x0000000026c20000,0x0000000026d20000)]
  0x00000000196ea000 JavaThread "jar transforms Thread 57" [_thread_blocked, id=10748, stack(0x0000000026b20000,0x0000000026c20000)]
  0x000000001e016800 JavaThread "jar transforms Thread 56" [_thread_blocked, id=11332, stack(0x0000000026a20000,0x0000000026b20000)]
  0x000000001e015800 JavaThread "jar transforms Thread 55" [_thread_blocked, id=7756, stack(0x0000000026920000,0x0000000026a20000)]
  0x000000001e017000 JavaThread "jar transforms Thread 54" [_thread_blocked, id=796, stack(0x0000000026820000,0x0000000026920000)]
  0x000000001e015000 JavaThread "jar transforms Thread 53" [_thread_blocked, id=9876, stack(0x0000000026720000,0x0000000026820000)]
  0x000000001e014000 JavaThread "jar transforms Thread 52" [_thread_blocked, id=11404, stack(0x0000000026620000,0x0000000026720000)]
  0x000000001e00c800 JavaThread "jar transforms Thread 51" [_thread_blocked, id=2568, stack(0x0000000026520000,0x0000000026620000)]
  0x000000001e013000 JavaThread "jar transforms Thread 50" [_thread_blocked, id=9260, stack(0x0000000026420000,0x0000000026520000)]
  0x000000001e00b800 JavaThread "jar transforms Thread 49" [_thread_blocked, id=8008, stack(0x0000000026320000,0x0000000026420000)]
  0x000000001e012800 JavaThread "jar transforms Thread 48" [_thread_blocked, id=5360, stack(0x0000000026220000,0x0000000026320000)]
  0x000000001e011800 JavaThread "jar transforms Thread 47" [_thread_blocked, id=9956, stack(0x0000000026120000,0x0000000026220000)]
  0x000000001e00a000 JavaThread "jar transforms Thread 46" [_thread_blocked, id=10980, stack(0x0000000026020000,0x0000000026120000)]
  0x000000001e011000 JavaThread "jar transforms Thread 45" [_thread_blocked, id=6992, stack(0x0000000025f20000,0x0000000026020000)]
  0x000000001e009800 JavaThread "jar transforms Thread 44" [_thread_blocked, id=6644, stack(0x0000000025e20000,0x0000000025f20000)]
  0x000000001e00f800 JavaThread "jar transforms Thread 43" [_thread_blocked, id=3632, stack(0x0000000025d20000,0x0000000025e20000)]
  0x000000001e010000 JavaThread "jar transforms Thread 42" [_thread_blocked, id=9284, stack(0x0000000025c20000,0x0000000025d20000)]
  0x000000001e00d000 JavaThread "jar transforms Thread 41" [_thread_blocked, id=840, stack(0x0000000025b20000,0x0000000025c20000)]
  0x000000001e00b000 JavaThread "jar transforms Thread 40" [_thread_blocked, id=1752, stack(0x0000000025a20000,0x0000000025b20000)]
  0x000000001e008000 JavaThread "jar transforms Thread 39" [_thread_blocked, id=2640, stack(0x0000000025920000,0x0000000025a20000)]
  0x000000001e00e800 JavaThread "jar transforms Thread 38" [_thread_blocked, id=2816, stack(0x0000000025820000,0x0000000025920000)]
  0x000000001e008800 JavaThread "jar transforms Thread 37" [_thread_blocked, id=11604, stack(0x0000000025720000,0x0000000025820000)]
  0x000000001e00e000 JavaThread "jar transforms Thread 36" [_thread_blocked, id=5224, stack(0x0000000025620000,0x0000000025720000)]
  0x000000001a5cf000 JavaThread "jar transforms Thread 35" [_thread_blocked, id=8552, stack(0x0000000025520000,0x0000000025620000)]
  0x000000001a5ce000 JavaThread "jar transforms Thread 34" [_thread_blocked, id=10408, stack(0x0000000025420000,0x0000000025520000)]
  0x000000001a5cc800 JavaThread "jar transforms Thread 33" [_thread_blocked, id=8468, stack(0x0000000025320000,0x0000000025420000)]
  0x000000001a5cd800 JavaThread "jar transforms Thread 32" [_thread_blocked, id=2448, stack(0x0000000025220000,0x0000000025320000)]
  0x000000001a5cc000 JavaThread "jar transforms Thread 31" [_thread_blocked, id=6268, stack(0x0000000025120000,0x0000000025220000)]
  0x000000001a5cb000 JavaThread "jar transforms Thread 30" [_thread_blocked, id=9848, stack(0x0000000025020000,0x0000000025120000)]
  0x000000001a5ca800 JavaThread "jar transforms Thread 29" [_thread_blocked, id=11984, stack(0x0000000024f20000,0x0000000025020000)]
  0x000000001a5cf800 JavaThread "jar transforms Thread 28" [_thread_blocked, id=10928, stack(0x0000000024e20000,0x0000000024f20000)]
  0x000000001a5d0800 JavaThread "jar transforms Thread 27" [_thread_blocked, id=9484, stack(0x0000000024d20000,0x0000000024e20000)]
  0x000000001a5d1000 JavaThread "jar transforms Thread 26" [_thread_blocked, id=1544, stack(0x0000000024c20000,0x0000000024d20000)]
  0x000000001a5c3000 JavaThread "jar transforms Thread 25" [_thread_blocked, id=7488, stack(0x0000000024b20000,0x0000000024c20000)]
  0x000000001a5c9800 JavaThread "jar transforms Thread 24" [_thread_blocked, id=2172, stack(0x0000000024a20000,0x0000000024b20000)]
  0x000000001a5c6000 JavaThread "jar transforms Thread 23" [_thread_blocked, id=8788, stack(0x0000000024920000,0x0000000024a20000)]
  0x000000001a5c9000 JavaThread "jar transforms Thread 22" [_thread_blocked, id=7408, stack(0x0000000024820000,0x0000000024920000)]
  0x000000001a5c8000 JavaThread "jar transforms Thread 21" [_thread_blocked, id=4260, stack(0x0000000024720000,0x0000000024820000)]
  0x000000001a5c6800 JavaThread "jar transforms Thread 20" [_thread_blocked, id=7576, stack(0x0000000024620000,0x0000000024720000)]
  0x000000001a5c4800 JavaThread "jar transforms Thread 19" [_thread_blocked, id=1140, stack(0x0000000024520000,0x0000000024620000)]
  0x000000001a5c3800 JavaThread "jar transforms Thread 18" [_thread_blocked, id=7216, stack(0x0000000024420000,0x0000000024520000)]
  0x000000001a5c5000 JavaThread "jar transforms Thread 17" [_thread_blocked, id=3188, stack(0x0000000024320000,0x0000000024420000)]
  0x000000001a5c2000 JavaThread "jar transforms Thread 16" [_thread_blocked, id=7416, stack(0x0000000024220000,0x0000000024320000)]
  0x000000001a5c7800 JavaThread "jar transforms Thread 15" [_thread_blocked, id=11472, stack(0x0000000024120000,0x0000000024220000)]
  0x0000000019581000 JavaThread "jar transforms Thread 14" [_thread_blocked, id=6844, stack(0x0000000024020000,0x0000000024120000)]
  0x000000001957f000 JavaThread "jar transforms Thread 13" [_thread_blocked, id=7512, stack(0x0000000023f20000,0x0000000024020000)]
  0x000000001957e000 JavaThread "jar transforms Thread 12" [_thread_blocked, id=6300, stack(0x0000000023e20000,0x0000000023f20000)]
  0x000000001957c800 JavaThread "jar transforms Thread 11" [_thread_blocked, id=9764, stack(0x0000000023c20000,0x0000000023d20000)]
  0x000000001957d800 JavaThread "jar transforms Thread 10" [_thread_blocked, id=8004, stack(0x0000000023b20000,0x0000000023c20000)]
  0x0000000019580800 JavaThread "jar transforms Thread 9" [_thread_blocked, id=3980, stack(0x0000000023a20000,0x0000000023b20000)]
  0x000000001957f800 JavaThread "jar transforms Thread 8" [_thread_blocked, id=7768, stack(0x0000000023920000,0x0000000023a20000)]
  0x000000001957c000 JavaThread "jar transforms Thread 7" [_thread_blocked, id=7356, stack(0x0000000023820000,0x0000000023920000)]
  0x0000000019582000 JavaThread "jar transforms Thread 6" [_thread_blocked, id=1988, stack(0x0000000023720000,0x0000000023820000)]
  0x0000000019574800 JavaThread "jar transforms Thread 5" [_thread_blocked, id=1320, stack(0x0000000023620000,0x0000000023720000)]
  0x000000001957b000 JavaThread "jar transforms Thread 4" [_thread_blocked, id=2324, stack(0x0000000023520000,0x0000000023620000)]
  0x0000000019575000 JavaThread "jar transforms Thread 3" [_thread_blocked, id=4400, stack(0x0000000023420000,0x0000000023520000)]
  0x0000000019573800 JavaThread "jar transforms Thread 2" [_thread_blocked, id=10120, stack(0x0000000023320000,0x0000000023420000)]
  0x0000000019576000 JavaThread "Build operations Thread 4" [_thread_blocked, id=3012, stack(0x0000000023220000,0x0000000023320000)]
  0x000000001957a800 JavaThread "Build operations Thread 3" [_thread_blocked, id=4888, stack(0x0000000023120000,0x0000000023220000)]
  0x0000000019573000 JavaThread "Build operations Thread 2" [_thread_blocked, id=8604, stack(0x0000000023020000,0x0000000023120000)]
  0x0000000019576800 JavaThread "Build operations" [_thread_blocked, id=9860, stack(0x0000000022f20000,0x0000000023020000)]
  0x000000001b1c8000 JavaThread "Cache worker for file content cache (C:\Users\User\.gradle\caches\6.5\fileContent)" [_thread_blocked, id=11428, stack(0x0000000021850000,0x0000000021950000)]
  0x000000001b1c7800 JavaThread "jar transforms" [_thread_blocked, id=5984, stack(0x0000000021750000,0x0000000021850000)]
  0x000000001b1c6800 JavaThread "Cache worker for execution history cache (C:\Users\User\.gradle\caches\6.5\executionHistory)" [_thread_blocked, id=10572, stack(0x0000000020db0000,0x0000000020eb0000)]
  0x000000001b1cd800 JavaThread "Cache worker for cache directory md-rule (C:\Users\User\.gradle\caches\6.5\md-rule)" [_thread_blocked, id=4208, stack(0x0000000020cb0000,0x0000000020db0000)]
  0x000000001b1cc800 JavaThread "Cache worker for cache directory md-supplier (C:\Users\User\.gradle\caches\6.5\md-supplier)" [_thread_blocked, id=9032, stack(0x000000001fa40000,0x000000001fb40000)]
  0x000000001b1c9800 JavaThread "Cache worker for checksums cache (D:\mobile\LalisaShop\.gradle\checksums)" [_thread_blocked, id=3064, stack(0x000000001f740000,0x000000001f840000)]
  0x000000001b1cc000 JavaThread "Cache worker for file hash cache (D:\mobile\LalisaShop\.gradle\6.5\fileHashes)" [_thread_blocked, id=11180, stack(0x0000000020bb0000,0x0000000020cb0000)]
  0x000000001b1ca800 JavaThread "Cache worker for file hash cache (C:\Users\User\.gradle\caches\6.5\fileHashes)" [_thread_blocked, id=11852, stack(0x000000001d4a0000,0x000000001d5a0000)]
  0x000000001b1cb000 JavaThread "File lock request listener" [_thread_in_native, id=6004, stack(0x000000001d3a0000,0x000000001d4a0000)]
  0x000000001b1c5000 JavaThread "Cache worker for journal cache (C:\Users\User\.gradle\caches\journal-1)" [_thread_blocked, id=11260, stack(0x000000001d2a0000,0x000000001d3a0000)]
  0x000000001953d800 JavaThread "Thread-9" [_thread_blocked, id=11524, stack(0x000000001cfa0000,0x000000001d0a0000)]
  0x000000001b075800 JavaThread "Stdin handler" [_thread_blocked, id=9076, stack(0x000000001cea0000,0x000000001cfa0000)]
  0x0000000019538800 JavaThread "Asynchronous log dispatcher for DefaultDaemonConnection: socket connection from /127.0.0.1:54407 to /127.0.0.1:54408" [_thread_blocked, id=12032, stack(0x000000001cda0000,0x000000001cea0000)]
  0x00000000197ed000 JavaThread "Daemon worker" [_thread_in_vm, id=3624, stack(0x000000001cca0000,0x000000001cda0000)]
  0x000000001b077800 JavaThread "Cancel handler" [_thread_blocked, id=684, stack(0x000000001cba0000,0x000000001cca0000)]
  0x00000000197c4000 JavaThread "Handler for socket connection from /127.0.0.1:54407 to /127.0.0.1:54408" [_thread_in_native, id=6920, stack(0x000000001c8a0000,0x000000001c9a0000)]
  0x000000001ac4c000 JavaThread "Daemon" [_thread_blocked, id=4128, stack(0x000000001c7a0000,0x000000001c8a0000)]
  0x000000001afda000 JavaThread "Daemon periodic checks" [_thread_blocked, id=8556, stack(0x000000001c6a0000,0x000000001c7a0000)]
  0x000000001af8d000 JavaThread "Incoming local TCP Connector on port 54407" [_thread_in_native, id=1672, stack(0x000000001c460000,0x000000001c560000)]
  0x000000001abda800 JavaThread "Daemon health stats" [_thread_blocked, id=10744, stack(0x000000001be20000,0x000000001bf20000)]
  0x0000000018eb8800 JavaThread "Service Thread" daemon [_thread_blocked, id=6868, stack(0x0000000019280000,0x0000000019380000)]
  0x000000001754a800 JavaThread "C1 CompilerThread2" daemon [_thread_blocked, id=6068, stack(0x0000000018d80000,0x0000000018e80000)]
  0x000000001753b800 JavaThread "C2 CompilerThread1" daemon [_thread_in_native, id=10584, stack(0x0000000018c80000,0x0000000018d80000)]
=>0x0000000017534000 JavaThread "C2 CompilerThread0" daemon [_thread_in_native, id=3156, stack(0x0000000018b80000,0x0000000018c80000)]
  0x0000000017538800 JavaThread "Attach Listener" daemon [_thread_blocked, id=6540, stack(0x0000000018a80000,0x0000000018b80000)]
  0x0000000017535800 JavaThread "Signal Dispatcher" daemon [_thread_blocked, id=2416, stack(0x0000000018980000,0x0000000018a80000)]
  0x0000000002859800 JavaThread "Finalizer" daemon [_thread_blocked, id=9300, stack(0x0000000018780000,0x0000000018880000)]
  0x0000000002851000 JavaThread "Reference Handler" daemon [_thread_blocked, id=5388, stack(0x0000000018680000,0x0000000018780000)]
  0x000000000290d800 JavaThread "main" [_thread_blocked, id=8804, stack(0x00000000025d0000,0x00000000026d0000)]

Other Threads:
  0x00000000174f6000 VMThread [stack: 0x0000000018580000,0x0000000018680000] [id=10916]
  0x000000001757a000 WatcherThread [stack: 0x0000000019380000,0x0000000019480000] [id=10204]

VM state:not at safepoint (normal execution)

VM Mutex/Monitor currently owned by a thread: None

heap address: 0x0000000080000000, size: 2048 MB, Compressed Oops mode: 32-bit
Narrow klass base: 0x0000000000000000, Narrow klass shift: 3
Compressed class space size: 1073741824 Address: 0x0000000100000000

Heap:
 PSYoungGen      total 185344K, used 138369K [0x00000000d5580000, 0x00000000e4980000, 0x0000000100000000)
  eden space 172544K, 73% used [0x00000000d5580000,0x00000000dd18cd68,0x00000000dfe00000)
  from space 12800K, 88% used [0x00000000dfe00000,0x00000000e09136c0,0x00000000e0a80000)
  to   space 14336K, 0% used [0x00000000e3b80000,0x00000000e3b80000,0x00000000e4980000)
 ParOldGen       total 52224K, used 15303K [0x0000000080000000, 0x0000000083300000, 0x00000000d5580000)
  object space 52224K, 29% used [0x0000000080000000,0x0000000080ef1ef8,0x0000000083300000)
 Metaspace       used 52337K, capacity 54376K, committed 54568K, reserved 1095680K
  class space    used 6967K, capacity 7410K, committed 7472K, reserved 1048576K

Card table byte_map: [0x0000000011cd0000,0x00000000120e0000] byte_map_base: 0x00000000118d0000

Marking Bits: (ParMarkBitMap*) 0x000000005315f030
 Begin Bits: [0x0000000012790000, 0x0000000014790000)
 End Bits:   [0x0000000014790000, 0x0000000016790000)

Polling page: 0x00000000005f0000

CodeCache: size=245760Kb used=15145Kb max_used=15145Kb free=230614Kb
 bounds [0x0000000002910000, 0x00000000037f0000, 0x0000000011910000]
 total_blobs=5235 nmethods=4472 adapters=675
 compilation: enabled

Compilation events (10 events):
Event: 7.723 Thread 0x000000001754a800 4873  s    3       java.lang.ClassValue$ClassValueMap::finishEntry (117 bytes)
Event: 7.724 Thread 0x000000001754a800 nmethod 4873 0x00000000037dab90 code [0x00000000037dae00, 0x00000000037dc218]
Event: 7.734 Thread 0x000000001754a800 4874       3       com.sun.beans.TypeResolver::prepare (237 bytes)
Event: 7.735 Thread 0x000000001754a800 nmethod 4874 0x00000000037dc950 code [0x00000000037dccc0, 0x00000000037de948]
Event: 7.737 Thread 0x000000001754a800 4875       3       java.beans.PropertyDescriptor::<init> (112 bytes)
Event: 7.738 Thread 0x000000001754a800 nmethod 4875 0x00000000037d8a90 code [0x00000000037d8c60, 0x00000000037d93e8]
Event: 7.738 Thread 0x000000001754a800 4876   !   3       java.beans.PropertyDescriptor::updateGenericsFor (37 bytes)
Event: 7.739 Thread 0x000000001754a800 nmethod 4876 0x00000000037df4d0 code [0x00000000037df740, 0x00000000037e08b8]
Event: 7.744 Thread 0x000000001754a800 4877       3       org.codehaus.groovy.util.FastArray::set (8 bytes)
Event: 7.745 Thread 0x000000001754a800 nmethod 4877 0x00000000037d8550 code [0x00000000037d86c0, 0x00000000037d8970]

GC Heap History (10 events):
Event: 3.046 GC heap before
{Heap before GC invocations=9 (full 1):
 PSYoungGen      total 133632K, used 4428K [0x00000000d5580000, 0x00000000de180000, 0x0000000100000000)
  eden space 124928K, 0% used [0x00000000d5580000,0x00000000d5580000,0x00000000dcf80000)
  from space 8704K, 50% used [0x00000000dd900000,0x00000000ddd533d0,0x00000000de180000)
  to   space 9216K, 0% used [0x00000000dcf80000,0x00000000dcf80000,0x00000000dd880000)
 ParOldGen       total 42496K, used 9005K [0x0000000080000000, 0x0000000082980000, 0x00000000d5580000)
  object space 42496K, 21% used [0x0000000080000000,0x00000000808cb760,0x0000000082980000)
 Metaspace       used 20577K, capacity 21224K, committed 21296K, reserved 1067008K
  class space    used 2877K, capacity 3076K, committed 3120K, reserved 1048576K
Event: 3.083 GC heap after
Heap after GC invocations=9 (full 1):
 PSYoungGen      total 133632K, used 0K [0x00000000d5580000, 0x00000000de180000, 0x0000000100000000)
  eden space 124928K, 0% used [0x00000000d5580000,0x00000000d5580000,0x00000000dcf80000)
  from space 8704K, 0% used [0x00000000dd900000,0x00000000dd900000,0x00000000de180000)
  to   space 9216K, 0% used [0x00000000dcf80000,0x00000000dcf80000,0x00000000dd880000)
 ParOldGen       total 32768K, used 7364K [0x0000000080000000, 0x0000000082000000, 0x00000000d5580000)
  object space 32768K, 22% used [0x0000000080000000,0x00000000807312e8,0x0000000082000000)
 Metaspace       used 20577K, capacity 21224K, committed 21296K, reserved 1067008K
  class space    used 2877K, capacity 3076K, committed 3120K, reserved 1048576K
}
Event: 4.382 GC heap before
{Heap before GC invocations=10 (full 1):
 PSYoungGen      total 133632K, used 124928K [0x00000000d5580000, 0x00000000de180000, 0x0000000100000000)
  eden space 124928K, 100% used [0x00000000d5580000,0x00000000dcf80000,0x00000000dcf80000)
  from space 8704K, 0% used [0x00000000dd900000,0x00000000dd900000,0x00000000de180000)
  to   space 9216K, 0% used [0x00000000dcf80000,0x00000000dcf80000,0x00000000dd880000)
 ParOldGen       total 32768K, used 7364K [0x0000000080000000, 0x0000000082000000, 0x00000000d5580000)
  object space 32768K, 22% used [0x0000000080000000,0x00000000807312e8,0x0000000082000000)
 Metaspace       used 32638K, capacity 33642K, committed 33712K, reserved 1079296K
  class space    used 4454K, capacity 4719K, committed 4784K, reserved 1048576K
Event: 4.397 GC heap after
Heap after GC invocations=10 (full 1):
 PSYoungGen      total 134144K, used 9196K [0x00000000d5580000, 0x00000000e1680000, 0x0000000100000000)
  eden space 124928K, 0% used [0x00000000d5580000,0x00000000d5580000,0x00000000dcf80000)
  from space 9216K, 99% used [0x00000000dcf80000,0x00000000dd87b130,0x00000000dd880000)
  to   space 12288K, 0% used [0x00000000e0a80000,0x00000000e0a80000,0x00000000e1680000)
 ParOldGen       total 32768K, used 12040K [0x0000000080000000, 0x0000000082000000, 0x00000000d5580000)
  object space 32768K, 36% used [0x0000000080000000,0x0000000080bc20b8,0x0000000082000000)
 Metaspace       used 32638K, capacity 33642K, committed 33712K, reserved 1079296K
  class space    used 4454K, capacity 4719K, committed 4784K, reserved 1048576K
}
Event: 4.754 GC heap before
{Heap before GC invocations=11 (full 1):
 PSYoungGen      total 134144K, used 52639K [0x00000000d5580000, 0x00000000e1680000, 0x0000000100000000)
  eden space 124928K, 34% used [0x00000000d5580000,0x00000000d7fecd48,0x00000000dcf80000)
  from space 9216K, 99% used [0x00000000dcf80000,0x00000000dd87b130,0x00000000dd880000)
  to   space 12288K, 0% used [0x00000000e0a80000,0x00000000e0a80000,0x00000000e1680000)
 ParOldGen       total 32768K, used 12040K [0x0000000080000000, 0x0000000082000000, 0x00000000d5580000)
  object space 32768K, 36% used [0x0000000080000000,0x0000000080bc20b8,0x0000000082000000)
 Metaspace       used 34275K, capacity 35412K, committed 35496K, reserved 1079296K
  class space    used 4723K, capacity 5001K, committed 5040K, reserved 1048576K
Event: 4.765 GC heap after
Heap after GC invocations=11 (full 1):
 PSYoungGen      total 184832K, used 8839K [0x00000000d5580000, 0x00000000e1980000, 0x0000000100000000)
  eden space 172544K, 0% used [0x00000000d5580000,0x00000000d5580000,0x00000000dfe00000)
  from space 12288K, 71% used [0x00000000e0a80000,0x00000000e1321df8,0x00000000e1680000)
  to   space 12800K, 0% used [0x00000000dfe00000,0x00000000dfe00000,0x00000000e0a80000)
 ParOldGen       total 32768K, used 12048K [0x0000000080000000, 0x0000000082000000, 0x00000000d5580000)
  object space 32768K, 36% used [0x0000000080000000,0x0000000080bc40b8,0x0000000082000000)
 Metaspace       used 34275K, capacity 35412K, committed 35496K, reserved 1079296K
  class space    used 4723K, capacity 5001K, committed 5040K, reserved 1048576K
}
Event: 4.765 GC heap before
{Heap before GC invocations=12 (full 2):
 PSYoungGen      total 184832K, used 8839K [0x00000000d5580000, 0x00000000e1980000, 0x0000000100000000)
  eden space 172544K, 0% used [0x00000000d5580000,0x00000000d5580000,0x00000000dfe00000)
  from space 12288K, 71% used [0x00000000e0a80000,0x00000000e1321df8,0x00000000e1680000)
  to   space 12800K, 0% used [0x00000000dfe00000,0x00000000dfe00000,0x00000000e0a80000)
 ParOldGen       total 32768K, used 12048K [0x0000000080000000, 0x0000000082000000, 0x00000000d5580000)
  object space 32768K, 36% used [0x0000000080000000,0x0000000080bc40b8,0x0000000082000000)
 Metaspace       used 34275K, capacity 35412K, committed 35496K, reserved 1079296K
  class space    used 4723K, capacity 5001K, committed 5040K, reserved 1048576K
Event: 4.822 GC heap after
Heap after GC invocations=12 (full 2):
 PSYoungGen      total 184832K, used 0K [0x00000000d5580000, 0x00000000e1980000, 0x0000000100000000)
  eden space 172544K, 0% used [0x00000000d5580000,0x00000000d5580000,0x00000000dfe00000)
  from space 12288K, 0% used [0x00000000e0a80000,0x00000000e0a80000,0x00000000e1680000)
  to   space 12800K, 0% used [0x00000000dfe00000,0x00000000dfe00000,0x00000000e0a80000)
 ParOldGen       total 52224K, used 15295K [0x0000000080000000, 0x0000000083300000, 0x00000000d5580000)
  object space 52224K, 29% used [0x0000000080000000,0x0000000080eefef8,0x0000000083300000)
 Metaspace       used 34275K, capacity 35412K, committed 35496K, reserved 1079296K
  class space    used 4723K, capacity 5001K, committed 5040K, reserved 1048576K
}
Event: 6.231 GC heap before
{Heap before GC invocations=13 (full 2):
 PSYoungGen      total 184832K, used 172544K [0x00000000d5580000, 0x00000000e1980000, 0x0000000100000000)
  eden space 172544K, 100% used [0x00000000d5580000,0x00000000dfe00000,0x00000000dfe00000)
  from space 12288K, 0% used [0x00000000e0a80000,0x00000000e0a80000,0x00000000e1680000)
  to   space 12800K, 0% used [0x00000000dfe00000,0x00000000dfe00000,0x00000000e0a80000)
 ParOldGen       total 52224K, used 15295K [0x0000000080000000, 0x0000000083300000, 0x00000000d5580000)
  object space 52224K, 29% used [0x0000000080000000,0x0000000080eefef8,0x0000000083300000)
 Metaspace       used 42285K, capacity 44048K, committed 44328K, reserved 1087488K
  class space    used 5778K, capacity 6166K, committed 6192K, reserved 1048576K
Event: 6.245 GC heap after
Heap after GC invocations=13 (full 2):
 PSYoungGen      total 185344K, used 11341K [0x00000000d5580000, 0x00000000e4980000, 0x0000000100000000)
  eden space 172544K, 0% used [0x00000000d5580000,0x00000000d5580000,0x00000000dfe00000)
  from space 12800K, 88% used [0x00000000dfe00000,0x00000000e09136c0,0x00000000e0a80000)
  to   space 14336K, 0% used [0x00000000e3b80000,0x00000000e3b80000,0x00000000e4980000)
 ParOldGen       total 52224K, used 15303K [0x0000000080000000, 0x0000000083300000, 0x00000000d5580000)
  object space 52224K, 29% used [0x0000000080000000,0x0000000080ef1ef8,0x0000000083300000)
 Metaspace       used 42285K, capacity 44048K, committed 44328K, reserved 1087488K
  class space    used 5778K, capacity 6166K, committed 6192K, reserved 1048576K
}

Deoptimization events (10 events):
Event: 7.310 Thread 0x00000000197ed000 Uncommon trap: reason=unstable_if action=reinterpret pc=0x0000000002ffb4f0 method=org.gradle.internal.instantiation.generator.AbstractClassGenerator$InjectionAnnotationValidator.validateMethod(Ljava/lang/reflect/Method;Lorg/gradle/internal/reflect/Propert
Event: 7.310 Thread 0x00000000197ed000 Uncommon trap: reason=unstable_if action=reinterpret pc=0x0000000002a37f44 method=org.gradle.internal.instantiation.generator.AbstractClassGenerator$InjectionAnnotationValidator.validateMethod(Ljava/lang/reflect/Method;Lorg/gradle/internal/reflect/Propert
Event: 7.399 Thread 0x00000000197ed000 Uncommon trap: reason=unstable_if action=reinterpret pc=0x0000000002aec0d4 method=java.lang.String.replace(CC)Ljava/lang/String; @ 2
Event: 7.409 Thread 0x00000000197ed000 Uncommon trap: reason=bimorphic action=maybe_recompile pc=0x00000000035867f0 method=org.codehaus.groovy.runtime.metaclass.MetaMethodIndex.addMethodToList(Ljava/lang/Object;Lgroovy/lang/MetaMethod;)Ljava/lang/Object; @ 96
Event: 7.409 Thread 0x00000000197ed000 Uncommon trap: reason=unstable_if action=reinterpret pc=0x0000000003493008 method=groovy.lang.MetaClassImpl$1MOPIter.methodNameAction(Ljava/lang/Class;Lorg/codehaus/groovy/runtime/metaclass/MetaMethodIndex$Entry;)V @ 182
Event: 7.573 Thread 0x00000000197ed000 Uncommon trap: reason=unstable_if action=reinterpret pc=0x0000000002cd8ba4 method=java.lang.String.lastIndexOf([CII[CIII)I @ 17
Event: 7.573 Thread 0x00000000197ed000 Uncommon trap: reason=unstable_if action=reinterpret pc=0x000000000300b650 method=sun.net.www.protocol.jar.Handler.parseURL(Ljava/net/URL;Ljava/lang/String;II)V @ 116
Event: 7.587 Thread 0x00000000197ed000 Uncommon trap: reason=unstable_if action=reinterpret pc=0x0000000002a3fa94 method=java.util.concurrent.ConcurrentHashMap.putVal(Ljava/lang/Object;Ljava/lang/Object;Z)Ljava/lang/Object; @ 195
Event: 7.695 Thread 0x00000000197ed000 Uncommon trap: reason=null_check action=make_not_entrant pc=0x00000000030bf150 method=java.lang.Class.searchMethods([Ljava/lang/reflect/Method;Ljava/lang/String;[Ljava/lang/Class;)Ljava/lang/reflect/Method; @ 59
Event: 7.737 Thread 0x00000000197ed000 Uncommon trap: reason=class_check action=maybe_recompile pc=0x0000000003066d28 method=java.util.WeakHashMap.eq(Ljava/lang/Object;Ljava/lang/Object;)Z @ 7

Classes redefined (0 events):
No events

Internal exceptions (10 events):
Event: 7.737 Thread 0x00000000197ed000 Exception <a 'java/lang/ClassNotFoundException': org/gradle/api/internal/FactoryNamedDomainObjectContainerCustomizer> (0x00000000dcbb0220) thrown at [C:\src\AOSP-openjdk-git\hotspot\src\share\vm\classfile\systemDictionary.cpp, line 210]
Event: 7.739 Thread 0x00000000197ed000 Exception <a 'java/lang/ClassNotFoundException': org/gradle/api/internal/FactoryNamedDomainObjectContainer_DecoratedCustomizer> (0x00000000dcc088f0) thrown at [C:\src\AOSP-openjdk-git\hotspot\src\share\vm\classfile\systemDictionary.cpp, line 210]
Event: 7.746 Thread 0x00000000197ed000 Exception <a 'java/lang/ClassNotFoundException': com/android/build/gradle/internal/dsl/BuildType_DecoratedBeanInfo> (0x00000000dcd21320) thrown at [C:\src\AOSP-openjdk-git\hotspot\src\share\vm\classfile\systemDictionary.cpp, line 210]
Event: 7.747 Thread 0x00000000197ed000 Exception <a 'java/lang/ClassNotFoundException': com/android/build/gradle/internal/dsl/BuildTypeBeanInfo> (0x00000000dcd41270) thrown at [C:\src\AOSP-openjdk-git\hotspot\src\share\vm\classfile\systemDictionary.cpp, line 210]
Event: 7.747 Thread 0x00000000197ed000 Exception <a 'java/lang/ClassNotFoundException': com/android/builder/core/AbstractBuildTypeBeanInfo> (0x00000000dcd5efb0) thrown at [C:\src\AOSP-openjdk-git\hotspot\src\share\vm\classfile\systemDictionary.cpp, line 210]
Event: 7.747 Thread 0x00000000197ed000 Exception <a 'java/lang/ClassNotFoundException': com/android/builder/core/AbstractBuildTypeCustomizer> (0x00000000dcd7e1c0) thrown at [C:\src\AOSP-openjdk-git\hotspot\src\share\vm\classfile\systemDictionary.cpp, line 210]
Event: 7.748 Thread 0x00000000197ed000 Exception <a 'java/lang/ClassNotFoundException': com/android/build/gradle/internal/dsl/BuildTypeCustomizer> (0x00000000dcdc7f18) thrown at [C:\src\AOSP-openjdk-git\hotspot\src\share\vm\classfile\systemDictionary.cpp, line 210]
Event: 7.750 Thread 0x00000000197ed000 Exception <a 'java/lang/ClassNotFoundException': com/android/build/gradle/internal/dsl/BuildType_DecoratedCustomizer> (0x00000000dce9b008) thrown at [C:\src\AOSP-openjdk-git\hotspot\src\share\vm\classfile\systemDictionary.cpp, line 210]
Event: 7.754 Thread 0x00000000197ed000 Exception <a 'java/lang/ClassNotFoundException': build_artqtfw94gu3h9h4vrpm4if9k$_run_closure1$_closure4BeanInfo> (0x00000000dcf92a80) thrown at [C:\src\AOSP-openjdk-git\hotspot\src\share\vm\classfile\systemDictionary.cpp, line 210]
Event: 7.754 Thread 0x00000000197ed000 Exception <a 'java/lang/ClassNotFoundException': build_artqtfw94gu3h9h4vrpm4if9k$_run_closure1$_closure4Customizer> (0x00000000dcfa6980) thrown at [C:\src\AOSP-openjdk-git\hotspot\src\share\vm\classfile\systemDictionary.cpp, line 210]

Events (10 events):
Event: 7.750 loading class com/android/build/gradle/internal/dsl/BuildType_DecoratedCustomizer
Event: 7.750 loading class com/android/build/gradle/internal/dsl/BuildType_DecoratedCustomizer done
Event: 7.753 loading class build_artqtfw94gu3h9h4vrpm4if9k$_run_closure1$_closure4BeanInfo
Event: 7.753 loading class build_artqtfw94gu3h9h4vrpm4if9k$_run_closure1$_closure4BeanInfo done
Event: 7.754 loading class build_artqtfw94gu3h9h4vrpm4if9k$_run_closure1$_closure4BeanInfo
Event: 7.754 loading class build_artqtfw94gu3h9h4vrpm4if9k$_run_closure1$_closure4BeanInfo done
Event: 7.754 loading class build_artqtfw94gu3h9h4vrpm4if9k$_run_closure1$_closure4Customizer
Event: 7.754 loading class build_artqtfw94gu3h9h4vrpm4if9k$_run_closure1$_closure4Customizer done
Event: 7.754 loading class build_artqtfw94gu3h9h4vrpm4if9k$_run_closure1$_closure4Customizer
Event: 7.754 loading class build_artqtfw94gu3h9h4vrpm4if9k$_run_closure1$_closure4Customizer done


Dynamic libraries:
0x00007ff6bae20000 - 0x00007ff6bae51000 	C:\Program Files\Android\Android Studio\jre\bin\java.exe
0x00007ffa18f40000 - 0x00007ffa19130000 	C:\WINDOWS\SYSTEM32\ntdll.dll
0x00007ffa18a20000 - 0x00007ffa18ad2000 	C:\WINDOWS\System32\KERNEL32.DLL
0x00007ffa16200000 - 0x00007ffa164a5000 	C:\WINDOWS\System32\KERNELBASE.dll
0x00007ffa17150000 - 0x00007ffa171f3000 	C:\WINDOWS\System32\ADVAPI32.dll
0x00007ffa180c0000 - 0x00007ffa1815e000 	C:\WINDOWS\System32\msvcrt.dll
0x00007ffa17f50000 - 0x00007ffa17fe7000 	C:\WINDOWS\System32\sechost.dll
0x00007ffa18580000 - 0x00007ffa186a0000 	C:\WINDOWS\System32\RPCRT4.dll
0x00007ffa186c0000 - 0x00007ffa18854000 	C:\WINDOWS\System32\USER32.dll
0x00007ffa16830000 - 0x00007ffa16851000 	C:\WINDOWS\System32\win32u.dll
0x00007ffa17120000 - 0x00007ffa17146000 	C:\WINDOWS\System32\GDI32.dll
0x00007ffa16060000 - 0x00007ffa161f6000 	C:\WINDOWS\System32\gdi32full.dll
0x00007ffa164b0000 - 0x00007ffa1654e000 	C:\WINDOWS\System32\msvcp_win.dll
0x00007ffa15f10000 - 0x00007ffa1600a000 	C:\WINDOWS\System32\ucrtbase.dll
0x00007ffa02bc0000 - 0x00007ffa02e44000 	C:\WINDOWS\WinSxS\amd64_microsoft.windows.common-controls_6595b64144ccf1df_6.0.18362.1198_none_9e820b57e45ad92f\COMCTL32.dll
0x00007ffa18bc0000 - 0x00007ffa18ef5000 	C:\WINDOWS\System32\combase.dll
0x00007ffa16600000 - 0x00007ffa16680000 	C:\WINDOWS\System32\bcryptPrimitives.dll
0x00007ffa18910000 - 0x00007ffa1893e000 	C:\WINDOWS\System32\IMM32.DLL
0x0000000051e40000 - 0x0000000051f12000 	C:\Program Files\Android\Android Studio\jre\jre\bin\msvcr100.dll
0x0000000052990000 - 0x00000000531db000 	C:\Program Files\Android\Android Studio\jre\jre\bin\server\jvm.dll
0x00007ffa17060000 - 0x00007ffa17068000 	C:\WINDOWS\System32\PSAPI.DLL
0x00007ffa0e1c0000 - 0x00007ffa0e1c9000 	C:\WINDOWS\SYSTEM32\WSOCK32.dll
0x00007ffa0f930000 - 0x00007ffa0f93a000 	C:\WINDOWS\SYSTEM32\VERSION.dll
0x00007ffa119d0000 - 0x00007ffa119f4000 	C:\WINDOWS\SYSTEM32\WINMM.dll
0x00007ffa18300000 - 0x00007ffa1836f000 	C:\WINDOWS\System32\WS2_32.dll
0x00007ffa119a0000 - 0x00007ffa119cd000 	C:\WINDOWS\SYSTEM32\winmmbase.dll
0x00007ffa16010000 - 0x00007ffa1605a000 	C:\WINDOWS\System32\cfgmgr32.dll
0x00007ffa0e150000 - 0x00007ffa0e15f000 	C:\Program Files\Android\Android Studio\jre\jre\bin\verify.dll
0x00007ff9ec010000 - 0x00007ff9ec039000 	C:\Program Files\Android\Android Studio\jre\jre\bin\java.dll
0x00007ff9eb500000 - 0x00007ff9eb516000 	C:\Program Files\Android\Android Studio\jre\jre\bin\zip.dll
0x00007ffa17280000 - 0x00007ffa17967000 	C:\WINDOWS\System32\SHELL32.dll
0x00007ffa18860000 - 0x00007ffa18909000 	C:\WINDOWS\System32\shcore.dll
0x00007ffa16860000 - 0x00007ffa16fe1000 	C:\WINDOWS\System32\windows.storage.dll
0x00007ffa15e50000 - 0x00007ffa15e73000 	C:\WINDOWS\System32\profapi.dll
0x00007ffa15e00000 - 0x00007ffa15e4a000 	C:\WINDOWS\System32\powrprof.dll
0x00007ffa15df0000 - 0x00007ffa15e00000 	C:\WINDOWS\System32\UMPDC.dll
0x00007ffa18940000 - 0x00007ffa18992000 	C:\WINDOWS\System32\shlwapi.dll
0x00007ffa15ea0000 - 0x00007ffa15eb1000 	C:\WINDOWS\System32\kernel.appcore.dll
0x00007ffa15ef0000 - 0x00007ffa15f07000 	C:\WINDOWS\System32\cryptsp.dll
0x00007ff9ea910000 - 0x00007ff9ea92a000 	C:\Program Files\Android\Android Studio\jre\jre\bin\net.dll
0x00007ffa15640000 - 0x00007ffa156a7000 	C:\WINDOWS\system32\mswsock.dll
0x00007ff9e99e0000 - 0x00007ff9e99f3000 	C:\Program Files\Android\Android Studio\jre\jre\bin\nio.dll
0x00007ff9ec3f0000 - 0x00007ff9ec417000 	C:\Users\User\.gradle\native\f6784746aeab05261644944871eae4fe03e0ef1612fff0a4a95f87b438bc6780\windows-amd64\native-platform.dll
0x00007ffa0e0c0000 - 0x00007ffa0e0cd000 	C:\Program Files\Android\Android Studio\jre\jre\bin\management.dll
0x00007ffa151b0000 - 0x00007ffa151e3000 	C:\WINDOWS\system32\rsaenh.dll
0x00007ffa15ec0000 - 0x00007ffa15ee6000 	C:\WINDOWS\System32\bcrypt.dll
0x00007ffa15d10000 - 0x00007ffa15d35000 	C:\WINDOWS\SYSTEM32\USERENV.dll
0x00007ffa15810000 - 0x00007ffa1581c000 	C:\WINDOWS\SYSTEM32\CRYPTBASE.dll
0x00007ffa15350000 - 0x00007ffa1538a000 	C:\WINDOWS\SYSTEM32\IPHLPAPI.DLL
0x00007ffa18ae0000 - 0x00007ffa18ae8000 	C:\WINDOWS\System32\NSI.dll
0x00007ffa0cd60000 - 0x00007ffa0cd76000 	C:\WINDOWS\SYSTEM32\dhcpcsvc6.DLL
0x00007ffa0d660000 - 0x00007ffa0d67c000 	C:\WINDOWS\SYSTEM32\dhcpcsvc.DLL
0x00007ffa15390000 - 0x00007ffa1545b000 	C:\WINDOWS\SYSTEM32\DNSAPI.dll
0x00007ffa0e370000 - 0x00007ffa0e37b000 	C:\WINDOWS\SYSTEM32\WINNSI.DLL

VM Arguments:
jvm_args: -Xmx2048m -Dfile.encoding=UTF-8 -Duser.country=ID -Duser.language=en -Duser.variant 
java_command: org.gradle.launcher.daemon.bootstrap.GradleDaemon 6.5
java_class_path (initial): C:\Users\User\.gradle\wrapper\dists\gradle-6.5-all\2oz4ud9k3tuxjg84bbf55q0tn\gradle-6.5\lib\gradle-launcher-6.5.jar
Launcher Type: SUN_STANDARD

Environment Variables:
PATH=C:\Windows\System32\; C:Windows\xampp1\php;C:\xampp1\php;C:\composer;C:\Program Files\nodejs\;C:\Users\User\AppData\Local\Microsoft\WindowsApps;C:\Users\User\AppData\Local\GitHubDesktop\bin;C:\Users\User\AppData\Roaming\Composer\vendor\bin;C:\Users\User\AppData\Roaming\npm
USERNAME=User
OS=Windows_NT
PROCESSOR_IDENTIFIER=Intel64 Family 6 Model 126 Stepping 5, GenuineIntel



---------------  S Y S T E M  ---------------

OS: Windows 10.0 , 64 bit Build 18362 (10.0.18362.1110)

CPU:total 4 (initial active 4) (2 cores per cpu, 2 threads per core) family 6 model 126 stepping 5, cmov, cx8, fxsr, mmx, sse, sse2, sse3, ssse3, sse4.1, sse4.2, popcnt, avx, avx2, aes, clmul, erms, 3dnowpref, lzcnt, ht, tsc, tscinvbit, bmi1, bmi2, adx

Memory: 4k page, physical 3955896k(374236k free), swap 8150200k(2280k free)

vm_info: OpenJDK 64-Bit Server VM (25.242-b01) for windows-amd64 JRE (1.8.0_242-release-1644-b01), built by "builder" with MS VC++ 10.0 (VS2010)

time: Tue Dec 08 22:47:42 2020
timezone: SE Asia Standard Time
elapsed time: 7 seconds (0d 0h 0m 7s)

