#
# There is insufficient memory for the Java Runtime Environment to continue.
# Native memory allocation (malloc) failed to allocate 66736 bytes for Chunk::new
# Possible reasons:
#   The system is out of physical RAM or swap space
#   The process is running with CompressedOops enabled, and the Java Heap may be blocking the growth of the native heap
# Possible solutions:
#   Reduce memory load on the system
#   Increase physical memory or swap space
#   Check if swap backing store is full
#   Decrease Java heap size (-Xmx/-Xms)
#   Decrease number of Java threads
#   Decrease Java thread stack sizes (-Xss)
#   Set larger code cache with -XX:ReservedCodeCacheSize=
#   JVM is running with Unscaled Compressed Oops mode in which the Java heap is
#     placed in the first 4GB address space. The Java Heap base address is the
#     maximum limit for the native heap growth. Please use -XX:HeapBaseMinAddress
#     to set the Java Heap base and to place the Java Heap above 4GB virtual address.
# This output file may be truncated or incomplete.
#
#  Out of Memory Error (allocation.cpp:389), pid=15856, tid=0x0000000000002cac
#
# JRE version: OpenJDK Runtime Environment (8.0_242-b01) (build 1.8.0_242-release-1644-b01)
# Java VM: OpenJDK 64-Bit Server VM (25.242-b01 mixed mode windows-amd64 compressed oops)
# Failed to write core dump. Minidumps are not enabled by default on client versions of Windows
#

---------------  T H R E A D  ---------------

Current thread (0x0000000017023000):  JavaThread "C2 CompilerThread0" daemon [_thread_in_native, id=11436, stack(0x0000000018670000,0x0000000018770000)]

Stack: [0x0000000018670000,0x0000000018770000]
[error occurred during error reporting (printing stack bounds), id 0xc0000005]

Native frames: (J=compiled Java code, j=interpreted, Vv=VM code, C=native code)


Current CompileTask:
C2:  44212 10163 %     4       java.io.ObjectOutputStream$BlockDataOutputStream::writeBytes @ 95 (144 bytes)


---------------  P R O C E S S  ---------------

Java Threads: ( => current thread )
  0x000000002cb7b800 JavaThread "WorkerExecutor Queue Thread 2" [_thread_blocked, id=14792, stack(0x000000002dcd0000,0x000000002ddd0000)]
  0x000000002cb7a800 JavaThread "stdout" [_thread_in_native, id=9756, stack(0x000000002d6d0000,0x000000002d7d0000)]
  0x000000002cb80000 JavaThread "stderr" [_thread_in_native, id=8384, stack(0x000000002d5d0000,0x000000002d6d0000)]
  0x000000002cb7d800 JavaThread "pool-2-thread-1" [_thread_blocked, id=7492, stack(0x000000002d4d0000,0x000000002d5d0000)]
  0x000000002cb7a000 JavaThread "WorkerExecutor Queue" [_thread_blocked, id=13904, stack(0x000000002d3d0000,0x000000002d4d0000)]
  0x000000002cb78800 JavaThread "Cache worker for execution history cache (D:\mobile\LalisaShop\.gradle\6.5\executionHistory)" [_thread_blocked, id=1480, stack(0x000000002bef0000,0x000000002bff0000)]
  0x000000001cf63800 JavaThread "Cache worker for file content cache (D:\mobile\LalisaShop\.gradle\6.5\fileContent)" [_thread_blocked, id=1548, stack(0x000000002b6f0000,0x000000002b7f0000)]
  0x000000001cf62000 JavaThread "Memory manager" [_thread_blocked, id=8908, stack(0x000000002a5a0000,0x000000002a6a0000)]
  0x000000001cf61000 JavaThread "pool-1-thread-1" [_thread_blocked, id=13216, stack(0x000000002a2a0000,0x000000002a3a0000)]
  0x000000001cf60800 JavaThread "Cache worker for Build Output Cleanup Cache (D:\mobile\LalisaShop\.gradle\buildOutputCleanup)" [_thread_blocked, id=13880, stack(0x0000000029170000,0x0000000029270000)]
  0x000000001cf5f800 JavaThread "jar transforms Thread 113" [_thread_blocked, id=12860, stack(0x0000000028e70000,0x0000000028f70000)]
  0x000000001cf65000 JavaThread "jar transforms Thread 112" [_thread_blocked, id=1392, stack(0x0000000028d70000,0x0000000028e70000)]
  0x000000001cf64000 JavaThread "jar transforms Thread 111" [_thread_blocked, id=6548, stack(0x0000000028c70000,0x0000000028d70000)]
  0x000000001cf58000 JavaThread "jar transforms Thread 110" [_thread_blocked, id=14624, stack(0x0000000028b70000,0x0000000028c70000)]
  0x000000001cf59000 JavaThread "jar transforms Thread 109" [_thread_blocked, id=15736, stack(0x0000000028a70000,0x0000000028b70000)]
  0x000000001cf5f000 JavaThread "jar transforms Thread 108" [_thread_blocked, id=1676, stack(0x0000000028970000,0x0000000028a70000)]
  0x000000001cf57800 JavaThread "jar transforms Thread 107" [_thread_blocked, id=10460, stack(0x0000000028870000,0x0000000028970000)]
  0x000000001cf59800 JavaThread "jar transforms Thread 106" [_thread_blocked, id=4880, stack(0x0000000028770000,0x0000000028870000)]
  0x000000001cf5e000 JavaThread "jar transforms Thread 105" [_thread_blocked, id=2060, stack(0x0000000028670000,0x0000000028770000)]
  0x000000001cf5c800 JavaThread "jar transforms Thread 104" [_thread_blocked, id=4808, stack(0x0000000028570000,0x0000000028670000)]
  0x000000001cf5c000 JavaThread "jar transforms Thread 103" [_thread_blocked, id=7248, stack(0x0000000028470000,0x0000000028570000)]
  0x000000001cf5b000 JavaThread "jar transforms Thread 102" [_thread_blocked, id=11724, stack(0x0000000028370000,0x0000000028470000)]
  0x000000001cf5a800 JavaThread "jar transforms Thread 101" [_thread_blocked, id=13040, stack(0x0000000028270000,0x0000000028370000)]
  0x000000001cf5d800 JavaThread "jar transforms Thread 100" [_thread_blocked, id=9296, stack(0x0000000028170000,0x0000000028270000)]
  0x000000001cf56800 JavaThread "jar transforms Thread 99" [_thread_blocked, id=13400, stack(0x0000000028070000,0x0000000028170000)]
  0x000000001af1a000 JavaThread "jar transforms Thread 98" [_thread_blocked, id=16280, stack(0x0000000027f70000,0x0000000028070000)]
  0x000000001af19800 JavaThread "jar transforms Thread 97" [_thread_blocked, id=7160, stack(0x0000000027e70000,0x0000000027f70000)]
  0x000000001af18800 JavaThread "jar transforms Thread 96" [_thread_blocked, id=7148, stack(0x0000000027d70000,0x0000000027e70000)]
  0x000000001af1b000 JavaThread "jar transforms Thread 95" [_thread_blocked, id=3324, stack(0x0000000027c70000,0x0000000027d70000)]
  0x000000001af17000 JavaThread "jar transforms Thread 94" [_thread_blocked, id=10824, stack(0x0000000027b70000,0x0000000027c70000)]
  0x000000001af16800 JavaThread "jar transforms Thread 93" [_thread_blocked, id=16164, stack(0x0000000027a70000,0x0000000027b70000)]
  0x000000001af18000 JavaThread "jar transforms Thread 92" [_thread_blocked, id=7140, stack(0x0000000027970000,0x0000000027a70000)]
  0x000000001af0f000 JavaThread "jar transforms Thread 91" [_thread_blocked, id=5392, stack(0x0000000027870000,0x0000000027970000)]
  0x000000001af15800 JavaThread "jar transforms Thread 90" [_thread_blocked, id=14888, stack(0x0000000027770000,0x0000000027870000)]
  0x000000001af0e000 JavaThread "jar transforms Thread 89" [_thread_blocked, id=14408, stack(0x0000000027670000,0x0000000027770000)]
  0x000000001af15000 JavaThread "jar transforms Thread 88" [_thread_blocked, id=14284, stack(0x0000000027570000,0x0000000027670000)]
  0x000000001af10800 JavaThread "jar transforms Thread 87" [_thread_blocked, id=10892, stack(0x0000000027470000,0x0000000027570000)]
  0x000000001af0d800 JavaThread "jar transforms Thread 86" [_thread_blocked, id=328, stack(0x0000000027370000,0x0000000027470000)]
  0x000000001af14000 JavaThread "jar transforms Thread 85" [_thread_blocked, id=15716, stack(0x0000000027270000,0x0000000027370000)]
  0x000000001af0c800 JavaThread "jar transforms Thread 84" [_thread_blocked, id=15008, stack(0x0000000027170000,0x0000000027270000)]
  0x000000001af13800 JavaThread "jar transforms Thread 83" [_thread_blocked, id=12792, stack(0x0000000027070000,0x0000000027170000)]
  0x000000001af0c000 JavaThread "jar transforms Thread 82" [_thread_blocked, id=13628, stack(0x0000000026f70000,0x0000000027070000)]
  0x000000001af12800 JavaThread "jar transforms Thread 81" [_thread_blocked, id=5352, stack(0x0000000026e70000,0x0000000026f70000)]
  0x000000001af0f800 JavaThread "jar transforms Thread 80" [_thread_blocked, id=6212, stack(0x0000000026d70000,0x0000000026e70000)]
  0x000000001af12000 JavaThread "jar transforms Thread 79" [_thread_blocked, id=8984, stack(0x0000000026c70000,0x0000000026d70000)]
  0x000000001af11000 JavaThread "jar transforms Thread 78" [_thread_blocked, id=11548, stack(0x0000000026b70000,0x0000000026c70000)]
  0x000000001ac17800 JavaThread "jar transforms Thread 77" [_thread_blocked, id=13572, stack(0x0000000026a70000,0x0000000026b70000)]
  0x000000001ac17000 JavaThread "jar transforms Thread 76" [_thread_blocked, id=16360, stack(0x0000000026970000,0x0000000026a70000)]
  0x000000001ac16000 JavaThread "jar transforms Thread 75" [_thread_blocked, id=14616, stack(0x0000000026870000,0x0000000026970000)]
  0x000000001ac15800 JavaThread "jar transforms Thread 74" [_thread_blocked, id=2812, stack(0x0000000026770000,0x0000000026870000)]
  0x000000001ac14800 JavaThread "jar transforms Thread 73" [_thread_blocked, id=7628, stack(0x0000000026670000,0x0000000026770000)]
  0x000000001ac14000 JavaThread "jar transforms Thread 72" [_thread_blocked, id=10328, stack(0x0000000026570000,0x0000000026670000)]
  0x000000001ac0c800 JavaThread "jar transforms Thread 71" [_thread_blocked, id=15352, stack(0x0000000026470000,0x0000000026570000)]
  0x000000001ac13000 JavaThread "jar transforms Thread 70" [_thread_blocked, id=10624, stack(0x0000000026370000,0x0000000026470000)]
  0x000000001ac12800 JavaThread "jar transforms Thread 69" [_thread_blocked, id=1948, stack(0x0000000026270000,0x0000000026370000)]
  0x000000001ac0b000 JavaThread "jar transforms Thread 68" [_thread_blocked, id=15136, stack(0x0000000026170000,0x0000000026270000)]
  0x000000001ac11800 JavaThread "jar transforms Thread 67" [_thread_blocked, id=11620, stack(0x0000000026070000,0x0000000026170000)]
  0x000000001ac0a000 JavaThread "jar transforms Thread 66" [_thread_blocked, id=12440, stack(0x0000000025f70000,0x0000000026070000)]
  0x000000001ac11000 JavaThread "jar transforms Thread 65" [_thread_blocked, id=1592, stack(0x0000000025e70000,0x0000000025f70000)]
  0x000000001ac09800 JavaThread "jar transforms Thread 64" [_thread_blocked, id=12436, stack(0x0000000025d70000,0x0000000025e70000)]
  0x000000001ac10000 JavaThread "jar transforms Thread 63" [_thread_blocked, id=7824, stack(0x0000000025c70000,0x0000000025d70000)]
  0x000000001ac0f800 JavaThread "jar transforms Thread 62" [_thread_blocked, id=15588, stack(0x0000000025b70000,0x0000000025c70000)]
  0x000000001ac0d000 JavaThread "jar transforms Thread 61" [_thread_blocked, id=13240, stack(0x0000000025a70000,0x0000000025b70000)]
  0x000000001ac0e800 JavaThread "jar transforms Thread 60" [_thread_blocked, id=7252, stack(0x0000000025970000,0x0000000025a70000)]
  0x000000001ac08800 JavaThread "jar transforms Thread 59" [_thread_blocked, id=9924, stack(0x0000000025870000,0x0000000025970000)]
  0x000000001ac0b800 JavaThread "jar transforms Thread 58" [_thread_blocked, id=7336, stack(0x0000000025770000,0x0000000025870000)]
  0x000000001ac0e000 JavaThread "jar transforms Thread 57" [_thread_blocked, id=16284, stack(0x0000000025670000,0x0000000025770000)]
  0x000000001909d000 JavaThread "jar transforms Thread 56" [_thread_blocked, id=9372, stack(0x0000000025570000,0x0000000025670000)]
  0x000000001909b000 JavaThread "jar transforms Thread 55" [_thread_blocked, id=7732, stack(0x0000000025470000,0x0000000025570000)]
  0x0000000019099800 JavaThread "jar transforms Thread 54" [_thread_blocked, id=3376, stack(0x0000000025370000,0x0000000025470000)]
  0x000000001909c800 JavaThread "jar transforms Thread 53" [_thread_blocked, id=4360, stack(0x0000000025270000,0x0000000025370000)]
  0x0000000019098000 JavaThread "jar transforms Thread 52" [_thread_blocked, id=11744, stack(0x0000000025170000,0x0000000025270000)]
  0x0000000019097000 JavaThread "jar transforms Thread 51" [_thread_blocked, id=6432, stack(0x0000000025070000,0x0000000025170000)]
  0x000000001909b800 JavaThread "jar transforms Thread 50" [_thread_blocked, id=7428, stack(0x0000000024f70000,0x0000000025070000)]
  0x000000001909e000 JavaThread "jar transforms Thread 49" [_thread_blocked, id=15628, stack(0x0000000024e70000,0x0000000024f70000)]
  0x0000000019098800 JavaThread "jar transforms Thread 48" [_thread_blocked, id=11616, stack(0x0000000024d70000,0x0000000024e70000)]
  0x000000001909a000 JavaThread "jar transforms Thread 47" [_thread_blocked, id=12812, stack(0x0000000024c70000,0x0000000024d70000)]
  0x000000001908f800 JavaThread "jar transforms Thread 46" [_thread_blocked, id=10940, stack(0x0000000024b70000,0x0000000024c70000)]
  0x0000000019096800 JavaThread "jar transforms Thread 45" [_thread_blocked, id=14364, stack(0x0000000024a70000,0x0000000024b70000)]
  0x0000000019092800 JavaThread "jar transforms Thread 44" [_thread_blocked, id=612, stack(0x0000000024970000,0x0000000024a70000)]
  0x000000001908f000 JavaThread "jar transforms Thread 43" [_thread_blocked, id=2052, stack(0x0000000024870000,0x0000000024970000)]
  0x0000000019095800 JavaThread "jar transforms Thread 42" [_thread_blocked, id=9332, stack(0x0000000024770000,0x0000000024870000)]
  0x0000000019092000 JavaThread "jar transforms Thread 41" [_thread_blocked, id=5948, stack(0x0000000024670000,0x0000000024770000)]
  0x0000000019091000 JavaThread "jar transforms Thread 40" [_thread_blocked, id=7096, stack(0x0000000024570000,0x0000000024670000)]
  0x0000000019090800 JavaThread "jar transforms Thread 39" [_thread_blocked, id=2196, stack(0x0000000024470000,0x0000000024570000)]
  0x0000000019093800 JavaThread "jar transforms Thread 38" [_thread_blocked, id=13492, stack(0x0000000024370000,0x0000000024470000)]
  0x0000000019095000 JavaThread "jar transforms Thread 37" [_thread_blocked, id=16100, stack(0x0000000024270000,0x0000000024370000)]
  0x0000000019094000 JavaThread "jar transforms Thread 36" [_thread_blocked, id=9664, stack(0x0000000024170000,0x0000000024270000)]
  0x0000000018cb0000 JavaThread "jar transforms Thread 35" [_thread_blocked, id=13004, stack(0x0000000024070000,0x0000000024170000)]
  0x0000000018cb0800 JavaThread "jar transforms Thread 34" [_thread_blocked, id=12148, stack(0x0000000023f70000,0x0000000024070000)]
  0x0000000018caf000 JavaThread "jar transforms Thread 33" [_thread_blocked, id=9436, stack(0x0000000023e70000,0x0000000023f70000)]
  0x0000000018cad800 JavaThread "jar transforms Thread 32" [_thread_blocked, id=4244, stack(0x0000000023d70000,0x0000000023e70000)]
  0x0000000018cae800 JavaThread "jar transforms Thread 31" [_thread_blocked, id=13836, stack(0x0000000023c70000,0x0000000023d70000)]
  0x0000000018cb1800 JavaThread "jar transforms Thread 30" [_thread_blocked, id=5464, stack(0x0000000023b70000,0x0000000023c70000)]
  0x0000000018cb2000 JavaThread "jar transforms Thread 29" [_thread_blocked, id=12796, stack(0x0000000023a70000,0x0000000023b70000)]
  0x0000000018ca6000 JavaThread "jar transforms Thread 28" [_thread_blocked, id=15844, stack(0x0000000023970000,0x0000000023a70000)]
  0x0000000018cad000 JavaThread "jar transforms Thread 27" [_thread_blocked, id=6116, stack(0x0000000023870000,0x0000000023970000)]
  0x0000000018ca9000 JavaThread "jar transforms Thread 26" [_thread_blocked, id=11880, stack(0x0000000023770000,0x0000000023870000)]
  0x0000000018ca5800 JavaThread "jar transforms Thread 25" [_thread_blocked, id=14356, stack(0x0000000023670000,0x0000000023770000)]
  0x0000000018cac000 JavaThread "jar transforms Thread 24" [_thread_blocked, id=4948, stack(0x0000000023570000,0x0000000023670000)]
  0x0000000018cab800 JavaThread "jar transforms Thread 23" [_thread_blocked, id=5468, stack(0x0000000023470000,0x0000000023570000)]
  0x0000000018ca8800 JavaThread "jar transforms Thread 22" [_thread_blocked, id=14644, stack(0x0000000023370000,0x0000000023470000)]
  0x0000000018ca7000 JavaThread "jar transforms Thread 21" [_thread_blocked, id=2700, stack(0x0000000023270000,0x0000000023370000)]
  0x0000000018caa000 JavaThread "jar transforms Thread 20" [_thread_blocked, id=14620, stack(0x0000000023170000,0x0000000023270000)]
  0x0000000018caa800 JavaThread "jar transforms Thread 19" [_thread_blocked, id=15264, stack(0x0000000023070000,0x0000000023170000)]
  0x0000000018ca7800 JavaThread "jar transforms Thread 18" [_thread_blocked, id=10160, stack(0x0000000022f70000,0x0000000023070000)]
  0x0000000018ca4800 JavaThread "jar transforms Thread 17" [_thread_blocked, id=6416, stack(0x0000000022e70000,0x0000000022f70000)]
  0x0000000018ca3000 JavaThread "jar transforms Thread 16" [_thread_blocked, id=1312, stack(0x0000000022d70000,0x0000000022e70000)]
  0x0000000018ca4000 JavaThread "jar transforms Thread 15" [_thread_blocked, id=9496, stack(0x0000000022c70000,0x0000000022d70000)]
  0x000000001dac5800 JavaThread "jar transforms Thread 14" [_thread_blocked, id=1040, stack(0x0000000022b70000,0x0000000022c70000)]
  0x000000001dac4000 JavaThread "jar transforms Thread 13" [_thread_blocked, id=9900, stack(0x0000000022a70000,0x0000000022b70000)]
  0x000000001dac3800 JavaThread "jar transforms Thread 12" [_thread_blocked, id=15304, stack(0x0000000022970000,0x0000000022a70000)]
  0x000000001dac5000 JavaThread "jar transforms Thread 11" [_thread_blocked, id=11412, stack(0x0000000022870000,0x0000000022970000)]
  0x000000001dac2800 JavaThread "jar transforms Thread 10" [_thread_blocked, id=11760, stack(0x0000000022670000,0x0000000022770000)]
  0x000000001dac2000 JavaThread "jar transforms Thread 9" [_thread_blocked, id=2352, stack(0x0000000022570000,0x0000000022670000)]
  0x000000001dac8000 JavaThread "jar transforms Thread 8" [_thread_blocked, id=8624, stack(0x0000000022470000,0x0000000022570000)]
  0x000000001dac7000 JavaThread "jar transforms Thread 7" [_thread_blocked, id=15080, stack(0x0000000022370000,0x0000000022470000)]
  0x000000001dac6800 JavaThread "jar transforms Thread 6" [_thread_blocked, id=11440, stack(0x0000000022270000,0x0000000022370000)]
  0x000000001daba800 JavaThread "jar transforms Thread 5" [_thread_blocked, id=8664, stack(0x0000000022170000,0x0000000022270000)]
  0x000000001dac1000 JavaThread "jar transforms Thread 4" [_thread_blocked, id=6756, stack(0x0000000022070000,0x0000000022170000)]
  0x000000001dabc800 JavaThread "jar transforms Thread 3" [_thread_blocked, id=2948, stack(0x0000000021f70000,0x0000000022070000)]
  0x000000001dabc000 JavaThread "jar transforms Thread 2" [_thread_blocked, id=10404, stack(0x0000000021e70000,0x0000000021f70000)]
  0x000000001dac0800 JavaThread "Build operations Thread 4" [_thread_blocked, id=7660, stack(0x0000000021d70000,0x0000000021e70000)]
  0x000000001dab9000 JavaThread "Build operations Thread 3" [_thread_blocked, id=16124, stack(0x0000000021c70000,0x0000000021d70000)]
  0x000000001dabf000 JavaThread "Build operations Thread 2" [_thread_blocked, id=11800, stack(0x0000000021b70000,0x0000000021c70000)]
  0x000000001dab9800 JavaThread "Build operations" [_thread_blocked, id=15664, stack(0x0000000021a70000,0x0000000021b70000)]
  0x000000001ab7c000 JavaThread "Cache worker for file content cache (C:\Users\User\.gradle\caches\6.5\fileContent)" [_thread_blocked, id=14272, stack(0x0000000020f20000,0x0000000021020000)]
  0x000000001ab7b800 JavaThread "jar transforms" [_thread_blocked, id=7832, stack(0x0000000020e20000,0x0000000020f20000)]
  0x000000001ab77800 JavaThread "Cache worker for execution history cache (C:\Users\User\.gradle\caches\6.5\executionHistory)" [_thread_blocked, id=13204, stack(0x0000000020b20000,0x0000000020c20000)]
  0x000000001ab7a000 JavaThread "Cache worker for cache directory md-rule (C:\Users\User\.gradle\caches\6.5\md-rule)" [_thread_blocked, id=3524, stack(0x0000000020a20000,0x0000000020b20000)]
  0x000000001ab76000 JavaThread "Cache worker for cache directory md-supplier (C:\Users\User\.gradle\caches\6.5\md-supplier)" [_thread_blocked, id=116, stack(0x0000000020920000,0x0000000020a20000)]
  0x000000001ab78800 JavaThread "Cache worker for checksums cache (D:\mobile\LalisaShop\.gradle\checksums)" [_thread_blocked, id=13268, stack(0x0000000020820000,0x0000000020920000)]
  0x000000001ab7a800 JavaThread "Cache worker for file hash cache (D:\mobile\LalisaShop\.gradle\6.5\fileHashes)" [_thread_blocked, id=9128, stack(0x000000001ef30000,0x000000001f030000)]
  0x000000001ab79000 JavaThread "Cache worker for file hash cache (C:\Users\User\.gradle\caches\6.5\fileHashes)" [_thread_blocked, id=12120, stack(0x000000001ee30000,0x000000001ef30000)]
  0x000000001ab77000 JavaThread "File lock request listener" [_thread_in_native, id=14380, stack(0x000000001f0c0000,0x000000001f1c0000)]
  0x000000001b625000 JavaThread "Cache worker for journal cache (C:\Users\User\.gradle\caches\journal-1)" [_thread_blocked, id=2412, stack(0x000000001dd60000,0x000000001de60000)]
  0x000000001a9fd800 JavaThread "Thread-9" [_thread_blocked, id=12556, stack(0x000000001ca90000,0x000000001cb90000)]
  0x000000001a9fc800 JavaThread "Stdin handler" [_thread_blocked, id=1396, stack(0x000000001c990000,0x000000001ca90000)]
  0x000000001aa2b800 JavaThread "Asynchronous log dispatcher for DefaultDaemonConnection: socket connection from /127.0.0.1:60403 to /127.0.0.1:60404" [_thread_blocked, id=12092, stack(0x000000001c890000,0x000000001c990000)]
  0x000000001aa2a000 JavaThread "Daemon worker" [_thread_in_vm, id=3476, stack(0x000000001c790000,0x000000001c890000)]
  0x000000001aa02800 JavaThread "Cancel handler" [_thread_blocked, id=8412, stack(0x000000001c690000,0x000000001c790000)]
  0x000000001a924800 JavaThread "Handler for socket connection from /127.0.0.1:60403 to /127.0.0.1:60404" [_thread_in_native, id=12548, stack(0x000000001c590000,0x000000001c690000)]
  0x000000001a921000 JavaThread "Daemon" [_thread_blocked, id=12684, stack(0x000000001c490000,0x000000001c590000)]
  0x000000001a990800 JavaThread "Daemon periodic checks" [_thread_blocked, id=14944, stack(0x000000001c190000,0x000000001c290000)]
  0x000000001a915000 JavaThread "Incoming local TCP Connector on port 60403" [_thread_in_native, id=9692, stack(0x000000001bf50000,0x000000001c050000)]
  0x000000001a8ab800 JavaThread "Daemon health stats" [_thread_blocked, id=12652, stack(0x000000001b910000,0x000000001ba10000)]
  0x00000000189a0800 JavaThread "Service Thread" daemon [_thread_blocked, id=13024, stack(0x0000000018d70000,0x0000000018e70000)]
  0x0000000017038000 JavaThread "C1 CompilerThread2" daemon [_thread_blocked, id=1348, stack(0x0000000018870000,0x0000000018970000)]
  0x0000000017029800 JavaThread "C2 CompilerThread1" daemon [_thread_blocked, id=16156, stack(0x0000000018770000,0x0000000018870000)]
=>0x0000000017023000 JavaThread "C2 CompilerThread0" daemon [_thread_in_native, id=11436, stack(0x0000000018670000,0x0000000018770000)]
  0x0000000017025800 JavaThread "Attach Listener" daemon [_thread_blocked, id=9620, stack(0x0000000018570000,0x0000000018670000)]
  0x0000000017024800 JavaThread "Signal Dispatcher" daemon [_thread_blocked, id=3020, stack(0x0000000018470000,0x0000000018570000)]
  0x0000000017009000 JavaThread "Finalizer" daemon [_thread_blocked, id=10392, stack(0x0000000018270000,0x0000000018370000)]
  0x00000000023f1000 JavaThread "Reference Handler" daemon [_thread_blocked, id=7084, stack(0x0000000018170000,0x0000000018270000)]
  0x00000000022fd800 JavaThread "main" [_thread_blocked, id=2324, stack(0x0000000002170000,0x0000000002270000)]

Other Threads:
  0x0000000016fe6000 VMThread [stack: 0x0000000018070000,0x0000000018170000] [id=5260]
  0x000000001707e800 WatcherThread [stack: 0x0000000018e70000,0x0000000018f70000] [id=8584]

VM state:not at safepoint (normal execution)

VM Mutex/Monitor currently owned by a thread: None

heap address: 0x0000000080000000, size: 2048 MB, Compressed Oops mode: 32-bit
Narrow klass base: 0x0000000000000000, Narrow klass shift: 3
Compressed class space size: 1073741824 Address: 0x0000000100000000

Heap:
 PSYoungGen      total 203776K, used 146176K [0x00000000d5580000, 0x00000000e5600000, 0x0000000100000000)
  eden space 185856K, 69% used [0x00000000d5580000,0x00000000dd2c25d8,0x00000000e0b00000)
  from space 17920K, 99% used [0x00000000e0b00000,0x00000000e1c7dc40,0x00000000e1c80000)
  to   space 21504K, 0% used [0x00000000e4100000,0x00000000e4100000,0x00000000e5600000)
 ParOldGen       total 89600K, used 34562K [0x0000000080000000, 0x0000000085780000, 0x00000000d5580000)
  object space 89600K, 38% used [0x0000000080000000,0x00000000821c08e0,0x0000000085780000)
 Metaspace       used 75538K, capacity 78840K, committed 79000K, reserved 1118208K
  class space    used 10248K, capacity 10884K, committed 10928K, reserved 1048576K

Card table byte_map: [0x00000000117c0000,0x0000000011bd0000] byte_map_base: 0x00000000113c0000

Marking Bits: (ParMarkBitMap*) 0x0000000057b7f030
 Begin Bits: [0x0000000012280000, 0x0000000014280000)
 End Bits:   [0x0000000014280000, 0x0000000016280000)

Polling page: 0x0000000002270000

CodeCache: size=245760Kb used=27187Kb max_used=27207Kb free=218572Kb
 bounds [0x0000000002400000, 0x0000000003ec0000, 0x0000000011400000]
 total_blobs=9600 nmethods=8760 adapters=752
 compilation: enabled

Compilation events (10 events):
Event: 44.196 Thread 0x0000000017038000 nmethod 10158 0x0000000003a3d150 code [0x0000000003a3d300, 0x0000000003a3d9a8]
Event: 44.197 Thread 0x0000000017029800 10159       4       java.io.ObjectOutputStream$BlockDataOutputStream::drain (45 bytes)
Event: 44.197 Thread 0x0000000017038000 10160   !   3       sun.reflect.GeneratedMethodAccessor25::invoke (66 bytes)
Event: 44.198 Thread 0x0000000017038000 nmethod 10160 0x0000000003a3c3d0 code [0x0000000003a3c5c0, 0x0000000003a3cd78]
Event: 44.199 Thread 0x0000000017023000 nmethod 10151 0x0000000003a38690 code [0x0000000003a387e0, 0x0000000003a38e98]
Event: 44.199 Thread 0x0000000017023000 10161       4       java.io.ObjectOutputStream$HandleTable::insert (39 bytes)
Event: 44.200 Thread 0x0000000017038000 10162       3       java.util.IdentityHashMap::nextKeyIndex (15 bytes)
Event: 44.200 Thread 0x0000000017038000 nmethod 10162 0x0000000003a3c090 code [0x0000000003a3c1e0, 0x0000000003a3c370]
Event: 44.201 Thread 0x0000000017023000 nmethod 10161 0x0000000003a38150 code [0x0000000003a382a0, 0x0000000003a384a8]
Event: 44.207 Thread 0x0000000017023000 10163 %     4       java.io.ObjectOutputStream$BlockDataOutputStream::writeBytes @ 95 (144 bytes)

GC Heap History (10 events):
Event: 12.201 GC heap before
{Heap before GC invocations=16 (full 2):
 PSYoungGen      total 133120K, used 131026K [0x00000000d5580000, 0x00000000e0300000, 0x0000000100000000)
  eden space 123392K, 100% used [0x00000000d5580000,0x00000000dce00000,0x00000000dce00000)
  from space 9728K, 78% used [0x00000000dce00000,0x00000000dd574b68,0x00000000dd780000)
  to   space 10240K, 0% used [0x00000000df900000,0x00000000df900000,0x00000000e0300000)
 ParOldGen       total 51712K, used 14473K [0x0000000080000000, 0x0000000083280000, 0x00000000d5580000)
  object space 51712K, 27% used [0x0000000080000000,0x0000000080e22780,0x0000000083280000)
 Metaspace       used 51842K, capacity 53844K, committed 53928K, reserved 1095680K
  class space    used 6893K, capacity 7312K, committed 7344K, reserved 1048576K
Event: 12.235 GC heap after
Heap after GC invocations=16 (full 2):
 PSYoungGen      total 162304K, used 10236K [0x00000000d5580000, 0x00000000e0b00000, 0x0000000100000000)
  eden space 152064K, 0% used [0x00000000d5580000,0x00000000d5580000,0x00000000dea00000)
  from space 10240K, 99% used [0x00000000df900000,0x00000000e02ff320,0x00000000e0300000)
  to   space 15360K, 0% used [0x00000000dea00000,0x00000000dea00000,0x00000000df900000)
 ParOldGen       total 51712K, used 24433K [0x0000000080000000, 0x0000000083280000, 0x00000000d5580000)
  object space 51712K, 47% used [0x0000000080000000,0x00000000817dc760,0x0000000083280000)
 Metaspace       used 51842K, capacity 53844K, committed 53928K, reserved 1095680K
  class space    used 6893K, capacity 7312K, committed 7344K, reserved 1048576K
}
Event: 13.563 GC heap before
{Heap before GC invocations=17 (full 2):
 PSYoungGen      total 162304K, used 89181K [0x00000000d5580000, 0x00000000e0b00000, 0x0000000100000000)
  eden space 152064K, 51% used [0x00000000d5580000,0x00000000da2984b0,0x00000000dea00000)
  from space 10240K, 99% used [0x00000000df900000,0x00000000e02ff320,0x00000000e0300000)
  to   space 15360K, 0% used [0x00000000dea00000,0x00000000dea00000,0x00000000df900000)
 ParOldGen       total 51712K, used 24433K [0x0000000080000000, 0x0000000083280000, 0x00000000d5580000)
  object space 51712K, 47% used [0x0000000080000000,0x00000000817dc760,0x0000000083280000)
 Metaspace       used 56846K, capacity 59006K, committed 59160K, reserved 1099776K
  class space    used 7697K, capacity 8148K, committed 8240K, reserved 1048576K
Event: 13.593 GC heap after
Heap after GC invocations=17 (full 2):
 PSYoungGen      total 167424K, used 9469K [0x00000000d5580000, 0x00000000e2f00000, 0x0000000100000000)
  eden space 152064K, 0% used [0x00000000d5580000,0x00000000d5580000,0x00000000dea00000)
  from space 15360K, 61% used [0x00000000dea00000,0x00000000df33f6c0,0x00000000df900000)
  to   space 15872K, 0% used [0x00000000e1f80000,0x00000000e1f80000,0x00000000e2f00000)
 ParOldGen       total 51712K, used 34566K [0x0000000080000000, 0x0000000083280000, 0x00000000d5580000)
  object space 51712K, 66% used [0x0000000080000000,0x00000000821c1b78,0x0000000083280000)
 Metaspace       used 56846K, capacity 59006K, committed 59160K, reserved 1099776K
  class space    used 7697K, capacity 8148K, committed 8240K, reserved 1048576K
}
Event: 13.593 GC heap before
{Heap before GC invocations=18 (full 3):
 PSYoungGen      total 167424K, used 9469K [0x00000000d5580000, 0x00000000e2f00000, 0x0000000100000000)
  eden space 152064K, 0% used [0x00000000d5580000,0x00000000d5580000,0x00000000dea00000)
  from space 15360K, 61% used [0x00000000dea00000,0x00000000df33f6c0,0x00000000df900000)
  to   space 15872K, 0% used [0x00000000e1f80000,0x00000000e1f80000,0x00000000e2f00000)
 ParOldGen       total 51712K, used 34566K [0x0000000080000000, 0x0000000083280000, 0x00000000d5580000)
  object space 51712K, 66% used [0x0000000080000000,0x00000000821c1b78,0x0000000083280000)
 Metaspace       used 56846K, capacity 59006K, committed 59160K, reserved 1099776K
  class space    used 7697K, capacity 8148K, committed 8240K, reserved 1048576K
Event: 14.079 GC heap after
Heap after GC invocations=18 (full 3):
 PSYoungGen      total 167424K, used 0K [0x00000000d5580000, 0x00000000e2f00000, 0x0000000100000000)
  eden space 152064K, 0% used [0x00000000d5580000,0x00000000d5580000,0x00000000dea00000)
  from space 15360K, 0% used [0x00000000dea00000,0x00000000dea00000,0x00000000df900000)
  to   space 15872K, 0% used [0x00000000e1f80000,0x00000000e1f80000,0x00000000e2f00000)
 ParOldGen       total 89600K, used 33054K [0x0000000080000000, 0x0000000085780000, 0x00000000d5580000)
  object space 89600K, 36% used [0x0000000080000000,0x0000000082047bd8,0x0000000085780000)
 Metaspace       used 56829K, capacity 58952K, committed 59160K, reserved 1099776K
  class space    used 7692K, capacity 8139K, committed 8240K, reserved 1048576K
}
Event: 18.273 GC heap before
{Heap before GC invocations=19 (full 3):
 PSYoungGen      total 167424K, used 152064K [0x00000000d5580000, 0x00000000e2f00000, 0x0000000100000000)
  eden space 152064K, 100% used [0x00000000d5580000,0x00000000dea00000,0x00000000dea00000)
  from space 15360K, 0% used [0x00000000dea00000,0x00000000dea00000,0x00000000df900000)
  to   space 15872K, 0% used [0x00000000e1f80000,0x00000000e1f80000,0x00000000e2f00000)
 ParOldGen       total 89600K, used 33054K [0x0000000080000000, 0x0000000085780000, 0x00000000d5580000)
  object space 89600K, 36% used [0x0000000080000000,0x0000000082047bd8,0x0000000085780000)
 Metaspace       used 65355K, capacity 68282K, committed 68504K, reserved 1107968K
  class space    used 9004K, capacity 9556K, committed 9648K, reserved 1048576K
Event: 18.461 GC heap after
Heap after GC invocations=19 (full 3):
 PSYoungGen      total 199680K, used 14639K [0x00000000d5580000, 0x00000000e2e00000, 0x0000000100000000)
  eden space 184832K, 0% used [0x00000000d5580000,0x00000000d5580000,0x00000000e0a00000)
  from space 14848K, 98% used [0x00000000e1f80000,0x00000000e2dcbd28,0x00000000e2e00000)
  to   space 17920K, 0% used [0x00000000e0b00000,0x00000000e0b00000,0x00000000e1c80000)
 ParOldGen       total 89600K, used 33062K [0x0000000080000000, 0x0000000085780000, 0x00000000d5580000)
  object space 89600K, 36% used [0x0000000080000000,0x0000000082049bd8,0x0000000085780000)
 Metaspace       used 65355K, capacity 68282K, committed 68504K, reserved 1107968K
  class space    used 9004K, capacity 9556K, committed 9648K, reserved 1048576K
}
Event: 22.391 GC heap before
{Heap before GC invocations=20 (full 3):
 PSYoungGen      total 199680K, used 199471K [0x00000000d5580000, 0x00000000e2e00000, 0x0000000100000000)
  eden space 184832K, 100% used [0x00000000d5580000,0x00000000e0a00000,0x00000000e0a00000)
  from space 14848K, 98% used [0x00000000e1f80000,0x00000000e2dcbd28,0x00000000e2e00000)
  to   space 17920K, 0% used [0x00000000e0b00000,0x00000000e0b00000,0x00000000e1c80000)
 ParOldGen       total 89600K, used 33062K [0x0000000080000000, 0x0000000085780000, 0x00000000d5580000)
  object space 89600K, 36% used [0x0000000080000000,0x0000000082049bd8,0x0000000085780000)
 Metaspace       used 69900K, capacity 73096K, committed 73240K, reserved 1112064K
  class space    used 9554K, capacity 10189K, committed 10288K, reserved 1048576K
Event: 22.761 GC heap after
Heap after GC invocations=20 (full 3):
 PSYoungGen      total 203776K, used 17911K [0x00000000d5580000, 0x00000000e5600000, 0x0000000100000000)
  eden space 185856K, 0% used [0x00000000d5580000,0x00000000d5580000,0x00000000e0b00000)
  from space 17920K, 99% used [0x00000000e0b00000,0x00000000e1c7dc40,0x00000000e1c80000)
  to   space 21504K, 0% used [0x00000000e4100000,0x00000000e4100000,0x00000000e5600000)
 ParOldGen       total 89600K, used 34562K [0x0000000080000000, 0x0000000085780000, 0x00000000d5580000)
  object space 89600K, 38% used [0x0000000080000000,0x00000000821c08e0,0x0000000085780000)
 Metaspace       used 69900K, capacity 73096K, committed 73240K, reserved 1112064K
  class space    used 9554K, capacity 10189K, committed 10288K, reserved 1048576K
}

Deoptimization events (10 events):
Event: 43.984 Thread 0x000000002cb7e800 Uncommon trap: reason=bimorphic action=maybe_recompile pc=0x0000000003d1afc8 method=org.gradle.internal.logging.sink.LogEventDispatcher.onOutput(Lorg/gradle/internal/logging/events/OutputEvent;)V @ 1
Event: 43.986 Thread 0x000000002cb7e800 Uncommon trap: reason=unstable_if action=reinterpret pc=0x0000000003a72bd4 method=org.gradle.internal.operations.logging.LoggingBuildOperationProgressBroadcaster.onOutput(Lorg/gradle/internal/logging/events/OutputEvent;)V @ 4
Event: 43.988 Thread 0x000000002cb7e800 Uncommon trap: reason=bimorphic action=maybe_recompile pc=0x0000000003b49318 method=org.gradle.internal.logging.sink.OutputEventRenderer.onOutput(Lorg/gradle/internal/logging/events/OutputEvent;)V @ 1
Event: 43.988 Thread 0x000000002cb7e800 Uncommon trap: reason=class_check action=maybe_recompile pc=0x0000000003a69410 method=org.gradle.internal.logging.sink.OutputEventTransformer.onOutput(Lorg/gradle/internal/logging/events/OutputEvent;)V @ 225
Event: 43.988 Thread 0x000000002cb7e800 Uncommon trap: reason=bimorphic action=maybe_recompile pc=0x0000000003d1afc8 method=org.gradle.internal.logging.sink.LogEventDispatcher.onOutput(Lorg/gradle/internal/logging/events/OutputEvent;)V @ 1
Event: 43.988 Thread 0x000000002cb7e800 Uncommon trap: reason=bimorphic action=maybe_recompile pc=0x0000000003d1afc8 method=org.gradle.internal.logging.sink.LogEventDispatcher.onOutput(Lorg/gradle/internal/logging/events/OutputEvent;)V @ 1
Event: 43.988 Thread 0x000000002cb7e800 Uncommon trap: reason=bimorphic action=maybe_recompile pc=0x0000000003b49318 method=org.gradle.internal.logging.sink.OutputEventRenderer.onOutput(Lorg/gradle/internal/logging/events/OutputEvent;)V @ 1
Event: 43.988 Thread 0x000000002cb7e800 Uncommon trap: reason=class_check action=maybe_recompile pc=0x0000000003a69410 method=org.gradle.internal.logging.sink.OutputEventTransformer.onOutput(Lorg/gradle/internal/logging/events/OutputEvent;)V @ 225
Event: 44.109 Thread 0x000000002cb7e800 Uncommon trap: reason=class_check action=maybe_recompile pc=0x00000000029ee680 method=java.lang.Throwable.<init>(Ljava/lang/String;Ljava/lang/Throwable;)V @ 24
Event: 44.147 Thread 0x000000002cb7e800 Uncommon trap: reason=unstable_if action=reinterpret pc=0x0000000002ea57a8 method=java.lang.AbstractStringBuilder.append(I)Ljava/lang/AbstractStringBuilder; @ 16

Classes redefined (0 events):
No events

Internal exceptions (10 events):
Event: 39.121 Thread 0x000000002cb7e800 Exception <a 'java/net/ConnectException': Connection refused: connect> (0x00000000dcb2a798) thrown at [C:\src\AOSP-openjdk-git\hotspot\src\share\vm\prims\jni.cpp, line 737]
Event: 41.573 Thread 0x000000002cb7e800 Exception <a 'java/net/ConnectException': Connection refused: connect> (0x00000000dcb2b8b8) thrown at [C:\src\AOSP-openjdk-git\hotspot\src\share\vm\prims\jni.cpp, line 737]
Event: 43.916 Thread 0x000000002cb7e800 Exception <a 'java/net/ConnectException': Connection refused: connect> (0x00000000dcb2c950) thrown at [C:\src\AOSP-openjdk-git\hotspot\src\share\vm\prims\jni.cpp, line 737]
Event: 43.977 Thread 0x000000002cb7e800 Exception <a 'java/io/IOException': CreateProcess error=1455, The paging file is too small for this operation to complete> (0x00000000dce14618) thrown at [C:\src\AOSP-openjdk-git\hotspot\src\share\vm\prims\jni.cpp, line 737]
Event: 43.979 Thread 0x000000002cb7e800 Exception <a 'java/io/IOException': CreateProcess error=1455, The paging file is too small for this operation to complete> (0x00000000dce1fa28) thrown at [C:\src\AOSP-openjdk-git\hotspot\src\share\vm\prims\jni.cpp, line 737]
Event: 44.109 Thread 0x000000002cb7e800 Exception <a 'java/io/IOException': CreateProcess error=1455, The paging file is too small for this operation to complete> (0x00000000dd02c988) thrown at [C:\src\AOSP-openjdk-git\hotspot\src\share\vm\prims\jni.cpp, line 737]
Event: 44.165 Thread 0x000000002cb7e800 Exception <a 'java/io/IOException'> (0x00000000dd0d0fc0) thrown at [C:\src\AOSP-openjdk-git\hotspot\src\share\vm\prims\jni.cpp, line 710]
Event: 44.165 Thread 0x000000002cb7e800 Exception <a 'java/lang/reflect/InvocationTargetException'> (0x00000000dd0d1790) thrown at [C:\src\AOSP-openjdk-git\hotspot\src\share\vm\runtime\reflection.cpp, line 1092]
Event: 44.200 Thread 0x000000001a9fd800 Exception <a 'java/lang/NoSuchMethodError': <clinit>> (0x00000000dd2ac4b0) thrown at [C:\src\AOSP-openjdk-git\hotspot\src\share\vm\prims\jni.cpp, line 1615]
Event: 44.206 Thread 0x000000001a9fd800 Exception <a 'java/lang/NoSuchMethodError': <clinit>> (0x00000000dd2bc4b0) thrown at [C:\src\AOSP-openjdk-git\hotspot\src\share\vm\prims\jni.cpp, line 1615]

Events (10 events):
Event: 44.206 Executing VM operation: RevokeBias done
Event: 44.206 Thread 0x000000002cb7e800 Thread exited: 0x000000002cb7e800
Event: 44.206 loading class org/gradle/internal/resources/ResourceLockState
Event: 44.206 loading class org/gradle/internal/resources/ResourceLockState done
Event: 44.207 loading class org/gradle/internal/resources/ResourceLockState
Event: 44.207 loading class org/gradle/internal/resources/ResourceLockState done
Event: 44.207 loading class org/gradle/execution/taskgraph/DefaultTaskExecutionGraph
Event: 44.207 loading class org/gradle/execution/taskgraph/DefaultTaskExecutionGraph done
Event: 44.210 loading class com/google/common/cache/LocalCache$Values
Event: 44.210 loading class com/google/common/cache/LocalCache$Values done


Dynamic libraries:
0x00007ff77ab40000 - 0x00007ff77ab71000 	C:\Program Files\Android\Android Studio\jre\bin\java.exe
0x00007ff9070e0000 - 0x00007ff9072d0000 	C:\WINDOWS\SYSTEM32\ntdll.dll
0x00007ff906740000 - 0x00007ff9067f2000 	C:\WINDOWS\System32\KERNEL32.DLL
0x00007ff904e60000 - 0x00007ff905105000 	C:\WINDOWS\System32\KERNELBASE.dll
0x00007ff906ff0000 - 0x00007ff907093000 	C:\WINDOWS\System32\ADVAPI32.dll
0x00007ff906d80000 - 0x00007ff906e1e000 	C:\WINDOWS\System32\msvcrt.dll
0x00007ff906810000 - 0x00007ff9068a7000 	C:\WINDOWS\System32\sechost.dll
0x00007ff9068c0000 - 0x00007ff9069e0000 	C:\WINDOWS\System32\RPCRT4.dll
0x00007ff905200000 - 0x00007ff905394000 	C:\WINDOWS\System32\USER32.dll
0x00007ff904050000 - 0x00007ff904071000 	C:\WINDOWS\System32\win32u.dll
0x00007ff906550000 - 0x00007ff906576000 	C:\WINDOWS\System32\GDI32.dll
0x00007ff9044e0000 - 0x00007ff904676000 	C:\WINDOWS\System32\gdi32full.dll
0x00007ff9043b0000 - 0x00007ff90444e000 	C:\WINDOWS\System32\msvcp_win.dll
0x00007ff904080000 - 0x00007ff90417a000 	C:\WINDOWS\System32\ucrtbase.dll
0x00007ff8f2100000 - 0x00007ff8f2384000 	C:\WINDOWS\WinSxS\amd64_microsoft.windows.common-controls_6595b64144ccf1df_6.0.18362.1256_none_9e7e379be45e40e2\COMCTL32.dll
0x00007ff905420000 - 0x00007ff905756000 	C:\WINDOWS\System32\combase.dll
0x00007ff904450000 - 0x00007ff9044d1000 	C:\WINDOWS\System32\bcryptPrimitives.dll
0x00007ff906d50000 - 0x00007ff906d7e000 	C:\WINDOWS\System32\IMM32.DLL
0x00000000572d0000 - 0x00000000573a2000 	C:\Program Files\Android\Android Studio\jre\jre\bin\msvcr100.dll
0x00000000573b0000 - 0x0000000057bfb000 	C:\Program Files\Android\Android Studio\jre\jre\bin\server\jvm.dll
0x00007ff9068b0000 - 0x00007ff9068b8000 	C:\WINDOWS\System32\PSAPI.DLL
0x00007ff902a70000 - 0x00007ff902a7a000 	C:\WINDOWS\SYSTEM32\VERSION.dll
0x00007ff8f29f0000 - 0x00007ff8f2a14000 	C:\WINDOWS\SYSTEM32\WINMM.dll
0x00007ff8f7b80000 - 0x00007ff8f7bad000 	C:\WINDOWS\SYSTEM32\winmmbase.dll
0x00007ff904680000 - 0x00007ff9046ca000 	C:\WINDOWS\System32\cfgmgr32.dll
0x00007ff8f5150000 - 0x00007ff8f5159000 	C:\WINDOWS\SYSTEM32\WSOCK32.dll
0x00007ff9069e0000 - 0x00007ff906a4f000 	C:\WINDOWS\System32\ws2_32.DLL
0x00007ff8f4530000 - 0x00007ff8f453f000 	C:\Program Files\Android\Android Studio\jre\jre\bin\verify.dll
0x00007ff8df920000 - 0x00007ff8df949000 	C:\Program Files\Android\Android Studio\jre\jre\bin\java.dll
0x00007ff8def50000 - 0x00007ff8def66000 	C:\Program Files\Android\Android Studio\jre\jre\bin\zip.dll
0x00007ff905d90000 - 0x00007ff906477000 	C:\WINDOWS\System32\SHELL32.dll
0x00007ff905760000 - 0x00007ff905809000 	C:\WINDOWS\System32\shcore.dll
0x00007ff9046d0000 - 0x00007ff904e51000 	C:\WINDOWS\System32\windows.storage.dll
0x00007ff903f90000 - 0x00007ff903fb3000 	C:\WINDOWS\System32\profapi.dll
0x00007ff903fe0000 - 0x00007ff90402a000 	C:\WINDOWS\System32\powrprof.dll
0x00007ff903f80000 - 0x00007ff903f90000 	C:\WINDOWS\System32\UMPDC.dll
0x00007ff905d30000 - 0x00007ff905d82000 	C:\WINDOWS\System32\shlwapi.dll
0x00007ff903fc0000 - 0x00007ff903fd1000 	C:\WINDOWS\System32\kernel.appcore.dll
0x00007ff905170000 - 0x00007ff905187000 	C:\WINDOWS\System32\cryptsp.dll
0x00007ff8de410000 - 0x00007ff8de42a000 	C:\Program Files\Android\Android Studio\jre\jre\bin\net.dll
0x00007ff9037d0000 - 0x00007ff903837000 	C:\WINDOWS\system32\mswsock.dll
0x00007ff8d7ff0000 - 0x00007ff8d8003000 	C:\Program Files\Android\Android Studio\jre\jre\bin\nio.dll
0x00007ff8e7160000 - 0x00007ff8e7187000 	C:\Users\User\.gradle\native\f6784746aeab05261644944871eae4fe03e0ef1612fff0a4a95f87b438bc6780\windows-amd64\native-platform.dll
0x00007ff8f4520000 - 0x00007ff8f452d000 	C:\Program Files\Android\Android Studio\jre\jre\bin\management.dll
0x00007ff903340000 - 0x00007ff903373000 	C:\WINDOWS\system32\rsaenh.dll
0x00007ff904380000 - 0x00007ff9043a6000 	C:\WINDOWS\System32\bcrypt.dll
0x00007ff903ea0000 - 0x00007ff903ec5000 	C:\WINDOWS\SYSTEM32\USERENV.dll
0x00007ff9039a0000 - 0x00007ff9039ac000 	C:\WINDOWS\SYSTEM32\CRYPTBASE.dll
0x00007ff9034e0000 - 0x00007ff90351a000 	C:\WINDOWS\SYSTEM32\IPHLPAPI.DLL
0x00007ff906800000 - 0x00007ff906808000 	C:\WINDOWS\System32\NSI.dll
0x00007ff8fbee0000 - 0x00007ff8fbef6000 	C:\WINDOWS\SYSTEM32\dhcpcsvc6.DLL
0x00007ff8fcf50000 - 0x00007ff8fcf6c000 	C:\WINDOWS\SYSTEM32\dhcpcsvc.DLL
0x00007ff903530000 - 0x00007ff9035fb000 	C:\WINDOWS\SYSTEM32\DNSAPI.dll
0x00007ff8fd4b0000 - 0x00007ff8fd4bb000 	C:\WINDOWS\SYSTEM32\WINNSI.DLL
0x00007ff8feac0000 - 0x00007ff8feade000 	C:\Users\User\AppData\Local\Temp\native-platform5296804958920508839dir\native-platform.dll

VM Arguments:
jvm_args: -Xmx2048m -Dfile.encoding=UTF-8 -Duser.country=ID -Duser.language=en -Duser.variant 
java_command: org.gradle.launcher.daemon.bootstrap.GradleDaemon 6.5
java_class_path (initial): C:\Users\User\.gradle\wrapper\dists\gradle-6.5-all\2oz4ud9k3tuxjg84bbf55q0tn\gradle-6.5\lib\gradle-launcher-6.5.jar
Launcher Type: SUN_STANDARD

Environment Variables:
PATH=C:\Windows\System32\; C:Windows\xampp1\php;C:\xampp1\php;C:\composer;C:\Program Files\nodejs\;C:\Users\User\AppData\Local\Microsoft\WindowsApps;C:\Users\User\AppData\Local\GitHubDesktop\bin;C:\Users\User\AppData\Roaming\Composer\vendor\bin;C:\Users\User\AppData\Roaming\npm
USERNAME=User
OS=Windows_NT
PROCESSOR_IDENTIFIER=Intel64 Family 6 Model 126 Stepping 5, GenuineIntel



---------------  S Y S T E M  ---------------

OS: Windows 10.0 , 64 bit Build 18362 (10.0.18362.1110)

CPU:total 4 (initial active 4) (2 cores per cpu, 2 threads per core) family 6 model 126 stepping 5, cmov, cx8, fxsr, mmx, sse, sse2, sse3, ssse3, sse4.1, sse4.2, popcnt, avx, avx2, aes, clmul, erms, 3dnowpref, lzcnt, ht, tsc, tscinvbit, bmi1, bmi2, adx

Memory: 4k page, physical 3955896k(160608k free), swap 8150200k(0k free)

vm_info: OpenJDK 64-Bit Server VM (25.242-b01) for windows-amd64 JRE (1.8.0_242-release-1644-b01), built by "builder" with MS VC++ 10.0 (VS2010)

time: Mon Dec 14 00:30:17 2020
timezone: SE Asia Standard Time
elapsed time: 44 seconds (0d 0h 0m 44s)

