#
# There is insufficient memory for the Java Runtime Environment to continue.
# Native memory allocation (malloc) failed to allocate 1618736 bytes for Chunk::new
# Possible reasons:
#   The system is out of physical RAM or swap space
#   The process is running with CompressedOops enabled, and the Java Heap may be blocking the growth of the native heap
# Possible solutions:
#   Reduce memory load on the system
#   Increase physical memory or swap space
#   Check if swap backing store is full
#   Decrease Java heap size (-Xmx/-Xms)
#   Decrease number of Java threads
#   Decrease Java thread stack sizes (-Xss)
#   Set larger code cache with -XX:ReservedCodeCacheSize=
#   JVM is running with Unscaled Compressed Oops mode in which the Java heap is
#     placed in the first 4GB address space. The Java Heap base address is the
#     maximum limit for the native heap growth. Please use -XX:HeapBaseMinAddress
#     to set the Java Heap base and to place the Java Heap above 4GB virtual address.
# This output file may be truncated or incomplete.
#
#  Out of Memory Error (allocation.cpp:389), pid=11300, tid=0x0000000000001840
#
# JRE version: OpenJDK Runtime Environment (8.0_242-b01) (build 1.8.0_242-release-1644-b01)
# Java VM: OpenJDK 64-Bit Server VM (25.242-b01 mixed mode windows-amd64 compressed oops)
# Failed to write core dump. Minidumps are not enabled by default on client versions of Windows
#

---------------  T H R E A D  ---------------

Current thread (0x0000000017b4b000):  JavaThread "C2 CompilerThread1" daemon [_thread_in_native, id=6208, stack(0x00000000192b0000,0x00000000193b0000)]

Stack: [0x00000000192b0000,0x00000000193b0000]
[error occurred during error reporting (printing stack bounds), id 0xc0000005]

Native frames: (J=compiled Java code, j=interpreted, Vv=VM code, C=native code)


Current CompileTask:
C2:3817746 21796 %     4       com.android.tools.r8.z.a.a.f::a @ 2576 (6058 bytes)


---------------  P R O C E S S  ---------------

Java Threads: ( => current thread )
  0x000000001fbe2800 JavaThread "WorkerExecutor Queue Thread 5" [_thread_blocked, id=9876, stack(0x0000000030bd0000,0x0000000030cd0000)]
  0x000000001fbde000 JavaThread "WorkerExecutor Queue Thread 4" [_thread_in_Java, id=6424, stack(0x000000002f8d0000,0x000000002f9d0000)]
  0x000000001fbe2000 JavaThread "WorkerExecutor Queue Thread 3" [_thread_in_Java, id=12528, stack(0x000000002f7d0000,0x000000002f8d0000)]
  0x000000001fbe5000 JavaThread "ForkJoinPool.commonPool-worker-2" daemon [_thread_blocked, id=10568, stack(0x000000002f2d0000,0x000000002f3d0000)]
  0x000000001fbe1000 JavaThread "ForkJoinPool.commonPool-worker-1" daemon [_thread_blocked, id=8432, stack(0x000000002f0d0000,0x000000002f1d0000)]
  0x000000001fbe0800 JavaThread "ForkJoinPool.commonPool-worker-0" daemon [_thread_blocked, id=3904, stack(0x000000002e9c0000,0x000000002eac0000)]
  0x000000001fbdb000 JavaThread "Cache worker for Java compile cache (D:\mobile\LalisaShop\.gradle\6.5\javaCompile)" [_thread_blocked, id=7208, stack(0x000000002e790000,0x000000002e890000)]
  0x000000001fbdd800 JavaThread "RMI RenewClean-[127.0.0.1:17308,org.jetbrains.kotlin.daemon.common.LoopbackNetworkInterface$ClientLoopbackSocketFactory@728b6a7f]" daemon [_thread_blocked, id=8216, stack(0x000000002e8c0000,0x000000002e9c0000)]
  0x000000001fbdf800 JavaThread "WorkerExecutor Queue Thread 2" [_thread_in_Java, id=1088, stack(0x000000002e690000,0x000000002e790000)]
  0x000000001fbdf000 JavaThread "stdout" [_thread_in_native, id=6020, stack(0x000000002e590000,0x000000002e690000)]
  0x000000001fbdc800 JavaThread "stderr" [_thread_in_native, id=11720, stack(0x000000002e490000,0x000000002e590000)]
  0x000000001fbdc000 JavaThread "pool-24-thread-1" [_thread_blocked, id=6500, stack(0x000000002df20000,0x000000002e020000)]
  0x000000001f484000 JavaThread "WorkerExecutor Queue" [_thread_blocked, id=12828, stack(0x000000002de20000,0x000000002df20000)]
  0x000000001f487800 JavaThread "Cache worker for execution history cache (D:\mobile\LalisaShop\.gradle\6.5\executionHistory)" [_thread_blocked, id=6052, stack(0x000000002dd20000,0x000000002de20000)]
  0x000000001f487000 JavaThread "Execution worker for ':' Thread 3" [_thread_blocked, id=980, stack(0x000000002dc20000,0x000000002dd20000)]
  0x000000001f485800 JavaThread "Execution worker for ':' Thread 2" [_thread_blocked, id=10716, stack(0x000000002db20000,0x000000002dc20000)]
  0x000000001f482800 JavaThread "Execution worker for ':'" [_thread_blocked, id=9732, stack(0x000000002da20000,0x000000002db20000)]
  0x000000001f484800 JavaThread "Cache worker for file content cache (D:\mobile\LalisaShop\.gradle\6.5\fileContent)" [_thread_blocked, id=2576, stack(0x000000002ca20000,0x000000002cb20000)]
  0x000000001f489000 JavaThread "pool-23-thread-1" [_thread_blocked, id=6232, stack(0x000000002c220000,0x000000002c320000)]
  0x000000001f483000 JavaThread "Cache worker for Build Output Cleanup Cache (D:\mobile\LalisaShop\.gradle\buildOutputCleanup)" [_thread_blocked, id=6356, stack(0x000000002ad80000,0x000000002ae80000)]
  0x000000001f486000 JavaThread "jar transforms Thread 791" [_thread_blocked, id=2232, stack(0x000000002ac80000,0x000000002ad80000)]
  0x000000001f47b000 JavaThread "jar transforms Thread 790" [_thread_blocked, id=10488, stack(0x000000002a880000,0x000000002a980000)]
  0x000000001f481800 JavaThread "jar transforms Thread 789" [_thread_blocked, id=424, stack(0x000000002a780000,0x000000002a880000)]
  0x000000001f480000 JavaThread "jar transforms Thread 788" [_thread_blocked, id=1844, stack(0x000000002a680000,0x000000002a780000)]
  0x000000001f481000 JavaThread "jar transforms Thread 787" [_thread_blocked, id=1884, stack(0x000000002a580000,0x000000002a680000)]
  0x000000001f47f800 JavaThread "jar transforms Thread 786" [_thread_blocked, id=10592, stack(0x000000002a480000,0x000000002a580000)]
  0x000000001f47e000 JavaThread "jar transforms Thread 785" [_thread_blocked, id=3156, stack(0x000000002a380000,0x000000002a480000)]
  0x000000001f47d000 JavaThread "jar transforms Thread 784" [_thread_blocked, id=10996, stack(0x000000002a280000,0x000000002a380000)]
  0x000000001f47c800 JavaThread "jar transforms Thread 783" [_thread_blocked, id=8028, stack(0x000000002a180000,0x000000002a280000)]
  0x000000001f47a000 JavaThread "jar transforms Thread 782" [_thread_blocked, id=2760, stack(0x000000002a080000,0x000000002a180000)]
  0x000000001f47e800 JavaThread "jar transforms Thread 781" [_thread_blocked, id=920, stack(0x0000000029f80000,0x000000002a080000)]
  0x000000001f47b800 JavaThread "jar transforms Thread 780" [_thread_blocked, id=1544, stack(0x0000000029e80000,0x0000000029f80000)]
  0x000000001b623800 JavaThread "jar transforms Thread 779" [_thread_blocked, id=2052, stack(0x0000000029d80000,0x0000000029e80000)]
  0x000000001b623000 JavaThread "jar transforms Thread 778" [_thread_blocked, id=11516, stack(0x0000000029c80000,0x0000000029d80000)]
  0x000000001b622000 JavaThread "jar transforms Thread 777" [_thread_blocked, id=11236, stack(0x0000000029b80000,0x0000000029c80000)]
  0x000000001b620000 JavaThread "jar transforms Thread 776" [_thread_blocked, id=9952, stack(0x0000000029a80000,0x0000000029b80000)]
  0x000000001b624800 JavaThread "jar transforms Thread 775" [_thread_blocked, id=9116, stack(0x0000000029980000,0x0000000029a80000)]
  0x000000001e267800 JavaThread "jar transforms Thread 774" [_thread_blocked, id=792, stack(0x0000000029880000,0x0000000029980000)]
  0x000000001e26a800 JavaThread "jar transforms Thread 773" [_thread_blocked, id=212, stack(0x0000000029780000,0x0000000029880000)]
  0x000000001e266000 JavaThread "jar transforms Thread 772" [_thread_blocked, id=10844, stack(0x0000000029680000,0x0000000029780000)]
  0x000000001e264800 JavaThread "jar transforms Thread 771" [_thread_blocked, id=2096, stack(0x0000000029580000,0x0000000029680000)]
  0x000000001e26a000 JavaThread "jar transforms Thread 770" [_thread_blocked, id=12500, stack(0x0000000029480000,0x0000000029580000)]
  0x000000001e269000 JavaThread "jar transforms Thread 769" [_thread_blocked, id=9540, stack(0x0000000029380000,0x0000000029480000)]
  0x000000001e26b800 JavaThread "jar transforms Thread 768" [_thread_blocked, id=11560, stack(0x0000000029280000,0x0000000029380000)]
  0x000000001eb3d800 JavaThread "jar transforms Thread 767" [_thread_blocked, id=4072, stack(0x0000000029180000,0x0000000029280000)]
  0x000000001eb42800 JavaThread "jar transforms Thread 766" [_thread_blocked, id=9284, stack(0x0000000029080000,0x0000000029180000)]
  0x000000001eb40800 JavaThread "jar transforms Thread 765" [_thread_blocked, id=4464, stack(0x0000000028f80000,0x0000000029080000)]
  0x000000001eb3f000 JavaThread "jar transforms Thread 764" [_thread_blocked, id=11752, stack(0x0000000028e80000,0x0000000028f80000)]
  0x000000001eb40000 JavaThread "jar transforms Thread 763" [_thread_blocked, id=7700, stack(0x0000000028d80000,0x0000000028e80000)]
  0x000000001eb3d000 JavaThread "jar transforms Thread 762" [_thread_blocked, id=8000, stack(0x0000000028c80000,0x0000000028d80000)]
  0x000000001eb41800 JavaThread "jar transforms Thread 761" [_thread_blocked, id=5212, stack(0x0000000028b80000,0x0000000028c80000)]
  0x000000001eb3e800 JavaThread "jar transforms Thread 760" [_thread_blocked, id=9092, stack(0x0000000028a80000,0x0000000028b80000)]
  0x000000001eb36000 JavaThread "jar transforms Thread 759" [_thread_blocked, id=11480, stack(0x0000000028980000,0x0000000028a80000)]
  0x000000001eb3c000 JavaThread "jar transforms Thread 758" [_thread_blocked, id=5772, stack(0x0000000028880000,0x0000000028980000)]
  0x000000001eb35800 JavaThread "jar transforms Thread 757" [_thread_blocked, id=11124, stack(0x0000000028780000,0x0000000028880000)]
  0x000000001eb34800 JavaThread "jar transforms Thread 756" [_thread_blocked, id=8480, stack(0x0000000028680000,0x0000000028780000)]
  0x000000001eb3a800 JavaThread "jar transforms Thread 755" [_thread_blocked, id=1072, stack(0x0000000028580000,0x0000000028680000)]
  0x000000001eb3a000 JavaThread "jar transforms Thread 754" [_thread_blocked, id=8516, stack(0x0000000028480000,0x0000000028580000)]
  0x000000001eb34000 JavaThread "jar transforms Thread 753" [_thread_blocked, id=3596, stack(0x0000000028380000,0x0000000028480000)]
  0x0000000022892800 JavaThread "jar transforms Thread 752" [_thread_blocked, id=11160, stack(0x0000000028280000,0x0000000028380000)]
  0x0000000022891800 JavaThread "jar transforms Thread 751" [_thread_blocked, id=10584, stack(0x0000000028180000,0x0000000028280000)]
  0x0000000022891000 JavaThread "jar transforms Thread 750" [_thread_blocked, id=524, stack(0x0000000028080000,0x0000000028180000)]
  0x0000000022890000 JavaThread "jar transforms Thread 749" [_thread_blocked, id=648, stack(0x0000000027f80000,0x0000000028080000)]
  0x000000002288f800 JavaThread "jar transforms Thread 748" [_thread_blocked, id=7068, stack(0x0000000027e80000,0x0000000027f80000)]
  0x000000002288e800 JavaThread "jar transforms Thread 747" [_thread_blocked, id=2192, stack(0x0000000027d80000,0x0000000027e80000)]
  0x0000000022886800 JavaThread "jar transforms Thread 746" [_thread_blocked, id=4304, stack(0x0000000027c80000,0x0000000027d80000)]
  0x000000002288b800 JavaThread "jar transforms Thread 745" [_thread_blocked, id=10708, stack(0x0000000027b80000,0x0000000027c80000)]
  0x0000000022889800 JavaThread "jar transforms Thread 744" [_thread_blocked, id=8180, stack(0x0000000027a80000,0x0000000027b80000)]
  0x0000000022888800 JavaThread "jar transforms Thread 743" [_thread_blocked, id=492, stack(0x0000000027980000,0x0000000027a80000)]
  0x0000000022887000 JavaThread "jar transforms Thread 742" [_thread_blocked, id=10828, stack(0x0000000027880000,0x0000000027980000)]
  0x000000002288d000 JavaThread "jar transforms Thread 741" [_thread_blocked, id=1444, stack(0x0000000027780000,0x0000000027880000)]
  0x000000002288b000 JavaThread "jar transforms Thread 740" [_thread_blocked, id=7944, stack(0x0000000027680000,0x0000000027780000)]
  0x0000000022885800 JavaThread "jar transforms Thread 739" [_thread_blocked, id=7748, stack(0x0000000027580000,0x0000000027680000)]
  0x0000000022884000 JavaThread "jar transforms Thread 738" [_thread_blocked, id=4636, stack(0x0000000027480000,0x0000000027580000)]
  0x000000002288a000 JavaThread "jar transforms Thread 737" [_thread_blocked, id=3524, stack(0x0000000027380000,0x0000000027480000)]
  0x0000000022888000 JavaThread "jar transforms Thread 736" [_thread_blocked, id=11128, stack(0x0000000027280000,0x0000000027380000)]
  0x000000001c116000 JavaThread "jar transforms Thread 735" [_thread_blocked, id=10868, stack(0x0000000027180000,0x0000000027280000)]
  0x000000001c112000 JavaThread "jar transforms Thread 734" [_thread_blocked, id=10660, stack(0x0000000027080000,0x0000000027180000)]
  0x000000001c119000 JavaThread "jar transforms Thread 733" [_thread_blocked, id=12892, stack(0x0000000026f80000,0x0000000027080000)]
  0x000000001c117800 JavaThread "jar transforms Thread 732" [_thread_blocked, id=11036, stack(0x0000000026e80000,0x0000000026f80000)]
  0x000000001c115000 JavaThread "jar transforms Thread 731" [_thread_blocked, id=1308, stack(0x0000000026d80000,0x0000000026e80000)]
  0x000000001c113800 JavaThread "jar transforms Thread 730" [_thread_blocked, id=7588, stack(0x0000000026c80000,0x0000000026d80000)]
  0x000000001c116800 JavaThread "jar transforms Thread 729" [_thread_blocked, id=5992, stack(0x0000000026b80000,0x0000000026c80000)]
  0x000000001c114800 JavaThread "jar transforms Thread 728" [_thread_blocked, id=7428, stack(0x0000000026a80000,0x0000000026b80000)]
  0x000000001c112800 JavaThread "jar transforms Thread 727" [_thread_blocked, id=10392, stack(0x0000000026980000,0x0000000026a80000)]
  0x000000001c118000 JavaThread "jar transforms Thread 726" [_thread_blocked, id=2684, stack(0x0000000026880000,0x0000000026980000)]
  0x000000001c10b000 JavaThread "jar transforms Thread 725" [_thread_blocked, id=5092, stack(0x0000000026780000,0x0000000026880000)]
  0x000000001c10a800 JavaThread "jar transforms Thread 724" [_thread_blocked, id=7880, stack(0x0000000026680000,0x0000000026780000)]
  0x000000001c111000 JavaThread "jar transforms Thread 723" [_thread_blocked, id=8184, stack(0x0000000026580000,0x0000000026680000)]
  0x000000001c109800 JavaThread "jar transforms Thread 722" [_thread_blocked, id=8884, stack(0x0000000026480000,0x0000000026580000)]
  0x000000001c110800 JavaThread "jar transforms Thread 721" [_thread_blocked, id=9932, stack(0x0000000026380000,0x0000000026480000)]
  0x000000001c10c000 JavaThread "jar transforms Thread 720" [_thread_blocked, id=10476, stack(0x0000000026280000,0x0000000026380000)]
  0x000000001c10f000 JavaThread "jar transforms Thread 719" [_thread_blocked, id=10884, stack(0x0000000026180000,0x0000000026280000)]
  0x000000001c1d4000 JavaThread "jar transforms Thread 718" [_thread_blocked, id=3104, stack(0x0000000026080000,0x0000000026180000)]
  0x000000001c1d4800 JavaThread "jar transforms Thread 717" [_thread_blocked, id=7296, stack(0x0000000025f80000,0x0000000026080000)]
  0x000000001c1d9000 JavaThread "jar transforms Thread 716" [_thread_blocked, id=9744, stack(0x0000000025e80000,0x0000000025f80000)]
  0x000000001c1d1800 JavaThread "jar transforms Thread 715" [_thread_blocked, id=13248, stack(0x0000000025d80000,0x0000000025e80000)]
  0x000000001c1d3000 JavaThread "jar transforms Thread 714" [_thread_blocked, id=4680, stack(0x0000000025c80000,0x0000000025d80000)]
  0x000000001c1d6000 JavaThread "jar transforms Thread 713" [_thread_blocked, id=11080, stack(0x0000000025b80000,0x0000000025c80000)]
  0x000000001c1d7800 JavaThread "jar transforms Thread 712" [_thread_blocked, id=1872, stack(0x0000000025a80000,0x0000000025b80000)]
  0x000000001c1d2800 JavaThread "jar transforms Thread 711" [_thread_blocked, id=6704, stack(0x0000000025980000,0x0000000025a80000)]
  0x000000001c1d5800 JavaThread "jar transforms Thread 710" [_thread_blocked, id=11728, stack(0x0000000025880000,0x0000000025980000)]
  0x000000001c1ca000 JavaThread "jar transforms Thread 709" [_thread_blocked, id=11760, stack(0x0000000025780000,0x0000000025880000)]
  0x000000001c1cc800 JavaThread "jar transforms Thread 708" [_thread_blocked, id=6536, stack(0x0000000025680000,0x0000000025780000)]
  0x000000001c1d1000 JavaThread "jar transforms Thread 707" [_thread_blocked, id=11508, stack(0x0000000025580000,0x0000000025680000)]
  0x000000001c1d0000 JavaThread "jar transforms Thread 706" [_thread_blocked, id=8560, stack(0x0000000025480000,0x0000000025580000)]
  0x000000001c1cd000 JavaThread "jar transforms Thread 705" [_thread_blocked, id=8084, stack(0x0000000025380000,0x0000000025480000)]
  0x000000001c1cf800 JavaThread "jar transforms Thread 704" [_thread_blocked, id=10396, stack(0x0000000025280000,0x0000000025380000)]
  0x000000001c1ce800 JavaThread "jar transforms Thread 703" [_thread_blocked, id=5916, stack(0x0000000025180000,0x0000000025280000)]
  0x000000001c1ce000 JavaThread "jar transforms Thread 702" [_thread_blocked, id=5848, stack(0x0000000025080000,0x0000000025180000)]
  0x000000001c1cb800 JavaThread "jar transforms Thread 701" [_thread_blocked, id=5352, stack(0x0000000024f80000,0x0000000025080000)]
  0x000000001c1cb000 JavaThread "jar transforms Thread 700" [_thread_blocked, id=3220, stack(0x0000000024e80000,0x0000000024f80000)]
  0x000000001b948000 JavaThread "jar transforms Thread 699" [_thread_blocked, id=1744, stack(0x0000000024d80000,0x0000000024e80000)]
  0x000000001b947800 JavaThread "jar transforms Thread 698" [_thread_blocked, id=1196, stack(0x0000000024c80000,0x0000000024d80000)]
  0x000000001b94e800 JavaThread "jar transforms Thread 697" [_thread_blocked, id=8248, stack(0x0000000024b80000,0x0000000024c80000)]
  0x000000001b946800 JavaThread "jar transforms Thread 696" [_thread_blocked, id=5676, stack(0x0000000024a80000,0x0000000024b80000)]
  0x000000001b94d000 JavaThread "jar transforms Thread 695" [_thread_blocked, id=6516, stack(0x0000000024980000,0x0000000024a80000)]
  0x000000001b94d800 JavaThread "jar transforms Thread 694" [_thread_blocked, id=8652, stack(0x0000000024880000,0x0000000024980000)]
  0x000000001b94c000 JavaThread "jar transforms Thread 693" [_thread_blocked, id=10056, stack(0x0000000024780000,0x0000000024880000)]
  0x000000001b943800 JavaThread "jar transforms Thread 692" [_thread_blocked, id=10324, stack(0x0000000024680000,0x0000000024780000)]
  0x000000001b946000 JavaThread "jar transforms Thread 691" [_thread_blocked, id=984, stack(0x0000000024580000,0x0000000024680000)]
  0x000000001b94a800 JavaThread "jar transforms Thread 690" [_thread_blocked, id=11620, stack(0x0000000024480000,0x0000000024580000)]
  0x000000001b943000 JavaThread "jar transforms Thread 689" [_thread_blocked, id=3900, stack(0x0000000024380000,0x0000000024480000)]
  0x000000001b949000 JavaThread "jar transforms Thread 688" [_thread_blocked, id=10772, stack(0x0000000024280000,0x0000000024380000)]
  0x000000001b944800 JavaThread "jar transforms Thread 687" [_thread_blocked, id=9304, stack(0x0000000024080000,0x0000000024180000)]
  0x000000001b94a000 JavaThread "jar transforms Thread 686" [_thread_blocked, id=11096, stack(0x0000000023f80000,0x0000000024080000)]
  0x000000001b942000 JavaThread "jar transforms Thread 685" [_thread_blocked, id=10748, stack(0x0000000023e80000,0x0000000023f80000)]
  0x000000001b940000 JavaThread "jar transforms Thread 684" [_thread_blocked, id=12740, stack(0x0000000023d80000,0x0000000023e80000)]
  0x000000001b93f000 JavaThread "jar transforms Thread 683" [_thread_blocked, id=11780, stack(0x0000000023c80000,0x0000000023d80000)]
  0x000000001b941800 JavaThread "jar transforms Thread 682" [_thread_blocked, id=12604, stack(0x0000000023b80000,0x0000000023c80000)]
  0x000000001b940800 JavaThread "jar transforms Thread 681" [_thread_blocked, id=5808, stack(0x0000000023a80000,0x0000000023b80000)]
  0x000000001f6e0000 JavaThread "jar transforms Thread 680" [_thread_blocked, id=1452, stack(0x0000000023980000,0x0000000023a80000)]
  0x000000001f6e1000 JavaThread "jar transforms Thread 679" [_thread_blocked, id=12812, stack(0x0000000023880000,0x0000000023980000)]
  0x000000001f6de800 JavaThread "Build operations Thread 4" [_thread_blocked, id=5324, stack(0x0000000023780000,0x0000000023880000)]
  0x000000001f6de000 JavaThread "Build operations Thread 3" [_thread_blocked, id=12676, stack(0x0000000023680000,0x0000000023780000)]
  0x000000001f6dd000 JavaThread "Build operations Thread 2" [_thread_blocked, id=3080, stack(0x0000000023580000,0x0000000023680000)]
  0x000000001f6df800 JavaThread "Build operations" [_thread_blocked, id=12152, stack(0x0000000023480000,0x0000000023580000)]
  0x000000001f6d5800 JavaThread "Cache worker for cache directory md-rule (C:\Users\User\.gradle\caches\6.5\md-rule)" [_thread_blocked, id=2816, stack(0x0000000021cb0000,0x0000000021db0000)]
  0x000000001f6dc800 JavaThread "Cache worker for cache directory md-supplier (C:\Users\User\.gradle\caches\6.5\md-supplier)" [_thread_blocked, id=2584, stack(0x00000000214b0000,0x00000000215b0000)]
  0x000000001f6db800 JavaThread "Cache worker for checksums cache (D:\mobile\LalisaShop\.gradle\checksums)" [_thread_blocked, id=12652, stack(0x000000001ff70000,0x0000000020070000)]
  0x000000001f6db000 JavaThread "Cache worker for file hash cache (D:\mobile\LalisaShop\.gradle\6.5\fileHashes)" [_thread_blocked, id=9072, stack(0x000000001d5d0000,0x000000001d6d0000)]
  0x000000001f6da000 JavaThread "Thread-903" [_thread_blocked, id=12960, stack(0x000000001d2d0000,0x000000001d3d0000)]
  0x000000001f6d2800 JavaThread "Stdin handler" [_thread_blocked, id=12044, stack(0x000000001d1d0000,0x000000001d2d0000)]
  0x000000001f6d9800 JavaThread "Asynchronous log dispatcher for DefaultDaemonConnection: socket connection from /127.0.0.1:52659 to /127.0.0.1:52879" [_thread_blocked, id=9128, stack(0x000000001ced0000,0x000000001cfd0000)]
  0x000000001f6d8800 JavaThread "Daemon worker Thread 6" [_thread_blocked, id=8228, stack(0x000000001cdd0000,0x000000001ced0000)]
  0x000000001f6d2000 JavaThread "Cancel handler" [_thread_blocked, id=10648, stack(0x000000001c990000,0x000000001ca90000)]
  0x000000001f6d5000 JavaThread "Handler for socket connection from /127.0.0.1:52659 to /127.0.0.1:52879" [_thread_in_native, id=8412, stack(0x000000001c890000,0x000000001c990000)]
  0x000000001f6d4000 JavaThread "Daemon Thread 6" [_thread_blocked, id=2716, stack(0x0000000001360000,0x0000000001460000)]
  0x000000001f6d3800 JavaThread "RMI TCP Connection(35)-127.0.0.1" daemon [_thread_in_native, id=12428, stack(0x0000000001260000,0x0000000001360000)]
  0x000000001f6d8000 JavaThread "RMI TCP Connection(36)-127.0.0.1" daemon [_thread_in_native, id=8976, stack(0x0000000001160000,0x0000000001260000)]
  0x0000000022883800 JavaThread "Cache worker for Java compile cache (C:\Users\User\.gradle\caches\6.5\javaCompile)" [_thread_blocked, id=13076, stack(0x000000002f1d0000,0x000000002f2d0000)]
  0x000000001eb37800 JavaThread "RMI Reaper" [_thread_blocked, id=4244, stack(0x000000002d520000,0x000000002d620000)]
  0x000000001eb3b800 JavaThread "RMI TCP Accept-0" daemon [_thread_in_native, id=9136, stack(0x000000002d420000,0x000000002d520000)]
  0x000000001eb39000 JavaThread "GC Daemon" daemon [_thread_blocked, id=10736, stack(0x000000002d320000,0x000000002d420000)]
  0x000000001eb38800 JavaThread "RMI Scheduler(0)" daemon [_thread_blocked, id=12468, stack(0x000000002c720000,0x000000002c820000)]
  0x000000001b94b800 JavaThread "Memory manager" [_thread_blocked, id=8092, stack(0x000000002ae80000,0x000000002af80000)]
  0x000000001b625000 JavaThread "Cache worker for file content cache (C:\Users\User\.gradle\caches\6.5\fileContent)" [_thread_blocked, id=1416, stack(0x0000000021db0000,0x0000000021eb0000)]
  0x000000001b621800 JavaThread "Cache worker for execution history cache (C:\Users\User\.gradle\caches\6.5\executionHistory)" [_thread_blocked, id=12408, stack(0x00000000215b0000,0x00000000216b0000)]
  0x000000001b626800 JavaThread "Cache worker for file hash cache (C:\Users\User\.gradle\caches\6.5\fileHashes)" [_thread_blocked, id=6792, stack(0x000000001dad0000,0x000000001dbd0000)]
  0x000000001b620800 JavaThread "File lock request listener" [_thread_in_native, id=12732, stack(0x000000001d9d0000,0x000000001dad0000)]
  0x000000001b61e800 JavaThread "Cache worker for journal cache (C:\Users\User\.gradle\caches\journal-1)" [_thread_blocked, id=9596, stack(0x000000001d8d0000,0x000000001d9d0000)]
  0x000000001b52e800 JavaThread "Daemon periodic checks" [_thread_blocked, id=9208, stack(0x000000001ccd0000,0x000000001cdd0000)]
  0x000000001b532800 JavaThread "Incoming local TCP Connector on port 52659" [_thread_in_native, id=3568, stack(0x000000001ca90000,0x000000001cb90000)]
  0x000000001b560800 JavaThread "Daemon health stats" [_thread_blocked, id=8656, stack(0x000000001c450000,0x000000001c550000)]
  0x00000000194d8800 JavaThread "Service Thread" daemon [_thread_blocked, id=7008, stack(0x00000000198b0000,0x00000000199b0000)]
  0x0000000017b4e800 JavaThread "C1 CompilerThread2" daemon [_thread_blocked, id=504, stack(0x00000000193b0000,0x00000000194b0000)]
=>0x0000000017b4b000 JavaThread "C2 CompilerThread1" daemon [_thread_in_native, id=6208, stack(0x00000000192b0000,0x00000000193b0000)]
  0x0000000017b48800 JavaThread "C2 CompilerThread0" daemon [_thread_in_native, id=5652, stack(0x00000000191b0000,0x00000000192b0000)]
  0x0000000017b43800 JavaThread "Attach Listener" daemon [_thread_blocked, id=12196, stack(0x00000000190b0000,0x00000000191b0000)]
  0x0000000017b42000 JavaThread "Signal Dispatcher" daemon [_thread_blocked, id=3068, stack(0x0000000018fb0000,0x00000000190b0000)]
  0x0000000002f1b800 JavaThread "Finalizer" daemon [_thread_blocked, id=1592, stack(0x0000000018db0000,0x0000000018eb0000)]
  0x0000000017b29000 JavaThread "Reference Handler" daemon [_thread_blocked, id=436, stack(0x0000000018cb0000,0x0000000018db0000)]
  0x0000000002cbd800 JavaThread "main" [_thread_blocked, id=1060, stack(0x0000000002d20000,0x0000000002e20000)]

Other Threads:
  0x0000000017b05800 VMThread [stack: 0x0000000018bb0000,0x0000000018cb0000] [id=10288]
  0x0000000017b9b800 WatcherThread [stack: 0x00000000199b0000,0x0000000019ab0000] [id=7144]

VM state:not at safepoint (normal execution)

VM Mutex/Monitor currently owned by a thread: None

heap address: 0x0000000080000000, size: 2048 MB, Compressed Oops mode: 32-bit
Narrow klass base: 0x0000000000000000, Narrow klass shift: 3
Compressed class space size: 1073741824 Address: 0x0000000100000000

Heap:
 PSYoungGen      total 427520K, used 188128K [0x00000000d5580000, 0x00000000f4f00000, 0x0000000100000000)
  eden space 359936K, 47% used [0x00000000d5580000,0x00000000dfd54850,0x00000000eb500000)
  from space 67584K, 24% used [0x00000000f0d00000,0x00000000f1ce39a0,0x00000000f4f00000)
  to   space 78848K, 0% used [0x00000000eb500000,0x00000000eb500000,0x00000000f0200000)
 ParOldGen       total 243712K, used 117208K [0x0000000080000000, 0x000000008ee00000, 0x00000000d5580000)
  object space 243712K, 48% used [0x0000000080000000,0x0000000087276040,0x000000008ee00000)
 Metaspace       used 101376K, capacity 108068K, committed 108184K, reserved 1142784K
  class space    used 13303K, capacity 14466K, committed 14512K, reserved 1048576K

Card table byte_map: [0x00000000122e0000,0x00000000126f0000] byte_map_base: 0x0000000011ee0000

Marking Bits: (ParMarkBitMap*) 0x000000006cf8f030
 Begin Bits: [0x0000000012da0000, 0x0000000014da0000)
 End Bits:   [0x0000000014da0000, 0x0000000016da0000)

Polling page: 0x0000000001020000

CodeCache: size=245760Kb used=56677Kb max_used=56677Kb free=189082Kb
 bounds [0x0000000002f20000, 0x00000000066d0000, 0x0000000011f20000]
 total_blobs=18100 nmethods=17172 adapters=839
 compilation: enabled

Compilation events (10 events):
Event: 3817.618 Thread 0x0000000017b4e800 21806       3       com.android.tools.r8.utils.J::a (33 bytes)
Event: 3817.619 Thread 0x0000000017b4e800 nmethod 21806 0x00000000066bc110 code [0x00000000066bc2a0, 0x00000000066bc830]
Event: 3817.619 Thread 0x0000000017b4e800 21815   !   3       com.android.tools.r8.q.a.a.b.d1::a (283 bytes)
Event: 3817.627 Thread 0x0000000017b4e800 nmethod 21815 0x00000000066bca10 code [0x00000000066bcee0, 0x00000000066c09e8]
Event: 3817.627 Thread 0x0000000017b4e800 21814   !   3       com.android.tools.r8.q.a.a.b.d1::c (243 bytes)
Event: 3817.717 Thread 0x0000000017b4e800 nmethod 21814 0x00000000066c3510 code [0x00000000066c3800, 0x00000000066c5718]
Event: 3817.720 Thread 0x0000000017b4e800 21817       3       com.android.tools.r8.t.a.a.a.h.Z0::<init> (89 bytes)
Event: 3817.731 Thread 0x0000000017b4e800 nmethod 21817 0x00000000066c67d0 code [0x00000000066c6a00, 0x00000000066c7298]
Event: 3817.731 Thread 0x0000000017b4e800 21808       3       java.util.BitSet::expandTo (23 bytes)
Event: 3817.731 Thread 0x0000000017b4e800 nmethod 21808 0x00000000066c7650 code [0x00000000066c77c0, 0x00000000066c79a8]

GC Heap History (10 events):
Event: 1929.225 GC heap before
{Heap before GC invocations=25 (full 5):
 PSYoungGen      total 330752K, used 330740K [0x00000000d5580000, 0x00000000ede80000, 0x0000000100000000)
  eden space 298496K, 100% used [0x00000000d5580000,0x00000000e7900000,0x00000000e7900000)
  from space 32256K, 99% used [0x00000000ea780000,0x00000000ec6fd288,0x00000000ec700000)
  to   space 47616K, 0% used [0x00000000e7900000,0x00000000e7900000,0x00000000ea780000)
 ParOldGen       total 153088K, used 88154K [0x0000000080000000, 0x0000000089580000, 0x00000000d5580000)
  object space 153088K, 57% used [0x0000000080000000,0x0000000085616908,0x0000000089580000)
 Metaspace       used 94387K, capacity 100154K, committed 100376K, reserved 1136640K
  class space    used 12495K, capacity 13493K, committed 13616K, reserved 1048576K
Event: 1929.488 GC heap after
Heap after GC invocations=25 (full 5):
 PSYoungGen      total 346112K, used 47602K [0x00000000d5580000, 0x00000000f1100000, 0x0000000100000000)
  eden space 298496K, 0% used [0x00000000d5580000,0x00000000d5580000,0x00000000e7900000)
  from space 47616K, 99% used [0x00000000e7900000,0x00000000ea77c8e8,0x00000000ea780000)
  to   space 59392K, 0% used [0x00000000ed700000,0x00000000ed700000,0x00000000f1100000)
 ParOldGen       total 153088K, used 97754K [0x0000000080000000, 0x0000000089580000, 0x00000000d5580000)
  object space 153088K, 63% used [0x0000000080000000,0x0000000085f76b60,0x0000000089580000)
 Metaspace       used 94387K, capacity 100154K, committed 100376K, reserved 1136640K
  class space    used 12495K, capacity 13493K, committed 13616K, reserved 1048576K
}
Event: 1936.751 GC heap before
{Heap before GC invocations=26 (full 5):
 PSYoungGen      total 346112K, used 346098K [0x00000000d5580000, 0x00000000f1100000, 0x0000000100000000)
  eden space 298496K, 100% used [0x00000000d5580000,0x00000000e7900000,0x00000000e7900000)
  from space 47616K, 99% used [0x00000000e7900000,0x00000000ea77c8e8,0x00000000ea780000)
  to   space 59392K, 0% used [0x00000000ed700000,0x00000000ed700000,0x00000000f1100000)
 ParOldGen       total 153088K, used 97754K [0x0000000080000000, 0x0000000089580000, 0x00000000d5580000)
  object space 153088K, 63% used [0x0000000080000000,0x0000000085f76b60,0x0000000089580000)
 Metaspace       used 100594K, capacity 106746K, committed 107032K, reserved 1142784K
  class space    used 13240K, capacity 14349K, committed 14384K, reserved 1048576K
Event: 1937.043 GC heap after
Heap after GC invocations=26 (full 5):
 PSYoungGen      total 369152K, used 59391K [0x00000000d5580000, 0x00000000f5400000, 0x0000000100000000)
  eden space 309760K, 0% used [0x00000000d5580000,0x00000000d5580000,0x00000000e8400000)
  from space 59392K, 99% used [0x00000000ed700000,0x00000000f10ffc78,0x00000000f1100000)
  to   space 84992K, 0% used [0x00000000e8400000,0x00000000e8400000,0x00000000ed700000)
 ParOldGen       total 153088K, used 139688K [0x0000000080000000, 0x0000000089580000, 0x00000000d5580000)
  object space 153088K, 91% used [0x0000000080000000,0x000000008886a150,0x0000000089580000)
 Metaspace       used 100594K, capacity 106746K, committed 107032K, reserved 1142784K
  class space    used 13240K, capacity 14349K, committed 14384K, reserved 1048576K
}
Event: 1937.043 GC heap before
{Heap before GC invocations=27 (full 6):
 PSYoungGen      total 369152K, used 59391K [0x00000000d5580000, 0x00000000f5400000, 0x0000000100000000)
  eden space 309760K, 0% used [0x00000000d5580000,0x00000000d5580000,0x00000000e8400000)
  from space 59392K, 99% used [0x00000000ed700000,0x00000000f10ffc78,0x00000000f1100000)
  to   space 84992K, 0% used [0x00000000e8400000,0x00000000e8400000,0x00000000ed700000)
 ParOldGen       total 153088K, used 139688K [0x0000000080000000, 0x0000000089580000, 0x00000000d5580000)
  object space 153088K, 91% used [0x0000000080000000,0x000000008886a150,0x0000000089580000)
 Metaspace       used 100594K, capacity 106746K, committed 107032K, reserved 1142784K
  class space    used 13240K, capacity 14349K, committed 14384K, reserved 1048576K
Event: 1938.139 GC heap after
Heap after GC invocations=27 (full 6):
 PSYoungGen      total 369152K, used 0K [0x00000000d5580000, 0x00000000f5400000, 0x0000000100000000)
  eden space 309760K, 0% used [0x00000000d5580000,0x00000000d5580000,0x00000000e8400000)
  from space 59392K, 0% used [0x00000000ed700000,0x00000000ed700000,0x00000000f1100000)
  to   space 84992K, 0% used [0x00000000e8400000,0x00000000e8400000,0x00000000ed700000)
 ParOldGen       total 243712K, used 117192K [0x0000000080000000, 0x000000008ee00000, 0x00000000d5580000)
  object space 243712K, 48% used [0x0000000080000000,0x0000000087272040,0x000000008ee00000)
 Metaspace       used 100576K, capacity 106692K, committed 107032K, reserved 1142784K
  class space    used 13233K, capacity 14338K, committed 14384K, reserved 1048576K
}
Event: 1995.654 GC heap before
{Heap before GC invocations=28 (full 6):
 PSYoungGen      total 369152K, used 309760K [0x00000000d5580000, 0x00000000f5400000, 0x0000000100000000)
  eden space 309760K, 100% used [0x00000000d5580000,0x00000000e8400000,0x00000000e8400000)
  from space 59392K, 0% used [0x00000000ed700000,0x00000000ed700000,0x00000000f1100000)
  to   space 84992K, 0% used [0x00000000e8400000,0x00000000e8400000,0x00000000ed700000)
 ParOldGen       total 243712K, used 117192K [0x0000000080000000, 0x000000008ee00000, 0x00000000d5580000)
  object space 243712K, 48% used [0x0000000080000000,0x0000000087272040,0x000000008ee00000)
 Metaspace       used 101089K, capacity 107710K, committed 107928K, reserved 1142784K
  class space    used 13301K, capacity 14463K, committed 14512K, reserved 1048576K
Event: 1995.932 GC heap after
Heap after GC invocations=28 (full 6):
 PSYoungGen      total 394752K, used 35770K [0x00000000d5580000, 0x00000000f5c80000, 0x0000000100000000)
  eden space 309760K, 0% used [0x00000000d5580000,0x00000000d5580000,0x00000000e8400000)
  from space 84992K, 42% used [0x00000000e8400000,0x00000000ea6eebe0,0x00000000ed700000)
  to   space 81408K, 0% used [0x00000000f0d00000,0x00000000f0d00000,0x00000000f5c80000)
 ParOldGen       total 243712K, used 117200K [0x0000000080000000, 0x000000008ee00000, 0x00000000d5580000)
  object space 243712K, 48% used [0x0000000080000000,0x0000000087274040,0x000000008ee00000)
 Metaspace       used 101089K, capacity 107710K, committed 107928K, reserved 1142784K
  class space    used 13301K, capacity 14463K, committed 14512K, reserved 1048576K
}
Event: 3812.109 GC heap before
{Heap before GC invocations=29 (full 6):
 PSYoungGen      total 394752K, used 345530K [0x00000000d5580000, 0x00000000f5c80000, 0x0000000100000000)
  eden space 309760K, 100% used [0x00000000d5580000,0x00000000e8400000,0x00000000e8400000)
  from space 84992K, 42% used [0x00000000e8400000,0x00000000ea6eebe0,0x00000000ed700000)
  to   space 81408K, 0% used [0x00000000f0d00000,0x00000000f0d00000,0x00000000f5c80000)
 ParOldGen       total 243712K, used 117200K [0x0000000080000000, 0x000000008ee00000, 0x00000000d5580000)
  object space 243712K, 48% used [0x0000000080000000,0x0000000087274040,0x000000008ee00000)
 Metaspace       used 101210K, capacity 107860K, committed 107928K, reserved 1142784K
  class space    used 13303K, capacity 14466K, committed 14512K, reserved 1048576K
Event: 3812.330 GC heap after
Heap after GC invocations=29 (full 6):
 PSYoungGen      total 427520K, used 16270K [0x00000000d5580000, 0x00000000f4f00000, 0x0000000100000000)
  eden space 359936K, 0% used [0x00000000d5580000,0x00000000d5580000,0x00000000eb500000)
  from space 67584K, 24% used [0x00000000f0d00000,0x00000000f1ce39a0,0x00000000f4f00000)
  to   space 78848K, 0% used [0x00000000eb500000,0x00000000eb500000,0x00000000f0200000)
 ParOldGen       total 243712K, used 117208K [0x0000000080000000, 0x000000008ee00000, 0x00000000d5580000)
  object space 243712K, 48% used [0x0000000080000000,0x0000000087276040,0x000000008ee00000)
 Metaspace       used 101210K, capacity 107860K, committed 107928K, reserved 1142784K
  class space    used 13303K, capacity 14466K, committed 14512K, reserved 1048576K
}

Deoptimization events (10 events):
Event: 3811.774 Thread 0x000000001f485800 Uncommon trap: reason=speculate_class_check action=maybe_recompile pc=0x00000000062d8980 method=java.util.stream.AbstractPipeline.evaluate(Ljava/util/Spliterator;ZLjava/util/function/IntFunction;)Ljava/util/stream/Node; @ 23
Event: 3811.774 Thread 0x000000001f485800 Uncommon trap: reason=speculate_class_check action=maybe_recompile pc=0x00000000062da420 method=java.util.stream.AbstractPipeline.evaluate(Ljava/util/Spliterator;ZLjava/util/function/IntFunction;)Ljava/util/stream/Node; @ 23
Event: 3811.774 Thread 0x000000001f485800 Uncommon trap: reason=speculate_class_check action=maybe_recompile pc=0x00000000062da420 method=java.util.stream.AbstractPipeline.evaluate(Ljava/util/Spliterator;ZLjava/util/function/IntFunction;)Ljava/util/stream/Node; @ 23
Event: 3812.721 Thread 0x000000001f485800 Uncommon trap: reason=class_check action=maybe_recompile pc=0x0000000004ef8acc method=com.google.common.collect.CompactHashMap$Itr.next()Ljava/lang/Object; @ 45
Event: 3814.202 Thread 0x000000001f487800 Uncommon trap: reason=unstable_if action=reinterpret pc=0x0000000005f0cd8c method=org.gradle.internal.io.StreamByteBuffer.prepareRead()I @ 30
Event: 3814.272 Thread 0x000000001f485800 Uncommon trap: reason=class_check action=maybe_recompile pc=0x0000000005cbbefc method=org.gradle.api.internal.changedetection.state.DefaultResourceSnapshotterCacheService.hashFile(Lorg/gradle/internal/snapshot/RegularFileSnapshot;Lorg/gradle/api/internal/
Event: 3816.428 Thread 0x000000001f485800 Uncommon trap: reason=class_check action=maybe_recompile pc=0x0000000005cbbefc method=org.gradle.api.internal.changedetection.state.DefaultResourceSnapshotterCacheService.hashFile(Lorg/gradle/internal/snapshot/RegularFileSnapshot;Lorg/gradle/api/internal/
Event: 3816.640 Thread 0x000000001f485800 Uncommon trap: reason=bimorphic action=maybe_recompile pc=0x0000000005599154 method=com.google.common.collect.Iterators$5.computeNext()Ljava/lang/Object; @ 16
Event: 3816.874 Thread 0x000000001f485800 Uncommon trap: reason=bimorphic action=maybe_recompile pc=0x00000000031bff9c method=java.util.AbstractQueue.clear()V @ 1
Event: 3817.554 Thread 0x000000001fbdf800 Uncommon trap: reason=unstable_if action=reinterpret pc=0x0000000004c63194 method=com.android.tools.r8.graph.W.B()Lcom/android/tools/r8/ir/optimize/info/t; @ 13

Classes redefined (0 events):
No events

Internal exceptions (10 events):
Event: 3816.515 Thread 0x000000001f485800 Exception <a 'sun/nio/fs/WindowsException'> (0x00000000db176b90) thrown at [C:\src\AOSP-openjdk-git\hotspot\src\share\vm\prims\jni.cpp, line 710]
Event: 3816.515 Thread 0x000000001f485800 Exception <a 'sun/nio/fs/WindowsException'> (0x00000000db177850) thrown at [C:\src\AOSP-openjdk-git\hotspot\src\share\vm\prims\jni.cpp, line 710]
Event: 3816.516 Thread 0x000000001f485800 Exception <a 'sun/nio/fs/WindowsException'> (0x00000000db17dda0) thrown at [C:\src\AOSP-openjdk-git\hotspot\src\share\vm\prims\jni.cpp, line 710]
Event: 3816.516 Thread 0x000000001f485800 Exception <a 'sun/nio/fs/WindowsException'> (0x00000000db17eaa8) thrown at [C:\src\AOSP-openjdk-git\hotspot\src\share\vm\prims\jni.cpp, line 710]
Event: 3816.516 Thread 0x000000001f485800 Exception <a 'sun/nio/fs/WindowsException'> (0x00000000db180878) thrown at [C:\src\AOSP-openjdk-git\hotspot\src\share\vm\prims\jni.cpp, line 710]
Event: 3816.517 Thread 0x000000001f485800 Exception <a 'sun/nio/fs/WindowsException'> (0x00000000db181590) thrown at [C:\src\AOSP-openjdk-git\hotspot\src\share\vm\prims\jni.cpp, line 710]
Event: 3816.948 Thread 0x000000001f485800 Exception <a 'sun/nio/fs/WindowsException'> (0x00000000dc4d4988) thrown at [C:\src\AOSP-openjdk-git\hotspot\src\share\vm\prims\jni.cpp, line 710]
Event: 3816.949 Thread 0x000000001f485800 Exception <a 'sun/nio/fs/WindowsException'> (0x00000000dc4d5678) thrown at [C:\src\AOSP-openjdk-git\hotspot\src\share\vm\prims\jni.cpp, line 710]
Event: 3817.293 Thread 0x000000001f485800 Exception <a 'sun/nio/fs/WindowsException'> (0x00000000de02af18) thrown at [C:\src\AOSP-openjdk-git\hotspot\src\share\vm\prims\jni.cpp, line 710]
Event: 3817.330 Thread 0x000000001fbdf800 Exception <a 'sun/nio/fs/WindowsException'> (0x00000000de1b1f38) thrown at [C:\src\AOSP-openjdk-git\hotspot\src\share\vm\prims\jni.cpp, line 710]

Events (10 events):
Event: 3817.300 Thread 0x000000001fbe2800 Thread added: 0x000000001fbe2800
Event: 3817.377 Thread 0x000000001fbde000 DEOPT PACKING pc=0x000000000610f70b sp=0x000000002f9cd220
Event: 3817.377 Thread 0x000000001fbde000 DEOPT UNPACKING pc=0x0000000002f675d0 sp=0x000000002f9ccf78 mode 0
Event: 3817.379 Executing VM operation: RevokeBias
Event: 3817.382 Executing VM operation: RevokeBias done
Event: 3817.553 Thread 0x000000001fbdf800 Uncommon trap: trap_request=0xffffff65 fr.pc=0x0000000004c63194
Event: 3817.553 Executing VM operation: RevokeBias
Event: 3817.554 Executing VM operation: RevokeBias done
Event: 3817.554 Thread 0x000000001fbdf800 DEOPT PACKING pc=0x0000000004c63194 sp=0x000000002e78dc30
Event: 3817.555 Thread 0x000000001fbdf800 DEOPT UNPACKING pc=0x0000000002f6557b sp=0x000000002e78dbe8 mode 2


Dynamic libraries:
0x00007ff7d1860000 - 0x00007ff7d1891000 	C:\Program Files\Android\Android Studio\jre\bin\java.exe
0x00007ffe46c40000 - 0x00007ffe46e30000 	C:\WINDOWS\SYSTEM32\ntdll.dll
0x00007ffe44d50000 - 0x00007ffe44e02000 	C:\WINDOWS\System32\KERNEL32.DLL
0x00007ffe445b0000 - 0x00007ffe44855000 	C:\WINDOWS\System32\KERNELBASE.dll
0x00007ffe46570000 - 0x00007ffe46613000 	C:\WINDOWS\System32\ADVAPI32.dll
0x00007ffe46620000 - 0x00007ffe466be000 	C:\WINDOWS\System32\msvcrt.dll
0x00007ffe44ee0000 - 0x00007ffe44f77000 	C:\WINDOWS\System32\sechost.dll
0x00007ffe45130000 - 0x00007ffe45250000 	C:\WINDOWS\System32\RPCRT4.dll
0x00007ffe452d0000 - 0x00007ffe45464000 	C:\WINDOWS\System32\USER32.dll
0x00007ffe44580000 - 0x00007ffe445a1000 	C:\WINDOWS\System32\win32u.dll
0x00007ffe44d20000 - 0x00007ffe44d46000 	C:\WINDOWS\System32\GDI32.dll
0x00007ffe44b50000 - 0x00007ffe44ce6000 	C:\WINDOWS\System32\gdi32full.dll
0x00007ffe44860000 - 0x00007ffe448fe000 	C:\WINDOWS\System32\msvcp_win.dll
0x00007ffe44900000 - 0x00007ffe449fa000 	C:\WINDOWS\System32\ucrtbase.dll
0x00007ffe307a0000 - 0x00007ffe30a24000 	C:\WINDOWS\WinSxS\amd64_microsoft.windows.common-controls_6595b64144ccf1df_6.0.18362.1198_none_9e820b57e45ad92f\COMCTL32.dll
0x00007ffe46770000 - 0x00007ffe46aa5000 	C:\WINDOWS\System32\combase.dll
0x00007ffe44450000 - 0x00007ffe444d0000 	C:\WINDOWS\System32\bcryptPrimitives.dll
0x00007ffe44cf0000 - 0x00007ffe44d1e000 	C:\WINDOWS\System32\IMM32.DLL
0x000000006bc70000 - 0x000000006bd42000 	C:\Program Files\Android\Android Studio\jre\jre\bin\msvcr100.dll
0x000000006c7c0000 - 0x000000006d00b000 	C:\Program Files\Android\Android Studio\jre\jre\bin\server\jvm.dll
0x00007ffe46370000 - 0x00007ffe46378000 	C:\WINDOWS\System32\PSAPI.DLL
0x00007ffe3c4d0000 - 0x00007ffe3c4d9000 	C:\WINDOWS\SYSTEM32\WSOCK32.dll
0x00007ffe41150000 - 0x00007ffe41174000 	C:\WINDOWS\SYSTEM32\WINMM.dll
0x00007ffe3d8c0000 - 0x00007ffe3d8ca000 	C:\WINDOWS\SYSTEM32\VERSION.dll
0x00007ffe46290000 - 0x00007ffe462ff000 	C:\WINDOWS\System32\WS2_32.dll
0x00007ffe41120000 - 0x00007ffe4114d000 	C:\WINDOWS\SYSTEM32\WINMMBASE.dll
0x00007ffe444d0000 - 0x00007ffe4451a000 	C:\WINDOWS\System32\cfgmgr32.dll
0x00007ffe38eb0000 - 0x00007ffe38ebf000 	C:\Program Files\Android\Android Studio\jre\jre\bin\verify.dll
0x00007ffe38950000 - 0x00007ffe38979000 	C:\Program Files\Android\Android Studio\jre\jre\bin\java.dll
0x00007ffe38e90000 - 0x00007ffe38ea6000 	C:\Program Files\Android\Android Studio\jre\jre\bin\zip.dll
0x00007ffe45470000 - 0x00007ffe45b57000 	C:\WINDOWS\System32\SHELL32.dll
0x00007ffe464c0000 - 0x00007ffe46569000 	C:\WINDOWS\System32\shcore.dll
0x00007ffe43bc0000 - 0x00007ffe44341000 	C:\WINDOWS\System32\windows.storage.dll
0x00007ffe43b00000 - 0x00007ffe43b23000 	C:\WINDOWS\System32\profapi.dll
0x00007ffe43b70000 - 0x00007ffe43bba000 	C:\WINDOWS\System32\powrprof.dll
0x00007ffe43af0000 - 0x00007ffe43b00000 	C:\WINDOWS\System32\UMPDC.dll
0x00007ffe44e10000 - 0x00007ffe44e62000 	C:\WINDOWS\System32\shlwapi.dll
0x00007ffe43b30000 - 0x00007ffe43b41000 	C:\WINDOWS\System32\kernel.appcore.dll
0x00007ffe44430000 - 0x00007ffe44447000 	C:\WINDOWS\System32\cryptsp.dll
0x00007ffe2e550000 - 0x00007ffe2e56a000 	C:\Program Files\Android\Android Studio\jre\jre\bin\net.dll
0x00007ffe43340000 - 0x00007ffe433a7000 	C:\WINDOWS\system32\mswsock.dll
0x00007ffe2c8e0000 - 0x00007ffe2c8f3000 	C:\Program Files\Android\Android Studio\jre\jre\bin\nio.dll
0x00007ffe280b0000 - 0x00007ffe280d7000 	C:\Users\User\.gradle\native\f6784746aeab05261644944871eae4fe03e0ef1612fff0a4a95f87b438bc6780\windows-amd64\native-platform.dll
0x00007ffe38e50000 - 0x00007ffe38e5d000 	C:\Program Files\Android\Android Studio\jre\jre\bin\management.dll
0x00007ffe42eb0000 - 0x00007ffe42ee3000 	C:\WINDOWS\system32\rsaenh.dll
0x00007ffe44400000 - 0x00007ffe44426000 	C:\WINDOWS\System32\bcrypt.dll
0x00007ffe43a10000 - 0x00007ffe43a35000 	C:\WINDOWS\SYSTEM32\USERENV.dll
0x00007ffe43510000 - 0x00007ffe4351c000 	C:\WINDOWS\SYSTEM32\CRYPTBASE.dll
0x00007ffe43050000 - 0x00007ffe4308a000 	C:\WINDOWS\SYSTEM32\IPHLPAPI.DLL
0x00007ffe46360000 - 0x00007ffe46368000 	C:\WINDOWS\System32\NSI.dll
0x00007ffe3abe0000 - 0x00007ffe3abf6000 	C:\WINDOWS\SYSTEM32\dhcpcsvc6.DLL
0x00007ffe3c7e0000 - 0x00007ffe3c7fc000 	C:\WINDOWS\SYSTEM32\dhcpcsvc.DLL
0x00007ffe43090000 - 0x00007ffe4315b000 	C:\WINDOWS\SYSTEM32\DNSAPI.dll
0x00007ffe3c940000 - 0x00007ffe3c94b000 	C:\WINDOWS\SYSTEM32\WINNSI.DLL
0x00007ffe40e70000 - 0x00007ffe40e8e000 	C:\Users\User\AppData\Local\Temp\native-platform299056018064948776dir\native-platform.dll

VM Arguments:
jvm_args: -Xmx2048m -Dfile.encoding=UTF-8 -Duser.country=ID -Duser.language=en -Duser.variant 
java_command: org.gradle.launcher.daemon.bootstrap.GradleDaemon 6.5
java_class_path (initial): C:\Users\User\.gradle\wrapper\dists\gradle-6.5-all\2oz4ud9k3tuxjg84bbf55q0tn\gradle-6.5\lib\gradle-launcher-6.5.jar
Launcher Type: SUN_STANDARD

Environment Variables:
PATH=C:\Windows\System32\; C:Windows\xampp1\php;C:\xampp1\php;C:\composer;C:\Program Files\nodejs\;C:\Users\User\AppData\Local\Microsoft\WindowsApps;C:\Users\User\AppData\Local\GitHubDesktop\bin;C:\Users\User\AppData\Roaming\Composer\vendor\bin;C:\Users\User\AppData\Roaming\npm
USERNAME=User
OS=Windows_NT
PROCESSOR_IDENTIFIER=Intel64 Family 6 Model 126 Stepping 5, GenuineIntel



---------------  S Y S T E M  ---------------

OS: Windows 10.0 , 64 bit Build 18362 (10.0.18362.1110)

CPU:total 4 (initial active 4) (2 cores per cpu, 2 threads per core) family 6 model 126 stepping 5, cmov, cx8, fxsr, mmx, sse, sse2, sse3, ssse3, sse4.1, sse4.2, popcnt, avx, avx2, aes, clmul, erms, 3dnowpref, lzcnt, ht, tsc, tscinvbit, bmi1, bmi2, adx

Memory: 4k page, physical 3955896k(220804k free), swap 8150200k(5772k free)

vm_info: OpenJDK 64-Bit Server VM (25.242-b01) for windows-amd64 JRE (1.8.0_242-release-1644-b01), built by "builder" with MS VC++ 10.0 (VS2010)

time: Wed Dec 09 17:37:02 2020
timezone: SE Asia Standard Time
elapsed time: 3817 seconds (0d 1h 3m 37s)

